2023-04-26 13:46:12,992{GMT}	INFO	[jepsen test runner] jepsen.core: Test version 16d8edfad7fa9fe2a77b222c22b10b195885b3a8 (plus uncommitted changes)
2023-04-26 13:46:12,992{GMT}	INFO	[jepsen test runner] jepsen.core: Command line:
lein run test -w broadcast --bin ./broadcast --node-count 1 --time-limit 20 --rate 10
2023-04-26 13:46:13,036{GMT}	INFO	[jepsen test runner] jepsen.core: Running test:
{:args []
 :remote
 #jepsen.control.retry.Remote{:remote #jepsen.control.scp.Remote{:cmd-remote #jepsen.control.sshj.SSHJRemote{:concurrency-limit 6,
                                                                                                             :conn-spec nil,
                                                                                                             :client nil,
                                                                                                             :semaphore nil},
                                                                 :conn-spec nil},
                              :conn nil}
 :log-net-send false
 :node-count 1
 :availability nil
 :max-txn-length 4
 :concurrency 1
 :db
 #object[maelstrom.db$db$reify__16142
         "0x78167"
         "maelstrom.db$db$reify__16142@78167"]
 :max-writes-per-key 16
 :leave-db-running? false
 :name "broadcast"
 :logging-json? false
 :start-time
 #object[org.joda.time.DateTime "0x469caf69" "2023-04-26T13:46:12.961-03:00"]
 :nemesis-interval 10
 :net
 #object[maelstrom.net$jepsen_net$reify__15251
         "0x5e05064b"
         "maelstrom.net$jepsen_net$reify__15251@5e05064b"]
 :client
 #object[maelstrom.workload.broadcast$client$reify__16644
         "0x527e6bd3"
         "maelstrom.workload.broadcast$client$reify__16644@527e6bd3"]
 :barrier
 #object[java.util.concurrent.CyclicBarrier
         "0x4867e76b"
         "java.util.concurrent.CyclicBarrier@4867e76b"]
 :log-stderr false
 :pure-generators true
 :ssh {:dummy? true}
 :rate 10.0
 :checker
 #object[jepsen.checker$compose$reify__11881
         "0x6ba3eee9"
         "jepsen.checker$compose$reify__11881@6ba3eee9"]
 :argv
 ("test"
  "-w"
  "broadcast"
  "--bin"
  "./broadcast"
  "--node-count"
  "1"
  "--time-limit"
  "20"
  "--rate"
  "10")
 :nemesis
 (jepsen.nemesis.ReflCompose
  {:fm {:start-partition 0,
        :stop-partition 0,
        :kill 1,
        :start 1,
        :pause 1,
        :resume 1},
   :nemeses [#unprintable "jepsen.nemesis.combined$partition_nemesis$reify__16416@1d628a88"
             #unprintable "jepsen.nemesis.combined$db_nemesis$reify__16397@3c634a04"]})
 :nodes ["n0"]
 :test-count 1
 :latency {:mean 0, :dist :constant}
 :bin "./broadcast"
 :generator
 ((jepsen.generator.Synchronize
   {:gen (jepsen.generator.TimeLimit
          {:limit 20000000000,
           :cutoff nil,
           :gen (jepsen.generator.Any
                 {:gens [(jepsen.generator.OnThreads
                          {:f #{:nemesis},
                           :context-filter #object[jepsen.generator.context$make_thread_filter$lazy_filter__9167
                                                   "0x3b42d7df"
                                                   "jepsen.generator.context$make_thread_filter$lazy_filter__9167@3b42d7df"],
                           :gen nil})
                         (jepsen.generator.OnThreads
                          {:f #jepsen.generator.context.AllBut{:element :nemesis},
                           :context-filter #object[jepsen.generator.context$make_thread_filter$lazy_filter__9167
                                                   "0x1660bba7"
                                                   "jepsen.generator.context$make_thread_filter$lazy_filter__9167@1660bba7"],
                           :gen (jepsen.generator.Stagger
                                 {:dt 200000000,
                                  :next-time nil,
                                  :gen (jepsen.generator.Mix
                                        {:i 0,
                                         :gens [({:f :broadcast, :value 0}
                                                 {:f :broadcast, :value 1}
                                                 {:f :broadcast, :value 2}
                                                 {:f :broadcast, :value 3}
                                                 {:f :broadcast, :value 4}
                                                 {:f :broadcast, :value 5}
                                                 {:f :broadcast, :value 6}
                                                 {:f :broadcast, :value 7}
                                                 ...)
                                                ({:f :read}
                                                 {:f :read}
                                                 {:f :read}
                                                 {:f :read}
                                                 {:f :read}
                                                 {:f :read}
                                                 {:f :read}
                                                 {:f :read}
                                                 ...)]})})})]})})})
  (jepsen.generator.Synchronize
   {:gen (jepsen.generator.OnThreads
          {:f #{:nemesis},
           :context-filter #object[jepsen.generator.context$make_thread_filter$lazy_filter__9167
                                   "0x49e3b86b"
                                   "jepsen.generator.context$make_thread_filter$lazy_filter__9167@49e3b86b"],
           :gen ()})})
  (jepsen.generator.Synchronize
   {:gen {:type :log, :value "Waiting for recovery..."}})
  (jepsen.generator.Synchronize {:gen {:type :sleep, :value 10}})
  (jepsen.generator.Synchronize
   {:gen (jepsen.generator.OnThreads
          {:f #jepsen.generator.context.AllBut{:element :nemesis},
           :context-filter #object[jepsen.generator.context$make_thread_filter$lazy_filter__9167
                                   "0x64b262a7"
                                   "jepsen.generator.context$make_thread_filter$lazy_filter__9167@64b262a7"],
           :gen (jepsen.generator.EachThread
                 {:fresh-gen {:f :read, :final? true},
                  :context-filters #object[clojure.core$promise$reify__8591
                                           "0x771c4015"
                                           {:status :pending, :val nil}],
                  :gens {}})})}))
 :log-net-recv false
 :os
 #object[maelstrom.net$jepsen_os$reify__15254
         "0x34d776eb"
         "maelstrom.net$jepsen_os$reify__15254@34d776eb"]
 :time-limit 20
 :workload :broadcast
 :consistency-models [:strict-serializable]
 :topology :grid}

2023-04-26 13:46:13,912{GMT}	INFO	[jepsen node n0] maelstrom.net: Starting Maelstrom network
2023-04-26 13:46:13,912{GMT}	INFO	[jepsen test runner] jepsen.db: Tearing down DB
2023-04-26 13:46:13,913{GMT}	INFO	[jepsen test runner] jepsen.db: Setting up DB
2023-04-26 13:46:13,914{GMT}	INFO	[jepsen node n0] maelstrom.service: Starting services: (lin-kv lin-tso lww-kv seq-kv)
2023-04-26 13:46:13,915{GMT}	INFO	[jepsen node n0] maelstrom.db: Setting up n0
2023-04-26 13:46:13,916{GMT}	INFO	[jepsen node n0] maelstrom.process: launching ./broadcast []
2023-04-26 13:46:13,984{GMT}	INFO	[jepsen test runner] jepsen.core: Relative time begins now
2023-04-26 13:46:18,992{GMT}	INFO	[jepsen node n0] maelstrom.db: Tearing down n0
2023-04-26 13:46:19,013{GMT}	INFO	[jepsen node n0] maelstrom.net: Shutting down Maelstrom network
2023-04-26 13:46:19,013{GMT}	WARN	[jepsen test runner] jepsen.core: Test crashed!
clojure.lang.ExceptionInfo: Node n0 crashed with exit status 1. Before crashing, it wrote to STDOUT:

{"src":"n0","dest":"c0","body":{"in_reply_to":1,"type":"init_ok"}}

And to STDERR:

2023/04/26 13:46:13 Received {c0 n0 {"type":"init","node_id":"n0","node_ids":["n0"],"msg_id":1}}
2023/04/26 13:46:13 Node n0 initialized
2023/04/26 13:46:13 Sent {"src":"n0","dest":"c0","body":{"in_reply_to":1,"type":"init_ok"}}
2023/04/26 13:46:13 Received {c1 n0 {"type":"topology","topology":{"n0":[]},"msg_id":1}}
2023/04/26 13:46:13 ERROR: No handler for {"id":2,"src":"c1","dest":"n0","body":{"type":"topology","topology":{"n0":[]},"msg_id":1}}

Full STDERR logs are available in /Users/lftm/Odin/Server/Glomers/broadcast03/golang/store/broadcast/20230426T134612.961-0300/node-logs/n0.log
	at slingshot.support$stack_trace.invoke(support.clj:201)
	at maelstrom.process$stop_node_BANG_.invokeStatic(process.clj:239)
	at maelstrom.process$stop_node_BANG_.invoke(process.clj:217)
	at maelstrom.db$db$reify__16142.teardown_BANG_(db.clj:75)
	at jepsen.db$fn__8744$G__8725__8748.invoke(db.clj:12)
	at jepsen.db$fn__8744$G__8724__8753.invoke(db.clj:12)
	at clojure.core$partial$fn__5908.invoke(core.clj:2642)
	at jepsen.control$on_nodes$fn__8599.invoke(control.clj:314)
	at clojure.lang.AFn.applyToHelper(AFn.java:154)
	at clojure.lang.AFn.applyTo(AFn.java:144)
	at clojure.core$apply.invokeStatic(core.clj:667)
	at clojure.core$with_bindings_STAR_.invokeStatic(core.clj:1990)
	at clojure.core$with_bindings_STAR_.doInvoke(core.clj:1990)
	at clojure.lang.RestFn.applyTo(RestFn.java:142)
	at clojure.core$apply.invokeStatic(core.clj:671)
	at clojure.core$bound_fn_STAR_$fn__5818.doInvoke(core.clj:2020)
	at clojure.lang.RestFn.invoke(RestFn.java:408)
	at dom_top.core$real_pmap_helper$build_thread__211$fn__212.invoke(core.clj:163)
	at clojure.lang.AFn.applyToHelper(AFn.java:152)
	at clojure.lang.AFn.applyTo(AFn.java:144)
	at clojure.core$apply.invokeStatic(core.clj:667)
	at clojure.core$with_bindings_STAR_.invokeStatic(core.clj:1990)
	at clojure.core$with_bindings_STAR_.doInvoke(core.clj:1990)
	at clojure.lang.RestFn.invoke(RestFn.java:425)
	at clojure.lang.AFn.applyToHelper(AFn.java:156)
	at clojure.lang.RestFn.applyTo(RestFn.java:132)
	at clojure.core$apply.invokeStatic(core.clj:671)
	at clojure.core$bound_fn_STAR_$fn__5818.doInvoke(core.clj:2020)
	at clojure.lang.RestFn.invoke(RestFn.java:397)
	at clojure.lang.AFn.run(AFn.java:22)
	at java.base/java.lang.Thread.run(Thread.java:833)
