2023/04/29 16:57:09 Received {c0 n0 {"type":"init","node_id":"n0","node_ids":["n0","n1","n2","n3","n4"],"msg_id":1}}
2023/04/29 16:57:09 Node n0 initialized
2023/04/29 16:57:09 Sent {"src":"n0","dest":"c0","body":{"in_reply_to":1,"type":"init_ok"}}
2023/04/29 16:57:09 Received {c5 n0 {"type":"topology","topology":{"n0":["n3","n1"],"n1":["n4","n2","n0"],"n2":["n1"],"n3":["n0","n4"],"n4":["n1","n3"]},"msg_id":1}}
2023/04/29 16:57:09 Sent {"src":"n0","dest":"c5","body":{"in_reply_to":1,"msg_id":0,"type":"topology_ok"}}
2023/04/29 16:57:09 Received {c10 n0 {"type":"read","msg_id":1}}
2023/04/29 16:57:09 Sent {"src":"n0","dest":"c10","body":{"in_reply_to":1,"messages":[],"type":"read_ok"}}
2023/04/29 16:57:09 Received {c10 n0 {"type":"broadcast","message":3,"msg_id":2}}
2023/04/29 16:57:09 Body = map[message:3 msg_id:2 type:broadcast]
2023/04/29 16:57:09 Sent {"src":"n0","dest":"c10","body":{"in_reply_to":2,"type":"broadcast_ok"}}
2023/04/29 16:57:09 Received {c10 n0 {"type":"read","msg_id":3}}
2023/04/29 16:57:09 Sent {"src":"n0","dest":"c10","body":{"in_reply_to":3,"messages":[3],"type":"read_ok"}}
2023/04/29 16:57:10 Received {c10 n0 {"type":"read","msg_id":4}}
2023/04/29 16:57:10 Sent {"src":"n0","dest":"c10","body":{"in_reply_to":4,"messages":[3],"type":"read_ok"}}
2023/04/29 16:57:10 Received {c10 n0 {"type":"read","msg_id":5}}
2023/04/29 16:57:10 Sent {"src":"n0","dest":"c10","body":{"in_reply_to":5,"messages":[3],"type":"read_ok"}}
2023/04/29 16:57:10 Received {c10 n0 {"type":"broadcast","message":6,"msg_id":6}}
2023/04/29 16:57:10 Body = map[message:6 msg_id:6 type:broadcast]
2023/04/29 16:57:10 Sent {"src":"n0","dest":"c10","body":{"in_reply_to":6,"type":"broadcast_ok"}}
2023/04/29 16:57:10 Received {c10 n0 {"type":"broadcast","message":7,"msg_id":7}}
2023/04/29 16:57:10 Body = map[message:7 msg_id:7 type:broadcast]
2023/04/29 16:57:10 Sent {"src":"n0","dest":"c10","body":{"in_reply_to":7,"type":"broadcast_ok"}}
2023/04/29 16:57:11 Received {c10 n0 {"type":"read","msg_id":8}}
2023/04/29 16:57:11 Sent {"src":"n0","dest":"c10","body":{"in_reply_to":8,"messages":[3,6,7],"type":"read_ok"}}
2023/04/29 16:57:11 Received {c10 n0 {"type":"broadcast","message":9,"msg_id":9}}
2023/04/29 16:57:11 Body = map[message:9 msg_id:9 type:broadcast]
2023/04/29 16:57:11 Sent {"src":"n0","dest":"c10","body":{"in_reply_to":9,"type":"broadcast_ok"}}
2023/04/29 16:57:12 Received {c10 n0 {"type":"broadcast","message":11,"msg_id":10}}
2023/04/29 16:57:12 Body = map[message:11 msg_id:10 type:broadcast]
2023/04/29 16:57:12 Sent {"src":"n0","dest":"c10","body":{"in_reply_to":10,"type":"broadcast_ok"}}
2023/04/29 16:57:12 Received {c10 n0 {"type":"broadcast","message":12,"msg_id":11}}
2023/04/29 16:57:12 Body = map[message:12 msg_id:11 type:broadcast]
2023/04/29 16:57:12 Sent {"src":"n0","dest":"c10","body":{"in_reply_to":11,"type":"broadcast_ok"}}
2023/04/29 16:57:12 Received {c10 n0 {"type":"broadcast","message":14,"msg_id":12}}
2023/04/29 16:57:12 Body = map[message:14 msg_id:12 type:broadcast]
2023/04/29 16:57:12 Sent {"src":"n0","dest":"c10","body":{"in_reply_to":12,"type":"broadcast_ok"}}
2023/04/29 16:57:12 Received {c10 n0 {"type":"read","msg_id":13}}
2023/04/29 16:57:12 Sent {"src":"n0","dest":"c10","body":{"in_reply_to":13,"messages":[3,6,7,9,11,12,14],"type":"read_ok"}}
2023/04/29 16:57:13 Received {c10 n0 {"type":"read","msg_id":14}}
2023/04/29 16:57:13 Sent {"src":"n0","dest":"c10","body":{"in_reply_to":14,"messages":[3,6,7,9,11,12,14],"type":"read_ok"}}
2023/04/29 16:57:13 Received {c10 n0 {"type":"read","msg_id":15}}
2023/04/29 16:57:13 Sent {"src":"n0","dest":"c10","body":{"in_reply_to":15,"messages":[3,6,7,9,11,12,14],"type":"read_ok"}}
2023/04/29 16:57:14 Received {c10 n0 {"type":"broadcast","message":18,"msg_id":16}}
2023/04/29 16:57:14 Body = map[message:18 msg_id:16 type:broadcast]
2023/04/29 16:57:14 Sent {"src":"n0","dest":"c10","body":{"in_reply_to":16,"type":"broadcast_ok"}}
2023/04/29 16:57:14 Received {c10 n0 {"type":"read","msg_id":17}}
2023/04/29 16:57:14 Sent {"src":"n0","dest":"c10","body":{"in_reply_to":17,"messages":[3,6,7,9,11,12,14,18],"type":"read_ok"}}
2023/04/29 16:57:14 Received {c10 n0 {"type":"read","msg_id":18}}
2023/04/29 16:57:14 Sent {"src":"n0","dest":"c10","body":{"in_reply_to":18,"messages":[3,6,7,9,11,12,14,18],"type":"read_ok"}}
2023/04/29 16:57:14 Received {c10 n0 {"type":"read","msg_id":19}}
2023/04/29 16:57:14 Sent {"src":"n0","dest":"c10","body":{"in_reply_to":19,"messages":[3,6,7,9,11,12,14,18],"type":"read_ok"}}
2023/04/29 16:57:15 Received {c10 n0 {"type":"read","msg_id":20}}
2023/04/29 16:57:15 Sent {"src":"n0","dest":"c10","body":{"in_reply_to":20,"messages":[3,6,7,9,11,12,14,18],"type":"read_ok"}}
2023/04/29 16:57:15 Received {c10 n0 {"type":"broadcast","message":20,"msg_id":21}}
2023/04/29 16:57:15 Body = map[message:20 msg_id:21 type:broadcast]
2023/04/29 16:57:15 Sent {"src":"n0","dest":"c10","body":{"in_reply_to":21,"type":"broadcast_ok"}}
2023/04/29 16:57:15 Received {c10 n0 {"type":"broadcast","message":24,"msg_id":22}}
2023/04/29 16:57:15 Body = map[message:24 msg_id:22 type:broadcast]
2023/04/29 16:57:15 Sent {"src":"n0","dest":"c10","body":{"in_reply_to":22,"type":"broadcast_ok"}}
2023/04/29 16:57:16 Received {c10 n0 {"type":"read","msg_id":23}}
2023/04/29 16:57:16 Sent {"src":"n0","dest":"c10","body":{"in_reply_to":23,"messages":[3,6,7,9,11,12,14,18,20,24],"type":"read_ok"}}
2023/04/29 16:57:16 Received {c10 n0 {"type":"broadcast","message":28,"msg_id":24}}
2023/04/29 16:57:16 Body = map[message:28 msg_id:24 type:broadcast]
2023/04/29 16:57:16 Sent {"src":"n0","dest":"c10","body":{"in_reply_to":24,"type":"broadcast_ok"}}
2023/04/29 16:57:16 Received {c10 n0 {"type":"broadcast","message":29,"msg_id":25}}
2023/04/29 16:57:16 Body = map[message:29 msg_id:25 type:broadcast]
2023/04/29 16:57:16 Sent {"src":"n0","dest":"c10","body":{"in_reply_to":25,"type":"broadcast_ok"}}
2023/04/29 16:57:17 Received {c10 n0 {"type":"read","msg_id":26}}
2023/04/29 16:57:17 Sent {"src":"n0","dest":"c10","body":{"in_reply_to":26,"messages":[3,6,7,9,11,12,14,18,20,24,28,29],"type":"read_ok"}}
2023/04/29 16:57:17 Received {c10 n0 {"type":"broadcast","message":31,"msg_id":27}}
2023/04/29 16:57:17 Body = map[message:31 msg_id:27 type:broadcast]
2023/04/29 16:57:17 Sent {"src":"n0","dest":"c10","body":{"in_reply_to":27,"type":"broadcast_ok"}}
2023/04/29 16:57:17 Received {c10 n0 {"type":"read","msg_id":28}}
2023/04/29 16:57:17 Sent {"src":"n0","dest":"c10","body":{"in_reply_to":28,"messages":[3,6,7,9,11,12,14,18,20,24,28,29,31],"type":"read_ok"}}
2023/04/29 16:57:17 Received {c10 n0 {"type":"read","msg_id":29}}
2023/04/29 16:57:17 Sent {"src":"n0","dest":"c10","body":{"in_reply_to":29,"messages":[3,6,7,9,11,12,14,18,20,24,28,29,31],"type":"read_ok"}}
2023/04/29 16:57:18 Received {c10 n0 {"type":"read","msg_id":30}}
2023/04/29 16:57:18 Sent {"src":"n0","dest":"c10","body":{"in_reply_to":30,"messages":[3,6,7,9,11,12,14,18,20,24,28,29,31],"type":"read_ok"}}
2023/04/29 16:57:18 Received {c10 n0 {"type":"broadcast","message":35,"msg_id":31}}
2023/04/29 16:57:18 Body = map[message:35 msg_id:31 type:broadcast]
2023/04/29 16:57:18 Sent {"src":"n0","dest":"c10","body":{"in_reply_to":31,"type":"broadcast_ok"}}
2023/04/29 16:57:18 Received {c10 n0 {"type":"broadcast","message":40,"msg_id":32}}
2023/04/29 16:57:18 Body = map[message:40 msg_id:32 type:broadcast]
2023/04/29 16:57:18 Sent {"src":"n0","dest":"c10","body":{"in_reply_to":32,"type":"broadcast_ok"}}
2023/04/29 16:57:18 Received {c10 n0 {"type":"broadcast","message":41,"msg_id":33}}
2023/04/29 16:57:18 Body = map[message:41 msg_id:33 type:broadcast]
2023/04/29 16:57:18 Sent {"src":"n0","dest":"c10","body":{"in_reply_to":33,"type":"broadcast_ok"}}
2023/04/29 16:57:19 Received {c10 n0 {"type":"read","msg_id":34}}
2023/04/29 16:57:19 Sent {"src":"n0","dest":"c10","body":{"in_reply_to":34,"messages":[3,6,7,9,11,12,14,18,20,24,28,29,31,35,40,41],"type":"read_ok"}}
2023/04/29 16:57:19 Received {c10 n0 {"type":"broadcast","message":44,"msg_id":35}}
2023/04/29 16:57:19 Body = map[message:44 msg_id:35 type:broadcast]
2023/04/29 16:57:19 Sent {"src":"n0","dest":"c10","body":{"in_reply_to":35,"type":"broadcast_ok"}}
2023/04/29 16:57:20 Received {c10 n0 {"type":"broadcast","message":49,"msg_id":36}}
2023/04/29 16:57:20 Body = map[message:49 msg_id:36 type:broadcast]
2023/04/29 16:57:20 Sent {"src":"n0","dest":"c10","body":{"in_reply_to":36,"type":"broadcast_ok"}}
2023/04/29 16:57:20 Received {c10 n0 {"type":"read","msg_id":37}}
2023/04/29 16:57:20 Sent {"src":"n0","dest":"c10","body":{"in_reply_to":37,"messages":[3,6,7,9,11,12,14,18,20,24,28,29,31,35,40,41,44,49],"type":"read_ok"}}
2023/04/29 16:57:20 Received {c10 n0 {"type":"broadcast","message":51,"msg_id":38}}
2023/04/29 16:57:20 Body = map[message:51 msg_id:38 type:broadcast]
2023/04/29 16:57:20 Sent {"src":"n0","dest":"c10","body":{"in_reply_to":38,"type":"broadcast_ok"}}
2023/04/29 16:57:21 Received {c10 n0 {"type":"read","msg_id":39}}
2023/04/29 16:57:21 Sent {"src":"n0","dest":"c10","body":{"in_reply_to":39,"messages":[3,6,7,9,11,12,14,18,20,24,28,29,31,35,40,41,44,49,51],"type":"read_ok"}}
2023/04/29 16:57:21 Received {c10 n0 {"type":"broadcast","message":55,"msg_id":40}}
2023/04/29 16:57:21 Body = map[message:55 msg_id:40 type:broadcast]
2023/04/29 16:57:21 Sent {"src":"n0","dest":"c10","body":{"in_reply_to":40,"type":"broadcast_ok"}}
2023/04/29 16:57:21 Received {c10 n0 {"type":"broadcast","message":56,"msg_id":41}}
2023/04/29 16:57:21 Body = map[message:56 msg_id:41 type:broadcast]
2023/04/29 16:57:21 Sent {"src":"n0","dest":"c10","body":{"in_reply_to":41,"type":"broadcast_ok"}}
2023/04/29 16:57:22 Received {c10 n0 {"type":"broadcast","message":60,"msg_id":42}}
2023/04/29 16:57:22 Body = map[message:60 msg_id:42 type:broadcast]
2023/04/29 16:57:22 Sent {"src":"n0","dest":"c10","body":{"in_reply_to":42,"type":"broadcast_ok"}}
2023/04/29 16:57:22 Received {c10 n0 {"type":"broadcast","message":61,"msg_id":43}}
2023/04/29 16:57:22 Body = map[message:61 msg_id:43 type:broadcast]
2023/04/29 16:57:22 Sent {"src":"n0","dest":"c10","body":{"in_reply_to":43,"type":"broadcast_ok"}}
2023/04/29 16:57:22 Received {c10 n0 {"type":"read","msg_id":44}}
2023/04/29 16:57:22 Sent {"src":"n0","dest":"c10","body":{"in_reply_to":44,"messages":[3,6,7,9,11,12,14,18,20,24,28,29,31,35,40,41,44,49,51,55,56,60,61],"type":"read_ok"}}
2023/04/29 16:57:22 Received {c10 n0 {"type":"read","msg_id":45}}
2023/04/29 16:57:22 Sent {"src":"n0","dest":"c10","body":{"in_reply_to":45,"messages":[3,6,7,9,11,12,14,18,20,24,28,29,31,35,40,41,44,49,51,55,56,60,61],"type":"read_ok"}}
2023/04/29 16:57:22 Received {c10 n0 {"type":"broadcast","message":68,"msg_id":46}}
2023/04/29 16:57:22 Body = map[message:68 msg_id:46 type:broadcast]
2023/04/29 16:57:22 Sent {"src":"n0","dest":"c10","body":{"in_reply_to":46,"type":"broadcast_ok"}}
2023/04/29 16:57:22 Received {c10 n0 {"type":"broadcast","message":69,"msg_id":47}}
2023/04/29 16:57:22 Body = map[message:69 msg_id:47 type:broadcast]
2023/04/29 16:57:22 Sent {"src":"n0","dest":"c10","body":{"in_reply_to":47,"type":"broadcast_ok"}}
2023/04/29 16:57:23 Received {c10 n0 {"type":"read","msg_id":48}}
2023/04/29 16:57:23 Sent {"src":"n0","dest":"c10","body":{"in_reply_to":48,"messages":[3,6,7,9,11,12,14,18,20,24,28,29,31,35,40,41,44,49,51,55,56,60,61,68,69],"type":"read_ok"}}
2023/04/29 16:57:23 Received {c10 n0 {"type":"broadcast","message":73,"msg_id":49}}
2023/04/29 16:57:23 Body = map[message:73 msg_id:49 type:broadcast]
2023/04/29 16:57:23 Sent {"src":"n0","dest":"c10","body":{"in_reply_to":49,"type":"broadcast_ok"}}
2023/04/29 16:57:24 Received {c10 n0 {"type":"broadcast","message":76,"msg_id":50}}
2023/04/29 16:57:24 Body = map[message:76 msg_id:50 type:broadcast]
2023/04/29 16:57:24 Sent {"src":"n0","dest":"c10","body":{"in_reply_to":50,"type":"broadcast_ok"}}
2023/04/29 16:57:24 Received {c10 n0 {"type":"read","msg_id":51}}
2023/04/29 16:57:24 Sent {"src":"n0","dest":"c10","body":{"in_reply_to":51,"messages":[3,6,7,9,11,12,14,18,20,24,28,29,31,35,40,41,44,49,51,55,56,60,61,68,69,73,76],"type":"read_ok"}}
2023/04/29 16:57:24 Received {c10 n0 {"type":"read","msg_id":52}}
2023/04/29 16:57:24 Sent {"src":"n0","dest":"c10","body":{"in_reply_to":52,"messages":[3,6,7,9,11,12,14,18,20,24,28,29,31,35,40,41,44,49,51,55,56,60,61,68,69,73,76],"type":"read_ok"}}
2023/04/29 16:57:24 Received {c10 n0 {"type":"read","msg_id":53}}
2023/04/29 16:57:24 Sent {"src":"n0","dest":"c10","body":{"in_reply_to":53,"messages":[3,6,7,9,11,12,14,18,20,24,28,29,31,35,40,41,44,49,51,55,56,60,61,68,69,73,76],"type":"read_ok"}}
2023/04/29 16:57:25 Received {c10 n0 {"type":"broadcast","message":82,"msg_id":54}}
2023/04/29 16:57:25 Body = map[message:82 msg_id:54 type:broadcast]
2023/04/29 16:57:25 Sent {"src":"n0","dest":"c10","body":{"in_reply_to":54,"type":"broadcast_ok"}}
2023/04/29 16:57:25 Received {c10 n0 {"type":"broadcast","message":83,"msg_id":55}}
2023/04/29 16:57:25 Body = map[message:83 msg_id:55 type:broadcast]
2023/04/29 16:57:25 Sent {"src":"n0","dest":"c10","body":{"in_reply_to":55,"type":"broadcast_ok"}}
2023/04/29 16:57:25 Received {c10 n0 {"type":"broadcast","message":85,"msg_id":56}}
2023/04/29 16:57:25 Body = map[message:85 msg_id:56 type:broadcast]
2023/04/29 16:57:25 Sent {"src":"n0","dest":"c10","body":{"in_reply_to":56,"type":"broadcast_ok"}}
2023/04/29 16:57:26 Received {c10 n0 {"type":"read","msg_id":57}}
2023/04/29 16:57:26 Sent {"src":"n0","dest":"c10","body":{"in_reply_to":57,"messages":[3,6,7,9,11,12,14,18,20,24,28,29,31,35,40,41,44,49,51,55,56,60,61,68,69,73,76,82,83,85],"type":"read_ok"}}
2023/04/29 16:57:26 Received {c10 n0 {"type":"read","msg_id":58}}
2023/04/29 16:57:26 Sent {"src":"n0","dest":"c10","body":{"in_reply_to":58,"messages":[3,6,7,9,11,12,14,18,20,24,28,29,31,35,40,41,44,49,51,55,56,60,61,68,69,73,76,82,83,85],"type":"read_ok"}}
2023/04/29 16:57:26 Received {c10 n0 {"type":"broadcast","message":88,"msg_id":59}}
2023/04/29 16:57:26 Body = map[message:88 msg_id:59 type:broadcast]
2023/04/29 16:57:26 Sent {"src":"n0","dest":"c10","body":{"in_reply_to":59,"type":"broadcast_ok"}}
2023/04/29 16:57:27 Received {c10 n0 {"type":"read","msg_id":60}}
2023/04/29 16:57:27 Sent {"src":"n0","dest":"c10","body":{"in_reply_to":60,"messages":[3,6,7,9,11,12,14,18,20,24,28,29,31,35,40,41,44,49,51,55,56,60,61,68,69,73,76,82,83,85,88],"type":"read_ok"}}
2023/04/29 16:57:27 Received {c10 n0 {"type":"read","msg_id":61}}
2023/04/29 16:57:27 Sent {"src":"n0","dest":"c10","body":{"in_reply_to":61,"messages":[3,6,7,9,11,12,14,18,20,24,28,29,31,35,40,41,44,49,51,55,56,60,61,68,69,73,76,82,83,85,88],"type":"read_ok"}}
2023/04/29 16:57:28 Received {c10 n0 {"type":"broadcast","message":96,"msg_id":62}}
2023/04/29 16:57:28 Body = map[message:96 msg_id:62 type:broadcast]
2023/04/29 16:57:28 Sent {"src":"n0","dest":"c10","body":{"in_reply_to":62,"type":"broadcast_ok"}}
2023/04/29 16:57:28 Received {c10 n0 {"type":"read","msg_id":63}}
2023/04/29 16:57:28 Sent {"src":"n0","dest":"c10","body":{"in_reply_to":63,"messages":[3,6,7,9,11,12,14,18,20,24,28,29,31,35,40,41,44,49,51,55,56,60,61,68,69,73,76,82,83,85,88,96],"type":"read_ok"}}
2023/04/29 16:57:28 Received {c10 n0 {"type":"broadcast","message":98,"msg_id":64}}
2023/04/29 16:57:28 Body = map[message:98 msg_id:64 type:broadcast]
2023/04/29 16:57:28 Sent {"src":"n0","dest":"c10","body":{"in_reply_to":64,"type":"broadcast_ok"}}
2023/04/29 16:57:28 Received {c10 n0 {"type":"read","msg_id":65}}
2023/04/29 16:57:28 Sent {"src":"n0","dest":"c10","body":{"in_reply_to":65,"messages":[3,6,7,9,11,12,14,18,20,24,28,29,31,35,40,41,44,49,51,55,56,60,61,68,69,73,76,82,83,85,88,96,98],"type":"read_ok"}}
2023/04/29 16:57:29 Received {c10 n0 {"type":"broadcast","message":102,"msg_id":66}}
2023/04/29 16:57:29 Body = map[message:102 msg_id:66 type:broadcast]
2023/04/29 16:57:29 Sent {"src":"n0","dest":"c10","body":{"in_reply_to":66,"type":"broadcast_ok"}}
2023/04/29 16:57:39 Received {c10 n0 {"type":"read","msg_id":67}}
2023/04/29 16:57:39 Sent {"src":"n0","dest":"c10","body":{"in_reply_to":67,"messages":[3,6,7,9,11,12,14,18,20,24,28,29,31,35,40,41,44,49,51,55,56,60,61,68,69,73,76,82,83,85,88,96,98,102],"type":"read_ok"}}
