2023/04/29 16:57:09 Received {c4 n1 {"type":"init","node_id":"n1","node_ids":["n0","n1","n2","n3","n4"],"msg_id":1}}
2023/04/29 16:57:09 Node n1 initialized
2023/04/29 16:57:09 Sent {"src":"n1","dest":"c4","body":{"in_reply_to":1,"type":"init_ok"}}
2023/04/29 16:57:09 Received {c6 n1 {"type":"topology","topology":{"n0":["n3","n1"],"n1":["n4","n2","n0"],"n2":["n1"],"n3":["n0","n4"],"n4":["n1","n3"]},"msg_id":1}}
2023/04/29 16:57:09 Sent {"src":"n1","dest":"c6","body":{"in_reply_to":1,"msg_id":0,"type":"topology_ok"}}
2023/04/29 16:57:09 Received {c11 n1 {"type":"read","msg_id":1}}
2023/04/29 16:57:09 Sent {"src":"n1","dest":"c11","body":{"in_reply_to":1,"messages":[],"type":"read_ok"}}
2023/04/29 16:57:09 Received {c11 n1 {"type":"read","msg_id":2}}
2023/04/29 16:57:09 Sent {"src":"n1","dest":"c11","body":{"in_reply_to":2,"messages":[],"type":"read_ok"}}
2023/04/29 16:57:10 Received {c11 n1 {"type":"read","msg_id":3}}
2023/04/29 16:57:10 Sent {"src":"n1","dest":"c11","body":{"in_reply_to":3,"messages":[],"type":"read_ok"}}
2023/04/29 16:57:10 Received {c11 n1 {"type":"broadcast","message":8,"msg_id":4}}
2023/04/29 16:57:10 Body = map[message:8 msg_id:4 type:broadcast]
2023/04/29 16:57:10 Sent {"src":"n1","dest":"c11","body":{"in_reply_to":4,"type":"broadcast_ok"}}
2023/04/29 16:57:11 Received {c11 n1 {"type":"read","msg_id":5}}
2023/04/29 16:57:11 Sent {"src":"n1","dest":"c11","body":{"in_reply_to":5,"messages":[8],"type":"read_ok"}}
2023/04/29 16:57:12 Received {c11 n1 {"type":"read","msg_id":6}}
2023/04/29 16:57:12 Sent {"src":"n1","dest":"c11","body":{"in_reply_to":6,"messages":[8],"type":"read_ok"}}
2023/04/29 16:57:12 Received {c11 n1 {"type":"broadcast","message":15,"msg_id":7}}
2023/04/29 16:57:12 Body = map[message:15 msg_id:7 type:broadcast]
2023/04/29 16:57:12 Sent {"src":"n1","dest":"c11","body":{"in_reply_to":7,"type":"broadcast_ok"}}
2023/04/29 16:57:13 Received {c11 n1 {"type":"read","msg_id":8}}
2023/04/29 16:57:13 Sent {"src":"n1","dest":"c11","body":{"in_reply_to":8,"messages":[8,15],"type":"read_ok"}}
2023/04/29 16:57:14 Received {c11 n1 {"type":"read","msg_id":9}}
2023/04/29 16:57:14 Sent {"src":"n1","dest":"c11","body":{"in_reply_to":9,"messages":[8,15],"type":"read_ok"}}
2023/04/29 16:57:15 Received {c11 n1 {"type":"read","msg_id":10}}
2023/04/29 16:57:15 Sent {"src":"n1","dest":"c11","body":{"in_reply_to":10,"messages":[8,15],"type":"read_ok"}}
2023/04/29 16:57:15 Received {c11 n1 {"type":"read","msg_id":11}}
2023/04/29 16:57:15 Sent {"src":"n1","dest":"c11","body":{"in_reply_to":11,"messages":[8,15],"type":"read_ok"}}
2023/04/29 16:57:16 Received {c11 n1 {"type":"broadcast","message":25,"msg_id":12}}
2023/04/29 16:57:16 Body = map[message:25 msg_id:12 type:broadcast]
2023/04/29 16:57:16 Sent {"src":"n1","dest":"c11","body":{"in_reply_to":12,"type":"broadcast_ok"}}
2023/04/29 16:57:16 Received {c11 n1 {"type":"read","msg_id":13}}
2023/04/29 16:57:16 Sent {"src":"n1","dest":"c11","body":{"in_reply_to":13,"messages":[8,15,25],"type":"read_ok"}}
2023/04/29 16:57:17 Received {c11 n1 {"type":"read","msg_id":14}}
2023/04/29 16:57:17 Sent {"src":"n1","dest":"c11","body":{"in_reply_to":14,"messages":[8,15,25],"type":"read_ok"}}
2023/04/29 16:57:18 Received {c11 n1 {"type":"broadcast","message":33,"msg_id":15}}
2023/04/29 16:57:18 Body = map[message:33 msg_id:15 type:broadcast]
2023/04/29 16:57:18 Sent {"src":"n1","dest":"c11","body":{"in_reply_to":15,"type":"broadcast_ok"}}
2023/04/29 16:57:18 Received {c11 n1 {"type":"broadcast","message":36,"msg_id":16}}
2023/04/29 16:57:18 Body = map[message:36 msg_id:16 type:broadcast]
2023/04/29 16:57:18 Sent {"src":"n1","dest":"c11","body":{"in_reply_to":16,"type":"broadcast_ok"}}
2023/04/29 16:57:18 Received {c11 n1 {"type":"broadcast","message":42,"msg_id":17}}
2023/04/29 16:57:18 Body = map[message:42 msg_id:17 type:broadcast]
2023/04/29 16:57:18 Sent {"src":"n1","dest":"c11","body":{"in_reply_to":17,"type":"broadcast_ok"}}
2023/04/29 16:57:19 Received {c11 n1 {"type":"broadcast","message":45,"msg_id":18}}
2023/04/29 16:57:19 Body = map[message:45 msg_id:18 type:broadcast]
2023/04/29 16:57:19 Sent {"src":"n1","dest":"c11","body":{"in_reply_to":18,"type":"broadcast_ok"}}
2023/04/29 16:57:20 Received {c11 n1 {"type":"read","msg_id":19}}
2023/04/29 16:57:20 Sent {"src":"n1","dest":"c11","body":{"in_reply_to":19,"messages":[8,15,25,33,36,42,45],"type":"read_ok"}}
2023/04/29 16:57:21 Received {c11 n1 {"type":"broadcast","message":52,"msg_id":20}}
2023/04/29 16:57:21 Body = map[message:52 msg_id:20 type:broadcast]
2023/04/29 16:57:21 Sent {"src":"n1","dest":"c11","body":{"in_reply_to":20,"type":"broadcast_ok"}}
2023/04/29 16:57:21 Received {c11 n1 {"type":"broadcast","message":57,"msg_id":21}}
2023/04/29 16:57:21 Body = map[message:57 msg_id:21 type:broadcast]
2023/04/29 16:57:21 Sent {"src":"n1","dest":"c11","body":{"in_reply_to":21,"type":"broadcast_ok"}}
2023/04/29 16:57:22 Received {c11 n1 {"type":"broadcast","message":62,"msg_id":22}}
2023/04/29 16:57:22 Body = map[message:62 msg_id:22 type:broadcast]
2023/04/29 16:57:22 Sent {"src":"n1","dest":"c11","body":{"in_reply_to":22,"type":"broadcast_ok"}}
2023/04/29 16:57:22 Received {c11 n1 {"type":"read","msg_id":23}}
2023/04/29 16:57:22 Sent {"src":"n1","dest":"c11","body":{"in_reply_to":23,"messages":[8,15,25,33,36,42,45,52,57,62],"type":"read_ok"}}
2023/04/29 16:57:23 Received {c11 n1 {"type":"broadcast","message":70,"msg_id":24}}
2023/04/29 16:57:23 Body = map[message:70 msg_id:24 type:broadcast]
2023/04/29 16:57:23 Sent {"src":"n1","dest":"c11","body":{"in_reply_to":24,"type":"broadcast_ok"}}
2023/04/29 16:57:23 Received {c11 n1 {"type":"broadcast","message":74,"msg_id":25}}
2023/04/29 16:57:23 Body = map[message:74 msg_id:25 type:broadcast]
2023/04/29 16:57:23 Sent {"src":"n1","dest":"c11","body":{"in_reply_to":25,"type":"broadcast_ok"}}
2023/04/29 16:57:24 Received {c11 n1 {"type":"read","msg_id":26}}
2023/04/29 16:57:24 Sent {"src":"n1","dest":"c11","body":{"in_reply_to":26,"messages":[8,15,25,33,36,42,45,52,57,62,70,74],"type":"read_ok"}}
2023/04/29 16:57:24 Received {c11 n1 {"type":"broadcast","message":79,"msg_id":27}}
2023/04/29 16:57:24 Body = map[message:79 msg_id:27 type:broadcast]
2023/04/29 16:57:24 Sent {"src":"n1","dest":"c11","body":{"in_reply_to":27,"type":"broadcast_ok"}}
2023/04/29 16:57:25 Received {c11 n1 {"type":"read","msg_id":28}}
2023/04/29 16:57:25 Sent {"src":"n1","dest":"c11","body":{"in_reply_to":28,"messages":[8,15,25,33,36,42,45,52,57,62,70,74,79],"type":"read_ok"}}
2023/04/29 16:57:26 Received {c11 n1 {"type":"broadcast","message":86,"msg_id":29}}
2023/04/29 16:57:26 Body = map[message:86 msg_id:29 type:broadcast]
2023/04/29 16:57:26 Sent {"src":"n1","dest":"c11","body":{"in_reply_to":29,"type":"broadcast_ok"}}
2023/04/29 16:57:27 Received {c11 n1 {"type":"broadcast","message":89,"msg_id":30}}
2023/04/29 16:57:27 Body = map[message:89 msg_id:30 type:broadcast]
2023/04/29 16:57:27 Sent {"src":"n1","dest":"c11","body":{"in_reply_to":30,"type":"broadcast_ok"}}
2023/04/29 16:57:27 Received {c11 n1 {"type":"read","msg_id":31}}
2023/04/29 16:57:27 Sent {"src":"n1","dest":"c11","body":{"in_reply_to":31,"messages":[8,15,25,33,36,42,45,52,57,62,70,74,79,86,89],"type":"read_ok"}}
2023/04/29 16:57:28 Received {c11 n1 {"type":"broadcast","message":97,"msg_id":32}}
2023/04/29 16:57:28 Body = map[message:97 msg_id:32 type:broadcast]
2023/04/29 16:57:28 Sent {"src":"n1","dest":"c11","body":{"in_reply_to":32,"type":"broadcast_ok"}}
2023/04/29 16:57:28 Received {c11 n1 {"type":"read","msg_id":33}}
2023/04/29 16:57:28 Sent {"src":"n1","dest":"c11","body":{"in_reply_to":33,"messages":[8,15,25,33,36,42,45,52,57,62,70,74,79,86,89,97],"type":"read_ok"}}
2023/04/29 16:57:39 Received {c11 n1 {"type":"read","msg_id":34}}
2023/04/29 16:57:39 Sent {"src":"n1","dest":"c11","body":{"in_reply_to":34,"messages":[8,15,25,33,36,42,45,52,57,62,70,74,79,86,89,97],"type":"read_ok"}}
