2023/04/29 16:57:09 Received {c2 n2 {"type":"init","node_id":"n2","node_ids":["n0","n1","n2","n3","n4"],"msg_id":1}}
2023/04/29 16:57:09 Node n2 initialized
2023/04/29 16:57:09 Sent {"src":"n2","dest":"c2","body":{"in_reply_to":1,"type":"init_ok"}}
2023/04/29 16:57:09 Received {c7 n2 {"type":"topology","topology":{"n0":["n3","n1"],"n1":["n4","n2","n0"],"n2":["n1"],"n3":["n0","n4"],"n4":["n1","n3"]},"msg_id":1}}
2023/04/29 16:57:09 Sent {"src":"n2","dest":"c7","body":{"in_reply_to":1,"msg_id":0,"type":"topology_ok"}}
2023/04/29 16:57:09 Received {c12 n2 {"type":"broadcast","message":0,"msg_id":1}}
2023/04/29 16:57:09 Body = map[message:0 msg_id:1 type:broadcast]
2023/04/29 16:57:09 Sent {"src":"n2","dest":"c12","body":{"in_reply_to":1,"type":"broadcast_ok"}}
2023/04/29 16:57:09 Received {c12 n2 {"type":"read","msg_id":2}}
2023/04/29 16:57:09 Sent {"src":"n2","dest":"c12","body":{"in_reply_to":2,"messages":[0],"type":"read_ok"}}
2023/04/29 16:57:10 Received {c12 n2 {"type":"read","msg_id":3}}
2023/04/29 16:57:10 Sent {"src":"n2","dest":"c12","body":{"in_reply_to":3,"messages":[0],"type":"read_ok"}}
2023/04/29 16:57:11 Received {c12 n2 {"type":"read","msg_id":4}}
2023/04/29 16:57:11 Sent {"src":"n2","dest":"c12","body":{"in_reply_to":4,"messages":[0],"type":"read_ok"}}
2023/04/29 16:57:11 Received {c12 n2 {"type":"read","msg_id":5}}
2023/04/29 16:57:11 Sent {"src":"n2","dest":"c12","body":{"in_reply_to":5,"messages":[0],"type":"read_ok"}}
2023/04/29 16:57:12 Received {c12 n2 {"type":"broadcast","message":13,"msg_id":6}}
2023/04/29 16:57:12 Body = map[message:13 msg_id:6 type:broadcast]
2023/04/29 16:57:12 Sent {"src":"n2","dest":"c12","body":{"in_reply_to":6,"type":"broadcast_ok"}}
2023/04/29 16:57:13 Received {c12 n2 {"type":"read","msg_id":7}}
2023/04/29 16:57:13 Sent {"src":"n2","dest":"c12","body":{"in_reply_to":7,"messages":[0,13],"type":"read_ok"}}
2023/04/29 16:57:13 Received {c12 n2 {"type":"read","msg_id":8}}
2023/04/29 16:57:13 Sent {"src":"n2","dest":"c12","body":{"in_reply_to":8,"messages":[0,13],"type":"read_ok"}}
2023/04/29 16:57:14 Received {c12 n2 {"type":"read","msg_id":9}}
2023/04/29 16:57:14 Sent {"src":"n2","dest":"c12","body":{"in_reply_to":9,"messages":[0,13],"type":"read_ok"}}
2023/04/29 16:57:15 Received {c12 n2 {"type":"read","msg_id":10}}
2023/04/29 16:57:15 Sent {"src":"n2","dest":"c12","body":{"in_reply_to":10,"messages":[0,13],"type":"read_ok"}}
2023/04/29 16:57:15 Received {c12 n2 {"type":"broadcast","message":21,"msg_id":11}}
2023/04/29 16:57:15 Body = map[message:21 msg_id:11 type:broadcast]
2023/04/29 16:57:15 Sent {"src":"n2","dest":"c12","body":{"in_reply_to":11,"type":"broadcast_ok"}}
2023/04/29 16:57:16 Received {c12 n2 {"type":"read","msg_id":12}}
2023/04/29 16:57:16 Sent {"src":"n2","dest":"c12","body":{"in_reply_to":12,"messages":[0,13,21],"type":"read_ok"}}
2023/04/29 16:57:16 Received {c12 n2 {"type":"broadcast","message":30,"msg_id":13}}
2023/04/29 16:57:16 Body = map[message:30 msg_id:13 type:broadcast]
2023/04/29 16:57:16 Sent {"src":"n2","dest":"c12","body":{"in_reply_to":13,"type":"broadcast_ok"}}
2023/04/29 16:57:17 Received {c12 n2 {"type":"read","msg_id":14}}
2023/04/29 16:57:17 Sent {"src":"n2","dest":"c12","body":{"in_reply_to":14,"messages":[0,13,21,30],"type":"read_ok"}}
2023/04/29 16:57:18 Received {c12 n2 {"type":"read","msg_id":15}}
2023/04/29 16:57:18 Sent {"src":"n2","dest":"c12","body":{"in_reply_to":15,"messages":[0,13,21,30],"type":"read_ok"}}
2023/04/29 16:57:18 Received {c12 n2 {"type":"broadcast","message":37,"msg_id":16}}
2023/04/29 16:57:18 Body = map[message:37 msg_id:16 type:broadcast]
2023/04/29 16:57:18 Sent {"src":"n2","dest":"c12","body":{"in_reply_to":16,"type":"broadcast_ok"}}
2023/04/29 16:57:19 Received {c12 n2 {"type":"broadcast","message":43,"msg_id":17}}
2023/04/29 16:57:19 Body = map[message:43 msg_id:17 type:broadcast]
2023/04/29 16:57:19 Sent {"src":"n2","dest":"c12","body":{"in_reply_to":17,"type":"broadcast_ok"}}
2023/04/29 16:57:19 Received {c12 n2 {"type":"broadcast","message":46,"msg_id":18}}
2023/04/29 16:57:19 Body = map[message:46 msg_id:18 type:broadcast]
2023/04/29 16:57:19 Sent {"src":"n2","dest":"c12","body":{"in_reply_to":18,"type":"broadcast_ok"}}
2023/04/29 16:57:20 Received {c12 n2 {"type":"read","msg_id":19}}
2023/04/29 16:57:20 Sent {"src":"n2","dest":"c12","body":{"in_reply_to":19,"messages":[0,13,21,30,37,43,46],"type":"read_ok"}}
2023/04/29 16:57:21 Received {c12 n2 {"type":"broadcast","message":53,"msg_id":20}}
2023/04/29 16:57:21 Body = map[message:53 msg_id:20 type:broadcast]
2023/04/29 16:57:21 Sent {"src":"n2","dest":"c12","body":{"in_reply_to":20,"type":"broadcast_ok"}}
2023/04/29 16:57:21 Received {c12 n2 {"type":"broadcast","message":58,"msg_id":21}}
2023/04/29 16:57:21 Body = map[message:58 msg_id:21 type:broadcast]
2023/04/29 16:57:21 Sent {"src":"n2","dest":"c12","body":{"in_reply_to":21,"type":"broadcast_ok"}}
2023/04/29 16:57:22 Received {c12 n2 {"type":"broadcast","message":63,"msg_id":22}}
2023/04/29 16:57:22 Body = map[message:63 msg_id:22 type:broadcast]
2023/04/29 16:57:22 Sent {"src":"n2","dest":"c12","body":{"in_reply_to":22,"type":"broadcast_ok"}}
2023/04/29 16:57:22 Received {c12 n2 {"type":"broadcast","message":65,"msg_id":23}}
2023/04/29 16:57:22 Body = map[message:65 msg_id:23 type:broadcast]
2023/04/29 16:57:22 Sent {"src":"n2","dest":"c12","body":{"in_reply_to":23,"type":"broadcast_ok"}}
2023/04/29 16:57:23 Received {c12 n2 {"type":"broadcast","message":71,"msg_id":24}}
2023/04/29 16:57:23 Body = map[message:71 msg_id:24 type:broadcast]
2023/04/29 16:57:23 Sent {"src":"n2","dest":"c12","body":{"in_reply_to":24,"type":"broadcast_ok"}}
2023/04/29 16:57:23 Received {c12 n2 {"type":"read","msg_id":25}}
2023/04/29 16:57:23 Sent {"src":"n2","dest":"c12","body":{"in_reply_to":25,"messages":[0,13,21,30,37,43,46,53,58,63,65,71],"type":"read_ok"}}
2023/04/29 16:57:24 Received {c12 n2 {"type":"broadcast","message":77,"msg_id":26}}
2023/04/29 16:57:24 Body = map[message:77 msg_id:26 type:broadcast]
2023/04/29 16:57:24 Sent {"src":"n2","dest":"c12","body":{"in_reply_to":26,"type":"broadcast_ok"}}
2023/04/29 16:57:25 Received {c12 n2 {"type":"broadcast","message":80,"msg_id":27}}
2023/04/29 16:57:25 Body = map[message:80 msg_id:27 type:broadcast]
2023/04/29 16:57:25 Sent {"src":"n2","dest":"c12","body":{"in_reply_to":27,"type":"broadcast_ok"}}
2023/04/29 16:57:25 Received {c12 n2 {"type":"read","msg_id":28}}
2023/04/29 16:57:25 Sent {"src":"n2","dest":"c12","body":{"in_reply_to":28,"messages":[0,13,21,30,37,43,46,53,58,63,65,71,77,80],"type":"read_ok"}}
2023/04/29 16:57:26 Received {c12 n2 {"type":"read","msg_id":29}}
2023/04/29 16:57:26 Sent {"src":"n2","dest":"c12","body":{"in_reply_to":29,"messages":[0,13,21,30,37,43,46,53,58,63,65,71,77,80],"type":"read_ok"}}
2023/04/29 16:57:27 Received {c12 n2 {"type":"broadcast","message":90,"msg_id":30}}
2023/04/29 16:57:27 Body = map[message:90 msg_id:30 type:broadcast]
2023/04/29 16:57:27 Sent {"src":"n2","dest":"c12","body":{"in_reply_to":30,"type":"broadcast_ok"}}
2023/04/29 16:57:27 Received {c12 n2 {"type":"broadcast","message":93,"msg_id":31}}
2023/04/29 16:57:27 Body = map[message:93 msg_id:31 type:broadcast]
2023/04/29 16:57:27 Sent {"src":"n2","dest":"c12","body":{"in_reply_to":31,"type":"broadcast_ok"}}
2023/04/29 16:57:28 Received {c12 n2 {"type":"read","msg_id":32}}
2023/04/29 16:57:28 Sent {"src":"n2","dest":"c12","body":{"in_reply_to":32,"messages":[0,13,21,30,37,43,46,53,58,63,65,71,77,80,90,93],"type":"read_ok"}}
2023/04/29 16:57:28 Received {c12 n2 {"type":"broadcast","message":99,"msg_id":33}}
2023/04/29 16:57:28 Body = map[message:99 msg_id:33 type:broadcast]
2023/04/29 16:57:28 Sent {"src":"n2","dest":"c12","body":{"in_reply_to":33,"type":"broadcast_ok"}}
2023/04/29 16:57:39 Received {c12 n2 {"type":"read","msg_id":34}}
2023/04/29 16:57:39 Sent {"src":"n2","dest":"c12","body":{"in_reply_to":34,"messages":[0,13,21,30,37,43,46,53,58,63,65,71,77,80,90,93,99],"type":"read_ok"}}
