2023/04/29 16:57:09 Received {c1 n4 {"type":"init","node_id":"n4","node_ids":["n0","n1","n2","n3","n4"],"msg_id":1}}
2023/04/29 16:57:09 Node n4 initialized
2023/04/29 16:57:09 Sent {"src":"n4","dest":"c1","body":{"in_reply_to":1,"type":"init_ok"}}
2023/04/29 16:57:09 Received {c9 n4 {"type":"topology","topology":{"n0":["n3","n1"],"n1":["n4","n2","n0"],"n2":["n1"],"n3":["n0","n4"],"n4":["n1","n3"]},"msg_id":1}}
2023/04/29 16:57:09 Sent {"src":"n4","dest":"c9","body":{"in_reply_to":1,"msg_id":0,"type":"topology_ok"}}
2023/04/29 16:57:09 Received {c14 n4 {"type":"broadcast","message":2,"msg_id":1}}
2023/04/29 16:57:09 Body = map[message:2 msg_id:1 type:broadcast]
2023/04/29 16:57:09 Sent {"src":"n4","dest":"c14","body":{"in_reply_to":1,"type":"broadcast_ok"}}
2023/04/29 16:57:10 Received {c14 n4 {"type":"broadcast","message":5,"msg_id":2}}
2023/04/29 16:57:10 Body = map[message:5 msg_id:2 type:broadcast]
2023/04/29 16:57:10 Sent {"src":"n4","dest":"c14","body":{"in_reply_to":2,"type":"broadcast_ok"}}
2023/04/29 16:57:10 Received {c14 n4 {"type":"read","msg_id":3}}
2023/04/29 16:57:10 Sent {"src":"n4","dest":"c14","body":{"in_reply_to":3,"messages":[2,5],"type":"read_ok"}}
2023/04/29 16:57:11 Received {c14 n4 {"type":"read","msg_id":4}}
2023/04/29 16:57:11 Sent {"src":"n4","dest":"c14","body":{"in_reply_to":4,"messages":[2,5],"type":"read_ok"}}
2023/04/29 16:57:12 Received {c14 n4 {"type":"read","msg_id":5}}
2023/04/29 16:57:12 Sent {"src":"n4","dest":"c14","body":{"in_reply_to":5,"messages":[2,5],"type":"read_ok"}}
2023/04/29 16:57:12 Received {c14 n4 {"type":"read","msg_id":6}}
2023/04/29 16:57:12 Sent {"src":"n4","dest":"c14","body":{"in_reply_to":6,"messages":[2,5],"type":"read_ok"}}
2023/04/29 16:57:13 Received {c14 n4 {"type":"read","msg_id":7}}
2023/04/29 16:57:13 Sent {"src":"n4","dest":"c14","body":{"in_reply_to":7,"messages":[2,5],"type":"read_ok"}}
2023/04/29 16:57:13 Received {c14 n4 {"type":"read","msg_id":8}}
2023/04/29 16:57:13 Sent {"src":"n4","dest":"c14","body":{"in_reply_to":8,"messages":[2,5],"type":"read_ok"}}
2023/04/29 16:57:14 Received {c14 n4 {"type":"read","msg_id":9}}
2023/04/29 16:57:14 Sent {"src":"n4","dest":"c14","body":{"in_reply_to":9,"messages":[2,5],"type":"read_ok"}}
2023/04/29 16:57:15 Received {c14 n4 {"type":"read","msg_id":10}}
2023/04/29 16:57:15 Sent {"src":"n4","dest":"c14","body":{"in_reply_to":10,"messages":[2,5],"type":"read_ok"}}
2023/04/29 16:57:15 Received {c14 n4 {"type":"broadcast","message":23,"msg_id":11}}
2023/04/29 16:57:15 Body = map[message:23 msg_id:11 type:broadcast]
2023/04/29 16:57:15 Sent {"src":"n4","dest":"c14","body":{"in_reply_to":11,"type":"broadcast_ok"}}
2023/04/29 16:57:16 Received {c14 n4 {"type":"broadcast","message":27,"msg_id":12}}
2023/04/29 16:57:16 Body = map[message:27 msg_id:12 type:broadcast]
2023/04/29 16:57:16 Sent {"src":"n4","dest":"c14","body":{"in_reply_to":12,"type":"broadcast_ok"}}
2023/04/29 16:57:17 Received {c14 n4 {"type":"read","msg_id":13}}
2023/04/29 16:57:17 Sent {"src":"n4","dest":"c14","body":{"in_reply_to":13,"messages":[2,5,23,27],"type":"read_ok"}}
2023/04/29 16:57:17 Received {c14 n4 {"type":"broadcast","message":32,"msg_id":14}}
2023/04/29 16:57:17 Body = map[message:32 msg_id:14 type:broadcast]
2023/04/29 16:57:17 Sent {"src":"n4","dest":"c14","body":{"in_reply_to":14,"type":"broadcast_ok"}}
2023/04/29 16:57:18 Received {c14 n4 {"type":"read","msg_id":15}}
2023/04/29 16:57:18 Sent {"src":"n4","dest":"c14","body":{"in_reply_to":15,"messages":[2,5,23,27,32],"type":"read_ok"}}
2023/04/29 16:57:18 Received {c14 n4 {"type":"broadcast","message":39,"msg_id":16}}
2023/04/29 16:57:18 Body = map[message:39 msg_id:16 type:broadcast]
2023/04/29 16:57:18 Sent {"src":"n4","dest":"c14","body":{"in_reply_to":16,"type":"broadcast_ok"}}
2023/04/29 16:57:19 Received {c14 n4 {"type":"read","msg_id":17}}
2023/04/29 16:57:19 Sent {"src":"n4","dest":"c14","body":{"in_reply_to":17,"messages":[2,5,23,27,32,39],"type":"read_ok"}}
2023/04/29 16:57:20 Received {c14 n4 {"type":"broadcast","message":48,"msg_id":18}}
2023/04/29 16:57:20 Body = map[message:48 msg_id:18 type:broadcast]
2023/04/29 16:57:20 Sent {"src":"n4","dest":"c14","body":{"in_reply_to":18,"type":"broadcast_ok"}}
2023/04/29 16:57:20 Received {c14 n4 {"type":"broadcast","message":50,"msg_id":19}}
2023/04/29 16:57:20 Body = map[message:50 msg_id:19 type:broadcast]
2023/04/29 16:57:20 Sent {"src":"n4","dest":"c14","body":{"in_reply_to":19,"type":"broadcast_ok"}}
2023/04/29 16:57:21 Received {c14 n4 {"type":"read","msg_id":20}}
2023/04/29 16:57:21 Sent {"src":"n4","dest":"c14","body":{"in_reply_to":20,"messages":[2,5,23,27,32,39,48,50],"type":"read_ok"}}
2023/04/29 16:57:22 Received {c14 n4 {"type":"read","msg_id":21}}
2023/04/29 16:57:22 Sent {"src":"n4","dest":"c14","body":{"in_reply_to":21,"messages":[2,5,23,27,32,39,48,50],"type":"read_ok"}}
2023/04/29 16:57:22 Received {c14 n4 {"type":"broadcast","message":64,"msg_id":22}}
2023/04/29 16:57:22 Body = map[message:64 msg_id:22 type:broadcast]
2023/04/29 16:57:22 Sent {"src":"n4","dest":"c14","body":{"in_reply_to":22,"type":"broadcast_ok"}}
2023/04/29 16:57:22 Received {c14 n4 {"type":"broadcast","message":67,"msg_id":23}}
2023/04/29 16:57:22 Body = map[message:67 msg_id:23 type:broadcast]
2023/04/29 16:57:22 Sent {"src":"n4","dest":"c14","body":{"in_reply_to":23,"type":"broadcast_ok"}}
2023/04/29 16:57:23 Received {c14 n4 {"type":"read","msg_id":24}}
2023/04/29 16:57:23 Sent {"src":"n4","dest":"c14","body":{"in_reply_to":24,"messages":[2,5,23,27,32,39,48,50,64,67],"type":"read_ok"}}
2023/04/29 16:57:24 Received {c14 n4 {"type":"read","msg_id":25}}
2023/04/29 16:57:24 Sent {"src":"n4","dest":"c14","body":{"in_reply_to":25,"messages":[2,5,23,27,32,39,48,50,64,67],"type":"read_ok"}}
2023/04/29 16:57:24 Received {c14 n4 {"type":"read","msg_id":26}}
2023/04/29 16:57:24 Sent {"src":"n4","dest":"c14","body":{"in_reply_to":26,"messages":[2,5,23,27,32,39,48,50,64,67],"type":"read_ok"}}
2023/04/29 16:57:25 Received {c14 n4 {"type":"read","msg_id":27}}
2023/04/29 16:57:25 Sent {"src":"n4","dest":"c14","body":{"in_reply_to":27,"messages":[2,5,23,27,32,39,48,50,64,67],"type":"read_ok"}}
2023/04/29 16:57:25 Received {c14 n4 {"type":"broadcast","message":84,"msg_id":28}}
2023/04/29 16:57:25 Body = map[message:84 msg_id:28 type:broadcast]
2023/04/29 16:57:25 Sent {"src":"n4","dest":"c14","body":{"in_reply_to":28,"type":"broadcast_ok"}}
2023/04/29 16:57:26 Received {c14 n4 {"type":"read","msg_id":29}}
2023/04/29 16:57:26 Sent {"src":"n4","dest":"c14","body":{"in_reply_to":29,"messages":[2,5,23,27,32,39,48,50,64,67,84],"type":"read_ok"}}
2023/04/29 16:57:27 Received {c14 n4 {"type":"broadcast","message":92,"msg_id":30}}
2023/04/29 16:57:27 Body = map[message:92 msg_id:30 type:broadcast]
2023/04/29 16:57:27 Sent {"src":"n4","dest":"c14","body":{"in_reply_to":30,"type":"broadcast_ok"}}
2023/04/29 16:57:27 Received {c14 n4 {"type":"broadcast","message":95,"msg_id":31}}
2023/04/29 16:57:27 Body = map[message:95 msg_id:31 type:broadcast]
2023/04/29 16:57:27 Sent {"src":"n4","dest":"c14","body":{"in_reply_to":31,"type":"broadcast_ok"}}
2023/04/29 16:57:28 Received {c14 n4 {"type":"read","msg_id":32}}
2023/04/29 16:57:28 Sent {"src":"n4","dest":"c14","body":{"in_reply_to":32,"messages":[2,5,23,27,32,39,48,50,64,67,84,92,95],"type":"read_ok"}}
2023/04/29 16:57:28 Received {c14 n4 {"type":"broadcast","message":101,"msg_id":33}}
2023/04/29 16:57:28 Body = map[message:101 msg_id:33 type:broadcast]
2023/04/29 16:57:28 Sent {"src":"n4","dest":"c14","body":{"in_reply_to":33,"type":"broadcast_ok"}}
2023/04/29 16:57:39 Received {c14 n4 {"type":"read","msg_id":34}}
2023/04/29 16:57:39 Sent {"src":"n4","dest":"c14","body":{"in_reply_to":34,"messages":[2,5,23,27,32,39,48,50,64,67,84,92,95,101],"type":"read_ok"}}
