2023-04-21 00:19:26,730{GMT}	INFO	[jepsen test runner] jepsen.core: Command line:
lein run test -w echo --bin ./Glomers.bin --node-count 1 --time-limit 10
2023-04-21 00:19:26,762{GMT}	INFO	[jepsen test runner] jepsen.core: Running test:
{:args []
 :remote
 #jepsen.control.retry.Remote{:remote #jepsen.control.scp.Remote{:cmd-remote #jepsen.control.sshj.SSHJRemote{:concurrency-limit 6,
                                                                                                             :conn-spec nil,
                                                                                                             :client nil,
                                                                                                             :semaphore nil},
                                                                 :conn-spec nil},
                              :conn nil}
 :log-net-send false
 :node-count 1
 :availability nil
 :max-txn-length 4
 :concurrency 1
 :db
 #object[maelstrom.db$db$reify__16142
         "0x2603a76d"
         "maelstrom.db$db$reify__16142@2603a76d"]
 :max-writes-per-key 16
 :leave-db-running? false
 :name "echo"
 :logging-json? false
 :start-time
 #object[org.joda.time.DateTime "0x78167" "2023-04-21T00:19:26.713-03:00"]
 :nemesis-interval 10
 :net
 #object[maelstrom.net$jepsen_net$reify__15251
         "0x214738c1"
         "maelstrom.net$jepsen_net$reify__15251@214738c1"]
 :client
 #object[maelstrom.workload.echo$client$reify__16863
         "0x623dc959"
         "maelstrom.workload.echo$client$reify__16863@623dc959"]
 :barrier
 #object[java.util.concurrent.CyclicBarrier
         "0x7aac05e2"
         "java.util.concurrent.CyclicBarrier@7aac05e2"]
 :log-stderr false
 :pure-generators true
 :ssh {:dummy? true}
 :rate 5
 :checker
 #object[jepsen.checker$compose$reify__11881
         "0x469caf69"
         "jepsen.checker$compose$reify__11881@469caf69"]
 :argv
 ("test"
  "-w"
  "echo"
  "--bin"
  "./Glomers.bin"
  "--node-count"
  "1"
  "--time-limit"
  "10")
 :nemesis
 (jepsen.nemesis.ReflCompose
  {:fm {:start-partition 0,
        :stop-partition 0,
        :kill 1,
        :start 1,
        :pause 1,
        :resume 1},
   :nemeses [#unprintable "jepsen.nemesis.combined$partition_nemesis$reify__16416@5e05064b"
             #unprintable "jepsen.nemesis.combined$db_nemesis$reify__16397@527e6bd3"]})
 :nodes ["n0"]
 :test-count 1
 :latency {:mean 0, :dist :constant}
 :bin "./Glomers.bin"
 :generator
 (jepsen.generator.TimeLimit
  {:limit 10000000000,
   :cutoff nil,
   :gen (jepsen.generator.Any
         {:gens [(jepsen.generator.OnThreads
                  {:f #{:nemesis},
                   :context-filter #object[jepsen.generator.context$make_thread_filter$lazy_filter__9167
                                           "0x686279e0"
                                           "jepsen.generator.context$make_thread_filter$lazy_filter__9167@686279e0"],
                   :gen nil})
                 (jepsen.generator.OnThreads
                  {:f #jepsen.generator.context.AllBut{:element :nemesis},
                   :context-filter #object[jepsen.generator.context$make_thread_filter$lazy_filter__9167
                                           "0x6b28d4e4"
                                           "jepsen.generator.context$make_thread_filter$lazy_filter__9167@6b28d4e4"],
                   :gen (jepsen.generator.Stagger
                         {:dt 400000000,
                          :next-time nil,
                          :gen (jepsen.generator.EachThread
                                {:fresh-gen #object[maelstrom.workload.echo$workload$fn__16882
                                                    "0x41cfcbb5"
                                                    "maelstrom.workload.echo$workload$fn__16882@41cfcbb5"],
                                 :context-filters #object[clojure.core$promise$reify__8591
                                                          "0x40941b54"
                                                          {:status :pending,
                                                           :val nil}],
                                 :gens {}})})})]})})
 :log-net-recv false
 :os
 #object[maelstrom.net$jepsen_os$reify__15254
         "0x3b42d7df"
         "maelstrom.net$jepsen_os$reify__15254@3b42d7df"]
 :time-limit 10
 :workload :echo
 :consistency-models [:strict-serializable]
 :topology :grid}

2023-04-21 00:19:27,582{GMT}	INFO	[jepsen node n0] maelstrom.net: Starting Maelstrom network
2023-04-21 00:19:27,582{GMT}	INFO	[jepsen test runner] jepsen.db: Tearing down DB
2023-04-21 00:19:27,583{GMT}	INFO	[jepsen test runner] jepsen.db: Setting up DB
2023-04-21 00:19:27,584{GMT}	INFO	[jepsen node n0] maelstrom.service: Starting services: (lin-kv lin-tso lww-kv seq-kv)
2023-04-21 00:19:27,586{GMT}	INFO	[jepsen node n0] maelstrom.db: Setting up n0
2023-04-21 00:19:27,586{GMT}	INFO	[jepsen node n0] maelstrom.process: launching ./Glomers.bin []
2023-04-21 00:19:28,116{GMT}	INFO	[jepsen test runner] jepsen.core: Relative time begins now
2023-04-21 00:19:28,132{GMT}	INFO	[jepsen worker 0] jepsen.util: 0	:invoke	:echo	"Please echo 87"
2023-04-21 00:19:28,139{GMT}	INFO	[jepsen worker 0] jepsen.util: 0	:ok	:echo	{:type "echo_ok", :echo "Please echo 87", :msg_id 0, :in_reply_to 1}
2023-04-21 00:19:28,280{GMT}	INFO	[jepsen worker 0] jepsen.util: 0	:invoke	:echo	"Please echo 91"
2023-04-21 00:19:33,286{GMT}	INFO	[jepsen worker 0] jepsen.util: 0	:info	:echo	"Please echo 91"	:net-timeout
2023-04-21 00:19:33,286{GMT}	INFO	[jepsen worker 0] jepsen.util: 1	:invoke	:echo	"Please echo 36"
2023-04-21 00:19:38,291{GMT}	INFO	[jepsen worker 0] jepsen.util: 1	:info	:echo	"Please echo 36"	:net-timeout
2023-04-21 00:19:38,303{GMT}	INFO	[jepsen test runner] jepsen.core: Run complete, writing
2023-04-21 00:19:38,330{GMT}	INFO	[jepsen node n0] maelstrom.db: Tearing down n0
2023-04-21 00:19:39,314{GMT}	INFO	[jepsen node n0] maelstrom.net: Shutting down Maelstrom network
2023-04-21 00:19:39,317{GMT}	WARN	[jepsen test runner] jepsen.core: Test crashed!
clojure.lang.ExceptionInfo: Node n0 crashed with exit status 133. Before crashing, it wrote to STDOUT:

{"src": "n0", "dest": "c0", "body": {"type": "init_ok", "in_reply_to": 1}}
{"src": "n0", "dest": "c2", "body": {"type": "echo_ok", "echo": "Please echo 87", "msg_id": 0, "in_reply_to": 1}}

And to STDERR:

/Users/lftm/Odin/Server/Glomers/echo01/echo.odin(19:3) panic: Deu ruim mane

Full STDERR logs are available in /Users/lftm/Odin/Server/Glomers/store/echo/20230421T001926.713-0300/node-logs/n0.log
	at slingshot.support$stack_trace.invoke(support.clj:201)
	at maelstrom.process$stop_node_BANG_.invokeStatic(process.clj:239)
	at maelstrom.process$stop_node_BANG_.invoke(process.clj:217)
	at maelstrom.db$db$reify__16142.teardown_BANG_(db.clj:75)
	at jepsen.db$fn__8744$G__8725__8748.invoke(db.clj:12)
	at jepsen.db$fn__8744$G__8724__8753.invoke(db.clj:12)
	at clojure.core$partial$fn__5908.invoke(core.clj:2642)
	at jepsen.control$on_nodes$fn__8599.invoke(control.clj:314)
	at clojure.lang.AFn.applyToHelper(AFn.java:154)
	at clojure.lang.AFn.applyTo(AFn.java:144)
	at clojure.core$apply.invokeStatic(core.clj:667)
	at clojure.core$with_bindings_STAR_.invokeStatic(core.clj:1990)
	at clojure.core$with_bindings_STAR_.doInvoke(core.clj:1990)
	at clojure.lang.RestFn.applyTo(RestFn.java:142)
	at clojure.core$apply.invokeStatic(core.clj:671)
	at clojure.core$bound_fn_STAR_$fn__5818.doInvoke(core.clj:2020)
	at clojure.lang.RestFn.invoke(RestFn.java:408)
	at dom_top.core$real_pmap_helper$build_thread__211$fn__212.invoke(core.clj:163)
	at clojure.lang.AFn.applyToHelper(AFn.java:152)
	at clojure.lang.AFn.applyTo(AFn.java:144)
	at clojure.core$apply.invokeStatic(core.clj:667)
	at clojure.core$with_bindings_STAR_.invokeStatic(core.clj:1990)
	at clojure.core$with_bindings_STAR_.doInvoke(core.clj:1990)
	at clojure.lang.RestFn.invoke(RestFn.java:425)
	at clojure.lang.AFn.applyToHelper(AFn.java:156)
	at clojure.lang.RestFn.applyTo(RestFn.java:132)
	at clojure.core$apply.invokeStatic(core.clj:671)
	at clojure.core$bound_fn_STAR_$fn__5818.doInvoke(core.clj:2020)
	at clojure.lang.RestFn.invoke(RestFn.java:397)
	at clojure.lang.AFn.run(AFn.java:22)
	at java.base/java.lang.Thread.run(Thread.java:833)
