2023/04/29 17:36:32 Received {c4 n0 {"type":"init","node_id":"n0","node_ids":["n0","n1","n2","n3","n4"],"msg_id":1}}
2023/04/29 17:36:32 Node n0 initialized
2023/04/29 17:36:32 Sent {"src":"n0","dest":"c4","body":{"in_reply_to":1,"type":"init_ok"}}
2023/04/29 17:36:32 Received {c5 n0 {"type":"topology","topology":{"n0":["n3","n1"],"n1":["n4","n2","n0"],"n2":["n1"],"n3":["n0","n4"],"n4":["n1","n3"]},"msg_id":1}}
2023/04/29 17:36:32 Sent {"src":"n0","dest":"c5","body":{"in_reply_to":1,"msg_id":0,"type":"topology_ok"}}
2023/04/29 17:36:32 Received {c10 n0 {"type":"read","msg_id":1}}
2023/04/29 17:36:32 Sent {"src":"n0","dest":"c10","body":{"in_reply_to":1,"messages":[],"type":"read_ok"}}
2023/04/29 17:36:33 Received {c10 n0 {"type":"read","msg_id":2}}
2023/04/29 17:36:33 Sent {"src":"n0","dest":"c10","body":{"in_reply_to":2,"messages":[],"type":"read_ok"}}
2023/04/29 17:36:33 Received {c10 n0 {"type":"read","msg_id":3}}
2023/04/29 17:36:33 Sent {"src":"n0","dest":"c10","body":{"in_reply_to":3,"messages":[],"type":"read_ok"}}
2023/04/29 17:36:33 Received {n3 n0 {"message":0,"type":"node_broadcast"}}
2023/04/29 17:36:33 Received {c10 n0 {"type":"read","msg_id":4}}
2023/04/29 17:36:33 Sent {"src":"n0","dest":"c10","body":{"in_reply_to":4,"messages":[0],"type":"read_ok"}}
2023/04/29 17:36:33 Received {c10 n0 {"type":"broadcast","message":2,"msg_id":5}}
2023/04/29 17:36:33 Sent {"src":"n0","dest":"n3","body":{"message":2,"type":"node_broadcast"}}
2023/04/29 17:36:33 Sent {"src":"n0","dest":"n1","body":{"message":2,"type":"node_broadcast"}}
2023/04/29 17:36:33 Sent {"src":"n0","dest":"c10","body":{"in_reply_to":5,"type":"broadcast_ok"}}
2023/04/29 17:36:34 Received {c10 n0 {"type":"read","msg_id":6}}
2023/04/29 17:36:34 Sent {"src":"n0","dest":"c10","body":{"in_reply_to":6,"messages":[0,2],"type":"read_ok"}}
2023/04/29 17:36:34 Received {c10 n0 {"type":"read","msg_id":7}}
2023/04/29 17:36:34 Sent {"src":"n0","dest":"c10","body":{"in_reply_to":7,"messages":[0,2],"type":"read_ok"}}
2023/04/29 17:36:34 Received {c10 n0 {"type":"broadcast","message":4,"msg_id":8}}
2023/04/29 17:36:34 Sent {"src":"n0","dest":"n3","body":{"message":4,"type":"node_broadcast"}}
2023/04/29 17:36:34 Sent {"src":"n0","dest":"n1","body":{"message":4,"type":"node_broadcast"}}
2023/04/29 17:36:34 Sent {"src":"n0","dest":"c10","body":{"in_reply_to":8,"type":"broadcast_ok"}}
2023/04/29 17:36:35 Received {c10 n0 {"type":"read","msg_id":9}}
2023/04/29 17:36:35 Sent {"src":"n0","dest":"c10","body":{"in_reply_to":9,"messages":[0,2,4],"type":"read_ok"}}
2023/04/29 17:36:35 Received {n3 n0 {"message":6,"type":"node_broadcast"}}
2023/04/29 17:36:35 Received {c10 n0 {"type":"read","msg_id":10}}
2023/04/29 17:36:35 Sent {"src":"n0","dest":"c10","body":{"in_reply_to":10,"messages":[0,2,4,6],"type":"read_ok"}}
2023/04/29 17:36:35 Received {c10 n0 {"type":"broadcast","message":8,"msg_id":11}}
2023/04/29 17:36:35 Sent {"src":"n0","dest":"n3","body":{"message":8,"type":"node_broadcast"}}
2023/04/29 17:36:35 Sent {"src":"n0","dest":"n1","body":{"message":8,"type":"node_broadcast"}}
2023/04/29 17:36:35 Sent {"src":"n0","dest":"c10","body":{"in_reply_to":11,"type":"broadcast_ok"}}
2023/04/29 17:36:36 Received {c10 n0 {"type":"read","msg_id":12}}
2023/04/29 17:36:36 Sent {"src":"n0","dest":"c10","body":{"in_reply_to":12,"messages":[0,2,4,6,8],"type":"read_ok"}}
2023/04/29 17:36:36 Received {c10 n0 {"type":"read","msg_id":13}}
2023/04/29 17:36:36 Sent {"src":"n0","dest":"c10","body":{"in_reply_to":13,"messages":[0,2,4,6,8],"type":"read_ok"}}
2023/04/29 17:36:36 Received {n1 n0 {"message":10,"type":"node_broadcast"}}
2023/04/29 17:36:37 Received {c10 n0 {"type":"broadcast","message":12,"msg_id":14}}
2023/04/29 17:36:37 Sent {"src":"n0","dest":"n3","body":{"message":12,"type":"node_broadcast"}}
2023/04/29 17:36:37 Sent {"src":"n0","dest":"n1","body":{"message":12,"type":"node_broadcast"}}
2023/04/29 17:36:37 Sent {"src":"n0","dest":"c10","body":{"in_reply_to":14,"type":"broadcast_ok"}}
2023/04/29 17:36:37 Received {c10 n0 {"type":"broadcast","message":13,"msg_id":15}}
2023/04/29 17:36:37 Sent {"src":"n0","dest":"n3","body":{"message":13,"type":"node_broadcast"}}
2023/04/29 17:36:37 Sent {"src":"n0","dest":"n1","body":{"message":13,"type":"node_broadcast"}}
2023/04/29 17:36:37 Sent {"src":"n0","dest":"c10","body":{"in_reply_to":15,"type":"broadcast_ok"}}
2023/04/29 17:36:37 Received {n1 n0 {"message":14,"type":"node_broadcast"}}
2023/04/29 17:36:37 Received {n3 n0 {"message":15,"type":"node_broadcast"}}
2023/04/29 17:36:37 Received {c10 n0 {"type":"broadcast","message":16,"msg_id":16}}
2023/04/29 17:36:37 Sent {"src":"n0","dest":"n3","body":{"message":16,"type":"node_broadcast"}}
2023/04/29 17:36:37 Sent {"src":"n0","dest":"n1","body":{"message":16,"type":"node_broadcast"}}
2023/04/29 17:36:37 Sent {"src":"n0","dest":"c10","body":{"in_reply_to":16,"type":"broadcast_ok"}}
2023/04/29 17:36:37 Received {c10 n0 {"type":"read","msg_id":17}}
2023/04/29 17:36:37 Sent {"src":"n0","dest":"c10","body":{"in_reply_to":17,"messages":[0,2,4,6,8,10,12,13,14,15,16],"type":"read_ok"}}
2023/04/29 17:36:37 Received {n1 n0 {"message":17,"type":"node_broadcast"}}
2023/04/29 17:36:37 Received {n3 n0 {"message":18,"type":"node_broadcast"}}
2023/04/29 17:36:38 Received {c10 n0 {"type":"read","msg_id":18}}
2023/04/29 17:36:38 Sent {"src":"n0","dest":"c10","body":{"in_reply_to":18,"messages":[0,2,4,6,8,10,12,13,14,15,16,17,18],"type":"read_ok"}}
2023/04/29 17:36:38 Received {c10 n0 {"type":"read","msg_id":19}}
2023/04/29 17:36:38 Sent {"src":"n0","dest":"c10","body":{"in_reply_to":19,"messages":[0,2,4,6,8,10,12,13,14,15,16,17,18],"type":"read_ok"}}
2023/04/29 17:36:38 Received {n3 n0 {"message":19,"type":"node_broadcast"}}
2023/04/29 17:36:38 Received {c10 n0 {"type":"read","msg_id":20}}
2023/04/29 17:36:38 Sent {"src":"n0","dest":"c10","body":{"in_reply_to":20,"messages":[0,2,4,6,8,10,12,13,14,15,16,17,18,19],"type":"read_ok"}}
2023/04/29 17:36:38 Received {c10 n0 {"type":"broadcast","message":21,"msg_id":21}}
2023/04/29 17:36:38 Sent {"src":"n0","dest":"n3","body":{"message":21,"type":"node_broadcast"}}
2023/04/29 17:36:38 Sent {"src":"n0","dest":"n1","body":{"message":21,"type":"node_broadcast"}}
2023/04/29 17:36:38 Sent {"src":"n0","dest":"c10","body":{"in_reply_to":21,"type":"broadcast_ok"}}
2023/04/29 17:36:39 Received {c10 n0 {"type":"broadcast","message":23,"msg_id":22}}
2023/04/29 17:36:39 Sent {"src":"n0","dest":"n3","body":{"message":23,"type":"node_broadcast"}}
2023/04/29 17:36:39 Sent {"src":"n0","dest":"n1","body":{"message":23,"type":"node_broadcast"}}
2023/04/29 17:36:39 Sent {"src":"n0","dest":"c10","body":{"in_reply_to":22,"type":"broadcast_ok"}}
2023/04/29 17:36:39 Received {c10 n0 {"type":"read","msg_id":23}}
2023/04/29 17:36:39 Sent {"src":"n0","dest":"c10","body":{"in_reply_to":23,"messages":[0,2,4,6,8,10,12,13,14,15,16,17,18,19,21,23],"type":"read_ok"}}
2023/04/29 17:36:39 Received {n3 n0 {"message":24,"type":"node_broadcast"}}
2023/04/29 17:36:40 Received {c10 n0 {"type":"read","msg_id":24}}
2023/04/29 17:36:40 Sent {"src":"n0","dest":"c10","body":{"in_reply_to":24,"messages":[0,2,4,6,8,10,12,13,14,15,16,17,18,19,21,23,24],"type":"read_ok"}}
2023/04/29 17:36:40 Received {c10 n0 {"type":"broadcast","message":26,"msg_id":25}}
2023/04/29 17:36:40 Sent {"src":"n0","dest":"n3","body":{"message":26,"type":"node_broadcast"}}
2023/04/29 17:36:40 Sent {"src":"n0","dest":"n1","body":{"message":26,"type":"node_broadcast"}}
2023/04/29 17:36:40 Sent {"src":"n0","dest":"c10","body":{"in_reply_to":25,"type":"broadcast_ok"}}
2023/04/29 17:36:40 Received {n1 n0 {"message":27,"type":"node_broadcast"}}
2023/04/29 17:36:40 Received {c10 n0 {"type":"broadcast","message":28,"msg_id":26}}
2023/04/29 17:36:40 Sent {"src":"n0","dest":"n3","body":{"message":28,"type":"node_broadcast"}}
2023/04/29 17:36:40 Sent {"src":"n0","dest":"n1","body":{"message":28,"type":"node_broadcast"}}
2023/04/29 17:36:40 Sent {"src":"n0","dest":"c10","body":{"in_reply_to":26,"type":"broadcast_ok"}}
2023/04/29 17:36:40 Received {c10 n0 {"type":"broadcast","message":29,"msg_id":27}}
2023/04/29 17:36:40 Sent {"src":"n0","dest":"n3","body":{"message":29,"type":"node_broadcast"}}
2023/04/29 17:36:40 Sent {"src":"n0","dest":"n1","body":{"message":29,"type":"node_broadcast"}}
2023/04/29 17:36:40 Sent {"src":"n0","dest":"c10","body":{"in_reply_to":27,"type":"broadcast_ok"}}
2023/04/29 17:36:41 Received {n3 n0 {"message":30,"type":"node_broadcast"}}
2023/04/29 17:36:41 Received {c10 n0 {"type":"broadcast","message":31,"msg_id":28}}
2023/04/29 17:36:41 Sent {"src":"n0","dest":"n3","body":{"message":31,"type":"node_broadcast"}}
2023/04/29 17:36:41 Sent {"src":"n0","dest":"n1","body":{"message":31,"type":"node_broadcast"}}
2023/04/29 17:36:41 Sent {"src":"n0","dest":"c10","body":{"in_reply_to":28,"type":"broadcast_ok"}}
2023/04/29 17:36:41 Received {c10 n0 {"type":"read","msg_id":29}}
2023/04/29 17:36:41 Sent {"src":"n0","dest":"c10","body":{"in_reply_to":29,"messages":[0,2,4,6,8,10,12,13,14,15,16,17,18,19,21,23,24,26,27,28,29,30,31],"type":"read_ok"}}
2023/04/29 17:36:41 Received {n1 n0 {"message":32,"type":"node_broadcast"}}
2023/04/29 17:36:41 Received {c10 n0 {"type":"broadcast","message":33,"msg_id":30}}
2023/04/29 17:36:41 Sent {"src":"n0","dest":"n3","body":{"message":33,"type":"node_broadcast"}}
2023/04/29 17:36:41 Sent {"src":"n0","dest":"n1","body":{"message":33,"type":"node_broadcast"}}
2023/04/29 17:36:41 Sent {"src":"n0","dest":"c10","body":{"in_reply_to":30,"type":"broadcast_ok"}}
2023/04/29 17:36:41 Received {c10 n0 {"type":"broadcast","message":34,"msg_id":31}}
2023/04/29 17:36:41 Sent {"src":"n0","dest":"n3","body":{"message":34,"type":"node_broadcast"}}
2023/04/29 17:36:41 Sent {"src":"n0","dest":"n1","body":{"message":34,"type":"node_broadcast"}}
2023/04/29 17:36:41 Sent {"src":"n0","dest":"c10","body":{"in_reply_to":31,"type":"broadcast_ok"}}
2023/04/29 17:36:41 Received {n1 n0 {"message":35,"type":"node_broadcast"}}
2023/04/29 17:36:42 Received {c10 n0 {"type":"read","msg_id":32}}
2023/04/29 17:36:42 Sent {"src":"n0","dest":"c10","body":{"in_reply_to":32,"messages":[0,2,4,6,8,10,12,13,14,15,16,17,18,19,21,23,24,26,27,28,29,30,31,32,33,34,35],"type":"read_ok"}}
2023/04/29 17:36:42 Received {c10 n0 {"type":"read","msg_id":33}}
2023/04/29 17:36:42 Sent {"src":"n0","dest":"c10","body":{"in_reply_to":33,"messages":[0,2,4,6,8,10,12,13,14,15,16,17,18,19,21,23,24,26,27,28,29,30,31,32,33,34,35],"type":"read_ok"}}
2023/04/29 17:36:42 Received {c10 n0 {"type":"broadcast","message":40,"msg_id":34}}
2023/04/29 17:36:42 Sent {"src":"n0","dest":"n3","body":{"message":40,"type":"node_broadcast"}}
2023/04/29 17:36:42 Sent {"src":"n0","dest":"n1","body":{"message":40,"type":"node_broadcast"}}
2023/04/29 17:36:42 Sent {"src":"n0","dest":"c10","body":{"in_reply_to":34,"type":"broadcast_ok"}}
2023/04/29 17:36:42 Received {c10 n0 {"type":"broadcast","message":41,"msg_id":35}}
2023/04/29 17:36:42 Sent {"src":"n0","dest":"n3","body":{"message":41,"type":"node_broadcast"}}
2023/04/29 17:36:42 Sent {"src":"n0","dest":"n1","body":{"message":41,"type":"node_broadcast"}}
2023/04/29 17:36:42 Sent {"src":"n0","dest":"c10","body":{"in_reply_to":35,"type":"broadcast_ok"}}
2023/04/29 17:36:43 Received {n3 n0 {"message":42,"type":"node_broadcast"}}
2023/04/29 17:36:43 Received {c10 n0 {"type":"broadcast","message":43,"msg_id":36}}
2023/04/29 17:36:43 Sent {"src":"n0","dest":"n3","body":{"message":43,"type":"node_broadcast"}}
2023/04/29 17:36:43 Sent {"src":"n0","dest":"n1","body":{"message":43,"type":"node_broadcast"}}
2023/04/29 17:36:43 Sent {"src":"n0","dest":"c10","body":{"in_reply_to":36,"type":"broadcast_ok"}}
2023/04/29 17:36:43 Received {c10 n0 {"type":"broadcast","message":44,"msg_id":37}}
2023/04/29 17:36:43 Sent {"src":"n0","dest":"n3","body":{"message":44,"type":"node_broadcast"}}
2023/04/29 17:36:43 Sent {"src":"n0","dest":"n1","body":{"message":44,"type":"node_broadcast"}}
2023/04/29 17:36:43 Sent {"src":"n0","dest":"c10","body":{"in_reply_to":37,"type":"broadcast_ok"}}
2023/04/29 17:36:43 Received {n3 n0 {"message":46,"type":"node_broadcast"}}
2023/04/29 17:36:43 Received {c10 n0 {"type":"read","msg_id":38}}
2023/04/29 17:36:43 Sent {"src":"n0","dest":"c10","body":{"in_reply_to":38,"messages":[0,2,4,6,8,10,12,13,14,15,16,17,18,19,21,23,24,26,27,28,29,30,31,32,33,34,35,40,41,42,43,44,46],"type":"read_ok"}}
2023/04/29 17:36:44 Received {c10 n0 {"type":"read","msg_id":39}}
2023/04/29 17:36:44 Sent {"src":"n0","dest":"c10","body":{"in_reply_to":39,"messages":[0,2,4,6,8,10,12,13,14,15,16,17,18,19,21,23,24,26,27,28,29,30,31,32,33,34,35,40,41,42,43,44,46],"type":"read_ok"}}
2023/04/29 17:36:44 Received {n3 n0 {"message":48,"type":"node_broadcast"}}
2023/04/29 17:36:44 Received {c10 n0 {"type":"read","msg_id":40}}
2023/04/29 17:36:44 Sent {"src":"n0","dest":"c10","body":{"in_reply_to":40,"messages":[0,2,4,6,8,10,12,13,14,15,16,17,18,19,21,23,24,26,27,28,29,30,31,32,33,34,35,40,41,42,43,44,46,48],"type":"read_ok"}}
2023/04/29 17:36:44 Received {c10 n0 {"type":"broadcast","message":49,"msg_id":41}}
2023/04/29 17:36:44 Sent {"src":"n0","dest":"n3","body":{"message":49,"type":"node_broadcast"}}
2023/04/29 17:36:44 Sent {"src":"n0","dest":"n1","body":{"message":49,"type":"node_broadcast"}}
2023/04/29 17:36:44 Sent {"src":"n0","dest":"c10","body":{"in_reply_to":41,"type":"broadcast_ok"}}
2023/04/29 17:36:44 Received {n1 n0 {"message":50,"type":"node_broadcast"}}
2023/04/29 17:36:45 Received {c10 n0 {"type":"read","msg_id":42}}
2023/04/29 17:36:45 Sent {"src":"n0","dest":"c10","body":{"in_reply_to":42,"messages":[0,2,4,6,8,10,12,13,14,15,16,17,18,19,21,23,24,26,27,28,29,30,31,32,33,34,35,40,41,42,43,44,46,48,49,50],"type":"read_ok"}}
2023/04/29 17:36:45 Received {c10 n0 {"type":"broadcast","message":53,"msg_id":43}}
2023/04/29 17:36:45 Sent {"src":"n0","dest":"n3","body":{"message":53,"type":"node_broadcast"}}
2023/04/29 17:36:45 Sent {"src":"n0","dest":"n1","body":{"message":53,"type":"node_broadcast"}}
2023/04/29 17:36:45 Sent {"src":"n0","dest":"c10","body":{"in_reply_to":43,"type":"broadcast_ok"}}
2023/04/29 17:36:46 Received {c10 n0 {"type":"read","msg_id":44}}
2023/04/29 17:36:46 Sent {"src":"n0","dest":"c10","body":{"in_reply_to":44,"messages":[0,2,4,6,8,10,12,13,14,15,16,17,18,19,21,23,24,26,27,28,29,30,31,32,33,34,35,40,41,42,43,44,46,48,49,50,53],"type":"read_ok"}}
2023/04/29 17:36:46 Received {c10 n0 {"type":"read","msg_id":45}}
2023/04/29 17:36:46 Sent {"src":"n0","dest":"c10","body":{"in_reply_to":45,"messages":[0,2,4,6,8,10,12,13,14,15,16,17,18,19,21,23,24,26,27,28,29,30,31,32,33,34,35,40,41,42,43,44,46,48,49,50,53],"type":"read_ok"}}
2023/04/29 17:36:46 Received {n1 n0 {"message":54,"type":"node_broadcast"}}
2023/04/29 17:36:46 Received {n3 n0 {"message":55,"type":"node_broadcast"}}
2023/04/29 17:36:46 Received {c10 n0 {"type":"broadcast","message":57,"msg_id":46}}
2023/04/29 17:36:46 Sent {"src":"n0","dest":"n3","body":{"message":57,"type":"node_broadcast"}}
2023/04/29 17:36:46 Sent {"src":"n0","dest":"n1","body":{"message":57,"type":"node_broadcast"}}
2023/04/29 17:36:46 Sent {"src":"n0","dest":"c10","body":{"in_reply_to":46,"type":"broadcast_ok"}}
2023/04/29 17:36:46 Received {c10 n0 {"type":"read","msg_id":47}}
2023/04/29 17:36:46 Sent {"src":"n0","dest":"c10","body":{"in_reply_to":47,"messages":[0,2,4,6,8,10,12,13,14,15,16,17,18,19,21,23,24,26,27,28,29,30,31,32,33,34,35,40,41,42,43,44,46,48,49,50,53,54,55,57],"type":"read_ok"}}
2023/04/29 17:36:46 Received {n1 n0 {"message":58,"type":"node_broadcast"}}
2023/04/29 17:36:47 Received {c10 n0 {"type":"broadcast","message":60,"msg_id":48}}
2023/04/29 17:36:47 Sent {"src":"n0","dest":"n3","body":{"message":60,"type":"node_broadcast"}}
2023/04/29 17:36:47 Sent {"src":"n0","dest":"n1","body":{"message":60,"type":"node_broadcast"}}
2023/04/29 17:36:47 Sent {"src":"n0","dest":"c10","body":{"in_reply_to":48,"type":"broadcast_ok"}}
2023/04/29 17:36:47 Received {c10 n0 {"type":"read","msg_id":49}}
2023/04/29 17:36:47 Sent {"src":"n0","dest":"c10","body":{"in_reply_to":49,"messages":[0,2,4,6,8,10,12,13,14,15,16,17,18,19,21,23,24,26,27,28,29,30,31,32,33,34,35,40,41,42,43,44,46,48,49,50,53,54,55,57,58,60],"type":"read_ok"}}
2023/04/29 17:36:47 Received {n1 n0 {"message":61,"type":"node_broadcast"}}
2023/04/29 17:36:47 Received {c10 n0 {"type":"broadcast","message":64,"msg_id":50}}
2023/04/29 17:36:47 Sent {"src":"n0","dest":"n3","body":{"message":64,"type":"node_broadcast"}}
2023/04/29 17:36:47 Sent {"src":"n0","dest":"n1","body":{"message":64,"type":"node_broadcast"}}
2023/04/29 17:36:47 Sent {"src":"n0","dest":"c10","body":{"in_reply_to":50,"type":"broadcast_ok"}}
2023/04/29 17:36:47 Received {c10 n0 {"type":"read","msg_id":51}}
2023/04/29 17:36:47 Sent {"src":"n0","dest":"c10","body":{"in_reply_to":51,"messages":[0,2,4,6,8,10,12,13,14,15,16,17,18,19,21,23,24,26,27,28,29,30,31,32,33,34,35,40,41,42,43,44,46,48,49,50,53,54,55,57,58,60,61,64],"type":"read_ok"}}
2023/04/29 17:36:48 Received {c10 n0 {"type":"read","msg_id":52}}
2023/04/29 17:36:48 Sent {"src":"n0","dest":"c10","body":{"in_reply_to":52,"messages":[0,2,4,6,8,10,12,13,14,15,16,17,18,19,21,23,24,26,27,28,29,30,31,32,33,34,35,40,41,42,43,44,46,48,49,50,53,54,55,57,58,60,61,64],"type":"read_ok"}}
2023/04/29 17:36:48 Received {c10 n0 {"type":"broadcast","message":66,"msg_id":53}}
2023/04/29 17:36:48 Sent {"src":"n0","dest":"n3","body":{"message":66,"type":"node_broadcast"}}
2023/04/29 17:36:48 Sent {"src":"n0","dest":"n1","body":{"message":66,"type":"node_broadcast"}}
2023/04/29 17:36:48 Sent {"src":"n0","dest":"c10","body":{"in_reply_to":53,"type":"broadcast_ok"}}
2023/04/29 17:36:48 Received {n3 n0 {"message":68,"type":"node_broadcast"}}
2023/04/29 17:36:48 Received {c10 n0 {"type":"read","msg_id":54}}
2023/04/29 17:36:48 Sent {"src":"n0","dest":"c10","body":{"in_reply_to":54,"messages":[0,2,4,6,8,10,12,13,14,15,16,17,18,19,21,23,24,26,27,28,29,30,31,32,33,34,35,40,41,42,43,44,46,48,49,50,53,54,55,57,58,60,61,64,66,68],"type":"read_ok"}}
2023/04/29 17:36:48 Received {c10 n0 {"type":"read","msg_id":55}}
2023/04/29 17:36:48 Sent {"src":"n0","dest":"c10","body":{"in_reply_to":55,"messages":[0,2,4,6,8,10,12,13,14,15,16,17,18,19,21,23,24,26,27,28,29,30,31,32,33,34,35,40,41,42,43,44,46,48,49,50,53,54,55,57,58,60,61,64,66,68],"type":"read_ok"}}
2023/04/29 17:36:49 Received {n3 n0 {"message":69,"type":"node_broadcast"}}
2023/04/29 17:36:49 Received {c10 n0 {"type":"read","msg_id":56}}
2023/04/29 17:36:49 Sent {"src":"n0","dest":"c10","body":{"in_reply_to":56,"messages":[0,2,4,6,8,10,12,13,14,15,16,17,18,19,21,23,24,26,27,28,29,30,31,32,33,34,35,40,41,42,43,44,46,48,49,50,53,54,55,57,58,60,61,64,66,68,69],"type":"read_ok"}}
2023/04/29 17:36:49 Received {c10 n0 {"type":"broadcast","message":70,"msg_id":57}}
2023/04/29 17:36:49 Sent {"src":"n0","dest":"n3","body":{"message":70,"type":"node_broadcast"}}
2023/04/29 17:36:49 Sent {"src":"n0","dest":"n1","body":{"message":70,"type":"node_broadcast"}}
2023/04/29 17:36:49 Sent {"src":"n0","dest":"c10","body":{"in_reply_to":57,"type":"broadcast_ok"}}
2023/04/29 17:36:49 Received {n3 n0 {"message":72,"type":"node_broadcast"}}
2023/04/29 17:36:50 Received {c10 n0 {"type":"read","msg_id":58}}
2023/04/29 17:36:50 Sent {"src":"n0","dest":"c10","body":{"in_reply_to":58,"messages":[0,2,4,6,8,10,12,13,14,15,16,17,18,19,21,23,24,26,27,28,29,30,31,32,33,34,35,40,41,42,43,44,46,48,49,50,53,54,55,57,58,60,61,64,66,68,69,70,72],"type":"read_ok"}}
2023/04/29 17:36:50 Received {c10 n0 {"type":"read","msg_id":59}}
2023/04/29 17:36:50 Sent {"src":"n0","dest":"c10","body":{"in_reply_to":59,"messages":[0,2,4,6,8,10,12,13,14,15,16,17,18,19,21,23,24,26,27,28,29,30,31,32,33,34,35,40,41,42,43,44,46,48,49,50,53,54,55,57,58,60,61,64,66,68,69,70,72],"type":"read_ok"}}
2023/04/29 17:36:50 Received {n1 n0 {"message":73,"type":"node_broadcast"}}
2023/04/29 17:36:51 Received {c10 n0 {"type":"broadcast","message":74,"msg_id":60}}
2023/04/29 17:36:51 Sent {"src":"n0","dest":"n3","body":{"message":74,"type":"node_broadcast"}}
2023/04/29 17:36:51 Sent {"src":"n0","dest":"n1","body":{"message":74,"type":"node_broadcast"}}
2023/04/29 17:36:51 Sent {"src":"n0","dest":"c10","body":{"in_reply_to":60,"type":"broadcast_ok"}}
2023/04/29 17:36:51 Received {c10 n0 {"type":"broadcast","message":75,"msg_id":61}}
2023/04/29 17:36:51 Sent {"src":"n0","dest":"n3","body":{"message":75,"type":"node_broadcast"}}
2023/04/29 17:36:51 Sent {"src":"n0","dest":"n1","body":{"message":75,"type":"node_broadcast"}}
2023/04/29 17:36:51 Sent {"src":"n0","dest":"c10","body":{"in_reply_to":61,"type":"broadcast_ok"}}
2023/04/29 17:36:51 Received {n1 n0 {"message":76,"type":"node_broadcast"}}
2023/04/29 17:36:51 Received {n3 n0 {"message":77,"type":"node_broadcast"}}
2023/04/29 17:36:51 Received {c10 n0 {"type":"broadcast","message":79,"msg_id":62}}
2023/04/29 17:36:51 Sent {"src":"n0","dest":"n3","body":{"message":79,"type":"node_broadcast"}}
2023/04/29 17:36:51 Sent {"src":"n0","dest":"n1","body":{"message":79,"type":"node_broadcast"}}
2023/04/29 17:36:51 Sent {"src":"n0","dest":"c10","body":{"in_reply_to":62,"type":"broadcast_ok"}}
2023/04/29 17:36:52 Received {c10 n0 {"type":"broadcast","message":80,"msg_id":63}}
2023/04/29 17:36:52 Sent {"src":"n0","dest":"n3","body":{"message":80,"type":"node_broadcast"}}
2023/04/29 17:36:52 Sent {"src":"n0","dest":"n1","body":{"message":80,"type":"node_broadcast"}}
2023/04/29 17:36:52 Sent {"src":"n0","dest":"c10","body":{"in_reply_to":63,"type":"broadcast_ok"}}
2023/04/29 17:36:52 Received {n3 n0 {"message":81,"type":"node_broadcast"}}
2023/04/29 17:36:52 Received {c10 n0 {"type":"broadcast","message":83,"msg_id":64}}
2023/04/29 17:36:52 Sent {"src":"n0","dest":"n3","body":{"message":83,"type":"node_broadcast"}}
2023/04/29 17:36:52 Sent {"src":"n0","dest":"n1","body":{"message":83,"type":"node_broadcast"}}
2023/04/29 17:36:52 Sent {"src":"n0","dest":"c10","body":{"in_reply_to":64,"type":"broadcast_ok"}}
2023/04/29 17:36:52 Received {c10 n0 {"type":"broadcast","message":84,"msg_id":65}}
2023/04/29 17:36:52 Sent {"src":"n0","dest":"n3","body":{"message":84,"type":"node_broadcast"}}
2023/04/29 17:36:52 Sent {"src":"n0","dest":"n1","body":{"message":84,"type":"node_broadcast"}}
2023/04/29 17:36:52 Sent {"src":"n0","dest":"c10","body":{"in_reply_to":65,"type":"broadcast_ok"}}
2023/04/29 17:36:52 Received {n1 n0 {"message":85,"type":"node_broadcast"}}
2023/04/29 17:37:02 Received {c10 n0 {"type":"read","msg_id":66}}
2023/04/29 17:37:02 Sent {"src":"n0","dest":"c10","body":{"in_reply_to":66,"messages":[0,2,4,6,8,10,12,13,14,15,16,17,18,19,21,23,24,26,27,28,29,30,31,32,33,34,35,40,41,42,43,44,46,48,49,50,53,54,55,57,58,60,61,64,66,68,69,70,72,73,74,75,76,77,79,80,81,83,84,85],"type":"read_ok"}}
