2023/04/29 17:36:32 Received {c1 n1 {"type":"init","node_id":"n1","node_ids":["n0","n1","n2","n3","n4"],"msg_id":1}}
2023/04/29 17:36:32 Node n1 initialized
2023/04/29 17:36:32 Sent {"src":"n1","dest":"c1","body":{"in_reply_to":1,"type":"init_ok"}}
2023/04/29 17:36:32 Received {c6 n1 {"type":"topology","topology":{"n0":["n3","n1"],"n1":["n4","n2","n0"],"n2":["n1"],"n3":["n0","n4"],"n4":["n1","n3"]},"msg_id":1}}
2023/04/29 17:36:32 Sent {"src":"n1","dest":"c6","body":{"in_reply_to":1,"msg_id":0,"type":"topology_ok"}}
2023/04/29 17:36:32 Received {c11 n1 {"type":"read","msg_id":1}}
2023/04/29 17:36:32 Sent {"src":"n1","dest":"c11","body":{"in_reply_to":1,"messages":[],"type":"read_ok"}}
2023/04/29 17:36:33 Received {c11 n1 {"type":"read","msg_id":2}}
2023/04/29 17:36:33 Sent {"src":"n1","dest":"c11","body":{"in_reply_to":2,"messages":[],"type":"read_ok"}}
2023/04/29 17:36:33 Received {n4 n1 {"message":1,"type":"node_broadcast"}}
2023/04/29 17:36:33 Received {n0 n1 {"message":2,"type":"node_broadcast"}}
2023/04/29 17:36:34 Received {c11 n1 {"type":"read","msg_id":3}}
2023/04/29 17:36:34 Sent {"src":"n1","dest":"c11","body":{"in_reply_to":3,"messages":[1,2],"type":"read_ok"}}
2023/04/29 17:36:34 Received {c11 n1 {"type":"read","msg_id":4}}
2023/04/29 17:36:34 Sent {"src":"n1","dest":"c11","body":{"in_reply_to":4,"messages":[1,2],"type":"read_ok"}}
2023/04/29 17:36:34 Received {n4 n1 {"message":3,"type":"node_broadcast"}}
2023/04/29 17:36:34 Received {n0 n1 {"message":4,"type":"node_broadcast"}}
2023/04/29 17:36:35 Received {c11 n1 {"type":"read","msg_id":5}}
2023/04/29 17:36:35 Sent {"src":"n1","dest":"c11","body":{"in_reply_to":5,"messages":[1,2,3,4],"type":"read_ok"}}
2023/04/29 17:36:35 Received {n2 n1 {"message":5,"type":"node_broadcast"}}
2023/04/29 17:36:35 Received {n4 n1 {"message":7,"type":"node_broadcast"}}
2023/04/29 17:36:35 Received {n0 n1 {"message":8,"type":"node_broadcast"}}
2023/04/29 17:36:35 Received {c11 n1 {"type":"read","msg_id":6}}
2023/04/29 17:36:35 Sent {"src":"n1","dest":"c11","body":{"in_reply_to":6,"messages":[1,2,3,4,5,7,8],"type":"read_ok"}}
2023/04/29 17:36:35 Received {n2 n1 {"message":9,"type":"node_broadcast"}}
2023/04/29 17:36:36 Received {c11 n1 {"type":"broadcast","message":10,"msg_id":7}}
2023/04/29 17:36:36 Sent {"src":"n1","dest":"n4","body":{"message":10,"type":"node_broadcast"}}
2023/04/29 17:36:36 Sent {"src":"n1","dest":"n2","body":{"message":10,"type":"node_broadcast"}}
2023/04/29 17:36:36 Sent {"src":"n1","dest":"n0","body":{"message":10,"type":"node_broadcast"}}
2023/04/29 17:36:36 Sent {"src":"n1","dest":"c11","body":{"in_reply_to":7,"type":"broadcast_ok"}}
2023/04/29 17:36:36 Received {n2 n1 {"message":11,"type":"node_broadcast"}}
2023/04/29 17:36:37 Received {n0 n1 {"message":12,"type":"node_broadcast"}}
2023/04/29 17:36:37 Received {n0 n1 {"message":13,"type":"node_broadcast"}}
2023/04/29 17:36:37 Received {c11 n1 {"type":"broadcast","message":14,"msg_id":8}}
2023/04/29 17:36:37 Sent {"src":"n1","dest":"n4","body":{"message":14,"type":"node_broadcast"}}
2023/04/29 17:36:37 Sent {"src":"n1","dest":"n2","body":{"message":14,"type":"node_broadcast"}}
2023/04/29 17:36:37 Sent {"src":"n1","dest":"n0","body":{"message":14,"type":"node_broadcast"}}
2023/04/29 17:36:37 Sent {"src":"n1","dest":"c11","body":{"in_reply_to":8,"type":"broadcast_ok"}}
2023/04/29 17:36:37 Received {n0 n1 {"message":16,"type":"node_broadcast"}}
2023/04/29 17:36:37 Received {c11 n1 {"type":"broadcast","message":17,"msg_id":9}}
2023/04/29 17:36:37 Sent {"src":"n1","dest":"n4","body":{"message":17,"type":"node_broadcast"}}
2023/04/29 17:36:37 Sent {"src":"n1","dest":"n2","body":{"message":17,"type":"node_broadcast"}}
2023/04/29 17:36:37 Sent {"src":"n1","dest":"n0","body":{"message":17,"type":"node_broadcast"}}
2023/04/29 17:36:37 Sent {"src":"n1","dest":"c11","body":{"in_reply_to":9,"type":"broadcast_ok"}}
2023/04/29 17:36:38 Received {c11 n1 {"type":"read","msg_id":10}}
2023/04/29 17:36:38 Sent {"src":"n1","dest":"c11","body":{"in_reply_to":10,"messages":[1,2,3,4,5,7,8,9,10,11,12,13,14,16,17],"type":"read_ok"}}
2023/04/29 17:36:38 Received {n4 n1 {"message":20,"type":"node_broadcast"}}
2023/04/29 17:36:38 Received {n0 n1 {"message":21,"type":"node_broadcast"}}
2023/04/29 17:36:38 Received {c11 n1 {"type":"read","msg_id":11}}
2023/04/29 17:36:38 Sent {"src":"n1","dest":"c11","body":{"in_reply_to":11,"messages":[1,2,3,4,5,7,8,9,10,11,12,13,14,16,17,20,21],"type":"read_ok"}}
2023/04/29 17:36:39 Received {n4 n1 {"message":22,"type":"node_broadcast"}}
2023/04/29 17:36:39 Received {n0 n1 {"message":23,"type":"node_broadcast"}}
2023/04/29 17:36:39 Received {c11 n1 {"type":"read","msg_id":12}}
2023/04/29 17:36:39 Sent {"src":"n1","dest":"c11","body":{"in_reply_to":12,"messages":[1,2,3,4,5,7,8,9,10,11,12,13,14,16,17,20,21,22,23],"type":"read_ok"}}
2023/04/29 17:36:40 Received {n4 n1 {"message":25,"type":"node_broadcast"}}
2023/04/29 17:36:40 Received {n0 n1 {"message":26,"type":"node_broadcast"}}
2023/04/29 17:36:40 Received {c11 n1 {"type":"broadcast","message":27,"msg_id":13}}
2023/04/29 17:36:40 Sent {"src":"n1","dest":"n4","body":{"message":27,"type":"node_broadcast"}}
2023/04/29 17:36:40 Sent {"src":"n1","dest":"n2","body":{"message":27,"type":"node_broadcast"}}
2023/04/29 17:36:40 Sent {"src":"n1","dest":"n0","body":{"message":27,"type":"node_broadcast"}}
2023/04/29 17:36:40 Sent {"src":"n1","dest":"c11","body":{"in_reply_to":13,"type":"broadcast_ok"}}
2023/04/29 17:36:40 Received {n0 n1 {"message":28,"type":"node_broadcast"}}
2023/04/29 17:36:40 Received {n0 n1 {"message":29,"type":"node_broadcast"}}
2023/04/29 17:36:40 Received {c11 n1 {"type":"read","msg_id":14}}
2023/04/29 17:36:40 Sent {"src":"n1","dest":"c11","body":{"in_reply_to":14,"messages":[1,2,3,4,5,7,8,9,10,11,12,13,14,16,17,20,21,22,23,25,26,27,28,29],"type":"read_ok"}}
2023/04/29 17:36:41 Received {n0 n1 {"message":31,"type":"node_broadcast"}}
2023/04/29 17:36:41 Received {c11 n1 {"type":"broadcast","message":32,"msg_id":15}}
2023/04/29 17:36:41 Sent {"src":"n1","dest":"n4","body":{"message":32,"type":"node_broadcast"}}
2023/04/29 17:36:41 Sent {"src":"n1","dest":"n2","body":{"message":32,"type":"node_broadcast"}}
2023/04/29 17:36:41 Sent {"src":"n1","dest":"n0","body":{"message":32,"type":"node_broadcast"}}
2023/04/29 17:36:41 Sent {"src":"n1","dest":"c11","body":{"in_reply_to":15,"type":"broadcast_ok"}}
2023/04/29 17:36:41 Received {n0 n1 {"message":33,"type":"node_broadcast"}}
2023/04/29 17:36:41 Received {n0 n1 {"message":34,"type":"node_broadcast"}}
2023/04/29 17:36:41 Received {c11 n1 {"type":"broadcast","message":35,"msg_id":16}}
2023/04/29 17:36:41 Sent {"src":"n1","dest":"n4","body":{"message":35,"type":"node_broadcast"}}
2023/04/29 17:36:41 Sent {"src":"n1","dest":"n2","body":{"message":35,"type":"node_broadcast"}}
2023/04/29 17:36:41 Sent {"src":"n1","dest":"n0","body":{"message":35,"type":"node_broadcast"}}
2023/04/29 17:36:41 Sent {"src":"n1","dest":"c11","body":{"in_reply_to":16,"type":"broadcast_ok"}}
2023/04/29 17:36:41 Received {n2 n1 {"message":36,"type":"node_broadcast"}}
2023/04/29 17:36:42 Received {n4 n1 {"message":37,"type":"node_broadcast"}}
2023/04/29 17:36:42 Received {c11 n1 {"type":"read","msg_id":17}}
2023/04/29 17:36:42 Sent {"src":"n1","dest":"c11","body":{"in_reply_to":17,"messages":[1,2,3,4,5,7,8,9,10,11,12,13,14,16,17,20,21,22,23,25,26,27,28,29,31,32,33,34,35,36,37],"type":"read_ok"}}
2023/04/29 17:36:42 Received {n2 n1 {"message":38,"type":"node_broadcast"}}
2023/04/29 17:36:42 Received {n4 n1 {"message":39,"type":"node_broadcast"}}
2023/04/29 17:36:42 Received {n0 n1 {"message":40,"type":"node_broadcast"}}
2023/04/29 17:36:42 Received {n0 n1 {"message":41,"type":"node_broadcast"}}
2023/04/29 17:36:43 Received {c11 n1 {"type":"read","msg_id":18}}
2023/04/29 17:36:43 Sent {"src":"n1","dest":"c11","body":{"in_reply_to":18,"messages":[1,2,3,4,5,7,8,9,10,11,12,13,14,16,17,20,21,22,23,25,26,27,28,29,31,32,33,34,35,36,37,38,39,40,41],"type":"read_ok"}}
2023/04/29 17:36:43 Received {n0 n1 {"message":43,"type":"node_broadcast"}}
2023/04/29 17:36:43 Received {n0 n1 {"message":44,"type":"node_broadcast"}}
2023/04/29 17:36:43 Received {c11 n1 {"type":"read","msg_id":19}}
2023/04/29 17:36:43 Sent {"src":"n1","dest":"c11","body":{"in_reply_to":19,"messages":[1,2,3,4,5,7,8,9,10,11,12,13,14,16,17,20,21,22,23,25,26,27,28,29,31,32,33,34,35,36,37,38,39,40,41,43,44],"type":"read_ok"}}
2023/04/29 17:36:43 Received {n2 n1 {"message":45,"type":"node_broadcast"}}
2023/04/29 17:36:43 Received {n4 n1 {"message":47,"type":"node_broadcast"}}
2023/04/29 17:36:44 Received {c11 n1 {"type":"read","msg_id":20}}
2023/04/29 17:36:44 Sent {"src":"n1","dest":"c11","body":{"in_reply_to":20,"messages":[1,2,3,4,5,7,8,9,10,11,12,13,14,16,17,20,21,22,23,25,26,27,28,29,31,32,33,34,35,36,37,38,39,40,41,43,44,45,47],"type":"read_ok"}}
2023/04/29 17:36:44 Received {n0 n1 {"message":49,"type":"node_broadcast"}}
2023/04/29 17:36:44 Received {c11 n1 {"type":"broadcast","message":50,"msg_id":21}}
2023/04/29 17:36:44 Sent {"src":"n1","dest":"n4","body":{"message":50,"type":"node_broadcast"}}
2023/04/29 17:36:44 Sent {"src":"n1","dest":"n2","body":{"message":50,"type":"node_broadcast"}}
2023/04/29 17:36:44 Sent {"src":"n1","dest":"n0","body":{"message":50,"type":"node_broadcast"}}
2023/04/29 17:36:44 Sent {"src":"n1","dest":"c11","body":{"in_reply_to":21,"type":"broadcast_ok"}}
2023/04/29 17:36:44 Received {n2 n1 {"message":51,"type":"node_broadcast"}}
2023/04/29 17:36:44 Received {n4 n1 {"message":52,"type":"node_broadcast"}}
2023/04/29 17:36:45 Received {n0 n1 {"message":53,"type":"node_broadcast"}}
2023/04/29 17:36:45 Received {c11 n1 {"type":"read","msg_id":22}}
2023/04/29 17:36:45 Sent {"src":"n1","dest":"c11","body":{"in_reply_to":22,"messages":[1,2,3,4,5,7,8,9,10,11,12,13,14,16,17,20,21,22,23,25,26,27,28,29,31,32,33,34,35,36,37,38,39,40,41,43,44,45,47,49,50,51,52,53],"type":"read_ok"}}
2023/04/29 17:36:46 Received {c11 n1 {"type":"broadcast","message":54,"msg_id":23}}
2023/04/29 17:36:46 Sent {"src":"n1","dest":"n4","body":{"message":54,"type":"node_broadcast"}}
2023/04/29 17:36:46 Sent {"src":"n1","dest":"n2","body":{"message":54,"type":"node_broadcast"}}
2023/04/29 17:36:46 Sent {"src":"n1","dest":"n0","body":{"message":54,"type":"node_broadcast"}}
2023/04/29 17:36:46 Sent {"src":"n1","dest":"c11","body":{"in_reply_to":23,"type":"broadcast_ok"}}
2023/04/29 17:36:46 Received {n4 n1 {"message":56,"type":"node_broadcast"}}
2023/04/29 17:36:46 Received {n0 n1 {"message":57,"type":"node_broadcast"}}
2023/04/29 17:36:46 Received {c11 n1 {"type":"broadcast","message":58,"msg_id":24}}
2023/04/29 17:36:46 Sent {"src":"n1","dest":"n4","body":{"message":58,"type":"node_broadcast"}}
2023/04/29 17:36:46 Sent {"src":"n1","dest":"n2","body":{"message":58,"type":"node_broadcast"}}
2023/04/29 17:36:46 Sent {"src":"n1","dest":"n0","body":{"message":58,"type":"node_broadcast"}}
2023/04/29 17:36:46 Sent {"src":"n1","dest":"c11","body":{"in_reply_to":24,"type":"broadcast_ok"}}
2023/04/29 17:36:47 Received {n4 n1 {"message":59,"type":"node_broadcast"}}
2023/04/29 17:36:47 Received {n0 n1 {"message":60,"type":"node_broadcast"}}
2023/04/29 17:36:47 Received {c11 n1 {"type":"broadcast","message":61,"msg_id":25}}
2023/04/29 17:36:47 Sent {"src":"n1","dest":"n4","body":{"message":61,"type":"node_broadcast"}}
2023/04/29 17:36:47 Sent {"src":"n1","dest":"n2","body":{"message":61,"type":"node_broadcast"}}
2023/04/29 17:36:47 Sent {"src":"n1","dest":"n0","body":{"message":61,"type":"node_broadcast"}}
2023/04/29 17:36:47 Sent {"src":"n1","dest":"c11","body":{"in_reply_to":25,"type":"broadcast_ok"}}
2023/04/29 17:36:47 Received {n2 n1 {"message":62,"type":"node_broadcast"}}
2023/04/29 17:36:47 Received {n4 n1 {"message":63,"type":"node_broadcast"}}
2023/04/29 17:36:47 Received {n0 n1 {"message":64,"type":"node_broadcast"}}
2023/04/29 17:36:47 Received {c11 n1 {"type":"read","msg_id":26}}
2023/04/29 17:36:47 Sent {"src":"n1","dest":"c11","body":{"in_reply_to":26,"messages":[1,2,3,4,5,7,8,9,10,11,12,13,14,16,17,20,21,22,23,25,26,27,28,29,31,32,33,34,35,36,37,38,39,40,41,43,44,45,47,49,50,51,52,53,54,56,57,58,59,60,61,62,63,64],"type":"read_ok"}}
2023/04/29 17:36:48 Received {n4 n1 {"message":65,"type":"node_broadcast"}}
2023/04/29 17:36:48 Received {n0 n1 {"message":66,"type":"node_broadcast"}}
2023/04/29 17:36:48 Received {c11 n1 {"type":"read","msg_id":27}}
2023/04/29 17:36:48 Sent {"src":"n1","dest":"c11","body":{"in_reply_to":27,"messages":[1,2,3,4,5,7,8,9,10,11,12,13,14,16,17,20,21,22,23,25,26,27,28,29,31,32,33,34,35,36,37,38,39,40,41,43,44,45,47,49,50,51,52,53,54,56,57,58,59,60,61,62,63,64,65,66],"type":"read_ok"}}
2023/04/29 17:36:48 Received {n2 n1 {"message":67,"type":"node_broadcast"}}
2023/04/29 17:36:48 Received {c11 n1 {"type":"read","msg_id":28}}
2023/04/29 17:36:48 Sent {"src":"n1","dest":"c11","body":{"in_reply_to":28,"messages":[1,2,3,4,5,7,8,9,10,11,12,13,14,16,17,20,21,22,23,25,26,27,28,29,31,32,33,34,35,36,37,38,39,40,41,43,44,45,47,49,50,51,52,53,54,56,57,58,59,60,61,62,63,64,65,66,67],"type":"read_ok"}}
2023/04/29 17:36:49 Received {n0 n1 {"message":70,"type":"node_broadcast"}}
2023/04/29 17:36:49 Received {c11 n1 {"type":"read","msg_id":29}}
2023/04/29 17:36:49 Sent {"src":"n1","dest":"c11","body":{"in_reply_to":29,"messages":[1,2,3,4,5,7,8,9,10,11,12,13,14,16,17,20,21,22,23,25,26,27,28,29,31,32,33,34,35,36,37,38,39,40,41,43,44,45,47,49,50,51,52,53,54,56,57,58,59,60,61,62,63,64,65,66,67,70],"type":"read_ok"}}
2023/04/29 17:36:49 Received {n2 n1 {"message":71,"type":"node_broadcast"}}
2023/04/29 17:36:50 Received {c11 n1 {"type":"broadcast","message":73,"msg_id":30}}
2023/04/29 17:36:50 Sent {"src":"n1","dest":"n4","body":{"message":73,"type":"node_broadcast"}}
2023/04/29 17:36:50 Sent {"src":"n1","dest":"n2","body":{"message":73,"type":"node_broadcast"}}
2023/04/29 17:36:50 Sent {"src":"n1","dest":"n0","body":{"message":73,"type":"node_broadcast"}}
2023/04/29 17:36:50 Sent {"src":"n1","dest":"c11","body":{"in_reply_to":30,"type":"broadcast_ok"}}
2023/04/29 17:36:51 Received {n0 n1 {"message":74,"type":"node_broadcast"}}
2023/04/29 17:36:51 Received {n0 n1 {"message":75,"type":"node_broadcast"}}
2023/04/29 17:36:51 Received {c11 n1 {"type":"broadcast","message":76,"msg_id":31}}
2023/04/29 17:36:51 Sent {"src":"n1","dest":"n4","body":{"message":76,"type":"node_broadcast"}}
2023/04/29 17:36:51 Sent {"src":"n1","dest":"n2","body":{"message":76,"type":"node_broadcast"}}
2023/04/29 17:36:51 Sent {"src":"n1","dest":"n0","body":{"message":76,"type":"node_broadcast"}}
2023/04/29 17:36:51 Sent {"src":"n1","dest":"c11","body":{"in_reply_to":31,"type":"broadcast_ok"}}
2023/04/29 17:36:51 Received {n4 n1 {"message":78,"type":"node_broadcast"}}
2023/04/29 17:36:51 Received {n0 n1 {"message":79,"type":"node_broadcast"}}
2023/04/29 17:36:52 Received {n0 n1 {"message":80,"type":"node_broadcast"}}
2023/04/29 17:36:52 Received {c11 n1 {"type":"read","msg_id":32}}
2023/04/29 17:36:52 Sent {"src":"n1","dest":"c11","body":{"in_reply_to":32,"messages":[1,2,3,4,5,7,8,9,10,11,12,13,14,16,17,20,21,22,23,25,26,27,28,29,31,32,33,34,35,36,37,38,39,40,41,43,44,45,47,49,50,51,52,53,54,56,57,58,59,60,61,62,63,64,65,66,67,70,71,73,74,75,76,78,79,80],"type":"read_ok"}}
2023/04/29 17:36:52 Received {n4 n1 {"message":82,"type":"node_broadcast"}}
2023/04/29 17:36:52 Received {n0 n1 {"message":83,"type":"node_broadcast"}}
2023/04/29 17:36:52 Received {n0 n1 {"message":84,"type":"node_broadcast"}}
2023/04/29 17:36:52 Received {c11 n1 {"type":"broadcast","message":85,"msg_id":33}}
2023/04/29 17:36:52 Sent {"src":"n1","dest":"n4","body":{"message":85,"type":"node_broadcast"}}
2023/04/29 17:36:52 Sent {"src":"n1","dest":"n2","body":{"message":85,"type":"node_broadcast"}}
2023/04/29 17:36:52 Sent {"src":"n1","dest":"n0","body":{"message":85,"type":"node_broadcast"}}
2023/04/29 17:36:52 Sent {"src":"n1","dest":"c11","body":{"in_reply_to":33,"type":"broadcast_ok"}}
2023/04/29 17:37:02 Received {c11 n1 {"type":"read","msg_id":34}}
2023/04/29 17:37:02 Sent {"src":"n1","dest":"c11","body":{"in_reply_to":34,"messages":[1,2,3,4,5,7,8,9,10,11,12,13,14,16,17,20,21,22,23,25,26,27,28,29,31,32,33,34,35,36,37,38,39,40,41,43,44,45,47,49,50,51,52,53,54,56,57,58,59,60,61,62,63,64,65,66,67,70,71,73,74,75,76,78,79,80,82,83,84,85],"type":"read_ok"}}
