2023/04/29 17:36:32 Received {c2 n2 {"type":"init","node_id":"n2","node_ids":["n0","n1","n2","n3","n4"],"msg_id":1}}
2023/04/29 17:36:32 Node n2 initialized
2023/04/29 17:36:32 Sent {"src":"n2","dest":"c2","body":{"in_reply_to":1,"type":"init_ok"}}
2023/04/29 17:36:32 Received {c7 n2 {"type":"topology","topology":{"n0":["n3","n1"],"n1":["n4","n2","n0"],"n2":["n1"],"n3":["n0","n4"],"n4":["n1","n3"]},"msg_id":1}}
2023/04/29 17:36:32 Sent {"src":"n2","dest":"c7","body":{"in_reply_to":1,"msg_id":0,"type":"topology_ok"}}
2023/04/29 17:36:32 Received {c12 n2 {"type":"read","msg_id":1}}
2023/04/29 17:36:32 Sent {"src":"n2","dest":"c12","body":{"in_reply_to":1,"messages":[],"type":"read_ok"}}
2023/04/29 17:36:33 Received {c12 n2 {"type":"read","msg_id":2}}
2023/04/29 17:36:33 Sent {"src":"n2","dest":"c12","body":{"in_reply_to":2,"messages":[],"type":"read_ok"}}
2023/04/29 17:36:34 Received {c12 n2 {"type":"read","msg_id":3}}
2023/04/29 17:36:34 Sent {"src":"n2","dest":"c12","body":{"in_reply_to":3,"messages":[],"type":"read_ok"}}
2023/04/29 17:36:34 Received {c12 n2 {"type":"read","msg_id":4}}
2023/04/29 17:36:34 Sent {"src":"n2","dest":"c12","body":{"in_reply_to":4,"messages":[],"type":"read_ok"}}
2023/04/29 17:36:35 Received {c12 n2 {"type":"broadcast","message":5,"msg_id":5}}
2023/04/29 17:36:35 Sent {"src":"n2","dest":"n1","body":{"message":5,"type":"node_broadcast"}}
2023/04/29 17:36:35 Sent {"src":"n2","dest":"c12","body":{"in_reply_to":5,"type":"broadcast_ok"}}
2023/04/29 17:36:35 Received {c12 n2 {"type":"broadcast","message":9,"msg_id":6}}
2023/04/29 17:36:35 Sent {"src":"n2","dest":"n1","body":{"message":9,"type":"node_broadcast"}}
2023/04/29 17:36:35 Sent {"src":"n2","dest":"c12","body":{"in_reply_to":6,"type":"broadcast_ok"}}
2023/04/29 17:36:36 Received {n1 n2 {"message":10,"type":"node_broadcast"}}
2023/04/29 17:36:36 Received {c12 n2 {"type":"broadcast","message":11,"msg_id":7}}
2023/04/29 17:36:36 Sent {"src":"n2","dest":"n1","body":{"message":11,"type":"node_broadcast"}}
2023/04/29 17:36:36 Sent {"src":"n2","dest":"c12","body":{"in_reply_to":7,"type":"broadcast_ok"}}
2023/04/29 17:36:37 Received {n1 n2 {"message":14,"type":"node_broadcast"}}
2023/04/29 17:36:37 Received {c12 n2 {"type":"read","msg_id":8}}
2023/04/29 17:36:37 Sent {"src":"n2","dest":"c12","body":{"in_reply_to":8,"messages":[5,9,10,11,14],"type":"read_ok"}}
2023/04/29 17:36:37 Received {n1 n2 {"message":17,"type":"node_broadcast"}}
2023/04/29 17:36:37 Received {c12 n2 {"type":"read","msg_id":9}}
2023/04/29 17:36:37 Sent {"src":"n2","dest":"c12","body":{"in_reply_to":9,"messages":[5,9,10,11,14,17],"type":"read_ok"}}
2023/04/29 17:36:38 Received {c12 n2 {"type":"read","msg_id":10}}
2023/04/29 17:36:38 Sent {"src":"n2","dest":"c12","body":{"in_reply_to":10,"messages":[5,9,10,11,14,17],"type":"read_ok"}}
2023/04/29 17:36:39 Received {c12 n2 {"type":"read","msg_id":11}}
2023/04/29 17:36:39 Sent {"src":"n2","dest":"c12","body":{"in_reply_to":11,"messages":[5,9,10,11,14,17],"type":"read_ok"}}
2023/04/29 17:36:39 Received {c12 n2 {"type":"read","msg_id":12}}
2023/04/29 17:36:39 Sent {"src":"n2","dest":"c12","body":{"in_reply_to":12,"messages":[5,9,10,11,14,17],"type":"read_ok"}}
2023/04/29 17:36:40 Received {n1 n2 {"message":27,"type":"node_broadcast"}}
2023/04/29 17:36:40 Received {c12 n2 {"type":"read","msg_id":13}}
2023/04/29 17:36:40 Sent {"src":"n2","dest":"c12","body":{"in_reply_to":13,"messages":[5,9,10,11,14,17,27],"type":"read_ok"}}
2023/04/29 17:36:41 Received {c12 n2 {"type":"read","msg_id":14}}
2023/04/29 17:36:41 Sent {"src":"n2","dest":"c12","body":{"in_reply_to":14,"messages":[5,9,10,11,14,17,27],"type":"read_ok"}}
2023/04/29 17:36:41 Received {n1 n2 {"message":32,"type":"node_broadcast"}}
2023/04/29 17:36:41 Received {c12 n2 {"type":"read","msg_id":15}}
2023/04/29 17:36:41 Sent {"src":"n2","dest":"c12","body":{"in_reply_to":15,"messages":[5,9,10,11,14,17,27,32],"type":"read_ok"}}
2023/04/29 17:36:41 Received {n1 n2 {"message":35,"type":"node_broadcast"}}
2023/04/29 17:36:41 Received {c12 n2 {"type":"broadcast","message":36,"msg_id":16}}
2023/04/29 17:36:41 Sent {"src":"n2","dest":"n1","body":{"message":36,"type":"node_broadcast"}}
2023/04/29 17:36:41 Sent {"src":"n2","dest":"c12","body":{"in_reply_to":16,"type":"broadcast_ok"}}
2023/04/29 17:36:42 Received {c12 n2 {"type":"broadcast","message":38,"msg_id":17}}
2023/04/29 17:36:42 Sent {"src":"n2","dest":"n1","body":{"message":38,"type":"node_broadcast"}}
2023/04/29 17:36:42 Sent {"src":"n2","dest":"c12","body":{"in_reply_to":17,"type":"broadcast_ok"}}
2023/04/29 17:36:43 Received {c12 n2 {"type":"read","msg_id":18}}
2023/04/29 17:36:43 Sent {"src":"n2","dest":"c12","body":{"in_reply_to":18,"messages":[5,9,10,11,14,17,27,32,35,36,38],"type":"read_ok"}}
2023/04/29 17:36:43 Received {c12 n2 {"type":"broadcast","message":45,"msg_id":19}}
2023/04/29 17:36:43 Sent {"src":"n2","dest":"n1","body":{"message":45,"type":"node_broadcast"}}
2023/04/29 17:36:43 Sent {"src":"n2","dest":"c12","body":{"in_reply_to":19,"type":"broadcast_ok"}}
2023/04/29 17:36:44 Received {c12 n2 {"type":"read","msg_id":20}}
2023/04/29 17:36:44 Sent {"src":"n2","dest":"c12","body":{"in_reply_to":20,"messages":[5,9,10,11,14,17,27,32,35,36,38,45],"type":"read_ok"}}
2023/04/29 17:36:44 Received {n1 n2 {"message":50,"type":"node_broadcast"}}
2023/04/29 17:36:44 Received {c12 n2 {"type":"broadcast","message":51,"msg_id":21}}
2023/04/29 17:36:44 Sent {"src":"n2","dest":"n1","body":{"message":51,"type":"node_broadcast"}}
2023/04/29 17:36:44 Sent {"src":"n2","dest":"c12","body":{"in_reply_to":21,"type":"broadcast_ok"}}
2023/04/29 17:36:45 Received {c12 n2 {"type":"read","msg_id":22}}
2023/04/29 17:36:45 Sent {"src":"n2","dest":"c12","body":{"in_reply_to":22,"messages":[5,9,10,11,14,17,27,32,35,36,38,45,50,51],"type":"read_ok"}}
2023/04/29 17:36:46 Received {n1 n2 {"message":54,"type":"node_broadcast"}}
2023/04/29 17:36:46 Received {c12 n2 {"type":"read","msg_id":23}}
2023/04/29 17:36:46 Sent {"src":"n2","dest":"c12","body":{"in_reply_to":23,"messages":[5,9,10,11,14,17,27,32,35,36,38,45,50,51,54],"type":"read_ok"}}
2023/04/29 17:36:46 Received {n1 n2 {"message":58,"type":"node_broadcast"}}
2023/04/29 17:36:47 Received {c12 n2 {"type":"read","msg_id":24}}
2023/04/29 17:36:47 Sent {"src":"n2","dest":"c12","body":{"in_reply_to":24,"messages":[5,9,10,11,14,17,27,32,35,36,38,45,50,51,54,58],"type":"read_ok"}}
2023/04/29 17:36:47 Received {n1 n2 {"message":61,"type":"node_broadcast"}}
2023/04/29 17:36:47 Received {c12 n2 {"type":"broadcast","message":62,"msg_id":25}}
2023/04/29 17:36:47 Sent {"src":"n2","dest":"n1","body":{"message":62,"type":"node_broadcast"}}
2023/04/29 17:36:47 Sent {"src":"n2","dest":"c12","body":{"in_reply_to":25,"type":"broadcast_ok"}}
2023/04/29 17:36:48 Received {c12 n2 {"type":"read","msg_id":26}}
2023/04/29 17:36:48 Sent {"src":"n2","dest":"c12","body":{"in_reply_to":26,"messages":[5,9,10,11,14,17,27,32,35,36,38,45,50,51,54,58,61,62],"type":"read_ok"}}
2023/04/29 17:36:48 Received {c12 n2 {"type":"broadcast","message":67,"msg_id":27}}
2023/04/29 17:36:48 Sent {"src":"n2","dest":"n1","body":{"message":67,"type":"node_broadcast"}}
2023/04/29 17:36:48 Sent {"src":"n2","dest":"c12","body":{"in_reply_to":27,"type":"broadcast_ok"}}
2023/04/29 17:36:49 Received {c12 n2 {"type":"read","msg_id":28}}
2023/04/29 17:36:49 Sent {"src":"n2","dest":"c12","body":{"in_reply_to":28,"messages":[5,9,10,11,14,17,27,32,35,36,38,45,50,51,54,58,61,62,67],"type":"read_ok"}}
2023/04/29 17:36:49 Received {c12 n2 {"type":"broadcast","message":71,"msg_id":29}}
2023/04/29 17:36:49 Sent {"src":"n2","dest":"n1","body":{"message":71,"type":"node_broadcast"}}
2023/04/29 17:36:49 Sent {"src":"n2","dest":"c12","body":{"in_reply_to":29,"type":"broadcast_ok"}}
2023/04/29 17:36:50 Received {n1 n2 {"message":73,"type":"node_broadcast"}}
2023/04/29 17:36:50 Received {c12 n2 {"type":"read","msg_id":30}}
2023/04/29 17:36:50 Sent {"src":"n2","dest":"c12","body":{"in_reply_to":30,"messages":[5,9,10,11,14,17,27,32,35,36,38,45,50,51,54,58,61,62,67,71,73],"type":"read_ok"}}
2023/04/29 17:36:51 Received {n1 n2 {"message":76,"type":"node_broadcast"}}
2023/04/29 17:36:51 Received {c12 n2 {"type":"read","msg_id":31}}
2023/04/29 17:36:51 Sent {"src":"n2","dest":"c12","body":{"in_reply_to":31,"messages":[5,9,10,11,14,17,27,32,35,36,38,45,50,51,54,58,61,62,67,71,73,76],"type":"read_ok"}}
2023/04/29 17:36:52 Received {c12 n2 {"type":"read","msg_id":32}}
2023/04/29 17:36:52 Sent {"src":"n2","dest":"c12","body":{"in_reply_to":32,"messages":[5,9,10,11,14,17,27,32,35,36,38,45,50,51,54,58,61,62,67,71,73,76],"type":"read_ok"}}
2023/04/29 17:36:52 Received {n1 n2 {"message":85,"type":"node_broadcast"}}
2023/04/29 17:37:02 Received {c12 n2 {"type":"read","msg_id":33}}
2023/04/29 17:37:02 Sent {"src":"n2","dest":"c12","body":{"in_reply_to":33,"messages":[5,9,10,11,14,17,27,32,35,36,38,45,50,51,54,58,61,62,67,71,73,76,85],"type":"read_ok"}}
