2023/04/29 17:36:32 Received {c0 n3 {"type":"init","node_id":"n3","node_ids":["n0","n1","n2","n3","n4"],"msg_id":1}}
2023/04/29 17:36:32 Node n3 initialized
2023/04/29 17:36:32 Sent {"src":"n3","dest":"c0","body":{"in_reply_to":1,"type":"init_ok"}}
2023/04/29 17:36:32 Received {c8 n3 {"type":"topology","topology":{"n0":["n3","n1"],"n1":["n4","n2","n0"],"n2":["n1"],"n3":["n0","n4"],"n4":["n1","n3"]},"msg_id":1}}
2023/04/29 17:36:32 Sent {"src":"n3","dest":"c8","body":{"in_reply_to":1,"msg_id":0,"type":"topology_ok"}}
2023/04/29 17:36:32 Received {c13 n3 {"type":"read","msg_id":1}}
2023/04/29 17:36:32 Sent {"src":"n3","dest":"c13","body":{"in_reply_to":1,"messages":[],"type":"read_ok"}}
2023/04/29 17:36:33 Received {c13 n3 {"type":"broadcast","message":0,"msg_id":2}}
2023/04/29 17:36:33 Sent {"src":"n3","dest":"n0","body":{"message":0,"type":"node_broadcast"}}
2023/04/29 17:36:33 Sent {"src":"n3","dest":"n4","body":{"message":0,"type":"node_broadcast"}}
2023/04/29 17:36:33 Sent {"src":"n3","dest":"c13","body":{"in_reply_to":2,"type":"broadcast_ok"}}
2023/04/29 17:36:33 Received {n4 n3 {"message":1,"type":"node_broadcast"}}
2023/04/29 17:36:33 Received {n0 n3 {"message":2,"type":"node_broadcast"}}
2023/04/29 17:36:34 Received {c13 n3 {"type":"read","msg_id":3}}
2023/04/29 17:36:34 Sent {"src":"n3","dest":"c13","body":{"in_reply_to":3,"messages":[0,1,2],"type":"read_ok"}}
2023/04/29 17:36:34 Received {c13 n3 {"type":"read","msg_id":4}}
2023/04/29 17:36:34 Sent {"src":"n3","dest":"c13","body":{"in_reply_to":4,"messages":[0,1,2],"type":"read_ok"}}
2023/04/29 17:36:34 Received {n4 n3 {"message":3,"type":"node_broadcast"}}
2023/04/29 17:36:34 Received {n0 n3 {"message":4,"type":"node_broadcast"}}
2023/04/29 17:36:35 Received {c13 n3 {"type":"broadcast","message":6,"msg_id":5}}
2023/04/29 17:36:35 Sent {"src":"n3","dest":"n0","body":{"message":6,"type":"node_broadcast"}}
2023/04/29 17:36:35 Sent {"src":"n3","dest":"n4","body":{"message":6,"type":"node_broadcast"}}
2023/04/29 17:36:35 Sent {"src":"n3","dest":"c13","body":{"in_reply_to":5,"type":"broadcast_ok"}}
2023/04/29 17:36:35 Received {n4 n3 {"message":7,"type":"node_broadcast"}}
2023/04/29 17:36:35 Received {n0 n3 {"message":8,"type":"node_broadcast"}}
2023/04/29 17:36:36 Received {c13 n3 {"type":"read","msg_id":6}}
2023/04/29 17:36:36 Sent {"src":"n3","dest":"c13","body":{"in_reply_to":6,"messages":[0,1,2,3,4,6,7,8],"type":"read_ok"}}
2023/04/29 17:36:36 Received {c13 n3 {"type":"read","msg_id":7}}
2023/04/29 17:36:36 Sent {"src":"n3","dest":"c13","body":{"in_reply_to":7,"messages":[0,1,2,3,4,6,7,8],"type":"read_ok"}}
2023/04/29 17:36:37 Received {n0 n3 {"message":12,"type":"node_broadcast"}}
2023/04/29 17:36:37 Received {n0 n3 {"message":13,"type":"node_broadcast"}}
2023/04/29 17:36:37 Received {c13 n3 {"type":"broadcast","message":15,"msg_id":8}}
2023/04/29 17:36:37 Sent {"src":"n3","dest":"n0","body":{"message":15,"type":"node_broadcast"}}
2023/04/29 17:36:37 Sent {"src":"n3","dest":"n4","body":{"message":15,"type":"node_broadcast"}}
2023/04/29 17:36:37 Sent {"src":"n3","dest":"c13","body":{"in_reply_to":8,"type":"broadcast_ok"}}
2023/04/29 17:36:37 Received {n0 n3 {"message":16,"type":"node_broadcast"}}
2023/04/29 17:36:37 Received {c13 n3 {"type":"broadcast","message":18,"msg_id":9}}
2023/04/29 17:36:37 Sent {"src":"n3","dest":"n0","body":{"message":18,"type":"node_broadcast"}}
2023/04/29 17:36:37 Sent {"src":"n3","dest":"n4","body":{"message":18,"type":"node_broadcast"}}
2023/04/29 17:36:37 Sent {"src":"n3","dest":"c13","body":{"in_reply_to":9,"type":"broadcast_ok"}}
2023/04/29 17:36:38 Received {c13 n3 {"type":"broadcast","message":19,"msg_id":10}}
2023/04/29 17:36:38 Sent {"src":"n3","dest":"n0","body":{"message":19,"type":"node_broadcast"}}
2023/04/29 17:36:38 Sent {"src":"n3","dest":"n4","body":{"message":19,"type":"node_broadcast"}}
2023/04/29 17:36:38 Sent {"src":"n3","dest":"c13","body":{"in_reply_to":10,"type":"broadcast_ok"}}
2023/04/29 17:36:38 Received {n4 n3 {"message":20,"type":"node_broadcast"}}
2023/04/29 17:36:38 Received {n0 n3 {"message":21,"type":"node_broadcast"}}
2023/04/29 17:36:39 Received {c13 n3 {"type":"read","msg_id":11}}
2023/04/29 17:36:39 Sent {"src":"n3","dest":"c13","body":{"in_reply_to":11,"messages":[0,1,2,3,4,6,7,8,12,13,15,16,18,19,20,21],"type":"read_ok"}}
2023/04/29 17:36:39 Received {n4 n3 {"message":22,"type":"node_broadcast"}}
2023/04/29 17:36:39 Received {n0 n3 {"message":23,"type":"node_broadcast"}}
2023/04/29 17:36:39 Received {c13 n3 {"type":"broadcast","message":24,"msg_id":12}}
2023/04/29 17:36:39 Sent {"src":"n3","dest":"n0","body":{"message":24,"type":"node_broadcast"}}
2023/04/29 17:36:39 Sent {"src":"n3","dest":"n4","body":{"message":24,"type":"node_broadcast"}}
2023/04/29 17:36:39 Sent {"src":"n3","dest":"c13","body":{"in_reply_to":12,"type":"broadcast_ok"}}
2023/04/29 17:36:40 Received {n4 n3 {"message":25,"type":"node_broadcast"}}
2023/04/29 17:36:40 Received {n0 n3 {"message":26,"type":"node_broadcast"}}
2023/04/29 17:36:40 Received {c13 n3 {"type":"read","msg_id":13}}
2023/04/29 17:36:40 Sent {"src":"n3","dest":"c13","body":{"in_reply_to":13,"messages":[0,1,2,3,4,6,7,8,12,13,15,16,18,19,20,21,22,23,24,25,26],"type":"read_ok"}}
2023/04/29 17:36:40 Received {n0 n3 {"message":28,"type":"node_broadcast"}}
2023/04/29 17:36:40 Received {n0 n3 {"message":29,"type":"node_broadcast"}}
2023/04/29 17:36:41 Received {c13 n3 {"type":"broadcast","message":30,"msg_id":14}}
2023/04/29 17:36:41 Sent {"src":"n3","dest":"n0","body":{"message":30,"type":"node_broadcast"}}
2023/04/29 17:36:41 Sent {"src":"n3","dest":"n4","body":{"message":30,"type":"node_broadcast"}}
2023/04/29 17:36:41 Sent {"src":"n3","dest":"c13","body":{"in_reply_to":14,"type":"broadcast_ok"}}
2023/04/29 17:36:41 Received {n0 n3 {"message":31,"type":"node_broadcast"}}
2023/04/29 17:36:41 Received {c13 n3 {"type":"read","msg_id":15}}
2023/04/29 17:36:41 Sent {"src":"n3","dest":"c13","body":{"in_reply_to":15,"messages":[0,1,2,3,4,6,7,8,12,13,15,16,18,19,20,21,22,23,24,25,26,28,29,30,31],"type":"read_ok"}}
2023/04/29 17:36:41 Received {n0 n3 {"message":33,"type":"node_broadcast"}}
2023/04/29 17:36:41 Received {n0 n3 {"message":34,"type":"node_broadcast"}}
2023/04/29 17:36:42 Received {c13 n3 {"type":"read","msg_id":16}}
2023/04/29 17:36:42 Sent {"src":"n3","dest":"c13","body":{"in_reply_to":16,"messages":[0,1,2,3,4,6,7,8,12,13,15,16,18,19,20,21,22,23,24,25,26,28,29,30,31,33,34],"type":"read_ok"}}
2023/04/29 17:36:42 Received {n4 n3 {"message":37,"type":"node_broadcast"}}
2023/04/29 17:36:42 Received {c13 n3 {"type":"read","msg_id":17}}
2023/04/29 17:36:42 Sent {"src":"n3","dest":"c13","body":{"in_reply_to":17,"messages":[0,1,2,3,4,6,7,8,12,13,15,16,18,19,20,21,22,23,24,25,26,28,29,30,31,33,34,37],"type":"read_ok"}}
2023/04/29 17:36:42 Received {n4 n3 {"message":39,"type":"node_broadcast"}}
2023/04/29 17:36:42 Received {n0 n3 {"message":40,"type":"node_broadcast"}}
2023/04/29 17:36:42 Received {n0 n3 {"message":41,"type":"node_broadcast"}}
2023/04/29 17:36:43 Received {c13 n3 {"type":"broadcast","message":42,"msg_id":18}}
2023/04/29 17:36:43 Sent {"src":"n3","dest":"n0","body":{"message":42,"type":"node_broadcast"}}
2023/04/29 17:36:43 Sent {"src":"n3","dest":"n4","body":{"message":42,"type":"node_broadcast"}}
2023/04/29 17:36:43 Sent {"src":"n3","dest":"c13","body":{"in_reply_to":18,"type":"broadcast_ok"}}
2023/04/29 17:36:43 Received {n0 n3 {"message":43,"type":"node_broadcast"}}
2023/04/29 17:36:43 Received {n0 n3 {"message":44,"type":"node_broadcast"}}
2023/04/29 17:36:43 Received {c13 n3 {"type":"broadcast","message":46,"msg_id":19}}
2023/04/29 17:36:43 Sent {"src":"n3","dest":"n0","body":{"message":46,"type":"node_broadcast"}}
2023/04/29 17:36:43 Sent {"src":"n3","dest":"n4","body":{"message":46,"type":"node_broadcast"}}
2023/04/29 17:36:43 Sent {"src":"n3","dest":"c13","body":{"in_reply_to":19,"type":"broadcast_ok"}}
2023/04/29 17:36:43 Received {n4 n3 {"message":47,"type":"node_broadcast"}}
2023/04/29 17:36:44 Received {c13 n3 {"type":"broadcast","message":48,"msg_id":20}}
2023/04/29 17:36:44 Sent {"src":"n3","dest":"n0","body":{"message":48,"type":"node_broadcast"}}
2023/04/29 17:36:44 Sent {"src":"n3","dest":"n4","body":{"message":48,"type":"node_broadcast"}}
2023/04/29 17:36:44 Sent {"src":"n3","dest":"c13","body":{"in_reply_to":20,"type":"broadcast_ok"}}
2023/04/29 17:36:44 Received {n0 n3 {"message":49,"type":"node_broadcast"}}
2023/04/29 17:36:44 Received {c13 n3 {"type":"read","msg_id":21}}
2023/04/29 17:36:44 Sent {"src":"n3","dest":"c13","body":{"in_reply_to":21,"messages":[0,1,2,3,4,6,7,8,12,13,15,16,18,19,20,21,22,23,24,25,26,28,29,30,31,33,34,37,39,40,41,42,43,44,46,47,48,49],"type":"read_ok"}}
2023/04/29 17:36:44 Received {n4 n3 {"message":52,"type":"node_broadcast"}}
2023/04/29 17:36:45 Received {n0 n3 {"message":53,"type":"node_broadcast"}}
2023/04/29 17:36:45 Received {c13 n3 {"type":"read","msg_id":22}}
2023/04/29 17:36:45 Sent {"src":"n3","dest":"c13","body":{"in_reply_to":22,"messages":[0,1,2,3,4,6,7,8,12,13,15,16,18,19,20,21,22,23,24,25,26,28,29,30,31,33,34,37,39,40,41,42,43,44,46,47,48,49,52,53],"type":"read_ok"}}
2023/04/29 17:36:46 Received {c13 n3 {"type":"broadcast","message":55,"msg_id":23}}
2023/04/29 17:36:46 Sent {"src":"n3","dest":"n0","body":{"message":55,"type":"node_broadcast"}}
2023/04/29 17:36:46 Sent {"src":"n3","dest":"n4","body":{"message":55,"type":"node_broadcast"}}
2023/04/29 17:36:46 Sent {"src":"n3","dest":"c13","body":{"in_reply_to":23,"type":"broadcast_ok"}}
2023/04/29 17:36:46 Received {n4 n3 {"message":56,"type":"node_broadcast"}}
2023/04/29 17:36:46 Received {n0 n3 {"message":57,"type":"node_broadcast"}}
2023/04/29 17:36:47 Received {c13 n3 {"type":"read","msg_id":24}}
2023/04/29 17:36:47 Sent {"src":"n3","dest":"c13","body":{"in_reply_to":24,"messages":[0,1,2,3,4,6,7,8,12,13,15,16,18,19,20,21,22,23,24,25,26,28,29,30,31,33,34,37,39,40,41,42,43,44,46,47,48,49,52,53,55,56,57],"type":"read_ok"}}
2023/04/29 17:36:47 Received {n0 n3 {"message":60,"type":"node_broadcast"}}
2023/04/29 17:36:47 Received {n4 n3 {"message":59,"type":"node_broadcast"}}
2023/04/29 17:36:47 Received {c13 n3 {"type":"read","msg_id":25}}
2023/04/29 17:36:47 Sent {"src":"n3","dest":"c13","body":{"in_reply_to":25,"messages":[0,1,2,3,4,6,7,8,12,13,15,16,18,19,20,21,22,23,24,25,26,28,29,30,31,33,34,37,39,40,41,42,43,44,46,47,48,49,52,53,55,56,57,60,59],"type":"read_ok"}}
2023/04/29 17:36:47 Received {n4 n3 {"message":63,"type":"node_broadcast"}}
2023/04/29 17:36:47 Received {n0 n3 {"message":64,"type":"node_broadcast"}}
2023/04/29 17:36:48 Received {c13 n3 {"type":"read","msg_id":26}}
2023/04/29 17:36:48 Sent {"src":"n3","dest":"c13","body":{"in_reply_to":26,"messages":[0,1,2,3,4,6,7,8,12,13,15,16,18,19,20,21,22,23,24,25,26,28,29,30,31,33,34,37,39,40,41,42,43,44,46,47,48,49,52,53,55,56,57,60,59,63,64],"type":"read_ok"}}
2023/04/29 17:36:48 Received {n4 n3 {"message":65,"type":"node_broadcast"}}
2023/04/29 17:36:48 Received {n0 n3 {"message":66,"type":"node_broadcast"}}
2023/04/29 17:36:48 Received {c13 n3 {"type":"broadcast","message":68,"msg_id":27}}
2023/04/29 17:36:48 Sent {"src":"n3","dest":"n0","body":{"message":68,"type":"node_broadcast"}}
2023/04/29 17:36:48 Sent {"src":"n3","dest":"n4","body":{"message":68,"type":"node_broadcast"}}
2023/04/29 17:36:48 Sent {"src":"n3","dest":"c13","body":{"in_reply_to":27,"type":"broadcast_ok"}}
2023/04/29 17:36:49 Received {c13 n3 {"type":"broadcast","message":69,"msg_id":28}}
2023/04/29 17:36:49 Sent {"src":"n3","dest":"n0","body":{"message":69,"type":"node_broadcast"}}
2023/04/29 17:36:49 Sent {"src":"n3","dest":"n4","body":{"message":69,"type":"node_broadcast"}}
2023/04/29 17:36:49 Sent {"src":"n3","dest":"c13","body":{"in_reply_to":28,"type":"broadcast_ok"}}
2023/04/29 17:36:49 Received {n0 n3 {"message":70,"type":"node_broadcast"}}
2023/04/29 17:36:49 Received {c13 n3 {"type":"broadcast","message":72,"msg_id":29}}
2023/04/29 17:36:49 Sent {"src":"n3","dest":"n0","body":{"message":72,"type":"node_broadcast"}}
2023/04/29 17:36:49 Sent {"src":"n3","dest":"n4","body":{"message":72,"type":"node_broadcast"}}
2023/04/29 17:36:49 Sent {"src":"n3","dest":"c13","body":{"in_reply_to":29,"type":"broadcast_ok"}}
2023/04/29 17:36:50 Received {c13 n3 {"type":"read","msg_id":30}}
2023/04/29 17:36:50 Sent {"src":"n3","dest":"c13","body":{"in_reply_to":30,"messages":[0,1,2,3,4,6,7,8,12,13,15,16,18,19,20,21,22,23,24,25,26,28,29,30,31,33,34,37,39,40,41,42,43,44,46,47,48,49,52,53,55,56,57,60,59,63,64,65,66,68,69,70,72],"type":"read_ok"}}
2023/04/29 17:36:51 Received {n0 n3 {"message":74,"type":"node_broadcast"}}
2023/04/29 17:36:51 Received {n0 n3 {"message":75,"type":"node_broadcast"}}
2023/04/29 17:36:51 Received {c13 n3 {"type":"broadcast","message":77,"msg_id":31}}
2023/04/29 17:36:51 Sent {"src":"n3","dest":"n0","body":{"message":77,"type":"node_broadcast"}}
2023/04/29 17:36:51 Sent {"src":"n3","dest":"n4","body":{"message":77,"type":"node_broadcast"}}
2023/04/29 17:36:51 Sent {"src":"n3","dest":"c13","body":{"in_reply_to":31,"type":"broadcast_ok"}}
2023/04/29 17:36:51 Received {n4 n3 {"message":78,"type":"node_broadcast"}}
2023/04/29 17:36:51 Received {n0 n3 {"message":79,"type":"node_broadcast"}}
2023/04/29 17:36:52 Received {n0 n3 {"message":80,"type":"node_broadcast"}}
2023/04/29 17:36:52 Received {c13 n3 {"type":"broadcast","message":81,"msg_id":32}}
2023/04/29 17:36:52 Sent {"src":"n3","dest":"n0","body":{"message":81,"type":"node_broadcast"}}
2023/04/29 17:36:52 Sent {"src":"n3","dest":"n4","body":{"message":81,"type":"node_broadcast"}}
2023/04/29 17:36:52 Sent {"src":"n3","dest":"c13","body":{"in_reply_to":32,"type":"broadcast_ok"}}
2023/04/29 17:36:52 Received {n4 n3 {"message":82,"type":"node_broadcast"}}
2023/04/29 17:36:52 Received {n0 n3 {"message":83,"type":"node_broadcast"}}
2023/04/29 17:36:52 Received {n0 n3 {"message":84,"type":"node_broadcast"}}
2023/04/29 17:37:02 Received {c13 n3 {"type":"read","msg_id":33}}
2023/04/29 17:37:02 Sent {"src":"n3","dest":"c13","body":{"in_reply_to":33,"messages":[0,1,2,3,4,6,7,8,12,13,15,16,18,19,20,21,22,23,24,25,26,28,29,30,31,33,34,37,39,40,41,42,43,44,46,47,48,49,52,53,55,56,57,60,59,63,64,65,66,68,69,70,72,74,75,77,78,79,80,81,82,83,84],"type":"read_ok"}}
