2023/04/29 17:36:32 Received {c3 n4 {"type":"init","node_id":"n4","node_ids":["n0","n1","n2","n3","n4"],"msg_id":1}}
2023/04/29 17:36:32 Node n4 initialized
2023/04/29 17:36:32 Sent {"src":"n4","dest":"c3","body":{"in_reply_to":1,"type":"init_ok"}}
2023/04/29 17:36:32 Received {c9 n4 {"type":"topology","topology":{"n0":["n3","n1"],"n1":["n4","n2","n0"],"n2":["n1"],"n3":["n0","n4"],"n4":["n1","n3"]},"msg_id":1}}
2023/04/29 17:36:32 Sent {"src":"n4","dest":"c9","body":{"in_reply_to":1,"msg_id":0,"type":"topology_ok"}}
2023/04/29 17:36:33 Received {c14 n4 {"type":"read","msg_id":1}}
2023/04/29 17:36:33 Sent {"src":"n4","dest":"c14","body":{"in_reply_to":1,"messages":[],"type":"read_ok"}}
2023/04/29 17:36:33 Received {n3 n4 {"message":0,"type":"node_broadcast"}}
2023/04/29 17:36:33 Received {c14 n4 {"type":"broadcast","message":1,"msg_id":2}}
2023/04/29 17:36:33 Sent {"src":"n4","dest":"n1","body":{"message":1,"type":"node_broadcast"}}
2023/04/29 17:36:33 Sent {"src":"n4","dest":"n3","body":{"message":1,"type":"node_broadcast"}}
2023/04/29 17:36:33 Sent {"src":"n4","dest":"c14","body":{"in_reply_to":2,"type":"broadcast_ok"}}
2023/04/29 17:36:34 Received {c14 n4 {"type":"read","msg_id":3}}
2023/04/29 17:36:34 Sent {"src":"n4","dest":"c14","body":{"in_reply_to":3,"messages":[0,1],"type":"read_ok"}}
2023/04/29 17:36:34 Received {c14 n4 {"type":"broadcast","message":3,"msg_id":4}}
2023/04/29 17:36:34 Sent {"src":"n4","dest":"n1","body":{"message":3,"type":"node_broadcast"}}
2023/04/29 17:36:34 Sent {"src":"n4","dest":"n3","body":{"message":3,"type":"node_broadcast"}}
2023/04/29 17:36:34 Sent {"src":"n4","dest":"c14","body":{"in_reply_to":4,"type":"broadcast_ok"}}
2023/04/29 17:36:35 Received {n3 n4 {"message":6,"type":"node_broadcast"}}
2023/04/29 17:36:35 Received {c14 n4 {"type":"broadcast","message":7,"msg_id":5}}
2023/04/29 17:36:35 Sent {"src":"n4","dest":"n1","body":{"message":7,"type":"node_broadcast"}}
2023/04/29 17:36:35 Sent {"src":"n4","dest":"n3","body":{"message":7,"type":"node_broadcast"}}
2023/04/29 17:36:35 Sent {"src":"n4","dest":"c14","body":{"in_reply_to":5,"type":"broadcast_ok"}}
2023/04/29 17:36:36 Received {c14 n4 {"type":"read","msg_id":6}}
2023/04/29 17:36:36 Sent {"src":"n4","dest":"c14","body":{"in_reply_to":6,"messages":[0,1,3,6,7],"type":"read_ok"}}
2023/04/29 17:36:36 Received {n1 n4 {"message":10,"type":"node_broadcast"}}
2023/04/29 17:36:36 Received {c14 n4 {"type":"read","msg_id":7}}
2023/04/29 17:36:36 Sent {"src":"n4","dest":"c14","body":{"in_reply_to":7,"messages":[0,1,3,6,7,10],"type":"read_ok"}}
2023/04/29 17:36:37 Received {n1 n4 {"message":14,"type":"node_broadcast"}}
2023/04/29 17:36:37 Received {n3 n4 {"message":15,"type":"node_broadcast"}}
2023/04/29 17:36:37 Received {c14 n4 {"type":"read","msg_id":8}}
2023/04/29 17:36:37 Sent {"src":"n4","dest":"c14","body":{"in_reply_to":8,"messages":[0,1,3,6,7,10,14,15],"type":"read_ok"}}
2023/04/29 17:36:37 Received {n1 n4 {"message":17,"type":"node_broadcast"}}
2023/04/29 17:36:37 Received {n3 n4 {"message":18,"type":"node_broadcast"}}
2023/04/29 17:36:37 Received {c14 n4 {"type":"read","msg_id":9}}
2023/04/29 17:36:37 Sent {"src":"n4","dest":"c14","body":{"in_reply_to":9,"messages":[0,1,3,6,7,10,14,15,17,18],"type":"read_ok"}}
2023/04/29 17:36:38 Received {n3 n4 {"message":19,"type":"node_broadcast"}}
2023/04/29 17:36:38 Received {c14 n4 {"type":"broadcast","message":20,"msg_id":10}}
2023/04/29 17:36:38 Sent {"src":"n4","dest":"n1","body":{"message":20,"type":"node_broadcast"}}
2023/04/29 17:36:38 Sent {"src":"n4","dest":"n3","body":{"message":20,"type":"node_broadcast"}}
2023/04/29 17:36:38 Sent {"src":"n4","dest":"c14","body":{"in_reply_to":10,"type":"broadcast_ok"}}
2023/04/29 17:36:39 Received {c14 n4 {"type":"broadcast","message":22,"msg_id":11}}
2023/04/29 17:36:39 Sent {"src":"n4","dest":"n1","body":{"message":22,"type":"node_broadcast"}}
2023/04/29 17:36:39 Sent {"src":"n4","dest":"n3","body":{"message":22,"type":"node_broadcast"}}
2023/04/29 17:36:39 Sent {"src":"n4","dest":"c14","body":{"in_reply_to":11,"type":"broadcast_ok"}}
2023/04/29 17:36:39 Received {n3 n4 {"message":24,"type":"node_broadcast"}}
2023/04/29 17:36:40 Received {c14 n4 {"type":"broadcast","message":25,"msg_id":12}}
2023/04/29 17:36:40 Sent {"src":"n4","dest":"n1","body":{"message":25,"type":"node_broadcast"}}
2023/04/29 17:36:40 Sent {"src":"n4","dest":"n3","body":{"message":25,"type":"node_broadcast"}}
2023/04/29 17:36:40 Sent {"src":"n4","dest":"c14","body":{"in_reply_to":12,"type":"broadcast_ok"}}
2023/04/29 17:36:40 Received {n1 n4 {"message":27,"type":"node_broadcast"}}
2023/04/29 17:36:40 Received {c14 n4 {"type":"read","msg_id":13}}
2023/04/29 17:36:40 Sent {"src":"n4","dest":"c14","body":{"in_reply_to":13,"messages":[0,1,3,6,7,10,14,15,17,18,19,20,22,24,25,27],"type":"read_ok"}}
2023/04/29 17:36:41 Received {n3 n4 {"message":30,"type":"node_broadcast"}}
2023/04/29 17:36:41 Received {c14 n4 {"type":"read","msg_id":14}}
2023/04/29 17:36:41 Sent {"src":"n4","dest":"c14","body":{"in_reply_to":14,"messages":[0,1,3,6,7,10,14,15,17,18,19,20,22,24,25,27,30],"type":"read_ok"}}
2023/04/29 17:36:41 Received {n1 n4 {"message":32,"type":"node_broadcast"}}
2023/04/29 17:36:41 Received {c14 n4 {"type":"read","msg_id":15}}
2023/04/29 17:36:41 Sent {"src":"n4","dest":"c14","body":{"in_reply_to":15,"messages":[0,1,3,6,7,10,14,15,17,18,19,20,22,24,25,27,30,32],"type":"read_ok"}}
2023/04/29 17:36:41 Received {n1 n4 {"message":35,"type":"node_broadcast"}}
2023/04/29 17:36:42 Received {c14 n4 {"type":"broadcast","message":37,"msg_id":16}}
2023/04/29 17:36:42 Sent {"src":"n4","dest":"n1","body":{"message":37,"type":"node_broadcast"}}
2023/04/29 17:36:42 Sent {"src":"n4","dest":"n3","body":{"message":37,"type":"node_broadcast"}}
2023/04/29 17:36:42 Sent {"src":"n4","dest":"c14","body":{"in_reply_to":16,"type":"broadcast_ok"}}
2023/04/29 17:36:42 Received {c14 n4 {"type":"broadcast","message":39,"msg_id":17}}
2023/04/29 17:36:42 Sent {"src":"n4","dest":"n1","body":{"message":39,"type":"node_broadcast"}}
2023/04/29 17:36:42 Sent {"src":"n4","dest":"n3","body":{"message":39,"type":"node_broadcast"}}
2023/04/29 17:36:42 Sent {"src":"n4","dest":"c14","body":{"in_reply_to":17,"type":"broadcast_ok"}}
2023/04/29 17:36:43 Received {n3 n4 {"message":42,"type":"node_broadcast"}}
2023/04/29 17:36:43 Received {c14 n4 {"type":"read","msg_id":18}}
2023/04/29 17:36:43 Sent {"src":"n4","dest":"c14","body":{"in_reply_to":18,"messages":[0,1,3,6,7,10,14,15,17,18,19,20,22,24,25,27,30,32,35,37,39,42],"type":"read_ok"}}
2023/04/29 17:36:43 Received {n3 n4 {"message":46,"type":"node_broadcast"}}
2023/04/29 17:36:43 Received {c14 n4 {"type":"broadcast","message":47,"msg_id":19}}
2023/04/29 17:36:43 Sent {"src":"n4","dest":"n1","body":{"message":47,"type":"node_broadcast"}}
2023/04/29 17:36:43 Sent {"src":"n4","dest":"n3","body":{"message":47,"type":"node_broadcast"}}
2023/04/29 17:36:43 Sent {"src":"n4","dest":"c14","body":{"in_reply_to":19,"type":"broadcast_ok"}}
2023/04/29 17:36:44 Received {n3 n4 {"message":48,"type":"node_broadcast"}}
2023/04/29 17:36:44 Received {c14 n4 {"type":"read","msg_id":20}}
2023/04/29 17:36:44 Sent {"src":"n4","dest":"c14","body":{"in_reply_to":20,"messages":[0,1,3,6,7,10,14,15,17,18,19,20,22,24,25,27,30,32,35,37,39,42,46,47,48],"type":"read_ok"}}
2023/04/29 17:36:44 Received {n1 n4 {"message":50,"type":"node_broadcast"}}
2023/04/29 17:36:44 Received {c14 n4 {"type":"broadcast","message":52,"msg_id":21}}
2023/04/29 17:36:44 Sent {"src":"n4","dest":"n1","body":{"message":52,"type":"node_broadcast"}}
2023/04/29 17:36:44 Sent {"src":"n4","dest":"n3","body":{"message":52,"type":"node_broadcast"}}
2023/04/29 17:36:44 Sent {"src":"n4","dest":"c14","body":{"in_reply_to":21,"type":"broadcast_ok"}}
2023/04/29 17:36:45 Received {c14 n4 {"type":"read","msg_id":22}}
2023/04/29 17:36:45 Sent {"src":"n4","dest":"c14","body":{"in_reply_to":22,"messages":[0,1,3,6,7,10,14,15,17,18,19,20,22,24,25,27,30,32,35,37,39,42,46,47,48,50,52],"type":"read_ok"}}
2023/04/29 17:36:46 Received {n1 n4 {"message":54,"type":"node_broadcast"}}
2023/04/29 17:36:46 Received {n3 n4 {"message":55,"type":"node_broadcast"}}
2023/04/29 17:36:46 Received {c14 n4 {"type":"broadcast","message":56,"msg_id":23}}
2023/04/29 17:36:46 Sent {"src":"n4","dest":"n1","body":{"message":56,"type":"node_broadcast"}}
2023/04/29 17:36:46 Sent {"src":"n4","dest":"n3","body":{"message":56,"type":"node_broadcast"}}
2023/04/29 17:36:46 Sent {"src":"n4","dest":"c14","body":{"in_reply_to":23,"type":"broadcast_ok"}}
2023/04/29 17:36:46 Received {n1 n4 {"message":58,"type":"node_broadcast"}}
2023/04/29 17:36:47 Received {c14 n4 {"type":"broadcast","message":59,"msg_id":24}}
2023/04/29 17:36:47 Sent {"src":"n4","dest":"n1","body":{"message":59,"type":"node_broadcast"}}
2023/04/29 17:36:47 Sent {"src":"n4","dest":"n3","body":{"message":59,"type":"node_broadcast"}}
2023/04/29 17:36:47 Sent {"src":"n4","dest":"c14","body":{"in_reply_to":24,"type":"broadcast_ok"}}
2023/04/29 17:36:47 Received {n1 n4 {"message":61,"type":"node_broadcast"}}
2023/04/29 17:36:47 Received {c14 n4 {"type":"broadcast","message":63,"msg_id":25}}
2023/04/29 17:36:47 Sent {"src":"n4","dest":"n1","body":{"message":63,"type":"node_broadcast"}}
2023/04/29 17:36:47 Sent {"src":"n4","dest":"n3","body":{"message":63,"type":"node_broadcast"}}
2023/04/29 17:36:47 Sent {"src":"n4","dest":"c14","body":{"in_reply_to":25,"type":"broadcast_ok"}}
2023/04/29 17:36:48 Received {c14 n4 {"type":"broadcast","message":65,"msg_id":26}}
2023/04/29 17:36:48 Sent {"src":"n4","dest":"n1","body":{"message":65,"type":"node_broadcast"}}
2023/04/29 17:36:48 Sent {"src":"n4","dest":"n3","body":{"message":65,"type":"node_broadcast"}}
2023/04/29 17:36:48 Sent {"src":"n4","dest":"c14","body":{"in_reply_to":26,"type":"broadcast_ok"}}
2023/04/29 17:36:48 Received {n3 n4 {"message":68,"type":"node_broadcast"}}
2023/04/29 17:36:48 Received {c14 n4 {"type":"read","msg_id":27}}
2023/04/29 17:36:48 Sent {"src":"n4","dest":"c14","body":{"in_reply_to":27,"messages":[0,1,3,6,7,10,14,15,17,18,19,20,22,24,25,27,30,32,35,37,39,42,46,47,48,50,52,54,55,56,58,59,61,63,65,68],"type":"read_ok"}}
2023/04/29 17:36:49 Received {n3 n4 {"message":69,"type":"node_broadcast"}}
2023/04/29 17:36:49 Received {c14 n4 {"type":"read","msg_id":28}}
2023/04/29 17:36:49 Sent {"src":"n4","dest":"c14","body":{"in_reply_to":28,"messages":[0,1,3,6,7,10,14,15,17,18,19,20,22,24,25,27,30,32,35,37,39,42,46,47,48,50,52,54,55,56,58,59,61,63,65,68,69],"type":"read_ok"}}
2023/04/29 17:36:49 Received {n3 n4 {"message":72,"type":"node_broadcast"}}
2023/04/29 17:36:50 Received {c14 n4 {"type":"read","msg_id":29}}
2023/04/29 17:36:50 Sent {"src":"n4","dest":"c14","body":{"in_reply_to":29,"messages":[0,1,3,6,7,10,14,15,17,18,19,20,22,24,25,27,30,32,35,37,39,42,46,47,48,50,52,54,55,56,58,59,61,63,65,68,69,72],"type":"read_ok"}}
2023/04/29 17:36:50 Received {n1 n4 {"message":73,"type":"node_broadcast"}}
2023/04/29 17:36:50 Received {c14 n4 {"type":"read","msg_id":30}}
2023/04/29 17:36:50 Sent {"src":"n4","dest":"c14","body":{"in_reply_to":30,"messages":[0,1,3,6,7,10,14,15,17,18,19,20,22,24,25,27,30,32,35,37,39,42,46,47,48,50,52,54,55,56,58,59,61,63,65,68,69,72,73],"type":"read_ok"}}
2023/04/29 17:36:51 Received {n1 n4 {"message":76,"type":"node_broadcast"}}
2023/04/29 17:36:51 Received {n3 n4 {"message":77,"type":"node_broadcast"}}
2023/04/29 17:36:51 Received {c14 n4 {"type":"broadcast","message":78,"msg_id":31}}
2023/04/29 17:36:51 Sent {"src":"n4","dest":"n1","body":{"message":78,"type":"node_broadcast"}}
2023/04/29 17:36:51 Sent {"src":"n4","dest":"n3","body":{"message":78,"type":"node_broadcast"}}
2023/04/29 17:36:51 Sent {"src":"n4","dest":"c14","body":{"in_reply_to":31,"type":"broadcast_ok"}}
2023/04/29 17:36:52 Received {n3 n4 {"message":81,"type":"node_broadcast"}}
2023/04/29 17:36:52 Received {c14 n4 {"type":"broadcast","message":82,"msg_id":32}}
2023/04/29 17:36:52 Sent {"src":"n4","dest":"n1","body":{"message":82,"type":"node_broadcast"}}
2023/04/29 17:36:52 Sent {"src":"n4","dest":"n3","body":{"message":82,"type":"node_broadcast"}}
2023/04/29 17:36:52 Sent {"src":"n4","dest":"c14","body":{"in_reply_to":32,"type":"broadcast_ok"}}
2023/04/29 17:36:52 Received {n1 n4 {"message":85,"type":"node_broadcast"}}
2023/04/29 17:37:02 Received {c14 n4 {"type":"read","msg_id":33}}
2023/04/29 17:37:02 Sent {"src":"n4","dest":"c14","body":{"in_reply_to":33,"messages":[0,1,3,6,7,10,14,15,17,18,19,20,22,24,25,27,30,32,35,37,39,42,46,47,48,50,52,54,55,56,58,59,61,63,65,68,69,72,73,76,77,78,81,82,85],"type":"read_ok"}}
