2023-04-21 00:17:01,959{GMT}	INFO	[jepsen test runner] jepsen.core: Command line:
lein run test -w echo --bin ./Glomers.bin --node-count 1 --time-limit 10
2023-04-21 00:17:01,991{GMT}	INFO	[jepsen test runner] jepsen.core: Running test:
{:args []
 :remote
 #jepsen.control.retry.Remote{:remote #jepsen.control.scp.Remote{:cmd-remote #jepsen.control.sshj.SSHJRemote{:concurrency-limit 6,
                                                                                                             :conn-spec nil,
                                                                                                             :client nil,
                                                                                                             :semaphore nil},
                                                                 :conn-spec nil},
                              :conn nil}
 :log-net-send false
 :node-count 1
 :availability nil
 :max-txn-length 4
 :concurrency 1
 :db
 #object[maelstrom.db$db$reify__16142
         "0x2603a76d"
         "maelstrom.db$db$reify__16142@2603a76d"]
 :max-writes-per-key 16
 :leave-db-running? false
 :name "echo"
 :logging-json? false
 :start-time
 #object[org.joda.time.DateTime "0x78167" "2023-04-21T00:17:01.945-03:00"]
 :nemesis-interval 10
 :net
 #object[maelstrom.net$jepsen_net$reify__15251
         "0x214738c1"
         "maelstrom.net$jepsen_net$reify__15251@214738c1"]
 :client
 #object[maelstrom.workload.echo$client$reify__16863
         "0x623dc959"
         "maelstrom.workload.echo$client$reify__16863@623dc959"]
 :barrier
 #object[java.util.concurrent.CyclicBarrier
         "0x7aac05e2"
         "java.util.concurrent.CyclicBarrier@7aac05e2"]
 :log-stderr false
 :pure-generators true
 :ssh {:dummy? true}
 :rate 5
 :checker
 #object[jepsen.checker$compose$reify__11881
         "0x469caf69"
         "jepsen.checker$compose$reify__11881@469caf69"]
 :argv
 ("test"
  "-w"
  "echo"
  "--bin"
  "./Glomers.bin"
  "--node-count"
  "1"
  "--time-limit"
  "10")
 :nemesis
 (jepsen.nemesis.ReflCompose
  {:fm {:start-partition 0,
        :stop-partition 0,
        :kill 1,
        :start 1,
        :pause 1,
        :resume 1},
   :nemeses [#unprintable "jepsen.nemesis.combined$partition_nemesis$reify__16416@5e05064b"
             #unprintable "jepsen.nemesis.combined$db_nemesis$reify__16397@527e6bd3"]})
 :nodes ["n0"]
 :test-count 1
 :latency {:mean 0, :dist :constant}
 :bin "./Glomers.bin"
 :generator
 (jepsen.generator.TimeLimit
  {:limit 10000000000,
   :cutoff nil,
   :gen (jepsen.generator.Any
         {:gens [(jepsen.generator.OnThreads
                  {:f #{:nemesis},
                   :context-filter #object[jepsen.generator.context$make_thread_filter$lazy_filter__9167
                                           "0x686279e0"
                                           "jepsen.generator.context$make_thread_filter$lazy_filter__9167@686279e0"],
                   :gen nil})
                 (jepsen.generator.OnThreads
                  {:f #jepsen.generator.context.AllBut{:element :nemesis},
                   :context-filter #object[jepsen.generator.context$make_thread_filter$lazy_filter__9167
                                           "0x6b28d4e4"
                                           "jepsen.generator.context$make_thread_filter$lazy_filter__9167@6b28d4e4"],
                   :gen (jepsen.generator.Stagger
                         {:dt 400000000,
                          :next-time nil,
                          :gen (jepsen.generator.EachThread
                                {:fresh-gen #object[maelstrom.workload.echo$workload$fn__16882
                                                    "0x41cfcbb5"
                                                    "maelstrom.workload.echo$workload$fn__16882@41cfcbb5"],
                                 :context-filters #object[clojure.core$promise$reify__8591
                                                          "0x40941b54"
                                                          {:status :pending,
                                                           :val nil}],
                                 :gens {}})})})]})})
 :log-net-recv false
 :os
 #object[maelstrom.net$jepsen_os$reify__15254
         "0x3b42d7df"
         "maelstrom.net$jepsen_os$reify__15254@3b42d7df"]
 :time-limit 10
 :workload :echo
 :consistency-models [:strict-serializable]
 :topology :grid}

2023-04-21 00:17:02,859{GMT}	INFO	[jepsen node n0] maelstrom.net: Starting Maelstrom network
2023-04-21 00:17:02,860{GMT}	INFO	[jepsen test runner] jepsen.db: Tearing down DB
2023-04-21 00:17:02,860{GMT}	INFO	[jepsen test runner] jepsen.db: Setting up DB
2023-04-21 00:17:02,862{GMT}	INFO	[jepsen node n0] maelstrom.service: Starting services: (lin-kv lin-tso lww-kv seq-kv)
2023-04-21 00:17:02,863{GMT}	INFO	[jepsen node n0] maelstrom.db: Setting up n0
2023-04-21 00:17:02,864{GMT}	INFO	[jepsen node n0] maelstrom.process: launching ./Glomers.bin []
2023-04-21 00:17:03,432{GMT}	INFO	[jepsen test runner] jepsen.core: Relative time begins now
2023-04-21 00:17:03,449{GMT}	INFO	[jepsen worker 0] jepsen.util: 0	:invoke	:echo	"Please echo 5"
2023-04-21 00:17:03,455{GMT}	WARN	[n0 stdout] maelstrom.process: Error!
clojure.lang.ExceptionInfo: Malformed network message. Node n0 tried to send the following message via STDOUT:

{:body {}}

This is malformed because:

{:src missing-required-key, :dest missing-required-key}

See doc/protocol.md for more guidance.
	at slingshot.support$stack_trace.invoke(support.clj:201)
	at maelstrom.process$parse_msg.invokeStatic(process.clj:57)
	at maelstrom.process$parse_msg.invoke(process.clj:35)
	at maelstrom.process$stdout_thread$fn__15878$fn__15879$fn__15881.invoke(process.clj:146)
	at maelstrom.process$stdout_thread$fn__15878$fn__15879.invoke(process.clj:146)
	at maelstrom.process$stdout_thread$fn__15878.invoke(process.clj:140)
	at clojure.core$binding_conveyor_fn$fn__5823.invoke(core.clj:2047)
	at clojure.lang.AFn.call(AFn.java:18)
	at java.base/java.util.concurrent.FutureTask.run(FutureTask.java:264)
	at java.base/java.util.concurrent.ThreadPoolExecutor.runWorker(ThreadPoolExecutor.java:1136)
	at java.base/java.util.concurrent.ThreadPoolExecutor$Worker.run(ThreadPoolExecutor.java:635)
	at java.base/java.lang.Thread.run(Thread.java:833)
2023-04-21 00:17:08,455{GMT}	INFO	[jepsen worker 0] jepsen.util: 0	:info	:echo	"Please echo 5"	:net-timeout
2023-04-21 00:17:08,456{GMT}	INFO	[jepsen worker 0] jepsen.util: 1	:invoke	:echo	"Please echo 34"
2023-04-21 00:17:13,456{GMT}	INFO	[jepsen worker 0] jepsen.util: 1	:info	:echo	"Please echo 34"	:net-timeout
2023-04-21 00:17:13,465{GMT}	INFO	[jepsen test runner] jepsen.core: Run complete, writing
2023-04-21 00:17:13,487{GMT}	INFO	[jepsen node n0] maelstrom.db: Tearing down n0
2023-04-21 00:17:14,918{GMT}	INFO	[jepsen node n0] maelstrom.net: Shutting down Maelstrom network
2023-04-21 00:17:14,920{GMT}	INFO	[jepsen test runner] jepsen.core: Analyzing...
2023-04-21 00:17:15,271{GMT}	INFO	[jepsen test runner] jepsen.core: Analysis complete
2023-04-21 00:17:15,276{GMT}	INFO	[jepsen results] jepsen.store: Wrote /Users/lftm/Odin/Server/Glomers/store/echo/20230421T001701.945-0300/results.edn
2023-04-21 00:17:15,295{GMT}	INFO	[jepsen test runner] jepsen.core: {:perf {:latency-graph {:valid? true},
        :rate-graph {:valid? true},
        :valid? true},
 :timeline {:valid? true},
 :exceptions {:valid? true},
 :stats {:valid? false,
         :count 2,
         :ok-count 0,
         :fail-count 0,
         :info-count 2,
         :by-f {:echo {:valid? false,
                       :count 2,
                       :ok-count 0,
                       :fail-count 0,
                       :info-count 2}}},
 :availability {:valid? true, :ok-fraction 0.0},
 :net {:all {:send-count 4,
             :recv-count 4,
             :msg-count 4,
             :msgs-per-op 2.0},
       :clients {:send-count 4, :recv-count 4, :msg-count 4},
       :servers {:send-count 0,
                 :recv-count 0,
                 :msg-count 0,
                 :msgs-per-op 0.0},
       :valid? true},
 :workload {:valid? true, :errors ()},
 :valid? false}


Analysis invalid! (ﾉಥ益ಥ）ﾉ ┻━┻
