2023-04-29 17:36:31,327{GMT}	INFO	[jepsen test runner] jepsen.core: Test version 16d8edfad7fa9fe2a77b222c22b10b195885b3a8 (plus uncommitted changes)
2023-04-29 17:36:31,327{GMT}	INFO	[jepsen test runner] jepsen.core: Command line:
lein run test -w broadcast --bin ./broadcast --node-count 5 --time-limit 20 --rate 10
2023-04-29 17:36:31,371{GMT}	INFO	[jepsen test runner] jepsen.core: Running test:
{:args []
 :remote
 #jepsen.control.retry.Remote{:remote #jepsen.control.scp.Remote{:cmd-remote #jepsen.control.sshj.SSHJRemote{:concurrency-limit 6,
                                                                                                             :conn-spec nil,
                                                                                                             :client nil,
                                                                                                             :semaphore nil},
                                                                 :conn-spec nil},
                              :conn nil}
 :log-net-send false
 :node-count 5
 :availability nil
 :max-txn-length 4
 :concurrency 5
 :db
 #object[maelstrom.db$db$reify__16142
         "0x78167"
         "maelstrom.db$db$reify__16142@78167"]
 :max-writes-per-key 16
 :leave-db-running? false
 :name "broadcast"
 :logging-json? false
 :start-time
 #object[org.joda.time.DateTime "0x469caf69" "2023-04-29T17:36:31.294-03:00"]
 :nemesis-interval 10
 :net
 #object[maelstrom.net$jepsen_net$reify__15251
         "0x5e05064b"
         "maelstrom.net$jepsen_net$reify__15251@5e05064b"]
 :client
 #object[maelstrom.workload.broadcast$client$reify__16644
         "0x527e6bd3"
         "maelstrom.workload.broadcast$client$reify__16644@527e6bd3"]
 :barrier
 #object[java.util.concurrent.CyclicBarrier
         "0x4867e76b"
         "java.util.concurrent.CyclicBarrier@4867e76b"]
 :log-stderr false
 :pure-generators true
 :ssh {:dummy? true}
 :rate 10.0
 :checker
 #object[jepsen.checker$compose$reify__11881
         "0x6ba3eee9"
         "jepsen.checker$compose$reify__11881@6ba3eee9"]
 :argv
 ("test"
  "-w"
  "broadcast"
  "--bin"
  "./broadcast"
  "--node-count"
  "5"
  "--time-limit"
  "20"
  "--rate"
  "10")
 :nemesis
 (jepsen.nemesis.ReflCompose
  {:fm {:start-partition 0,
        :stop-partition 0,
        :kill 1,
        :start 1,
        :pause 1,
        :resume 1},
   :nemeses [#unprintable "jepsen.nemesis.combined$partition_nemesis$reify__16416@1d628a88"
             #unprintable "jepsen.nemesis.combined$db_nemesis$reify__16397@3c634a04"]})
 :nodes ["n0" "n1" "n2" "n3" "n4"]
 :test-count 1
 :latency {:mean 0, :dist :constant}
 :bin "./broadcast"
 :generator
 ((jepsen.generator.Synchronize
   {:gen (jepsen.generator.TimeLimit
          {:limit 20000000000,
           :cutoff nil,
           :gen (jepsen.generator.Any
                 {:gens [(jepsen.generator.OnThreads
                          {:f #{:nemesis},
                           :context-filter #object[jepsen.generator.context$make_thread_filter$lazy_filter__9167
                                                   "0x3b42d7df"
                                                   "jepsen.generator.context$make_thread_filter$lazy_filter__9167@3b42d7df"],
                           :gen nil})
                         (jepsen.generator.OnThreads
                          {:f #jepsen.generator.context.AllBut{:element :nemesis},
                           :context-filter #object[jepsen.generator.context$make_thread_filter$lazy_filter__9167
                                                   "0x1660bba7"
                                                   "jepsen.generator.context$make_thread_filter$lazy_filter__9167@1660bba7"],
                           :gen (jepsen.generator.Stagger
                                 {:dt 200000000,
                                  :next-time nil,
                                  :gen (jepsen.generator.Mix
                                        {:i 1,
                                         :gens [({:f :broadcast, :value 0}
                                                 {:f :broadcast, :value 1}
                                                 {:f :broadcast, :value 2}
                                                 {:f :broadcast, :value 3}
                                                 {:f :broadcast, :value 4}
                                                 {:f :broadcast, :value 5}
                                                 {:f :broadcast, :value 6}
                                                 {:f :broadcast, :value 7}
                                                 ...)
                                                ({:f :read}
                                                 {:f :read}
                                                 {:f :read}
                                                 {:f :read}
                                                 {:f :read}
                                                 {:f :read}
                                                 {:f :read}
                                                 {:f :read}
                                                 ...)]})})})]})})})
  (jepsen.generator.Synchronize
   {:gen (jepsen.generator.OnThreads
          {:f #{:nemesis},
           :context-filter #object[jepsen.generator.context$make_thread_filter$lazy_filter__9167
                                   "0x49e3b86b"
                                   "jepsen.generator.context$make_thread_filter$lazy_filter__9167@49e3b86b"],
           :gen ()})})
  (jepsen.generator.Synchronize
   {:gen {:type :log, :value "Waiting for recovery..."}})
  (jepsen.generator.Synchronize {:gen {:type :sleep, :value 10}})
  (jepsen.generator.Synchronize
   {:gen (jepsen.generator.OnThreads
          {:f #jepsen.generator.context.AllBut{:element :nemesis},
           :context-filter #object[jepsen.generator.context$make_thread_filter$lazy_filter__9167
                                   "0x64b262a7"
                                   "jepsen.generator.context$make_thread_filter$lazy_filter__9167@64b262a7"],
           :gen (jepsen.generator.EachThread
                 {:fresh-gen {:f :read, :final? true},
                  :context-filters #object[clojure.core$promise$reify__8591
                                           "0x771c4015"
                                           {:status :pending, :val nil}],
                  :gens {}})})}))
 :log-net-recv false
 :os
 #object[maelstrom.net$jepsen_os$reify__15254
         "0x34d776eb"
         "maelstrom.net$jepsen_os$reify__15254@34d776eb"]
 :time-limit 20
 :workload :broadcast
 :consistency-models [:strict-serializable]
 :topology :grid}

2023-04-29 17:36:32,198{GMT}	INFO	[jepsen node n0] maelstrom.net: Starting Maelstrom network
2023-04-29 17:36:32,199{GMT}	INFO	[jepsen test runner] jepsen.db: Tearing down DB
2023-04-29 17:36:32,200{GMT}	INFO	[jepsen test runner] jepsen.db: Setting up DB
2023-04-29 17:36:32,200{GMT}	INFO	[jepsen node n1] maelstrom.db: Setting up n1
2023-04-29 17:36:32,200{GMT}	INFO	[jepsen node n3] maelstrom.db: Setting up n3
2023-04-29 17:36:32,200{GMT}	INFO	[jepsen node n2] maelstrom.db: Setting up n2
2023-04-29 17:36:32,200{GMT}	INFO	[jepsen node n3] maelstrom.process: launching ./broadcast []
2023-04-29 17:36:32,200{GMT}	INFO	[jepsen node n1] maelstrom.process: launching ./broadcast []
2023-04-29 17:36:32,201{GMT}	INFO	[jepsen node n2] maelstrom.process: launching ./broadcast []
2023-04-29 17:36:32,201{GMT}	INFO	[jepsen node n4] maelstrom.db: Setting up n4
2023-04-29 17:36:32,201{GMT}	INFO	[jepsen node n0] maelstrom.service: Starting services: (lin-kv lin-tso lww-kv seq-kv)
2023-04-29 17:36:32,202{GMT}	INFO	[jepsen node n4] maelstrom.process: launching ./broadcast []
2023-04-29 17:36:32,203{GMT}	INFO	[jepsen node n0] maelstrom.db: Setting up n0
2023-04-29 17:36:32,204{GMT}	INFO	[jepsen node n0] maelstrom.process: launching ./broadcast []
2023-04-29 17:36:32,795{GMT}	INFO	[jepsen test runner] jepsen.core: Relative time begins now
2023-04-29 17:36:32,817{GMT}	INFO	[jepsen worker 0] jepsen.util: 0	:invoke	:read	nil
2023-04-29 17:36:32,819{GMT}	INFO	[jepsen worker 0] jepsen.util: 0	:ok	:read	[]
2023-04-29 17:36:32,859{GMT}	INFO	[jepsen worker 1] jepsen.util: 1	:invoke	:read	nil
2023-04-29 17:36:32,860{GMT}	INFO	[jepsen worker 1] jepsen.util: 1	:ok	:read	[]
2023-04-29 17:36:32,903{GMT}	INFO	[jepsen worker 2] jepsen.util: 2	:invoke	:read	nil
2023-04-29 17:36:32,905{GMT}	INFO	[jepsen worker 2] jepsen.util: 2	:ok	:read	[]
2023-04-29 17:36:32,939{GMT}	INFO	[jepsen worker 3] jepsen.util: 3	:invoke	:read	nil
2023-04-29 17:36:32,940{GMT}	INFO	[jepsen worker 3] jepsen.util: 3	:ok	:read	[]
2023-04-29 17:36:33,069{GMT}	INFO	[jepsen worker 4] jepsen.util: 4	:invoke	:read	nil
2023-04-29 17:36:33,071{GMT}	INFO	[jepsen worker 4] jepsen.util: 4	:ok	:read	[]
2023-04-29 17:36:33,235{GMT}	INFO	[jepsen worker 0] jepsen.util: 0	:invoke	:read	nil
2023-04-29 17:36:33,237{GMT}	INFO	[jepsen worker 0] jepsen.util: 0	:ok	:read	[]
2023-04-29 17:36:33,299{GMT}	INFO	[jepsen worker 0] jepsen.util: 0	:invoke	:read	nil
2023-04-29 17:36:33,300{GMT}	INFO	[jepsen worker 0] jepsen.util: 0	:ok	:read	[]
2023-04-29 17:36:33,376{GMT}	INFO	[jepsen worker 1] jepsen.util: 1	:invoke	:read	nil
2023-04-29 17:36:33,379{GMT}	INFO	[jepsen worker 1] jepsen.util: 1	:ok	:read	[]
2023-04-29 17:36:33,521{GMT}	INFO	[jepsen worker 2] jepsen.util: 2	:invoke	:read	nil
2023-04-29 17:36:33,523{GMT}	INFO	[jepsen worker 2] jepsen.util: 2	:ok	:read	[]
2023-04-29 17:36:33,611{GMT}	INFO	[jepsen worker 3] jepsen.util: 3	:invoke	:broadcast	0
2023-04-29 17:36:33,613{GMT}	INFO	[jepsen worker 3] jepsen.util: 3	:ok	:broadcast	0
2023-04-29 17:36:33,702{GMT}	INFO	[jepsen worker 4] jepsen.util: 4	:invoke	:broadcast	1
2023-04-29 17:36:33,704{GMT}	INFO	[jepsen worker 4] jepsen.util: 4	:ok	:broadcast	1
2023-04-29 17:36:33,865{GMT}	INFO	[jepsen worker 0] jepsen.util: 0	:invoke	:read	nil
2023-04-29 17:36:33,868{GMT}	INFO	[jepsen worker 0] jepsen.util: 0	:ok	:read	[0]
2023-04-29 17:36:33,871{GMT}	INFO	[jepsen worker 0] jepsen.util: 0	:invoke	:broadcast	2
2023-04-29 17:36:33,873{GMT}	INFO	[jepsen worker 0] jepsen.util: 0	:ok	:broadcast	2
2023-04-29 17:36:34,010{GMT}	INFO	[jepsen worker 1] jepsen.util: 1	:invoke	:read	nil
2023-04-29 17:36:34,012{GMT}	INFO	[jepsen worker 1] jepsen.util: 1	:ok	:read	[1 2]
2023-04-29 17:36:34,085{GMT}	INFO	[jepsen worker 2] jepsen.util: 2	:invoke	:read	nil
2023-04-29 17:36:34,086{GMT}	INFO	[jepsen worker 2] jepsen.util: 2	:ok	:read	[]
2023-04-29 17:36:34,170{GMT}	INFO	[jepsen worker 3] jepsen.util: 3	:invoke	:read	nil
2023-04-29 17:36:34,172{GMT}	INFO	[jepsen worker 3] jepsen.util: 3	:ok	:read	[0 1 2]
2023-04-29 17:36:34,200{GMT}	INFO	[jepsen worker 4] jepsen.util: 4	:invoke	:read	nil
2023-04-29 17:36:34,201{GMT}	INFO	[jepsen worker 4] jepsen.util: 4	:ok	:read	[0 1]
2023-04-29 17:36:34,327{GMT}	INFO	[jepsen worker 0] jepsen.util: 0	:invoke	:read	nil
2023-04-29 17:36:34,333{GMT}	INFO	[jepsen worker 0] jepsen.util: 0	:ok	:read	[0 2]
2023-04-29 17:36:34,377{GMT}	INFO	[jepsen worker 0] jepsen.util: 0	:invoke	:read	nil
2023-04-29 17:36:34,378{GMT}	INFO	[jepsen worker 0] jepsen.util: 0	:ok	:read	[0 2]
2023-04-29 17:36:34,487{GMT}	INFO	[jepsen worker 1] jepsen.util: 1	:invoke	:read	nil
2023-04-29 17:36:34,488{GMT}	INFO	[jepsen worker 1] jepsen.util: 1	:ok	:read	[1 2]
2023-04-29 17:36:34,590{GMT}	INFO	[jepsen worker 2] jepsen.util: 2	:invoke	:read	nil
2023-04-29 17:36:34,592{GMT}	INFO	[jepsen worker 2] jepsen.util: 2	:ok	:read	[]
2023-04-29 17:36:34,725{GMT}	INFO	[jepsen worker 3] jepsen.util: 3	:invoke	:read	nil
2023-04-29 17:36:34,727{GMT}	INFO	[jepsen worker 3] jepsen.util: 3	:ok	:read	[0 1 2]
2023-04-29 17:36:34,813{GMT}	INFO	[jepsen worker 4] jepsen.util: 4	:invoke	:broadcast	3
2023-04-29 17:36:34,815{GMT}	INFO	[jepsen worker 4] jepsen.util: 4	:ok	:broadcast	3
2023-04-29 17:36:34,867{GMT}	INFO	[jepsen worker 0] jepsen.util: 0	:invoke	:broadcast	4
2023-04-29 17:36:34,869{GMT}	INFO	[jepsen worker 0] jepsen.util: 0	:ok	:broadcast	4
2023-04-29 17:36:35,049{GMT}	INFO	[jepsen worker 0] jepsen.util: 0	:invoke	:read	nil
2023-04-29 17:36:35,051{GMT}	INFO	[jepsen worker 0] jepsen.util: 0	:ok	:read	[0 2 4]
2023-04-29 17:36:35,219{GMT}	INFO	[jepsen worker 1] jepsen.util: 1	:invoke	:read	nil
2023-04-29 17:36:35,221{GMT}	INFO	[jepsen worker 1] jepsen.util: 1	:ok	:read	[1 2 3 4]
2023-04-29 17:36:35,388{GMT}	INFO	[jepsen worker 2] jepsen.util: 2	:invoke	:broadcast	5
2023-04-29 17:36:35,391{GMT}	INFO	[jepsen worker 2] jepsen.util: 2	:ok	:broadcast	5
2023-04-29 17:36:35,458{GMT}	INFO	[jepsen worker 3] jepsen.util: 3	:invoke	:broadcast	6
2023-04-29 17:36:35,460{GMT}	INFO	[jepsen worker 3] jepsen.util: 3	:ok	:broadcast	6
2023-04-29 17:36:35,461{GMT}	INFO	[jepsen worker 4] jepsen.util: 4	:invoke	:broadcast	7
2023-04-29 17:36:35,463{GMT}	INFO	[jepsen worker 4] jepsen.util: 4	:ok	:broadcast	7
2023-04-29 17:36:35,505{GMT}	INFO	[jepsen worker 0] jepsen.util: 0	:invoke	:read	nil
2023-04-29 17:36:35,507{GMT}	INFO	[jepsen worker 0] jepsen.util: 0	:ok	:read	[0 2 4 6]
2023-04-29 17:36:35,612{GMT}	INFO	[jepsen worker 0] jepsen.util: 0	:invoke	:broadcast	8
2023-04-29 17:36:35,615{GMT}	INFO	[jepsen worker 0] jepsen.util: 0	:ok	:broadcast	8
2023-04-29 17:36:35,735{GMT}	INFO	[jepsen worker 1] jepsen.util: 1	:invoke	:read	nil
2023-04-29 17:36:35,736{GMT}	INFO	[jepsen worker 1] jepsen.util: 1	:ok	:read	[1 2 3 4 5 7 8]
2023-04-29 17:36:35,867{GMT}	INFO	[jepsen worker 2] jepsen.util: 2	:invoke	:broadcast	9
2023-04-29 17:36:35,868{GMT}	INFO	[jepsen worker 2] jepsen.util: 2	:ok	:broadcast	9
2023-04-29 17:36:36,038{GMT}	INFO	[jepsen worker 3] jepsen.util: 3	:invoke	:read	nil
2023-04-29 17:36:36,040{GMT}	INFO	[jepsen worker 3] jepsen.util: 3	:ok	:read	[0 1 2 3 4 6 7 8]
2023-04-29 17:36:36,113{GMT}	INFO	[jepsen worker 4] jepsen.util: 4	:invoke	:read	nil
2023-04-29 17:36:36,114{GMT}	INFO	[jepsen worker 4] jepsen.util: 4	:ok	:read	[0 1 3 6 7]
2023-04-29 17:36:36,303{GMT}	INFO	[jepsen worker 0] jepsen.util: 0	:invoke	:read	nil
2023-04-29 17:36:36,305{GMT}	INFO	[jepsen worker 0] jepsen.util: 0	:ok	:read	[0 2 4 6 8]
2023-04-29 17:36:36,376{GMT}	INFO	[jepsen worker 0] jepsen.util: 0	:invoke	:read	nil
2023-04-29 17:36:36,378{GMT}	INFO	[jepsen worker 0] jepsen.util: 0	:ok	:read	[0 2 4 6 8]
2023-04-29 17:36:36,514{GMT}	INFO	[jepsen worker 1] jepsen.util: 1	:invoke	:broadcast	10
2023-04-29 17:36:36,517{GMT}	INFO	[jepsen worker 1] jepsen.util: 1	:ok	:broadcast	10
2023-04-29 17:36:36,555{GMT}	INFO	[jepsen worker 2] jepsen.util: 2	:invoke	:broadcast	11
2023-04-29 17:36:36,557{GMT}	INFO	[jepsen worker 2] jepsen.util: 2	:ok	:broadcast	11
2023-04-29 17:36:36,689{GMT}	INFO	[jepsen worker 3] jepsen.util: 3	:invoke	:read	nil
2023-04-29 17:36:36,692{GMT}	INFO	[jepsen worker 3] jepsen.util: 3	:ok	:read	[0 1 2 3 4 6 7 8]
2023-04-29 17:36:36,835{GMT}	INFO	[jepsen worker 4] jepsen.util: 4	:invoke	:read	nil
2023-04-29 17:36:36,837{GMT}	INFO	[jepsen worker 4] jepsen.util: 4	:ok	:read	[0 1 3 6 7 10]
2023-04-29 17:36:37,000{GMT}	INFO	[jepsen worker 0] jepsen.util: 0	:invoke	:broadcast	12
2023-04-29 17:36:37,003{GMT}	INFO	[jepsen worker 0] jepsen.util: 0	:ok	:broadcast	12
2023-04-29 17:36:37,009{GMT}	INFO	[jepsen worker 0] jepsen.util: 0	:invoke	:broadcast	13
2023-04-29 17:36:37,014{GMT}	INFO	[jepsen worker 0] jepsen.util: 0	:ok	:broadcast	13
2023-04-29 17:36:37,149{GMT}	INFO	[jepsen worker 1] jepsen.util: 1	:invoke	:broadcast	14
2023-04-29 17:36:37,151{GMT}	INFO	[jepsen worker 1] jepsen.util: 1	:ok	:broadcast	14
2023-04-29 17:36:37,282{GMT}	INFO	[jepsen worker 2] jepsen.util: 2	:invoke	:read	nil
2023-04-29 17:36:37,285{GMT}	INFO	[jepsen worker 2] jepsen.util: 2	:ok	:read	[5 9 10 11 14]
2023-04-29 17:36:37,387{GMT}	INFO	[jepsen worker 3] jepsen.util: 3	:invoke	:broadcast	15
2023-04-29 17:36:37,388{GMT}	INFO	[jepsen worker 3] jepsen.util: 3	:ok	:broadcast	15
2023-04-29 17:36:37,393{GMT}	INFO	[jepsen worker 4] jepsen.util: 4	:invoke	:read	nil
2023-04-29 17:36:37,394{GMT}	INFO	[jepsen worker 4] jepsen.util: 4	:ok	:read	[0 1 3 6 7 10 14 15]
2023-04-29 17:36:37,561{GMT}	INFO	[jepsen worker 0] jepsen.util: 0	:invoke	:broadcast	16
2023-04-29 17:36:37,565{GMT}	INFO	[jepsen worker 0] jepsen.util: 0	:ok	:broadcast	16
2023-04-29 17:36:37,642{GMT}	INFO	[jepsen worker 0] jepsen.util: 0	:invoke	:read	nil
2023-04-29 17:36:37,643{GMT}	INFO	[jepsen worker 0] jepsen.util: 0	:ok	:read	[0 2 4 6 8 10 12 13 14 15 16]
2023-04-29 17:36:37,732{GMT}	INFO	[jepsen worker 1] jepsen.util: 1	:invoke	:broadcast	17
2023-04-29 17:36:37,734{GMT}	INFO	[jepsen worker 1] jepsen.util: 1	:ok	:broadcast	17
2023-04-29 17:36:37,752{GMT}	INFO	[jepsen worker 2] jepsen.util: 2	:invoke	:read	nil
2023-04-29 17:36:37,753{GMT}	INFO	[jepsen worker 2] jepsen.util: 2	:ok	:read	[5 9 10 11 14 17]
2023-04-29 17:36:37,884{GMT}	INFO	[jepsen worker 3] jepsen.util: 3	:invoke	:broadcast	18
2023-04-29 17:36:37,886{GMT}	INFO	[jepsen worker 3] jepsen.util: 3	:ok	:broadcast	18
2023-04-29 17:36:37,898{GMT}	INFO	[jepsen worker 4] jepsen.util: 4	:invoke	:read	nil
2023-04-29 17:36:37,899{GMT}	INFO	[jepsen worker 4] jepsen.util: 4	:ok	:read	[0 1 3 6 7 10 14 15 17 18]
2023-04-29 17:36:38,000{GMT}	INFO	[jepsen worker 0] jepsen.util: 0	:invoke	:read	nil
2023-04-29 17:36:38,001{GMT}	INFO	[jepsen worker 0] jepsen.util: 0	:ok	:read	[0 2 4 6 8 10 12 13 14 15 16 17 18]
2023-04-29 17:36:38,110{GMT}	INFO	[jepsen worker 0] jepsen.util: 0	:invoke	:read	nil
2023-04-29 17:36:38,112{GMT}	INFO	[jepsen worker 0] jepsen.util: 0	:ok	:read	[0 2 4 6 8 10 12 13 14 15 16 17 18]
2023-04-29 17:36:38,214{GMT}	INFO	[jepsen worker 1] jepsen.util: 1	:invoke	:read	nil
2023-04-29 17:36:38,216{GMT}	INFO	[jepsen worker 1] jepsen.util: 1	:ok	:read	[1 2 3 4 5 7 8 9 10 11 12 13 14 16 17]
2023-04-29 17:36:38,224{GMT}	INFO	[jepsen worker 2] jepsen.util: 2	:invoke	:read	nil
2023-04-29 17:36:38,226{GMT}	INFO	[jepsen worker 2] jepsen.util: 2	:ok	:read	[5 9 10 11 14 17]
2023-04-29 17:36:38,430{GMT}	INFO	[jepsen worker 3] jepsen.util: 3	:invoke	:broadcast	19
2023-04-29 17:36:38,433{GMT}	INFO	[jepsen worker 3] jepsen.util: 3	:ok	:broadcast	19
2023-04-29 17:36:38,468{GMT}	INFO	[jepsen worker 4] jepsen.util: 4	:invoke	:broadcast	20
2023-04-29 17:36:38,469{GMT}	INFO	[jepsen worker 4] jepsen.util: 4	:ok	:broadcast	20
2023-04-29 17:36:38,537{GMT}	INFO	[jepsen worker 0] jepsen.util: 0	:invoke	:read	nil
2023-04-29 17:36:38,538{GMT}	INFO	[jepsen worker 0] jepsen.util: 0	:ok	:read	[0 2 4 6 8 10 12 13 14 15 16 17 18 19]
2023-04-29 17:36:38,722{GMT}	INFO	[jepsen worker 0] jepsen.util: 0	:invoke	:broadcast	21
2023-04-29 17:36:38,724{GMT}	INFO	[jepsen worker 0] jepsen.util: 0	:ok	:broadcast	21
2023-04-29 17:36:38,864{GMT}	INFO	[jepsen worker 1] jepsen.util: 1	:invoke	:read	nil
2023-04-29 17:36:38,867{GMT}	INFO	[jepsen worker 1] jepsen.util: 1	:ok	:read	[1 2 3 4 5 7 8 9 10 11 12 13 14 16 17 20 21]
2023-04-29 17:36:39,037{GMT}	INFO	[jepsen worker 2] jepsen.util: 2	:invoke	:read	nil
2023-04-29 17:36:39,039{GMT}	INFO	[jepsen worker 2] jepsen.util: 2	:ok	:read	[5 9 10 11 14 17]
2023-04-29 17:36:39,167{GMT}	INFO	[jepsen worker 3] jepsen.util: 3	:invoke	:read	nil
2023-04-29 17:36:39,169{GMT}	INFO	[jepsen worker 3] jepsen.util: 3	:ok	:read	[0 1 2 3 4 6 7 8 12 13 15 16 18 19 20 21]
2023-04-29 17:36:39,219{GMT}	INFO	[jepsen worker 4] jepsen.util: 4	:invoke	:broadcast	22
2023-04-29 17:36:39,220{GMT}	INFO	[jepsen worker 4] jepsen.util: 4	:ok	:broadcast	22
2023-04-29 17:36:39,411{GMT}	INFO	[jepsen worker 0] jepsen.util: 0	:invoke	:broadcast	23
2023-04-29 17:36:39,412{GMT}	INFO	[jepsen worker 0] jepsen.util: 0	:ok	:broadcast	23
2023-04-29 17:36:39,590{GMT}	INFO	[jepsen worker 0] jepsen.util: 0	:invoke	:read	nil
2023-04-29 17:36:39,591{GMT}	INFO	[jepsen worker 0] jepsen.util: 0	:ok	:read	[0 2 4 6 8 10 12 13 14 15 16 17 18 19 21 23]
2023-04-29 17:36:39,716{GMT}	INFO	[jepsen worker 1] jepsen.util: 1	:invoke	:read	nil
2023-04-29 17:36:39,717{GMT}	INFO	[jepsen worker 1] jepsen.util: 1	:ok	:read	[1 2 3 4 5 7 8 9 10 11 12 13 14 16 17 20 21 22 23]
2023-04-29 17:36:39,763{GMT}	INFO	[jepsen worker 2] jepsen.util: 2	:invoke	:read	nil
2023-04-29 17:36:39,765{GMT}	INFO	[jepsen worker 2] jepsen.util: 2	:ok	:read	[5 9 10 11 14 17]
2023-04-29 17:36:39,943{GMT}	INFO	[jepsen worker 3] jepsen.util: 3	:invoke	:broadcast	24
2023-04-29 17:36:39,945{GMT}	INFO	[jepsen worker 3] jepsen.util: 3	:ok	:broadcast	24
2023-04-29 17:36:40,035{GMT}	INFO	[jepsen worker 4] jepsen.util: 4	:invoke	:broadcast	25
2023-04-29 17:36:40,036{GMT}	INFO	[jepsen worker 4] jepsen.util: 4	:ok	:broadcast	25
2023-04-29 17:36:40,082{GMT}	INFO	[jepsen worker 0] jepsen.util: 0	:invoke	:read	nil
2023-04-29 17:36:40,083{GMT}	INFO	[jepsen worker 0] jepsen.util: 0	:ok	:read	[0 2 4 6 8 10 12 13 14 15 16 17 18 19 21 23 24]
2023-04-29 17:36:40,109{GMT}	INFO	[jepsen worker 0] jepsen.util: 0	:invoke	:broadcast	26
2023-04-29 17:36:40,110{GMT}	INFO	[jepsen worker 0] jepsen.util: 0	:ok	:broadcast	26
2023-04-29 17:36:40,269{GMT}	INFO	[jepsen worker 1] jepsen.util: 1	:invoke	:broadcast	27
2023-04-29 17:36:40,269{GMT}	INFO	[jepsen worker 1] jepsen.util: 1	:ok	:broadcast	27
2023-04-29 17:36:40,275{GMT}	INFO	[jepsen worker 2] jepsen.util: 2	:invoke	:read	nil
2023-04-29 17:36:40,276{GMT}	INFO	[jepsen worker 2] jepsen.util: 2	:ok	:read	[5 9 10 11 14 17 27]
2023-04-29 17:36:40,455{GMT}	INFO	[jepsen worker 3] jepsen.util: 3	:invoke	:read	nil
2023-04-29 17:36:40,457{GMT}	INFO	[jepsen worker 3] jepsen.util: 3	:ok	:read	[0 1 2 3 4 6 7 8 12 13 15 16 18 19 20 21 22 23 24 25 26]
2023-04-29 17:36:40,630{GMT}	INFO	[jepsen worker 4] jepsen.util: 4	:invoke	:read	nil
2023-04-29 17:36:40,631{GMT}	INFO	[jepsen worker 4] jepsen.util: 4	:ok	:read	[0 1 3 6 7 10 14 15 17 18 19 20 22 24 25 27]
2023-04-29 17:36:40,739{GMT}	INFO	[jepsen worker 0] jepsen.util: 0	:invoke	:broadcast	28
2023-04-29 17:36:40,741{GMT}	INFO	[jepsen worker 0] jepsen.util: 0	:ok	:broadcast	28
2023-04-29 17:36:40,943{GMT}	INFO	[jepsen worker 0] jepsen.util: 0	:invoke	:broadcast	29
2023-04-29 17:36:40,946{GMT}	INFO	[jepsen worker 0] jepsen.util: 0	:ok	:broadcast	29
2023-04-29 17:36:40,973{GMT}	INFO	[jepsen worker 1] jepsen.util: 1	:invoke	:read	nil
2023-04-29 17:36:40,974{GMT}	INFO	[jepsen worker 1] jepsen.util: 1	:ok	:read	[1 2 3 4 5 7 8 9 10 11 12 13 14 16 17 20 21 22 23 25 26 27 28 29]
2023-04-29 17:36:41,040{GMT}	INFO	[jepsen worker 2] jepsen.util: 2	:invoke	:read	nil
2023-04-29 17:36:41,041{GMT}	INFO	[jepsen worker 2] jepsen.util: 2	:ok	:read	[5 9 10 11 14 17 27]
2023-04-29 17:36:41,147{GMT}	INFO	[jepsen worker 3] jepsen.util: 3	:invoke	:broadcast	30
2023-04-29 17:36:41,148{GMT}	INFO	[jepsen worker 3] jepsen.util: 3	:ok	:broadcast	30
2023-04-29 17:36:41,200{GMT}	INFO	[jepsen worker 4] jepsen.util: 4	:invoke	:read	nil
2023-04-29 17:36:41,201{GMT}	INFO	[jepsen worker 4] jepsen.util: 4	:ok	:read	[0 1 3 6 7 10 14 15 17 18 19 20 22 24 25 27 30]
2023-04-29 17:36:41,267{GMT}	INFO	[jepsen worker 0] jepsen.util: 0	:invoke	:broadcast	31
2023-04-29 17:36:41,268{GMT}	INFO	[jepsen worker 0] jepsen.util: 0	:ok	:broadcast	31
2023-04-29 17:36:41,307{GMT}	INFO	[jepsen worker 0] jepsen.util: 0	:invoke	:read	nil
2023-04-29 17:36:41,308{GMT}	INFO	[jepsen worker 0] jepsen.util: 0	:ok	:read	[0 2 4 6 8 10 12 13 14 15 16 17 18 19 21 23 24 26 27 28 29 30 31]
2023-04-29 17:36:41,329{GMT}	INFO	[jepsen worker 1] jepsen.util: 1	:invoke	:broadcast	32
2023-04-29 17:36:41,331{GMT}	INFO	[jepsen worker 1] jepsen.util: 1	:ok	:broadcast	32
2023-04-29 17:36:41,442{GMT}	INFO	[jepsen worker 2] jepsen.util: 2	:invoke	:read	nil
2023-04-29 17:36:41,443{GMT}	INFO	[jepsen worker 2] jepsen.util: 2	:ok	:read	[5 9 10 11 14 17 27 32]
2023-04-29 17:36:41,447{GMT}	INFO	[jepsen worker 3] jepsen.util: 3	:invoke	:read	nil
2023-04-29 17:36:41,448{GMT}	INFO	[jepsen worker 3] jepsen.util: 3	:ok	:read	[0 1 2 3 4 6 7 8 12 13 15 16 18 19 20 21 22 23 24 25 26 28 29 30 31]
2023-04-29 17:36:41,501{GMT}	INFO	[jepsen worker 4] jepsen.util: 4	:invoke	:read	nil
2023-04-29 17:36:41,501{GMT}	INFO	[jepsen worker 4] jepsen.util: 4	:ok	:read	[0 1 3 6 7 10 14 15 17 18 19 20 22 24 25 27 30 32]
2023-04-29 17:36:41,643{GMT}	INFO	[jepsen worker 0] jepsen.util: 0	:invoke	:broadcast	33
2023-04-29 17:36:41,644{GMT}	INFO	[jepsen worker 0] jepsen.util: 0	:ok	:broadcast	33
2023-04-29 17:36:41,706{GMT}	INFO	[jepsen worker 0] jepsen.util: 0	:invoke	:broadcast	34
2023-04-29 17:36:41,707{GMT}	INFO	[jepsen worker 0] jepsen.util: 0	:ok	:broadcast	34
2023-04-29 17:36:41,821{GMT}	INFO	[jepsen worker 1] jepsen.util: 1	:invoke	:broadcast	35
2023-04-29 17:36:41,822{GMT}	INFO	[jepsen worker 1] jepsen.util: 1	:ok	:broadcast	35
2023-04-29 17:36:41,956{GMT}	INFO	[jepsen worker 2] jepsen.util: 2	:invoke	:broadcast	36
2023-04-29 17:36:41,958{GMT}	INFO	[jepsen worker 2] jepsen.util: 2	:ok	:broadcast	36
2023-04-29 17:36:42,144{GMT}	INFO	[jepsen worker 3] jepsen.util: 3	:invoke	:read	nil
2023-04-29 17:36:42,146{GMT}	INFO	[jepsen worker 3] jepsen.util: 3	:ok	:read	[0 1 2 3 4 6 7 8 12 13 15 16 18 19 20 21 22 23 24 25 26 28 29 30 31 33 34]
2023-04-29 17:36:42,250{GMT}	INFO	[jepsen worker 4] jepsen.util: 4	:invoke	:broadcast	37
2023-04-29 17:36:42,253{GMT}	INFO	[jepsen worker 4] jepsen.util: 4	:ok	:broadcast	37
2023-04-29 17:36:42,333{GMT}	INFO	[jepsen worker 0] jepsen.util: 0	:invoke	:read	nil
2023-04-29 17:36:42,334{GMT}	INFO	[jepsen worker 0] jepsen.util: 0	:ok	:read	[0 2 4 6 8 10 12 13 14 15 16 17 18 19 21 23 24 26 27 28 29 30 31 32 33 34 35]
2023-04-29 17:36:42,402{GMT}	INFO	[jepsen worker 0] jepsen.util: 0	:invoke	:read	nil
2023-04-29 17:36:42,403{GMT}	INFO	[jepsen worker 0] jepsen.util: 0	:ok	:read	[0 2 4 6 8 10 12 13 14 15 16 17 18 19 21 23 24 26 27 28 29 30 31 32 33 34 35]
2023-04-29 17:36:42,577{GMT}	INFO	[jepsen worker 1] jepsen.util: 1	:invoke	:read	nil
2023-04-29 17:36:42,579{GMT}	INFO	[jepsen worker 1] jepsen.util: 1	:ok	:read	[1 2 3 4 5 7 8 9 10 11 12 13 14 16 17 20 21 22 23 25 26 27 28 29 31 32 33 34 35 36 37]
2023-04-29 17:36:42,630{GMT}	INFO	[jepsen worker 2] jepsen.util: 2	:invoke	:broadcast	38
2023-04-29 17:36:42,631{GMT}	INFO	[jepsen worker 2] jepsen.util: 2	:ok	:broadcast	38
2023-04-29 17:36:42,642{GMT}	INFO	[jepsen worker 3] jepsen.util: 3	:invoke	:read	nil
2023-04-29 17:36:42,643{GMT}	INFO	[jepsen worker 3] jepsen.util: 3	:ok	:read	[0 1 2 3 4 6 7 8 12 13 15 16 18 19 20 21 22 23 24 25 26 28 29 30 31 33 34 37]
2023-04-29 17:36:42,832{GMT}	INFO	[jepsen worker 4] jepsen.util: 4	:invoke	:broadcast	39
2023-04-29 17:36:42,833{GMT}	INFO	[jepsen worker 4] jepsen.util: 4	:ok	:broadcast	39
2023-04-29 17:36:42,918{GMT}	INFO	[jepsen worker 0] jepsen.util: 0	:invoke	:broadcast	40
2023-04-29 17:36:42,919{GMT}	INFO	[jepsen worker 0] jepsen.util: 0	:ok	:broadcast	40
2023-04-29 17:36:42,964{GMT}	INFO	[jepsen worker 0] jepsen.util: 0	:invoke	:broadcast	41
2023-04-29 17:36:42,964{GMT}	INFO	[jepsen worker 0] jepsen.util: 0	:ok	:broadcast	41
2023-04-29 17:36:43,112{GMT}	INFO	[jepsen worker 1] jepsen.util: 1	:invoke	:read	nil
2023-04-29 17:36:43,113{GMT}	INFO	[jepsen worker 1] jepsen.util: 1	:ok	:read	[1 2 3 4 5 7 8 9 10 11 12 13 14 16 17 20 21 22 23 25 26 27 28 29 31 32 33 34 35 36 37 38 39 40 41]
2023-04-29 17:36:43,178{GMT}	INFO	[jepsen worker 2] jepsen.util: 2	:invoke	:read	nil
2023-04-29 17:36:43,179{GMT}	INFO	[jepsen worker 2] jepsen.util: 2	:ok	:read	[5 9 10 11 14 17 27 32 35 36 38]
2023-04-29 17:36:43,242{GMT}	INFO	[jepsen worker 3] jepsen.util: 3	:invoke	:broadcast	42
2023-04-29 17:36:43,243{GMT}	INFO	[jepsen worker 3] jepsen.util: 3	:ok	:broadcast	42
2023-04-29 17:36:43,273{GMT}	INFO	[jepsen worker 4] jepsen.util: 4	:invoke	:read	nil
2023-04-29 17:36:43,274{GMT}	INFO	[jepsen worker 4] jepsen.util: 4	:ok	:read	[0 1 3 6 7 10 14 15 17 18 19 20 22 24 25 27 30 32 35 37 39 42]
2023-04-29 17:36:43,459{GMT}	INFO	[jepsen worker 0] jepsen.util: 0	:invoke	:broadcast	43
2023-04-29 17:36:43,461{GMT}	INFO	[jepsen worker 0] jepsen.util: 0	:ok	:broadcast	43
2023-04-29 17:36:43,524{GMT}	INFO	[jepsen worker 0] jepsen.util: 0	:invoke	:broadcast	44
2023-04-29 17:36:43,525{GMT}	INFO	[jepsen worker 0] jepsen.util: 0	:ok	:broadcast	44
2023-04-29 17:36:43,534{GMT}	INFO	[jepsen worker 1] jepsen.util: 1	:invoke	:read	nil
2023-04-29 17:36:43,534{GMT}	INFO	[jepsen worker 1] jepsen.util: 1	:ok	:read	[1 2 3 4 5 7 8 9 10 11 12 13 14 16 17 20 21 22 23 25 26 27 28 29 31 32 33 34 35 36 37 38 39 40 41 43 44]
2023-04-29 17:36:43,574{GMT}	INFO	[jepsen worker 2] jepsen.util: 2	:invoke	:broadcast	45
2023-04-29 17:36:43,575{GMT}	INFO	[jepsen worker 2] jepsen.util: 2	:ok	:broadcast	45
2023-04-29 17:36:43,678{GMT}	INFO	[jepsen worker 3] jepsen.util: 3	:invoke	:broadcast	46
2023-04-29 17:36:43,680{GMT}	INFO	[jepsen worker 3] jepsen.util: 3	:ok	:broadcast	46
2023-04-29 17:36:43,740{GMT}	INFO	[jepsen worker 4] jepsen.util: 4	:invoke	:broadcast	47
2023-04-29 17:36:43,741{GMT}	INFO	[jepsen worker 4] jepsen.util: 4	:ok	:broadcast	47
2023-04-29 17:36:43,942{GMT}	INFO	[jepsen worker 0] jepsen.util: 0	:invoke	:read	nil
2023-04-29 17:36:43,944{GMT}	INFO	[jepsen worker 0] jepsen.util: 0	:ok	:read	[0 2 4 6 8 10 12 13 14 15 16 17 18 19 21 23 24 26 27 28 29 30 31 32 33 34 35 40 41 42 43 44 46]
2023-04-29 17:36:44,095{GMT}	INFO	[jepsen worker 0] jepsen.util: 0	:invoke	:read	nil
2023-04-29 17:36:44,097{GMT}	INFO	[jepsen worker 0] jepsen.util: 0	:ok	:read	[0 2 4 6 8 10 12 13 14 15 16 17 18 19 21 23 24 26 27 28 29 30 31 32 33 34 35 40 41 42 43 44 46]
2023-04-29 17:36:44,133{GMT}	INFO	[jepsen worker 1] jepsen.util: 1	:invoke	:read	nil
2023-04-29 17:36:44,134{GMT}	INFO	[jepsen worker 1] jepsen.util: 1	:ok	:read	[1 2 3 4 5 7 8 9 10 11 12 13 14 16 17 20 21 22 23 25 26 27 28 29 31 32 33 34 35 36 37 38 39 40 41 43 44 45 47]
2023-04-29 17:36:44,195{GMT}	INFO	[jepsen worker 2] jepsen.util: 2	:invoke	:read	nil
2023-04-29 17:36:44,196{GMT}	INFO	[jepsen worker 2] jepsen.util: 2	:ok	:read	[5 9 10 11 14 17 27 32 35 36 38 45]
2023-04-29 17:36:44,327{GMT}	INFO	[jepsen worker 3] jepsen.util: 3	:invoke	:broadcast	48
2023-04-29 17:36:44,329{GMT}	INFO	[jepsen worker 3] jepsen.util: 3	:ok	:broadcast	48
2023-04-29 17:36:44,516{GMT}	INFO	[jepsen worker 4] jepsen.util: 4	:invoke	:read	nil
2023-04-29 17:36:44,518{GMT}	INFO	[jepsen worker 4] jepsen.util: 4	:ok	:read	[0 1 3 6 7 10 14 15 17 18 19 20 22 24 25 27 30 32 35 37 39 42 46 47 48]
2023-04-29 17:36:44,638{GMT}	INFO	[jepsen worker 0] jepsen.util: 0	:invoke	:read	nil
2023-04-29 17:36:44,639{GMT}	INFO	[jepsen worker 0] jepsen.util: 0	:ok	:read	[0 2 4 6 8 10 12 13 14 15 16 17 18 19 21 23 24 26 27 28 29 30 31 32 33 34 35 40 41 42 43 44 46 48]
2023-04-29 17:36:44,659{GMT}	INFO	[jepsen worker 0] jepsen.util: 0	:invoke	:broadcast	49
2023-04-29 17:36:44,660{GMT}	INFO	[jepsen worker 0] jepsen.util: 0	:ok	:broadcast	49
2023-04-29 17:36:44,674{GMT}	INFO	[jepsen worker 1] jepsen.util: 1	:invoke	:broadcast	50
2023-04-29 17:36:44,674{GMT}	INFO	[jepsen worker 1] jepsen.util: 1	:ok	:broadcast	50
2023-04-29 17:36:44,717{GMT}	INFO	[jepsen worker 2] jepsen.util: 2	:invoke	:broadcast	51
2023-04-29 17:36:44,717{GMT}	INFO	[jepsen worker 2] jepsen.util: 2	:ok	:broadcast	51
2023-04-29 17:36:44,910{GMT}	INFO	[jepsen worker 3] jepsen.util: 3	:invoke	:read	nil
2023-04-29 17:36:44,912{GMT}	INFO	[jepsen worker 3] jepsen.util: 3	:ok	:read	[0 1 2 3 4 6 7 8 12 13 15 16 18 19 20 21 22 23 24 25 26 28 29 30 31 33 34 37 39 40 41 42 43 44 46 47 48 49]
2023-04-29 17:36:44,991{GMT}	INFO	[jepsen worker 4] jepsen.util: 4	:invoke	:broadcast	52
2023-04-29 17:36:44,993{GMT}	INFO	[jepsen worker 4] jepsen.util: 4	:ok	:broadcast	52
2023-04-29 17:36:45,175{GMT}	INFO	[jepsen worker 0] jepsen.util: 0	:invoke	:read	nil
2023-04-29 17:36:45,177{GMT}	INFO	[jepsen worker 0] jepsen.util: 0	:ok	:read	[0 2 4 6 8 10 12 13 14 15 16 17 18 19 21 23 24 26 27 28 29 30 31 32 33 34 35 40 41 42 43 44 46 48 49 50]
2023-04-29 17:36:45,339{GMT}	INFO	[jepsen worker 0] jepsen.util: 0	:invoke	:broadcast	53
2023-04-29 17:36:45,340{GMT}	INFO	[jepsen worker 0] jepsen.util: 0	:ok	:broadcast	53
2023-04-29 17:36:45,408{GMT}	INFO	[jepsen worker 1] jepsen.util: 1	:invoke	:read	nil
2023-04-29 17:36:45,409{GMT}	INFO	[jepsen worker 1] jepsen.util: 1	:ok	:read	[1 2 3 4 5 7 8 9 10 11 12 13 14 16 17 20 21 22 23 25 26 27 28 29 31 32 33 34 35 36 37 38 39 40 41 43 44 45 47 49 50 51 52 53]
2023-04-29 17:36:45,572{GMT}	INFO	[jepsen worker 2] jepsen.util: 2	:invoke	:read	nil
2023-04-29 17:36:45,574{GMT}	INFO	[jepsen worker 2] jepsen.util: 2	:ok	:read	[5 9 10 11 14 17 27 32 35 36 38 45 50 51]
2023-04-29 17:36:45,723{GMT}	INFO	[jepsen worker 3] jepsen.util: 3	:invoke	:read	nil
2023-04-29 17:36:45,724{GMT}	INFO	[jepsen worker 3] jepsen.util: 3	:ok	:read	[0 1 2 3 4 6 7 8 12 13 15 16 18 19 20 21 22 23 24 25 26 28 29 30 31 33 34 37 39 40 41 42 43 44 46 47 48 49 52 53]
2023-04-29 17:36:45,887{GMT}	INFO	[jepsen worker 4] jepsen.util: 4	:invoke	:read	nil
2023-04-29 17:36:45,890{GMT}	INFO	[jepsen worker 4] jepsen.util: 4	:ok	:read	[0 1 3 6 7 10 14 15 17 18 19 20 22 24 25 27 30 32 35 37 39 42 46 47 48 50 52]
2023-04-29 17:36:46,079{GMT}	INFO	[jepsen worker 0] jepsen.util: 0	:invoke	:read	nil
2023-04-29 17:36:46,081{GMT}	INFO	[jepsen worker 0] jepsen.util: 0	:ok	:read	[0 2 4 6 8 10 12 13 14 15 16 17 18 19 21 23 24 26 27 28 29 30 31 32 33 34 35 40 41 42 43 44 46 48 49 50 53]
2023-04-29 17:36:46,276{GMT}	INFO	[jepsen worker 0] jepsen.util: 0	:invoke	:read	nil
2023-04-29 17:36:46,278{GMT}	INFO	[jepsen worker 0] jepsen.util: 0	:ok	:read	[0 2 4 6 8 10 12 13 14 15 16 17 18 19 21 23 24 26 27 28 29 30 31 32 33 34 35 40 41 42 43 44 46 48 49 50 53]
2023-04-29 17:36:46,342{GMT}	INFO	[jepsen worker 1] jepsen.util: 1	:invoke	:broadcast	54
2023-04-29 17:36:46,343{GMT}	INFO	[jepsen worker 1] jepsen.util: 1	:ok	:broadcast	54
2023-04-29 17:36:46,523{GMT}	INFO	[jepsen worker 2] jepsen.util: 2	:invoke	:read	nil
2023-04-29 17:36:46,525{GMT}	INFO	[jepsen worker 2] jepsen.util: 2	:ok	:read	[5 9 10 11 14 17 27 32 35 36 38 45 50 51 54]
2023-04-29 17:36:46,569{GMT}	INFO	[jepsen worker 3] jepsen.util: 3	:invoke	:broadcast	55
2023-04-29 17:36:46,571{GMT}	INFO	[jepsen worker 3] jepsen.util: 3	:ok	:broadcast	55
2023-04-29 17:36:46,630{GMT}	INFO	[jepsen worker 4] jepsen.util: 4	:invoke	:broadcast	56
2023-04-29 17:36:46,630{GMT}	INFO	[jepsen worker 4] jepsen.util: 4	:ok	:broadcast	56
2023-04-29 17:36:46,734{GMT}	INFO	[jepsen worker 0] jepsen.util: 0	:invoke	:broadcast	57
2023-04-29 17:36:46,735{GMT}	INFO	[jepsen worker 0] jepsen.util: 0	:ok	:broadcast	57
2023-04-29 17:36:46,862{GMT}	INFO	[jepsen worker 0] jepsen.util: 0	:invoke	:read	nil
2023-04-29 17:36:46,863{GMT}	INFO	[jepsen worker 0] jepsen.util: 0	:ok	:read	[0 2 4 6 8 10 12 13 14 15 16 17 18 19 21 23 24 26 27 28 29 30 31 32 33 34 35 40 41 42 43 44 46 48 49 50 53 54 55 57]
2023-04-29 17:36:46,948{GMT}	INFO	[jepsen worker 1] jepsen.util: 1	:invoke	:broadcast	58
2023-04-29 17:36:46,949{GMT}	INFO	[jepsen worker 1] jepsen.util: 1	:ok	:broadcast	58
2023-04-29 17:36:47,075{GMT}	INFO	[jepsen worker 2] jepsen.util: 2	:invoke	:read	nil
2023-04-29 17:36:47,076{GMT}	INFO	[jepsen worker 2] jepsen.util: 2	:ok	:read	[5 9 10 11 14 17 27 32 35 36 38 45 50 51 54 58]
2023-04-29 17:36:47,122{GMT}	INFO	[jepsen worker 3] jepsen.util: 3	:invoke	:read	nil
2023-04-29 17:36:47,123{GMT}	INFO	[jepsen worker 3] jepsen.util: 3	:ok	:read	[0 1 2 3 4 6 7 8 12 13 15 16 18 19 20 21 22 23 24 25 26 28 29 30 31 33 34 37 39 40 41 42 43 44 46 47 48 49 52 53 55 56 57]
2023-04-29 17:36:47,171{GMT}	INFO	[jepsen worker 4] jepsen.util: 4	:invoke	:broadcast	59
2023-04-29 17:36:47,171{GMT}	INFO	[jepsen worker 0] jepsen.util: 0	:invoke	:broadcast	60
2023-04-29 17:36:47,172{GMT}	INFO	[jepsen worker 0] jepsen.util: 0	:ok	:broadcast	60
2023-04-29 17:36:47,172{GMT}	INFO	[jepsen worker 4] jepsen.util: 4	:ok	:broadcast	59
2023-04-29 17:36:47,204{GMT}	INFO	[jepsen worker 0] jepsen.util: 0	:invoke	:read	nil
2023-04-29 17:36:47,205{GMT}	INFO	[jepsen worker 0] jepsen.util: 0	:ok	:read	[0 2 4 6 8 10 12 13 14 15 16 17 18 19 21 23 24 26 27 28 29 30 31 32 33 34 35 40 41 42 43 44 46 48 49 50 53 54 55 57 58 60]
2023-04-29 17:36:47,241{GMT}	INFO	[jepsen worker 1] jepsen.util: 1	:invoke	:broadcast	61
2023-04-29 17:36:47,242{GMT}	INFO	[jepsen worker 1] jepsen.util: 1	:ok	:broadcast	61
2023-04-29 17:36:47,321{GMT}	INFO	[jepsen worker 2] jepsen.util: 2	:invoke	:broadcast	62
2023-04-29 17:36:47,321{GMT}	INFO	[jepsen worker 2] jepsen.util: 2	:ok	:broadcast	62
2023-04-29 17:36:47,434{GMT}	INFO	[jepsen worker 3] jepsen.util: 3	:invoke	:read	nil
2023-04-29 17:36:47,435{GMT}	INFO	[jepsen worker 3] jepsen.util: 3	:ok	:read	[0 1 2 3 4 6 7 8 12 13 15 16 18 19 20 21 22 23 24 25 26 28 29 30 31 33 34 37 39 40 41 42 43 44 46 47 48 49 52 53 55 56 57 60 59]
2023-04-29 17:36:47,534{GMT}	INFO	[jepsen worker 4] jepsen.util: 4	:invoke	:broadcast	63
2023-04-29 17:36:47,536{GMT}	INFO	[jepsen worker 4] jepsen.util: 4	:ok	:broadcast	63
2023-04-29 17:36:47,731{GMT}	INFO	[jepsen worker 0] jepsen.util: 0	:invoke	:broadcast	64
2023-04-29 17:36:47,733{GMT}	INFO	[jepsen worker 0] jepsen.util: 0	:ok	:broadcast	64
2023-04-29 17:36:47,895{GMT}	INFO	[jepsen worker 0] jepsen.util: 0	:invoke	:read	nil
2023-04-29 17:36:47,896{GMT}	INFO	[jepsen worker 0] jepsen.util: 0	:ok	:read	[0 2 4 6 8 10 12 13 14 15 16 17 18 19 21 23 24 26 27 28 29 30 31 32 33 34 35 40 41 42 43 44 46 48 49 50 53 54 55 57 58 60 61 64]
2023-04-29 17:36:47,973{GMT}	INFO	[jepsen worker 1] jepsen.util: 1	:invoke	:read	nil
2023-04-29 17:36:47,975{GMT}	INFO	[jepsen worker 1] jepsen.util: 1	:ok	:read	[1 2 3 4 5 7 8 9 10 11 12 13 14 16 17 20 21 22 23 25 26 27 28 29 31 32 33 34 35 36 37 38 39 40 41 43 44 45 47 49 50 51 52 53 54 56 57 58 59 60 61 62 63 64]
2023-04-29 17:36:48,108{GMT}	INFO	[jepsen worker 2] jepsen.util: 2	:invoke	:read	nil
2023-04-29 17:36:48,110{GMT}	INFO	[jepsen worker 2] jepsen.util: 2	:ok	:read	[5 9 10 11 14 17 27 32 35 36 38 45 50 51 54 58 61 62]
2023-04-29 17:36:48,231{GMT}	INFO	[jepsen worker 3] jepsen.util: 3	:invoke	:read	nil
2023-04-29 17:36:48,233{GMT}	INFO	[jepsen worker 3] jepsen.util: 3	:ok	:read	[0 1 2 3 4 6 7 8 12 13 15 16 18 19 20 21 22 23 24 25 26 28 29 30 31 33 34 37 39 40 41 42 43 44 46 47 48 49 52 53 55 56 57 60 59 63 64]
2023-04-29 17:36:48,258{GMT}	INFO	[jepsen worker 4] jepsen.util: 4	:invoke	:broadcast	65
2023-04-29 17:36:48,259{GMT}	INFO	[jepsen worker 4] jepsen.util: 4	:ok	:broadcast	65
2023-04-29 17:36:48,336{GMT}	INFO	[jepsen worker 0] jepsen.util: 0	:invoke	:read	nil
2023-04-29 17:36:48,337{GMT}	INFO	[jepsen worker 0] jepsen.util: 0	:ok	:read	[0 2 4 6 8 10 12 13 14 15 16 17 18 19 21 23 24 26 27 28 29 30 31 32 33 34 35 40 41 42 43 44 46 48 49 50 53 54 55 57 58 60 61 64]
2023-04-29 17:36:48,429{GMT}	INFO	[jepsen worker 0] jepsen.util: 0	:invoke	:broadcast	66
2023-04-29 17:36:48,430{GMT}	INFO	[jepsen worker 0] jepsen.util: 0	:ok	:broadcast	66
2023-04-29 17:36:48,463{GMT}	INFO	[jepsen worker 1] jepsen.util: 1	:invoke	:read	nil
2023-04-29 17:36:48,464{GMT}	INFO	[jepsen worker 1] jepsen.util: 1	:ok	:read	[1 2 3 4 5 7 8 9 10 11 12 13 14 16 17 20 21 22 23 25 26 27 28 29 31 32 33 34 35 36 37 38 39 40 41 43 44 45 47 49 50 51 52 53 54 56 57 58 59 60 61 62 63 64 65 66]
2023-04-29 17:36:48,516{GMT}	INFO	[jepsen worker 2] jepsen.util: 2	:invoke	:broadcast	67
2023-04-29 17:36:48,517{GMT}	INFO	[jepsen worker 2] jepsen.util: 2	:ok	:broadcast	67
2023-04-29 17:36:48,561{GMT}	INFO	[jepsen worker 3] jepsen.util: 3	:invoke	:broadcast	68
2023-04-29 17:36:48,561{GMT}	INFO	[jepsen worker 3] jepsen.util: 3	:ok	:broadcast	68
2023-04-29 17:36:48,713{GMT}	INFO	[jepsen worker 4] jepsen.util: 4	:invoke	:read	nil
2023-04-29 17:36:48,714{GMT}	INFO	[jepsen worker 4] jepsen.util: 4	:ok	:read	[0 1 3 6 7 10 14 15 17 18 19 20 22 24 25 27 30 32 35 37 39 42 46 47 48 50 52 54 55 56 58 59 61 63 65 68]
2023-04-29 17:36:48,826{GMT}	INFO	[jepsen worker 0] jepsen.util: 0	:invoke	:read	nil
2023-04-29 17:36:48,830{GMT}	INFO	[jepsen worker 0] jepsen.util: 0	:ok	:read	[0 2 4 6 8 10 12 13 14 15 16 17 18 19 21 23 24 26 27 28 29 30 31 32 33 34 35 40 41 42 43 44 46 48 49 50 53 54 55 57 58 60 61 64 66 68]
2023-04-29 17:36:48,905{GMT}	INFO	[jepsen worker 0] jepsen.util: 0	:invoke	:read	nil
2023-04-29 17:36:48,906{GMT}	INFO	[jepsen worker 0] jepsen.util: 0	:ok	:read	[0 2 4 6 8 10 12 13 14 15 16 17 18 19 21 23 24 26 27 28 29 30 31 32 33 34 35 40 41 42 43 44 46 48 49 50 53 54 55 57 58 60 61 64 66 68]
2023-04-29 17:36:48,983{GMT}	INFO	[jepsen worker 1] jepsen.util: 1	:invoke	:read	nil
2023-04-29 17:36:48,984{GMT}	INFO	[jepsen worker 1] jepsen.util: 1	:ok	:read	[1 2 3 4 5 7 8 9 10 11 12 13 14 16 17 20 21 22 23 25 26 27 28 29 31 32 33 34 35 36 37 38 39 40 41 43 44 45 47 49 50 51 52 53 54 56 57 58 59 60 61 62 63 64 65 66 67]
2023-04-29 17:36:49,030{GMT}	INFO	[jepsen worker 2] jepsen.util: 2	:invoke	:read	nil
2023-04-29 17:36:49,030{GMT}	INFO	[jepsen worker 2] jepsen.util: 2	:ok	:read	[5 9 10 11 14 17 27 32 35 36 38 45 50 51 54 58 61 62 67]
2023-04-29 17:36:49,065{GMT}	INFO	[jepsen worker 3] jepsen.util: 3	:invoke	:broadcast	69
2023-04-29 17:36:49,066{GMT}	INFO	[jepsen worker 3] jepsen.util: 3	:ok	:broadcast	69
2023-04-29 17:36:49,234{GMT}	INFO	[jepsen worker 4] jepsen.util: 4	:invoke	:read	nil
2023-04-29 17:36:49,236{GMT}	INFO	[jepsen worker 4] jepsen.util: 4	:ok	:read	[0 1 3 6 7 10 14 15 17 18 19 20 22 24 25 27 30 32 35 37 39 42 46 47 48 50 52 54 55 56 58 59 61 63 65 68 69]
2023-04-29 17:36:49,416{GMT}	INFO	[jepsen worker 0] jepsen.util: 0	:invoke	:read	nil
2023-04-29 17:36:49,417{GMT}	INFO	[jepsen worker 0] jepsen.util: 0	:ok	:read	[0 2 4 6 8 10 12 13 14 15 16 17 18 19 21 23 24 26 27 28 29 30 31 32 33 34 35 40 41 42 43 44 46 48 49 50 53 54 55 57 58 60 61 64 66 68 69]
2023-04-29 17:36:49,522{GMT}	INFO	[jepsen worker 0] jepsen.util: 0	:invoke	:broadcast	70
2023-04-29 17:36:49,523{GMT}	INFO	[jepsen worker 0] jepsen.util: 0	:ok	:broadcast	70
2023-04-29 17:36:49,649{GMT}	INFO	[jepsen worker 1] jepsen.util: 1	:invoke	:read	nil
2023-04-29 17:36:49,651{GMT}	INFO	[jepsen worker 1] jepsen.util: 1	:ok	:read	[1 2 3 4 5 7 8 9 10 11 12 13 14 16 17 20 21 22 23 25 26 27 28 29 31 32 33 34 35 36 37 38 39 40 41 43 44 45 47 49 50 51 52 53 54 56 57 58 59 60 61 62 63 64 65 66 67 70]
2023-04-29 17:36:49,755{GMT}	INFO	[jepsen worker 2] jepsen.util: 2	:invoke	:broadcast	71
2023-04-29 17:36:49,756{GMT}	INFO	[jepsen worker 2] jepsen.util: 2	:ok	:broadcast	71
2023-04-29 17:36:49,930{GMT}	INFO	[jepsen worker 3] jepsen.util: 3	:invoke	:broadcast	72
2023-04-29 17:36:49,931{GMT}	INFO	[jepsen worker 3] jepsen.util: 3	:ok	:broadcast	72
2023-04-29 17:36:50,031{GMT}	INFO	[jepsen worker 4] jepsen.util: 4	:invoke	:read	nil
2023-04-29 17:36:50,031{GMT}	INFO	[jepsen worker 4] jepsen.util: 4	:ok	:read	[0 1 3 6 7 10 14 15 17 18 19 20 22 24 25 27 30 32 35 37 39 42 46 47 48 50 52 54 55 56 58 59 61 63 65 68 69 72]
2023-04-29 17:36:50,068{GMT}	INFO	[jepsen worker 0] jepsen.util: 0	:invoke	:read	nil
2023-04-29 17:36:50,069{GMT}	INFO	[jepsen worker 0] jepsen.util: 0	:ok	:read	[0 2 4 6 8 10 12 13 14 15 16 17 18 19 21 23 24 26 27 28 29 30 31 32 33 34 35 40 41 42 43 44 46 48 49 50 53 54 55 57 58 60 61 64 66 68 69 70 72]
2023-04-29 17:36:50,251{GMT}	INFO	[jepsen worker 0] jepsen.util: 0	:invoke	:read	nil
2023-04-29 17:36:50,252{GMT}	INFO	[jepsen worker 0] jepsen.util: 0	:ok	:read	[0 2 4 6 8 10 12 13 14 15 16 17 18 19 21 23 24 26 27 28 29 30 31 32 33 34 35 40 41 42 43 44 46 48 49 50 53 54 55 57 58 60 61 64 66 68 69 70 72]
2023-04-29 17:36:50,383{GMT}	INFO	[jepsen worker 1] jepsen.util: 1	:invoke	:broadcast	73
2023-04-29 17:36:50,384{GMT}	INFO	[jepsen worker 1] jepsen.util: 1	:ok	:broadcast	73
2023-04-29 17:36:50,583{GMT}	INFO	[jepsen worker 2] jepsen.util: 2	:invoke	:read	nil
2023-04-29 17:36:50,584{GMT}	INFO	[jepsen worker 2] jepsen.util: 2	:ok	:read	[5 9 10 11 14 17 27 32 35 36 38 45 50 51 54 58 61 62 67 71 73]
2023-04-29 17:36:50,776{GMT}	INFO	[jepsen worker 3] jepsen.util: 3	:invoke	:read	nil
2023-04-29 17:36:50,778{GMT}	INFO	[jepsen worker 3] jepsen.util: 3	:ok	:read	[0 1 2 3 4 6 7 8 12 13 15 16 18 19 20 21 22 23 24 25 26 28 29 30 31 33 34 37 39 40 41 42 43 44 46 47 48 49 52 53 55 56 57 60 59 63 64 65 66 68 69 70 72]
2023-04-29 17:36:50,896{GMT}	INFO	[jepsen worker 4] jepsen.util: 4	:invoke	:read	nil
2023-04-29 17:36:50,898{GMT}	INFO	[jepsen worker 4] jepsen.util: 4	:ok	:read	[0 1 3 6 7 10 14 15 17 18 19 20 22 24 25 27 30 32 35 37 39 42 46 47 48 50 52 54 55 56 58 59 61 63 65 68 69 72 73]
2023-04-29 17:36:51,037{GMT}	INFO	[jepsen worker 0] jepsen.util: 0	:invoke	:broadcast	74
2023-04-29 17:36:51,038{GMT}	INFO	[jepsen worker 0] jepsen.util: 0	:ok	:broadcast	74
2023-04-29 17:36:51,224{GMT}	INFO	[jepsen worker 0] jepsen.util: 0	:invoke	:broadcast	75
2023-04-29 17:36:51,226{GMT}	INFO	[jepsen worker 0] jepsen.util: 0	:ok	:broadcast	75
2023-04-29 17:36:51,395{GMT}	INFO	[jepsen worker 1] jepsen.util: 1	:invoke	:broadcast	76
2023-04-29 17:36:51,396{GMT}	INFO	[jepsen worker 1] jepsen.util: 1	:ok	:broadcast	76
2023-04-29 17:36:51,585{GMT}	INFO	[jepsen worker 2] jepsen.util: 2	:invoke	:read	nil
2023-04-29 17:36:51,587{GMT}	INFO	[jepsen worker 2] jepsen.util: 2	:ok	:read	[5 9 10 11 14 17 27 32 35 36 38 45 50 51 54 58 61 62 67 71 73 76]
2023-04-29 17:36:51,713{GMT}	INFO	[jepsen worker 3] jepsen.util: 3	:invoke	:broadcast	77
2023-04-29 17:36:51,714{GMT}	INFO	[jepsen worker 3] jepsen.util: 3	:ok	:broadcast	77
2023-04-29 17:36:51,885{GMT}	INFO	[jepsen worker 4] jepsen.util: 4	:invoke	:broadcast	78
2023-04-29 17:36:51,887{GMT}	INFO	[jepsen worker 4] jepsen.util: 4	:ok	:broadcast	78
2023-04-29 17:36:51,913{GMT}	INFO	[jepsen worker 0] jepsen.util: 0	:invoke	:broadcast	79
2023-04-29 17:36:51,913{GMT}	INFO	[jepsen worker 0] jepsen.util: 0	:ok	:broadcast	79
2023-04-29 17:36:52,109{GMT}	INFO	[jepsen worker 0] jepsen.util: 0	:invoke	:broadcast	80
2023-04-29 17:36:52,110{GMT}	INFO	[jepsen worker 0] jepsen.util: 0	:ok	:broadcast	80
2023-04-29 17:36:52,245{GMT}	INFO	[jepsen worker 1] jepsen.util: 1	:invoke	:read	nil
2023-04-29 17:36:52,247{GMT}	INFO	[jepsen worker 1] jepsen.util: 1	:ok	:read	[1 2 3 4 5 7 8 9 10 11 12 13 14 16 17 20 21 22 23 25 26 27 28 29 31 32 33 34 35 36 37 38 39 40 41 43 44 45 47 49 50 51 52 53 54 56 57 58 59 60 61 62 63 64 65 66 67 70 71 73 74 75 76 78 79 80]
2023-04-29 17:36:52,282{GMT}	INFO	[jepsen worker 2] jepsen.util: 2	:invoke	:read	nil
2023-04-29 17:36:52,283{GMT}	INFO	[jepsen worker 2] jepsen.util: 2	:ok	:read	[5 9 10 11 14 17 27 32 35 36 38 45 50 51 54 58 61 62 67 71 73 76]
2023-04-29 17:36:52,315{GMT}	INFO	[jepsen worker 3] jepsen.util: 3	:invoke	:broadcast	81
2023-04-29 17:36:52,316{GMT}	INFO	[jepsen worker 3] jepsen.util: 3	:ok	:broadcast	81
2023-04-29 17:36:52,491{GMT}	INFO	[jepsen worker 4] jepsen.util: 4	:invoke	:broadcast	82
2023-04-29 17:36:52,493{GMT}	INFO	[jepsen worker 4] jepsen.util: 4	:ok	:broadcast	82
2023-04-29 17:36:52,625{GMT}	INFO	[jepsen worker 0] jepsen.util: 0	:invoke	:broadcast	83
2023-04-29 17:36:52,626{GMT}	INFO	[jepsen worker 0] jepsen.util: 0	:ok	:broadcast	83
2023-04-29 17:36:52,667{GMT}	INFO	[jepsen worker 0] jepsen.util: 0	:invoke	:broadcast	84
2023-04-29 17:36:52,668{GMT}	INFO	[jepsen worker 0] jepsen.util: 0	:ok	:broadcast	84
2023-04-29 17:36:52,808{GMT}	INFO	[jepsen worker 1] jepsen.util: 1	:invoke	:broadcast	85
2023-04-29 17:36:52,810{GMT}	INFO	[jepsen worker 1] jepsen.util: 1	:ok	:broadcast	85
2023-04-29 17:36:52,813{GMT}	INFO	[jepsen worker 2] jepsen.generator.interpreter: Waiting for recovery...
2023-04-29 17:37:02,817{GMT}	INFO	[jepsen worker 0] jepsen.util: 0	:invoke	:read	nil
2023-04-29 17:37:02,817{GMT}	INFO	[jepsen worker 4] jepsen.util: 4	:invoke	:read	nil
2023-04-29 17:37:02,817{GMT}	INFO	[jepsen worker 2] jepsen.util: 2	:invoke	:read	nil
2023-04-29 17:37:02,818{GMT}	INFO	[jepsen worker 3] jepsen.util: 3	:invoke	:read	nil
2023-04-29 17:37:02,818{GMT}	INFO	[jepsen worker 1] jepsen.util: 1	:invoke	:read	nil
2023-04-29 17:37:02,819{GMT}	INFO	[jepsen worker 1] jepsen.util: 1	:ok	:read	[1 2 3 4 5 7 8 9 10 11 12 13 14 16 17 20 21 22 23 25 26 27 28 29 31 32 33 34 35 36 37 38 39 40 41 43 44 45 47 49 50 51 52 53 54 56 57 58 59 60 61 62 63 64 65 66 67 70 71 73 74 75 76 78 79 80 82 83 84 85]
2023-04-29 17:37:02,820{GMT}	INFO	[jepsen worker 4] jepsen.util: 4	:ok	:read	[0 1 3 6 7 10 14 15 17 18 19 20 22 24 25 27 30 32 35 37 39 42 46 47 48 50 52 54 55 56 58 59 61 63 65 68 69 72 73 76 77 78 81 82 85]
2023-04-29 17:37:02,820{GMT}	INFO	[jepsen worker 0] jepsen.util: 0	:ok	:read	[0 2 4 6 8 10 12 13 14 15 16 17 18 19 21 23 24 26 27 28 29 30 31 32 33 34 35 40 41 42 43 44 46 48 49 50 53 54 55 57 58 60 61 64 66 68 69 70 72 73 74 75 76 77 79 80 81 83 84 85]
2023-04-29 17:37:02,820{GMT}	INFO	[jepsen worker 2] jepsen.util: 2	:ok	:read	[5 9 10 11 14 17 27 32 35 36 38 45 50 51 54 58 61 62 67 71 73 76 85]
2023-04-29 17:37:02,820{GMT}	INFO	[jepsen worker 3] jepsen.util: 3	:ok	:read	[0 1 2 3 4 6 7 8 12 13 15 16 18 19 20 21 22 23 24 25 26 28 29 30 31 33 34 37 39 40 41 42 43 44 46 47 48 49 52 53 55 56 57 60 59 63 64 65 66 68 69 70 72 74 75 77 78 79 80 81 82 83 84]
2023-04-29 17:37:02,847{GMT}	INFO	[jepsen test runner] jepsen.core: Run complete, writing
2023-04-29 17:37:02,883{GMT}	INFO	[jepsen node n0] maelstrom.db: Tearing down n0
2023-04-29 17:37:02,883{GMT}	INFO	[jepsen node n1] maelstrom.db: Tearing down n1
2023-04-29 17:37:02,883{GMT}	INFO	[jepsen node n3] maelstrom.db: Tearing down n3
2023-04-29 17:37:02,883{GMT}	INFO	[jepsen node n2] maelstrom.db: Tearing down n2
2023-04-29 17:37:02,883{GMT}	INFO	[jepsen node n4] maelstrom.db: Tearing down n4
2023-04-29 17:37:04,338{GMT}	INFO	[jepsen node n0] maelstrom.net: Shutting down Maelstrom network
2023-04-29 17:37:04,344{GMT}	INFO	[jepsen test runner] jepsen.core: Analyzing...
2023-04-29 17:37:04,596{GMT}	INFO	[jepsen test runner] jepsen.core: Analysis complete
2023-04-29 17:37:04,610{GMT}	INFO	[jepsen results] jepsen.store: Wrote /Users/lftm/Odin/Server/Glomers/broadcast03/golang/store/broadcast/20230429T173631.294-0300/results.edn
2023-04-29 17:37:04,627{GMT}	INFO	[jepsen test runner] jepsen.core: {:perf {:latency-graph {:valid? true},
        :rate-graph {:valid? true},
        :valid? true},
 :timeline {:valid? true},
 :exceptions {:valid? true},
 :stats {:valid? true,
         :count 199,
         :ok-count 199,
         :fail-count 0,
         :info-count 0,
         :by-f {:broadcast {:valid? true,
                            :count 86,
                            :ok-count 86,
                            :fail-count 0,
                            :info-count 0},
                :read {:valid? true,
                       :count 113,
                       :ok-count 113,
                       :fail-count 0,
                       :info-count 0}}},
 :availability {:valid? true, :ok-fraction 1.0},
 :net {:all {:send-count 593,
             :recv-count 593,
             :msg-count 593,
             :msgs-per-op 2.9798994},
       :clients {:send-count 418, :recv-count 418, :msg-count 418},
       :servers {:send-count 175,
                 :recv-count 175,
                 :msg-count 175,
                 :msgs-per-op 0.879397},
       :valid? true},
 :workload {:worst-stale ({:element 1,
                           :outcome :stable,
                           :stable-latency 29114,
                           :lost-latency nil,
                           :known #jepsen.history.Op{:index 21,
                                                     :time 910232084,
                                                     :type :ok,
                                                     :process 4,
                                                     :f :add,
                                                     :value 1},
                           :last-absent #jepsen.history.Op{:index 390,
                                                           :time 30024963125,
                                                           :type :invoke,
                                                           :process 2,
                                                           :f :read,
                                                           :value nil,
                                                           :final? true}}
                          {:element 2,
                           :outcome :stable,
                           :stable-latency 28945,
                           :lost-latency nil,
                           :known #jepsen.history.Op{:index 25,
                                                     :time 1079089625,
                                                     :type :ok,
                                                     :process 0,
                                                     :f :add,
                                                     :value 2},
                           :last-absent #jepsen.history.Op{:index 390,
                                                           :time 30024963125,
                                                           :type :invoke,
                                                           :process 2,
                                                           :f :read,
                                                           :value nil,
                                                           :final? true}}
                          {:element 3,
                           :outcome :stable,
                           :stable-latency 28003,
                           :lost-latency nil,
                           :known #jepsen.history.Op{:index 45,
                                                     :time 2021004459,
                                                     :type :ok,
                                                     :process 4,
                                                     :f :add,
                                                     :value 3},
                           :last-absent #jepsen.history.Op{:index 390,
                                                           :time 30024963125,
                                                           :type :invoke,
                                                           :process 2,
                                                           :f :read,
                                                           :value nil,
                                                           :final? true}}
                          {:element 4,
                           :outcome :stable,
                           :stable-latency 27949,
                           :lost-latency nil,
                           :known #jepsen.history.Op{:index 47,
                                                     :time 2075166375,
                                                     :type :ok,
                                                     :process 0,
                                                     :f :add,
                                                     :value 4},
                           :last-absent #jepsen.history.Op{:index 390,
                                                           :time 30024963125,
                                                           :type :invoke,
                                                           :process 2,
                                                           :f :read,
                                                           :value nil,
                                                           :final? true}}
                          {:element 5,
                           :outcome :stable,
                           :stable-latency 27428,
                           :lost-latency nil,
                           :known #jepsen.history.Op{:index 53,
                                                     :time 2596300209,
                                                     :type :ok,
                                                     :process 2,
                                                     :f :add,
                                                     :value 5},
                           :last-absent #jepsen.history.Op{:index 391,
                                                           :time 30025129459,
                                                           :type :invoke,
                                                           :process 3,
                                                           :f :read,
                                                           :value nil,
                                                           :final? true}}
                          {:element 7,
                           :outcome :stable,
                           :stable-latency 27356,
                           :lost-latency nil,
                           :known #jepsen.history.Op{:index 57,
                                                     :time 2668793125,
                                                     :type :ok,
                                                     :process 4,
                                                     :f :add,
                                                     :value 7},
                           :last-absent #jepsen.history.Op{:index 390,
                                                           :time 30024963125,
                                                           :type :invoke,
                                                           :process 2,
                                                           :f :read,
                                                           :value nil,
                                                           :final? true}}
                          {:element 8,
                           :outcome :stable,
                           :stable-latency 27203,
                           :lost-latency nil,
                           :known #jepsen.history.Op{:index 61,
                                                     :time 2821290750,
                                                     :type :ok,
                                                     :process 0,
                                                     :f :add,
                                                     :value 8},
                           :last-absent #jepsen.history.Op{:index 390,
                                                           :time 30024963125,
                                                           :type :invoke,
                                                           :process 2,
                                                           :f :read,
                                                           :value nil,
                                                           :final? true}}
                          {:element 9,
                           :outcome :stable,
                           :stable-latency 26950,
                           :lost-latency nil,
                           :known #jepsen.history.Op{:index 65,
                                                     :time 3074375084,
                                                     :type :ok,
                                                     :process 2,
                                                     :f :add,
                                                     :value 9},
                           :last-absent #jepsen.history.Op{:index 391,
                                                           :time 30025129459,
                                                           :type :invoke,
                                                           :process 3,
                                                           :f :read,
                                                           :value nil,
                                                           :final? true}}),
            :duplicated-count 0,
            :valid? false,
            :lost-count 16,
            :lost (0 6 15 18 19 24 30 42 46 48 55 68 69 72 77 81),
            :stable-count 70,
            :stale-count 70,
            :stale (1
                    2
                    3
                    4
                    5
                    7
                    8
                    9
                    10
                    11
                    12
                    13
                    14
                    16
                    17
                    20
                    21
                    22
                    23
                    25
                    26
                    27
                    28
                    29
                    31
                    32
                    33
                    34
                    35
                    36
                    37
                    38
                    39
                    40
                    41
                    43
                    44
                    45
                    47
                    49
                    50
                    51
                    52
                    53
                    54
                    56
                    57
                    58
                    59
                    60
                    61
                    62
                    63
                    64
                    65
                    66
                    67
                    70
                    71
                    73
                    74
                    75
                    76
                    78
                    79
                    80
                    82
                    83
                    84
                    85),
            :never-read-count 0,
            :stable-latencies {0 10007,
                               0.5 19853,
                               0.95 27949,
                               0.99 29114,
                               1 29114},
            :attempt-count 86,
            :lost-latencies {0 10502,
                             0.5 19575,
                             0.95 29205,
                             0.99 29205,
                             1 29205},
            :never-read (),
            :duplicated {}},
 :valid? false}


Analysis invalid! ( 
