2023-04-29 17:30:22,535{GMT}	INFO	[jepsen test runner] jepsen.core: Test version 16d8edfad7fa9fe2a77b222c22b10b195885b3a8 (plus uncommitted changes)
2023-04-29 17:30:22,535{GMT}	INFO	[jepsen test runner] jepsen.core: Command line:
lein run test -w broadcast --bin ./broadcast --node-count 5 --time-limit 20 --rate 10
2023-04-29 17:30:22,581{GMT}	INFO	[jepsen test runner] jepsen.core: Running test:
{:args []
 :remote
 #jepsen.control.retry.Remote{:remote #jepsen.control.scp.Remote{:cmd-remote #jepsen.control.sshj.SSHJRemote{:concurrency-limit 6,
                                                                                                             :conn-spec nil,
                                                                                                             :client nil,
                                                                                                             :semaphore nil},
                                                                 :conn-spec nil},
                              :conn nil}
 :log-net-send false
 :node-count 5
 :availability nil
 :max-txn-length 4
 :concurrency 5
 :db
 #object[maelstrom.db$db$reify__16142
         "0x78167"
         "maelstrom.db$db$reify__16142@78167"]
 :max-writes-per-key 16
 :leave-db-running? false
 :name "broadcast"
 :logging-json? false
 :start-time
 #object[org.joda.time.DateTime "0x469caf69" "2023-04-29T17:30:22.507-03:00"]
 :nemesis-interval 10
 :net
 #object[maelstrom.net$jepsen_net$reify__15251
         "0x5e05064b"
         "maelstrom.net$jepsen_net$reify__15251@5e05064b"]
 :client
 #object[maelstrom.workload.broadcast$client$reify__16644
         "0x527e6bd3"
         "maelstrom.workload.broadcast$client$reify__16644@527e6bd3"]
 :barrier
 #object[java.util.concurrent.CyclicBarrier
         "0x4867e76b"
         "java.util.concurrent.CyclicBarrier@4867e76b"]
 :log-stderr false
 :pure-generators true
 :ssh {:dummy? true}
 :rate 10.0
 :checker
 #object[jepsen.checker$compose$reify__11881
         "0x6ba3eee9"
         "jepsen.checker$compose$reify__11881@6ba3eee9"]
 :argv
 ("test"
  "-w"
  "broadcast"
  "--bin"
  "./broadcast"
  "--node-count"
  "5"
  "--time-limit"
  "20"
  "--rate"
  "10")
 :nemesis
 (jepsen.nemesis.ReflCompose
  {:fm {:start-partition 0,
        :stop-partition 0,
        :kill 1,
        :start 1,
        :pause 1,
        :resume 1},
   :nemeses [#unprintable "jepsen.nemesis.combined$partition_nemesis$reify__16416@1d628a88"
             #unprintable "jepsen.nemesis.combined$db_nemesis$reify__16397@3c634a04"]})
 :nodes ["n0" "n1" "n2" "n3" "n4"]
 :test-count 1
 :latency {:mean 0, :dist :constant}
 :bin "./broadcast"
 :generator
 ((jepsen.generator.Synchronize
   {:gen (jepsen.generator.TimeLimit
          {:limit 20000000000,
           :cutoff nil,
           :gen (jepsen.generator.Any
                 {:gens [(jepsen.generator.OnThreads
                          {:f #{:nemesis},
                           :context-filter #object[jepsen.generator.context$make_thread_filter$lazy_filter__9167
                                                   "0x3b42d7df"
                                                   "jepsen.generator.context$make_thread_filter$lazy_filter__9167@3b42d7df"],
                           :gen nil})
                         (jepsen.generator.OnThreads
                          {:f #jepsen.generator.context.AllBut{:element :nemesis},
                           :context-filter #object[jepsen.generator.context$make_thread_filter$lazy_filter__9167
                                                   "0x1660bba7"
                                                   "jepsen.generator.context$make_thread_filter$lazy_filter__9167@1660bba7"],
                           :gen (jepsen.generator.Stagger
                                 {:dt 200000000,
                                  :next-time nil,
                                  :gen (jepsen.generator.Mix
                                        {:i 0,
                                         :gens [({:f :broadcast, :value 0}
                                                 {:f :broadcast, :value 1}
                                                 {:f :broadcast, :value 2}
                                                 {:f :broadcast, :value 3}
                                                 {:f :broadcast, :value 4}
                                                 {:f :broadcast, :value 5}
                                                 {:f :broadcast, :value 6}
                                                 {:f :broadcast, :value 7}
                                                 ...)
                                                ({:f :read}
                                                 {:f :read}
                                                 {:f :read}
                                                 {:f :read}
                                                 {:f :read}
                                                 {:f :read}
                                                 {:f :read}
                                                 {:f :read}
                                                 ...)]})})})]})})})
  (jepsen.generator.Synchronize
   {:gen (jepsen.generator.OnThreads
          {:f #{:nemesis},
           :context-filter #object[jepsen.generator.context$make_thread_filter$lazy_filter__9167
                                   "0x49e3b86b"
                                   "jepsen.generator.context$make_thread_filter$lazy_filter__9167@49e3b86b"],
           :gen ()})})
  (jepsen.generator.Synchronize
   {:gen {:type :log, :value "Waiting for recovery..."}})
  (jepsen.generator.Synchronize {:gen {:type :sleep, :value 10}})
  (jepsen.generator.Synchronize
   {:gen (jepsen.generator.OnThreads
          {:f #jepsen.generator.context.AllBut{:element :nemesis},
           :context-filter #object[jepsen.generator.context$make_thread_filter$lazy_filter__9167
                                   "0x64b262a7"
                                   "jepsen.generator.context$make_thread_filter$lazy_filter__9167@64b262a7"],
           :gen (jepsen.generator.EachThread
                 {:fresh-gen {:f :read, :final? true},
                  :context-filters #object[clojure.core$promise$reify__8591
                                           "0x771c4015"
                                           {:status :pending, :val nil}],
                  :gens {}})})}))
 :log-net-recv false
 :os
 #object[maelstrom.net$jepsen_os$reify__15254
         "0x34d776eb"
         "maelstrom.net$jepsen_os$reify__15254@34d776eb"]
 :time-limit 20
 :workload :broadcast
 :consistency-models [:strict-serializable]
 :topology :grid}

2023-04-29 17:30:23,415{GMT}	INFO	[jepsen node n0] maelstrom.net: Starting Maelstrom network
2023-04-29 17:30:23,415{GMT}	INFO	[jepsen test runner] jepsen.db: Tearing down DB
2023-04-29 17:30:23,417{GMT}	INFO	[jepsen test runner] jepsen.db: Setting up DB
2023-04-29 17:30:23,418{GMT}	INFO	[jepsen node n1] maelstrom.db: Setting up n1
2023-04-29 17:30:23,418{GMT}	INFO	[jepsen node n2] maelstrom.db: Setting up n2
2023-04-29 17:30:23,418{GMT}	INFO	[jepsen node n3] maelstrom.db: Setting up n3
2023-04-29 17:30:23,418{GMT}	INFO	[jepsen node n2] maelstrom.process: launching ./broadcast []
2023-04-29 17:30:23,418{GMT}	INFO	[jepsen node n1] maelstrom.process: launching ./broadcast []
2023-04-29 17:30:23,419{GMT}	INFO	[jepsen node n0] maelstrom.service: Starting services: (lin-kv lin-tso lww-kv seq-kv)
2023-04-29 17:30:23,419{GMT}	INFO	[jepsen node n3] maelstrom.process: launching ./broadcast []
2023-04-29 17:30:23,419{GMT}	INFO	[jepsen node n4] maelstrom.db: Setting up n4
2023-04-29 17:30:23,420{GMT}	INFO	[jepsen node n4] maelstrom.process: launching ./broadcast []
2023-04-29 17:30:23,420{GMT}	INFO	[jepsen node n0] maelstrom.db: Setting up n0
2023-04-29 17:30:23,420{GMT}	INFO	[jepsen node n0] maelstrom.process: launching ./broadcast []
2023-04-29 17:30:23,958{GMT}	INFO	[jepsen test runner] jepsen.core: Relative time begins now
2023-04-29 17:30:23,975{GMT}	INFO	[jepsen worker 0] jepsen.util: 0	:invoke	:broadcast	0
2023-04-29 17:30:23,978{GMT}	INFO	[jepsen worker 0] jepsen.util: 0	:ok	:broadcast	0
2023-04-29 17:30:24,161{GMT}	INFO	[jepsen worker 1] jepsen.util: 1	:invoke	:read	nil
2023-04-29 17:30:24,334{GMT}	INFO	[jepsen worker 2] jepsen.util: 2	:invoke	:read	nil
2023-04-29 17:30:24,339{GMT}	INFO	[jepsen worker 2] jepsen.util: 2	:ok	:read	[]
2023-04-29 17:30:24,477{GMT}	INFO	[jepsen worker 3] jepsen.util: 3	:invoke	:broadcast	1
2023-04-29 17:30:24,486{GMT}	INFO	[jepsen worker 4] jepsen.util: 4	:invoke	:broadcast	2
2023-04-29 17:30:24,489{GMT}	INFO	[jepsen worker 4] jepsen.util: 4	:ok	:broadcast	2
2023-04-29 17:30:24,589{GMT}	INFO	[jepsen worker 0] jepsen.util: 0	:invoke	:read	nil
2023-04-29 17:30:24,592{GMT}	INFO	[jepsen worker 0] jepsen.util: 0	:ok	:read	[0]
2023-04-29 17:30:24,640{GMT}	INFO	[jepsen worker 0] jepsen.util: 0	:invoke	:broadcast	3
2023-04-29 17:30:24,643{GMT}	INFO	[jepsen worker 0] jepsen.util: 0	:ok	:broadcast	3
2023-04-29 17:30:24,655{GMT}	INFO	[jepsen worker 2] jepsen.util: 2	:invoke	:read	nil
2023-04-29 17:30:24,659{GMT}	INFO	[jepsen worker 2] jepsen.util: 2	:ok	:read	[]
2023-04-29 17:30:24,675{GMT}	INFO	[jepsen worker 2] jepsen.util: 2	:invoke	:read	nil
2023-04-29 17:30:24,677{GMT}	INFO	[jepsen worker 2] jepsen.util: 2	:ok	:read	[]
2023-04-29 17:30:24,809{GMT}	INFO	[jepsen worker 4] jepsen.util: 4	:invoke	:broadcast	4
2023-04-29 17:30:24,812{GMT}	INFO	[jepsen worker 4] jepsen.util: 4	:ok	:broadcast	4
2023-04-29 17:30:24,838{GMT}	INFO	[jepsen worker 4] jepsen.util: 4	:invoke	:broadcast	5
2023-04-29 17:30:24,841{GMT}	INFO	[jepsen worker 4] jepsen.util: 4	:ok	:broadcast	5
2023-04-29 17:30:24,887{GMT}	INFO	[jepsen worker 0] jepsen.util: 0	:invoke	:read	nil
2023-04-29 17:30:24,889{GMT}	INFO	[jepsen worker 0] jepsen.util: 0	:ok	:read	[0 3]
2023-04-29 17:30:24,915{GMT}	INFO	[jepsen worker 0] jepsen.util: 0	:invoke	:broadcast	6
2023-04-29 17:30:24,922{GMT}	INFO	[jepsen worker 0] jepsen.util: 0	:ok	:broadcast	6
2023-04-29 17:30:24,926{GMT}	INFO	[jepsen worker 2] jepsen.util: 2	:invoke	:broadcast	7
2023-04-29 17:30:24,931{GMT}	INFO	[jepsen worker 2] jepsen.util: 2	:ok	:broadcast	7
2023-04-29 17:30:25,022{GMT}	INFO	[jepsen worker 2] jepsen.util: 2	:invoke	:read	nil
2023-04-29 17:30:25,024{GMT}	INFO	[jepsen worker 2] jepsen.util: 2	:ok	:read	[7]
2023-04-29 17:30:25,115{GMT}	INFO	[jepsen worker 4] jepsen.util: 4	:invoke	:read	nil
2023-04-29 17:30:25,120{GMT}	INFO	[jepsen worker 4] jepsen.util: 4	:ok	:read	[2 4 5]
2023-04-29 17:30:25,195{GMT}	INFO	[jepsen worker 4] jepsen.util: 4	:invoke	:broadcast	8
2023-04-29 17:30:25,197{GMT}	INFO	[jepsen worker 4] jepsen.util: 4	:ok	:broadcast	8
2023-04-29 17:30:25,280{GMT}	INFO	[jepsen worker 0] jepsen.util: 0	:invoke	:read	nil
2023-04-29 17:30:25,284{GMT}	INFO	[jepsen worker 0] jepsen.util: 0	:ok	:read	[0 3 6]
2023-04-29 17:30:25,440{GMT}	INFO	[jepsen worker 0] jepsen.util: 0	:invoke	:read	nil
2023-04-29 17:30:25,442{GMT}	INFO	[jepsen worker 0] jepsen.util: 0	:ok	:read	[0 3 6]
2023-04-29 17:30:25,529{GMT}	INFO	[jepsen worker 2] jepsen.util: 2	:invoke	:read	nil
2023-04-29 17:30:25,533{GMT}	INFO	[jepsen worker 2] jepsen.util: 2	:ok	:read	[7]
2023-04-29 17:30:25,668{GMT}	INFO	[jepsen worker 2] jepsen.util: 2	:invoke	:read	nil
2023-04-29 17:30:25,672{GMT}	INFO	[jepsen worker 2] jepsen.util: 2	:ok	:read	[7]
2023-04-29 17:30:25,735{GMT}	INFO	[jepsen worker 4] jepsen.util: 4	:invoke	:broadcast	9
2023-04-29 17:30:25,740{GMT}	INFO	[jepsen worker 4] jepsen.util: 4	:ok	:broadcast	9
2023-04-29 17:30:25,882{GMT}	INFO	[jepsen worker 4] jepsen.util: 4	:invoke	:read	nil
2023-04-29 17:30:25,885{GMT}	INFO	[jepsen worker 4] jepsen.util: 4	:ok	:read	[2 4 5 8 9]
2023-04-29 17:30:26,006{GMT}	INFO	[jepsen worker 0] jepsen.util: 0	:invoke	:read	nil
2023-04-29 17:30:26,009{GMT}	INFO	[jepsen worker 0] jepsen.util: 0	:ok	:read	[0 3 6]
2023-04-29 17:30:26,162{GMT}	INFO	[jepsen worker 0] jepsen.util: 0	:invoke	:read	nil
2023-04-29 17:30:26,166{GMT}	INFO	[jepsen worker 0] jepsen.util: 0	:ok	:read	[0 3 6]
2023-04-29 17:30:26,185{GMT}	INFO	[jepsen worker 2] jepsen.util: 2	:invoke	:read	nil
2023-04-29 17:30:26,189{GMT}	INFO	[jepsen worker 2] jepsen.util: 2	:ok	:read	[7]
2023-04-29 17:30:26,374{GMT}	INFO	[jepsen worker 2] jepsen.util: 2	:invoke	:read	nil
2023-04-29 17:30:26,375{GMT}	INFO	[jepsen worker 2] jepsen.util: 2	:ok	:read	[7]
2023-04-29 17:30:26,474{GMT}	INFO	[jepsen worker 4] jepsen.util: 4	:invoke	:read	nil
2023-04-29 17:30:26,477{GMT}	INFO	[jepsen worker 4] jepsen.util: 4	:ok	:read	[2 4 5 8 9]
2023-04-29 17:30:26,595{GMT}	INFO	[jepsen worker 4] jepsen.util: 4	:invoke	:broadcast	10
2023-04-29 17:30:26,598{GMT}	INFO	[jepsen worker 4] jepsen.util: 4	:ok	:broadcast	10
2023-04-29 17:30:26,635{GMT}	INFO	[jepsen worker 0] jepsen.util: 0	:invoke	:read	nil
2023-04-29 17:30:26,638{GMT}	INFO	[jepsen worker 0] jepsen.util: 0	:ok	:read	[0 3 6]
2023-04-29 17:30:26,716{GMT}	INFO	[jepsen worker 0] jepsen.util: 0	:invoke	:read	nil
2023-04-29 17:30:26,721{GMT}	INFO	[jepsen worker 0] jepsen.util: 0	:ok	:read	[0 3 6]
2023-04-29 17:30:26,763{GMT}	INFO	[jepsen worker 2] jepsen.util: 2	:invoke	:read	nil
2023-04-29 17:30:26,765{GMT}	INFO	[jepsen worker 2] jepsen.util: 2	:ok	:read	[7]
2023-04-29 17:30:26,934{GMT}	INFO	[jepsen worker 2] jepsen.util: 2	:invoke	:read	nil
2023-04-29 17:30:26,938{GMT}	INFO	[jepsen worker 2] jepsen.util: 2	:ok	:read	[7]
2023-04-29 17:30:27,060{GMT}	INFO	[jepsen worker 4] jepsen.util: 4	:invoke	:broadcast	11
2023-04-29 17:30:27,062{GMT}	INFO	[jepsen worker 4] jepsen.util: 4	:ok	:broadcast	11
2023-04-29 17:30:27,210{GMT}	INFO	[jepsen worker 4] jepsen.util: 4	:invoke	:read	nil
2023-04-29 17:30:27,212{GMT}	INFO	[jepsen worker 4] jepsen.util: 4	:ok	:read	[2 4 5 8 9 10 11]
2023-04-29 17:30:27,412{GMT}	INFO	[jepsen worker 0] jepsen.util: 0	:invoke	:broadcast	12
2023-04-29 17:30:27,416{GMT}	INFO	[jepsen worker 0] jepsen.util: 0	:ok	:broadcast	12
2023-04-29 17:30:27,508{GMT}	INFO	[jepsen worker 0] jepsen.util: 0	:invoke	:broadcast	13
2023-04-29 17:30:27,510{GMT}	INFO	[jepsen worker 0] jepsen.util: 0	:ok	:broadcast	13
2023-04-29 17:30:27,683{GMT}	INFO	[jepsen worker 2] jepsen.util: 2	:invoke	:broadcast	14
2023-04-29 17:30:27,688{GMT}	INFO	[jepsen worker 2] jepsen.util: 2	:ok	:broadcast	14
2023-04-29 17:30:27,721{GMT}	INFO	[jepsen worker 2] jepsen.util: 2	:invoke	:read	nil
2023-04-29 17:30:27,723{GMT}	INFO	[jepsen worker 2] jepsen.util: 2	:ok	:read	[7 14]
2023-04-29 17:30:27,902{GMT}	INFO	[jepsen worker 4] jepsen.util: 4	:invoke	:read	nil
2023-04-29 17:30:27,906{GMT}	INFO	[jepsen worker 4] jepsen.util: 4	:ok	:read	[2 4 5 8 9 10 11]
2023-04-29 17:30:28,040{GMT}	INFO	[jepsen worker 4] jepsen.util: 4	:invoke	:read	nil
2023-04-29 17:30:28,042{GMT}	INFO	[jepsen worker 4] jepsen.util: 4	:ok	:read	[2 4 5 8 9 10 11]
2023-04-29 17:30:28,112{GMT}	INFO	[jepsen worker 0] jepsen.util: 0	:invoke	:read	nil
2023-04-29 17:30:28,115{GMT}	INFO	[jepsen worker 0] jepsen.util: 0	:ok	:read	[0 3 6 12 13]
2023-04-29 17:30:28,172{GMT}	INFO	[jepsen worker 0] jepsen.util: 0	:invoke	:broadcast	15
2023-04-29 17:30:28,174{GMT}	INFO	[jepsen worker 0] jepsen.util: 0	:ok	:broadcast	15
2023-04-29 17:30:28,362{GMT}	INFO	[jepsen worker 2] jepsen.util: 2	:invoke	:broadcast	16
2023-04-29 17:30:28,366{GMT}	INFO	[jepsen worker 2] jepsen.util: 2	:ok	:broadcast	16
2023-04-29 17:30:28,481{GMT}	INFO	[jepsen worker 2] jepsen.util: 2	:invoke	:read	nil
2023-04-29 17:30:28,485{GMT}	INFO	[jepsen worker 2] jepsen.util: 2	:ok	:read	[7 14 16]
2023-04-29 17:30:28,655{GMT}	INFO	[jepsen worker 4] jepsen.util: 4	:invoke	:broadcast	17
2023-04-29 17:30:28,657{GMT}	INFO	[jepsen worker 4] jepsen.util: 4	:ok	:broadcast	17
2023-04-29 17:30:28,731{GMT}	INFO	[jepsen worker 4] jepsen.util: 4	:invoke	:read	nil
2023-04-29 17:30:28,737{GMT}	INFO	[jepsen worker 4] jepsen.util: 4	:ok	:read	[2 4 5 8 9 10 11 17]
2023-04-29 17:30:28,764{GMT}	INFO	[jepsen worker 0] jepsen.util: 0	:invoke	:broadcast	18
2023-04-29 17:30:28,769{GMT}	INFO	[jepsen worker 0] jepsen.util: 0	:ok	:broadcast	18
2023-04-29 17:30:28,909{GMT}	INFO	[jepsen worker 0] jepsen.util: 0	:invoke	:broadcast	19
2023-04-29 17:30:28,911{GMT}	INFO	[jepsen worker 0] jepsen.util: 0	:ok	:broadcast	19
2023-04-29 17:30:29,068{GMT}	INFO	[jepsen worker 2] jepsen.util: 2	:invoke	:read	nil
2023-04-29 17:30:29,070{GMT}	INFO	[jepsen worker 2] jepsen.util: 2	:ok	:read	[7 14 16]
2023-04-29 17:30:29,166{GMT}	INFO	[jepsen worker 1] jepsen.util: 1	:fail	:read	nil	:net-timeout
2023-04-29 17:30:29,218{GMT}	INFO	[jepsen worker 2] jepsen.util: 2	:invoke	:read	nil
2023-04-29 17:30:29,221{GMT}	INFO	[jepsen worker 2] jepsen.util: 2	:ok	:read	[7 14 16]
2023-04-29 17:30:29,343{GMT}	INFO	[jepsen worker 4] jepsen.util: 4	:invoke	:broadcast	20
2023-04-29 17:30:29,345{GMT}	INFO	[jepsen worker 4] jepsen.util: 4	:ok	:broadcast	20
2023-04-29 17:30:29,486{GMT}	INFO	[jepsen worker 3] jepsen.util: 3	:info	:broadcast	1	:net-timeout
2023-04-29 17:30:29,545{GMT}	INFO	[jepsen worker 4] jepsen.util: 4	:invoke	:read	nil
2023-04-29 17:30:29,547{GMT}	INFO	[jepsen worker 4] jepsen.util: 4	:ok	:read	[2 4 5 8 9 10 11 17 20]
2023-04-29 17:30:29,583{GMT}	INFO	[jepsen worker 0] jepsen.util: 0	:invoke	:broadcast	21
2023-04-29 17:30:29,587{GMT}	INFO	[jepsen worker 0] jepsen.util: 0	:ok	:broadcast	21
2023-04-29 17:30:29,757{GMT}	INFO	[jepsen worker 0] jepsen.util: 0	:invoke	:broadcast	22
2023-04-29 17:30:29,759{GMT}	INFO	[jepsen worker 0] jepsen.util: 0	:ok	:broadcast	22
2023-04-29 17:30:29,918{GMT}	INFO	[jepsen worker 1] jepsen.util: 1	:invoke	:read	nil
2023-04-29 17:30:30,089{GMT}	INFO	[jepsen worker 2] jepsen.util: 2	:invoke	:read	nil
2023-04-29 17:30:30,090{GMT}	INFO	[jepsen worker 2] jepsen.util: 2	:ok	:read	[7 14 16]
2023-04-29 17:30:30,226{GMT}	INFO	[jepsen worker 3] jepsen.util: 8	:invoke	:read	nil
2023-04-29 17:30:30,255{GMT}	INFO	[jepsen worker 4] jepsen.util: 4	:invoke	:broadcast	23
2023-04-29 17:30:30,257{GMT}	INFO	[jepsen worker 4] jepsen.util: 4	:ok	:broadcast	23
2023-04-29 17:30:30,384{GMT}	INFO	[jepsen worker 0] jepsen.util: 0	:invoke	:read	nil
2023-04-29 17:30:30,387{GMT}	INFO	[jepsen worker 0] jepsen.util: 0	:ok	:read	[0 3 6 12 13 15 18 19 21 22]
2023-04-29 17:30:30,588{GMT}	INFO	[jepsen worker 0] jepsen.util: 0	:invoke	:read	nil
2023-04-29 17:30:30,590{GMT}	INFO	[jepsen worker 0] jepsen.util: 0	:ok	:read	[0 3 6 12 13 15 18 19 21 22]
2023-04-29 17:30:30,691{GMT}	INFO	[jepsen worker 2] jepsen.util: 2	:invoke	:broadcast	24
2023-04-29 17:30:30,692{GMT}	INFO	[jepsen worker 2] jepsen.util: 2	:ok	:broadcast	24
2023-04-29 17:30:30,819{GMT}	INFO	[jepsen worker 2] jepsen.util: 2	:invoke	:broadcast	25
2023-04-29 17:30:30,822{GMT}	INFO	[jepsen worker 2] jepsen.util: 2	:ok	:broadcast	25
2023-04-29 17:30:30,941{GMT}	INFO	[jepsen worker 4] jepsen.util: 4	:invoke	:broadcast	26
2023-04-29 17:30:30,945{GMT}	INFO	[jepsen worker 4] jepsen.util: 4	:ok	:broadcast	26
2023-04-29 17:30:30,993{GMT}	INFO	[jepsen worker 4] jepsen.util: 4	:invoke	:broadcast	27
2023-04-29 17:30:30,995{GMT}	INFO	[jepsen worker 4] jepsen.util: 4	:ok	:broadcast	27
2023-04-29 17:30:31,064{GMT}	INFO	[jepsen worker 0] jepsen.util: 0	:invoke	:broadcast	28
2023-04-29 17:30:31,066{GMT}	INFO	[jepsen worker 0] jepsen.util: 0	:ok	:broadcast	28
2023-04-29 17:30:31,160{GMT}	INFO	[jepsen worker 0] jepsen.util: 0	:invoke	:broadcast	29
2023-04-29 17:30:31,162{GMT}	INFO	[jepsen worker 0] jepsen.util: 0	:ok	:broadcast	29
2023-04-29 17:30:31,300{GMT}	INFO	[jepsen worker 2] jepsen.util: 2	:invoke	:broadcast	30
2023-04-29 17:30:31,304{GMT}	INFO	[jepsen worker 2] jepsen.util: 2	:ok	:broadcast	30
2023-04-29 17:30:31,380{GMT}	INFO	[jepsen worker 2] jepsen.util: 2	:invoke	:broadcast	31
2023-04-29 17:30:31,385{GMT}	INFO	[jepsen worker 2] jepsen.util: 2	:ok	:broadcast	31
2023-04-29 17:30:31,519{GMT}	INFO	[jepsen worker 4] jepsen.util: 4	:invoke	:read	nil
2023-04-29 17:30:31,520{GMT}	INFO	[jepsen worker 4] jepsen.util: 4	:ok	:read	[2 4 5 8 9 10 11 17 20 23 26 27]
2023-04-29 17:30:31,601{GMT}	INFO	[jepsen worker 4] jepsen.util: 4	:invoke	:broadcast	32
2023-04-29 17:30:31,604{GMT}	INFO	[jepsen worker 4] jepsen.util: 4	:ok	:broadcast	32
2023-04-29 17:30:31,639{GMT}	INFO	[jepsen worker 0] jepsen.util: 0	:invoke	:read	nil
2023-04-29 17:30:31,641{GMT}	INFO	[jepsen worker 0] jepsen.util: 0	:ok	:read	[0 3 6 12 13 15 18 19 21 22 28 29]
2023-04-29 17:30:31,838{GMT}	INFO	[jepsen worker 0] jepsen.util: 0	:invoke	:broadcast	33
2023-04-29 17:30:31,839{GMT}	INFO	[jepsen worker 0] jepsen.util: 0	:ok	:broadcast	33
2023-04-29 17:30:31,872{GMT}	INFO	[jepsen worker 2] jepsen.util: 2	:invoke	:read	nil
2023-04-29 17:30:31,873{GMT}	INFO	[jepsen worker 2] jepsen.util: 2	:ok	:read	[7 14 16 24 25 30 31]
2023-04-29 17:30:31,974{GMT}	INFO	[jepsen worker 2] jepsen.util: 2	:invoke	:read	nil
2023-04-29 17:30:31,978{GMT}	INFO	[jepsen worker 2] jepsen.util: 2	:ok	:read	[7 14 16 24 25 30 31]
2023-04-29 17:30:32,100{GMT}	INFO	[jepsen worker 4] jepsen.util: 4	:invoke	:read	nil
2023-04-29 17:30:32,103{GMT}	INFO	[jepsen worker 4] jepsen.util: 4	:ok	:read	[2 4 5 8 9 10 11 17 20 23 26 27 32]
2023-04-29 17:30:32,119{GMT}	INFO	[jepsen worker 4] jepsen.util: 4	:invoke	:read	nil
2023-04-29 17:30:32,121{GMT}	INFO	[jepsen worker 4] jepsen.util: 4	:ok	:read	[2 4 5 8 9 10 11 17 20 23 26 27 32]
2023-04-29 17:30:32,212{GMT}	INFO	[jepsen worker 0] jepsen.util: 0	:invoke	:read	nil
2023-04-29 17:30:32,214{GMT}	INFO	[jepsen worker 0] jepsen.util: 0	:ok	:read	[0 3 6 12 13 15 18 19 21 22 28 29 33]
2023-04-29 17:30:32,367{GMT}	INFO	[jepsen worker 0] jepsen.util: 0	:invoke	:broadcast	34
2023-04-29 17:30:32,370{GMT}	INFO	[jepsen worker 0] jepsen.util: 0	:ok	:broadcast	34
2023-04-29 17:30:32,525{GMT}	INFO	[jepsen worker 2] jepsen.util: 2	:invoke	:read	nil
2023-04-29 17:30:32,527{GMT}	INFO	[jepsen worker 2] jepsen.util: 2	:ok	:read	[7 14 16 24 25 30 31]
2023-04-29 17:30:32,723{GMT}	INFO	[jepsen worker 2] jepsen.util: 2	:invoke	:read	nil
2023-04-29 17:30:32,724{GMT}	INFO	[jepsen worker 2] jepsen.util: 2	:ok	:read	[7 14 16 24 25 30 31]
2023-04-29 17:30:32,795{GMT}	INFO	[jepsen worker 4] jepsen.util: 4	:invoke	:read	nil
2023-04-29 17:30:32,797{GMT}	INFO	[jepsen worker 4] jepsen.util: 4	:ok	:read	[2 4 5 8 9 10 11 17 20 23 26 27 32]
2023-04-29 17:30:32,865{GMT}	INFO	[jepsen worker 4] jepsen.util: 4	:invoke	:broadcast	35
2023-04-29 17:30:32,868{GMT}	INFO	[jepsen worker 4] jepsen.util: 4	:ok	:broadcast	35
2023-04-29 17:30:33,034{GMT}	INFO	[jepsen worker 0] jepsen.util: 0	:invoke	:broadcast	36
2023-04-29 17:30:33,039{GMT}	INFO	[jepsen worker 0] jepsen.util: 0	:ok	:broadcast	36
2023-04-29 17:30:33,046{GMT}	INFO	[jepsen worker 0] jepsen.util: 0	:invoke	:broadcast	37
2023-04-29 17:30:33,048{GMT}	INFO	[jepsen worker 0] jepsen.util: 0	:ok	:broadcast	37
2023-04-29 17:30:33,137{GMT}	INFO	[jepsen worker 2] jepsen.util: 2	:invoke	:read	nil
2023-04-29 17:30:33,139{GMT}	INFO	[jepsen worker 2] jepsen.util: 2	:ok	:read	[7 14 16 24 25 30 31]
2023-04-29 17:30:33,199{GMT}	INFO	[jepsen worker 2] jepsen.util: 2	:invoke	:broadcast	38
2023-04-29 17:30:33,202{GMT}	INFO	[jepsen worker 2] jepsen.util: 2	:ok	:broadcast	38
2023-04-29 17:30:33,391{GMT}	INFO	[jepsen worker 4] jepsen.util: 4	:invoke	:read	nil
2023-04-29 17:30:33,394{GMT}	INFO	[jepsen worker 4] jepsen.util: 4	:ok	:read	[2 4 5 8 9 10 11 17 20 23 26 27 32 35]
2023-04-29 17:30:33,538{GMT}	INFO	[jepsen worker 4] jepsen.util: 4	:invoke	:read	nil
2023-04-29 17:30:33,540{GMT}	INFO	[jepsen worker 4] jepsen.util: 4	:ok	:read	[2 4 5 8 9 10 11 17 20 23 26 27 32 35]
2023-04-29 17:30:33,633{GMT}	INFO	[jepsen worker 0] jepsen.util: 0	:invoke	:read	nil
2023-04-29 17:30:33,634{GMT}	INFO	[jepsen worker 2] jepsen.util: 2	:invoke	:broadcast	39
2023-04-29 17:30:33,636{GMT}	INFO	[jepsen worker 0] jepsen.util: 0	:ok	:read	[0 3 6 12 13 15 18 19 21 22 28 29 33 34 36 37]
2023-04-29 17:30:33,636{GMT}	INFO	[jepsen worker 2] jepsen.util: 2	:ok	:broadcast	39
2023-04-29 17:30:33,704{GMT}	INFO	[jepsen worker 2] jepsen.util: 2	:invoke	:read	nil
2023-04-29 17:30:33,706{GMT}	INFO	[jepsen worker 2] jepsen.util: 2	:ok	:read	[7 14 16 24 25 30 31 38 39]
2023-04-29 17:30:33,891{GMT}	INFO	[jepsen worker 2] jepsen.util: 2	:invoke	:broadcast	40
2023-04-29 17:30:33,893{GMT}	INFO	[jepsen worker 2] jepsen.util: 2	:ok	:broadcast	40
2023-04-29 17:30:34,070{GMT}	INFO	[jepsen worker 4] jepsen.util: 4	:invoke	:broadcast	41
2023-04-29 17:30:34,073{GMT}	INFO	[jepsen worker 4] jepsen.util: 4	:ok	:broadcast	41
2023-04-29 17:30:34,191{GMT}	INFO	[jepsen worker 4] jepsen.util: 4	:invoke	:broadcast	42
2023-04-29 17:30:34,193{GMT}	INFO	[jepsen worker 4] jepsen.util: 4	:ok	:broadcast	42
2023-04-29 17:30:34,339{GMT}	INFO	[jepsen worker 0] jepsen.util: 0	:invoke	:broadcast	43
2023-04-29 17:30:34,341{GMT}	INFO	[jepsen worker 0] jepsen.util: 0	:ok	:broadcast	43
2023-04-29 17:30:34,480{GMT}	INFO	[jepsen worker 0] jepsen.util: 0	:invoke	:broadcast	44
2023-04-29 17:30:34,481{GMT}	INFO	[jepsen worker 0] jepsen.util: 0	:ok	:broadcast	44
2023-04-29 17:30:34,648{GMT}	INFO	[jepsen worker 2] jepsen.util: 2	:invoke	:broadcast	45
2023-04-29 17:30:34,651{GMT}	INFO	[jepsen worker 2] jepsen.util: 2	:ok	:broadcast	45
2023-04-29 17:30:34,787{GMT}	INFO	[jepsen worker 4] jepsen.util: 4	:invoke	:read	nil
2023-04-29 17:30:34,786{GMT}	INFO	[jepsen worker 2] jepsen.util: 2	:invoke	:read	nil
2023-04-29 17:30:34,788{GMT}	INFO	[jepsen worker 2] jepsen.util: 2	:ok	:read	[7 14 16 24 25 30 31 38 39 40 45]
2023-04-29 17:30:34,788{GMT}	INFO	[jepsen worker 4] jepsen.util: 4	:ok	:read	[2 4 5 8 9 10 11 17 20 23 26 27 32 35 41 42]
2023-04-29 17:30:34,838{GMT}	INFO	[jepsen worker 4] jepsen.util: 4	:invoke	:broadcast	46
2023-04-29 17:30:34,840{GMT}	INFO	[jepsen worker 4] jepsen.util: 4	:ok	:broadcast	46
2023-04-29 17:30:34,924{GMT}	INFO	[jepsen worker 1] jepsen.util: 1	:fail	:read	nil	:net-timeout
2023-04-29 17:30:34,992{GMT}	INFO	[jepsen worker 0] jepsen.util: 0	:invoke	:broadcast	47
2023-04-29 17:30:34,995{GMT}	INFO	[jepsen worker 0] jepsen.util: 0	:ok	:broadcast	47
2023-04-29 17:30:35,005{GMT}	INFO	[jepsen worker 0] jepsen.util: 0	:invoke	:broadcast	48
2023-04-29 17:30:35,007{GMT}	INFO	[jepsen worker 0] jepsen.util: 0	:ok	:broadcast	48
2023-04-29 17:30:35,068{GMT}	INFO	[jepsen worker 1] jepsen.util: 1	:invoke	:read	nil
2023-04-29 17:30:35,111{GMT}	INFO	[jepsen worker 2] jepsen.util: 2	:invoke	:read	nil
2023-04-29 17:30:35,112{GMT}	INFO	[jepsen worker 2] jepsen.util: 2	:ok	:read	[7 14 16 24 25 30 31 38 39 40 45]
2023-04-29 17:30:35,166{GMT}	INFO	[jepsen worker 4] jepsen.util: 4	:invoke	:broadcast	49
2023-04-29 17:30:35,168{GMT}	INFO	[jepsen worker 4] jepsen.util: 4	:ok	:broadcast	49
2023-04-29 17:30:35,230{GMT}	INFO	[jepsen worker 3] jepsen.util: 8	:fail	:read	nil	:net-timeout
2023-04-29 17:30:35,368{GMT}	INFO	[jepsen worker 4] jepsen.util: 4	:invoke	:read	nil
2023-04-29 17:30:35,370{GMT}	INFO	[jepsen worker 4] jepsen.util: 4	:ok	:read	[2 4 5 8 9 10 11 17 20 23 26 27 32 35 41 42 46 49]
2023-04-29 17:30:35,452{GMT}	INFO	[jepsen worker 0] jepsen.util: 0	:invoke	:broadcast	50
2023-04-29 17:30:35,454{GMT}	INFO	[jepsen worker 0] jepsen.util: 0	:ok	:broadcast	50
2023-04-29 17:30:35,475{GMT}	INFO	[jepsen worker 0] jepsen.util: 0	:invoke	:read	nil
2023-04-29 17:30:35,477{GMT}	INFO	[jepsen worker 0] jepsen.util: 0	:ok	:read	[0 3 6 12 13 15 18 19 21 22 28 29 33 34 36 37 43 44 47 48 50]
2023-04-29 17:30:35,565{GMT}	INFO	[jepsen worker 2] jepsen.util: 2	:invoke	:read	nil
2023-04-29 17:30:35,569{GMT}	INFO	[jepsen worker 2] jepsen.util: 2	:ok	:read	[7 14 16 24 25 30 31 38 39 40 45]
2023-04-29 17:30:35,605{GMT}	INFO	[jepsen worker 2] jepsen.util: 2	:invoke	:read	nil
2023-04-29 17:30:35,607{GMT}	INFO	[jepsen worker 2] jepsen.util: 2	:ok	:read	[7 14 16 24 25 30 31 38 39 40 45]
2023-04-29 17:30:35,611{GMT}	INFO	[jepsen worker 3] jepsen.util: 8	:invoke	:broadcast	51
2023-04-29 17:30:35,771{GMT}	INFO	[jepsen worker 4] jepsen.util: 4	:invoke	:broadcast	52
2023-04-29 17:30:35,773{GMT}	INFO	[jepsen worker 4] jepsen.util: 4	:ok	:broadcast	52
2023-04-29 17:30:35,827{GMT}	INFO	[jepsen worker 0] jepsen.util: 0	:invoke	:read	nil
2023-04-29 17:30:35,829{GMT}	INFO	[jepsen worker 0] jepsen.util: 0	:ok	:read	[0 3 6 12 13 15 18 19 21 22 28 29 33 34 36 37 43 44 47 48 50]
2023-04-29 17:30:35,850{GMT}	INFO	[jepsen worker 0] jepsen.util: 0	:invoke	:broadcast	53
2023-04-29 17:30:35,852{GMT}	INFO	[jepsen worker 0] jepsen.util: 0	:ok	:broadcast	53
2023-04-29 17:30:35,933{GMT}	INFO	[jepsen worker 2] jepsen.util: 2	:invoke	:read	nil
2023-04-29 17:30:35,935{GMT}	INFO	[jepsen worker 2] jepsen.util: 2	:ok	:read	[7 14 16 24 25 30 31 38 39 40 45]
2023-04-29 17:30:36,058{GMT}	INFO	[jepsen worker 2] jepsen.util: 2	:invoke	:broadcast	54
2023-04-29 17:30:36,059{GMT}	INFO	[jepsen worker 2] jepsen.util: 2	:ok	:broadcast	54
2023-04-29 17:30:36,063{GMT}	INFO	[jepsen worker 4] jepsen.util: 4	:invoke	:broadcast	55
2023-04-29 17:30:36,065{GMT}	INFO	[jepsen worker 4] jepsen.util: 4	:ok	:broadcast	55
2023-04-29 17:30:36,210{GMT}	INFO	[jepsen worker 4] jepsen.util: 4	:invoke	:read	nil
2023-04-29 17:30:36,212{GMT}	INFO	[jepsen worker 4] jepsen.util: 4	:ok	:read	[2 4 5 8 9 10 11 17 20 23 26 27 32 35 41 42 46 49 52 55]
2023-04-29 17:30:36,345{GMT}	INFO	[jepsen worker 0] jepsen.util: 0	:invoke	:broadcast	56
2023-04-29 17:30:36,347{GMT}	INFO	[jepsen worker 0] jepsen.util: 0	:ok	:broadcast	56
2023-04-29 17:30:36,520{GMT}	INFO	[jepsen worker 0] jepsen.util: 0	:invoke	:broadcast	57
2023-04-29 17:30:36,522{GMT}	INFO	[jepsen worker 0] jepsen.util: 0	:ok	:broadcast	57
2023-04-29 17:30:36,707{GMT}	INFO	[jepsen worker 2] jepsen.util: 2	:invoke	:read	nil
2023-04-29 17:30:36,708{GMT}	INFO	[jepsen worker 2] jepsen.util: 2	:ok	:read	[7 14 16 24 25 30 31 38 39 40 45 54]
2023-04-29 17:30:36,789{GMT}	INFO	[jepsen worker 2] jepsen.util: 2	:invoke	:broadcast	58
2023-04-29 17:30:36,791{GMT}	INFO	[jepsen worker 2] jepsen.util: 2	:ok	:broadcast	58
2023-04-29 17:30:36,916{GMT}	INFO	[jepsen worker 4] jepsen.util: 4	:invoke	:read	nil
2023-04-29 17:30:36,917{GMT}	INFO	[jepsen worker 4] jepsen.util: 4	:ok	:read	[2 4 5 8 9 10 11 17 20 23 26 27 32 35 41 42 46 49 52 55]
2023-04-29 17:30:37,109{GMT}	INFO	[jepsen worker 4] jepsen.util: 4	:invoke	:broadcast	59
2023-04-29 17:30:37,111{GMT}	INFO	[jepsen worker 4] jepsen.util: 4	:ok	:broadcast	59
2023-04-29 17:30:37,227{GMT}	INFO	[jepsen worker 0] jepsen.util: 0	:invoke	:read	nil
2023-04-29 17:30:37,228{GMT}	INFO	[jepsen worker 0] jepsen.util: 0	:ok	:read	[0 3 6 12 13 15 18 19 21 22 28 29 33 34 36 37 43 44 47 48 50 53 56 57]
2023-04-29 17:30:37,340{GMT}	INFO	[jepsen worker 0] jepsen.util: 0	:invoke	:read	nil
2023-04-29 17:30:37,342{GMT}	INFO	[jepsen worker 0] jepsen.util: 0	:ok	:read	[0 3 6 12 13 15 18 19 21 22 28 29 33 34 36 37 43 44 47 48 50 53 56 57]
2023-04-29 17:30:37,437{GMT}	INFO	[jepsen worker 2] jepsen.util: 2	:invoke	:broadcast	60
2023-04-29 17:30:37,439{GMT}	INFO	[jepsen worker 2] jepsen.util: 2	:ok	:broadcast	60
2023-04-29 17:30:37,544{GMT}	INFO	[jepsen worker 2] jepsen.util: 2	:invoke	:broadcast	61
2023-04-29 17:30:37,545{GMT}	INFO	[jepsen worker 2] jepsen.util: 2	:ok	:broadcast	61
2023-04-29 17:30:37,641{GMT}	INFO	[jepsen worker 4] jepsen.util: 4	:invoke	:broadcast	62
2023-04-29 17:30:37,642{GMT}	INFO	[jepsen worker 4] jepsen.util: 4	:ok	:broadcast	62
2023-04-29 17:30:37,771{GMT}	INFO	[jepsen worker 4] jepsen.util: 4	:invoke	:read	nil
2023-04-29 17:30:37,773{GMT}	INFO	[jepsen worker 4] jepsen.util: 4	:ok	:read	[2 4 5 8 9 10 11 17 20 23 26 27 32 35 41 42 46 49 52 55 59 62]
2023-04-29 17:30:37,855{GMT}	INFO	[jepsen worker 0] jepsen.util: 0	:invoke	:read	nil
2023-04-29 17:30:37,857{GMT}	INFO	[jepsen worker 0] jepsen.util: 0	:ok	:read	[0 3 6 12 13 15 18 19 21 22 28 29 33 34 36 37 43 44 47 48 50 53 56 57]
2023-04-29 17:30:38,015{GMT}	INFO	[jepsen worker 0] jepsen.util: 0	:invoke	:read	nil
2023-04-29 17:30:38,018{GMT}	INFO	[jepsen worker 0] jepsen.util: 0	:ok	:read	[0 3 6 12 13 15 18 19 21 22 28 29 33 34 36 37 43 44 47 48 50 53 56 57]
2023-04-29 17:30:38,175{GMT}	INFO	[jepsen worker 2] jepsen.util: 2	:invoke	:read	nil
2023-04-29 17:30:38,176{GMT}	INFO	[jepsen worker 2] jepsen.util: 2	:ok	:read	[7 14 16 24 25 30 31 38 39 40 45 54 58 60 61]
2023-04-29 17:30:38,341{GMT}	INFO	[jepsen worker 2] jepsen.util: 2	:invoke	:read	nil
2023-04-29 17:30:38,343{GMT}	INFO	[jepsen worker 2] jepsen.util: 2	:ok	:read	[7 14 16 24 25 30 31 38 39 40 45 54 58 60 61]
2023-04-29 17:30:38,438{GMT}	INFO	[jepsen worker 4] jepsen.util: 4	:invoke	:broadcast	63
2023-04-29 17:30:38,439{GMT}	INFO	[jepsen worker 4] jepsen.util: 4	:ok	:broadcast	63
2023-04-29 17:30:38,557{GMT}	INFO	[jepsen worker 4] jepsen.util: 4	:invoke	:broadcast	64
2023-04-29 17:30:38,558{GMT}	INFO	[jepsen worker 4] jepsen.util: 4	:ok	:broadcast	64
2023-04-29 17:30:38,717{GMT}	INFO	[jepsen worker 0] jepsen.util: 0	:invoke	:broadcast	65
2023-04-29 17:30:38,719{GMT}	INFO	[jepsen worker 0] jepsen.util: 0	:ok	:broadcast	65
2023-04-29 17:30:38,803{GMT}	INFO	[jepsen worker 0] jepsen.util: 0	:invoke	:read	nil
2023-04-29 17:30:38,806{GMT}	INFO	[jepsen worker 0] jepsen.util: 0	:ok	:read	[0 3 6 12 13 15 18 19 21 22 28 29 33 34 36 37 43 44 47 48 50 53 56 57 65]
2023-04-29 17:30:38,994{GMT}	INFO	[jepsen worker 2] jepsen.util: 2	:invoke	:broadcast	66
2023-04-29 17:30:38,996{GMT}	INFO	[jepsen worker 2] jepsen.util: 2	:ok	:broadcast	66
2023-04-29 17:30:39,151{GMT}	INFO	[jepsen worker 2] jepsen.util: 2	:invoke	:broadcast	67
2023-04-29 17:30:39,152{GMT}	INFO	[jepsen worker 2] jepsen.util: 2	:ok	:broadcast	67
2023-04-29 17:30:39,182{GMT}	INFO	[jepsen worker 4] jepsen.util: 4	:invoke	:read	nil
2023-04-29 17:30:39,185{GMT}	INFO	[jepsen worker 4] jepsen.util: 4	:ok	:read	[2 4 5 8 9 10 11 17 20 23 26 27 32 35 41 42 46 49 52 55 59 62 63 64]
2023-04-29 17:30:39,290{GMT}	INFO	[jepsen worker 4] jepsen.util: 4	:invoke	:broadcast	68
2023-04-29 17:30:39,291{GMT}	INFO	[jepsen worker 4] jepsen.util: 4	:ok	:broadcast	68
2023-04-29 17:30:39,349{GMT}	INFO	[jepsen worker 0] jepsen.util: 0	:invoke	:broadcast	69
2023-04-29 17:30:39,354{GMT}	INFO	[jepsen worker 0] jepsen.util: 0	:ok	:broadcast	69
2023-04-29 17:30:39,489{GMT}	INFO	[jepsen worker 0] jepsen.util: 0	:invoke	:read	nil
2023-04-29 17:30:39,491{GMT}	INFO	[jepsen worker 0] jepsen.util: 0	:ok	:read	[0 3 6 12 13 15 18 19 21 22 28 29 33 34 36 37 43 44 47 48 50 53 56 57 65 69]
2023-04-29 17:30:39,578{GMT}	INFO	[jepsen worker 2] jepsen.util: 2	:invoke	:broadcast	70
2023-04-29 17:30:39,579{GMT}	INFO	[jepsen worker 2] jepsen.util: 2	:ok	:broadcast	70
2023-04-29 17:30:39,767{GMT}	INFO	[jepsen worker 2] jepsen.util: 2	:invoke	:broadcast	71
2023-04-29 17:30:39,768{GMT}	INFO	[jepsen worker 2] jepsen.util: 2	:ok	:broadcast	71
2023-04-29 17:30:39,905{GMT}	INFO	[jepsen worker 4] jepsen.util: 4	:invoke	:read	nil
2023-04-29 17:30:39,907{GMT}	INFO	[jepsen worker 4] jepsen.util: 4	:ok	:read	[2 4 5 8 9 10 11 17 20 23 26 27 32 35 41 42 46 49 52 55 59 62 63 64 68]
2023-04-29 17:30:40,071{GMT}	INFO	[jepsen worker 1] jepsen.util: 1	:fail	:read	nil	:net-timeout
2023-04-29 17:30:40,091{GMT}	INFO	[jepsen worker 4] jepsen.util: 4	:invoke	:broadcast	72
2023-04-29 17:30:40,093{GMT}	INFO	[jepsen worker 4] jepsen.util: 4	:ok	:broadcast	72
2023-04-29 17:30:40,204{GMT}	INFO	[jepsen worker 0] jepsen.util: 0	:invoke	:read	nil
2023-04-29 17:30:40,206{GMT}	INFO	[jepsen worker 0] jepsen.util: 0	:ok	:read	[0 3 6 12 13 15 18 19 21 22 28 29 33 34 36 37 43 44 47 48 50 53 56 57 65 69]
2023-04-29 17:30:40,332{GMT}	INFO	[jepsen worker 0] jepsen.util: 0	:invoke	:read	nil
2023-04-29 17:30:40,337{GMT}	INFO	[jepsen worker 0] jepsen.util: 0	:ok	:read	[0 3 6 12 13 15 18 19 21 22 28 29 33 34 36 37 43 44 47 48 50 53 56 57 65 69]
2023-04-29 17:30:40,385{GMT}	INFO	[jepsen worker 1] jepsen.util: 1	:invoke	:read	nil
2023-04-29 17:30:40,478{GMT}	INFO	[jepsen worker 2] jepsen.util: 2	:invoke	:broadcast	73
2023-04-29 17:30:40,480{GMT}	INFO	[jepsen worker 2] jepsen.util: 2	:ok	:broadcast	73
2023-04-29 17:30:40,616{GMT}	INFO	[jepsen worker 3] jepsen.util: 8	:info	:broadcast	51	:net-timeout
2023-04-29 17:30:40,649{GMT}	INFO	[jepsen worker 3] jepsen.util: 13	:invoke	:read	nil
2023-04-29 17:30:40,731{GMT}	INFO	[jepsen worker 4] jepsen.util: 4	:invoke	:broadcast	74
2023-04-29 17:30:40,735{GMT}	INFO	[jepsen worker 4] jepsen.util: 4	:ok	:broadcast	74
2023-04-29 17:30:40,922{GMT}	INFO	[jepsen worker 0] jepsen.util: 0	:invoke	:read	nil
2023-04-29 17:30:40,923{GMT}	INFO	[jepsen worker 0] jepsen.util: 0	:ok	:read	[0 3 6 12 13 15 18 19 21 22 28 29 33 34 36 37 43 44 47 48 50 53 56 57 65 69]
2023-04-29 17:30:41,040{GMT}	INFO	[jepsen worker 0] jepsen.util: 0	:invoke	:read	nil
2023-04-29 17:30:41,041{GMT}	INFO	[jepsen worker 0] jepsen.util: 0	:ok	:read	[0 3 6 12 13 15 18 19 21 22 28 29 33 34 36 37 43 44 47 48 50 53 56 57 65 69]
2023-04-29 17:30:41,140{GMT}	INFO	[jepsen worker 2] jepsen.util: 2	:invoke	:broadcast	75
2023-04-29 17:30:41,141{GMT}	INFO	[jepsen worker 2] jepsen.util: 2	:ok	:broadcast	75
2023-04-29 17:30:41,221{GMT}	INFO	[jepsen worker 2] jepsen.util: 2	:invoke	:read	nil
2023-04-29 17:30:41,222{GMT}	INFO	[jepsen worker 2] jepsen.util: 2	:ok	:read	[7 14 16 24 25 30 31 38 39 40 45 54 58 60 61 66 67 70 71 73 75]
2023-04-29 17:30:41,272{GMT}	INFO	[jepsen worker 4] jepsen.util: 4	:invoke	:read	nil
2023-04-29 17:30:41,274{GMT}	INFO	[jepsen worker 4] jepsen.util: 4	:ok	:read	[2 4 5 8 9 10 11 17 20 23 26 27 32 35 41 42 46 49 52 55 59 62 63 64 68 72 74]
2023-04-29 17:30:41,351{GMT}	INFO	[jepsen worker 4] jepsen.util: 4	:invoke	:read	nil
2023-04-29 17:30:41,354{GMT}	INFO	[jepsen worker 4] jepsen.util: 4	:ok	:read	[2 4 5 8 9 10 11 17 20 23 26 27 32 35 41 42 46 49 52 55 59 62 63 64 68 72 74]
2023-04-29 17:30:41,452{GMT}	INFO	[jepsen worker 0] jepsen.util: 0	:invoke	:read	nil
2023-04-29 17:30:41,454{GMT}	INFO	[jepsen worker 0] jepsen.util: 0	:ok	:read	[0 3 6 12 13 15 18 19 21 22 28 29 33 34 36 37 43 44 47 48 50 53 56 57 65 69]
2023-04-29 17:30:41,460{GMT}	INFO	[jepsen worker 0] jepsen.util: 0	:invoke	:broadcast	76
2023-04-29 17:30:41,463{GMT}	INFO	[jepsen worker 0] jepsen.util: 0	:ok	:broadcast	76
2023-04-29 17:30:41,514{GMT}	INFO	[jepsen worker 2] jepsen.util: 2	:invoke	:read	nil
2023-04-29 17:30:41,517{GMT}	INFO	[jepsen worker 2] jepsen.util: 2	:ok	:read	[7 14 16 24 25 30 31 38 39 40 45 54 58 60 61 66 67 70 71 73 75]
2023-04-29 17:30:41,596{GMT}	INFO	[jepsen worker 2] jepsen.util: 2	:invoke	:read	nil
2023-04-29 17:30:41,597{GMT}	INFO	[jepsen worker 2] jepsen.util: 2	:ok	:read	[7 14 16 24 25 30 31 38 39 40 45 54 58 60 61 66 67 70 71 73 75]
2023-04-29 17:30:41,726{GMT}	INFO	[jepsen worker 4] jepsen.util: 4	:invoke	:read	nil
2023-04-29 17:30:41,727{GMT}	INFO	[jepsen worker 4] jepsen.util: 4	:ok	:read	[2 4 5 8 9 10 11 17 20 23 26 27 32 35 41 42 46 49 52 55 59 62 63 64 68 72 74]
2023-04-29 17:30:41,895{GMT}	INFO	[jepsen worker 4] jepsen.util: 4	:invoke	:broadcast	77
2023-04-29 17:30:41,897{GMT}	INFO	[jepsen worker 4] jepsen.util: 4	:ok	:broadcast	77
2023-04-29 17:30:42,074{GMT}	INFO	[jepsen worker 0] jepsen.util: 0	:invoke	:read	nil
2023-04-29 17:30:42,076{GMT}	INFO	[jepsen worker 0] jepsen.util: 0	:ok	:read	[0 3 6 12 13 15 18 19 21 22 28 29 33 34 36 37 43 44 47 48 50 53 56 57 65 69 76]
2023-04-29 17:30:42,196{GMT}	INFO	[jepsen worker 0] jepsen.util: 0	:invoke	:read	nil
2023-04-29 17:30:42,198{GMT}	INFO	[jepsen worker 0] jepsen.util: 0	:ok	:read	[0 3 6 12 13 15 18 19 21 22 28 29 33 34 36 37 43 44 47 48 50 53 56 57 65 69 76]
2023-04-29 17:30:42,274{GMT}	INFO	[jepsen worker 2] jepsen.util: 2	:invoke	:read	nil
2023-04-29 17:30:42,276{GMT}	INFO	[jepsen worker 2] jepsen.util: 2	:ok	:read	[7 14 16 24 25 30 31 38 39 40 45 54 58 60 61 66 67 70 71 73 75]
2023-04-29 17:30:42,346{GMT}	INFO	[jepsen worker 2] jepsen.util: 2	:invoke	:read	nil
2023-04-29 17:30:42,348{GMT}	INFO	[jepsen worker 2] jepsen.util: 2	:ok	:read	[7 14 16 24 25 30 31 38 39 40 45 54 58 60 61 66 67 70 71 73 75]
2023-04-29 17:30:42,526{GMT}	INFO	[jepsen worker 4] jepsen.util: 4	:invoke	:broadcast	78
2023-04-29 17:30:42,528{GMT}	INFO	[jepsen worker 4] jepsen.util: 4	:ok	:broadcast	78
2023-04-29 17:30:42,628{GMT}	INFO	[jepsen worker 4] jepsen.util: 4	:invoke	:broadcast	79
2023-04-29 17:30:42,630{GMT}	INFO	[jepsen worker 4] jepsen.util: 4	:ok	:broadcast	79
2023-04-29 17:30:42,800{GMT}	INFO	[jepsen worker 0] jepsen.util: 0	:invoke	:read	nil
2023-04-29 17:30:42,801{GMT}	INFO	[jepsen worker 0] jepsen.util: 0	:ok	:read	[0 3 6 12 13 15 18 19 21 22 28 29 33 34 36 37 43 44 47 48 50 53 56 57 65 69 76]
2023-04-29 17:30:42,805{GMT}	INFO	[jepsen worker 0] jepsen.util: 0	:invoke	:read	nil
2023-04-29 17:30:42,807{GMT}	INFO	[jepsen worker 0] jepsen.util: 0	:ok	:read	[0 3 6 12 13 15 18 19 21 22 28 29 33 34 36 37 43 44 47 48 50 53 56 57 65 69 76]
2023-04-29 17:30:42,881{GMT}	INFO	[jepsen worker 2] jepsen.util: 2	:invoke	:read	nil
2023-04-29 17:30:42,882{GMT}	INFO	[jepsen worker 2] jepsen.util: 2	:ok	:read	[7 14 16 24 25 30 31 38 39 40 45 54 58 60 61 66 67 70 71 73 75]
2023-04-29 17:30:42,926{GMT}	INFO	[jepsen worker 2] jepsen.util: 2	:invoke	:read	nil
2023-04-29 17:30:42,928{GMT}	INFO	[jepsen worker 2] jepsen.util: 2	:ok	:read	[7 14 16 24 25 30 31 38 39 40 45 54 58 60 61 66 67 70 71 73 75]
2023-04-29 17:30:42,997{GMT}	INFO	[jepsen worker 4] jepsen.util: 4	:invoke	:broadcast	80
2023-04-29 17:30:42,998{GMT}	INFO	[jepsen worker 4] jepsen.util: 4	:ok	:broadcast	80
2023-04-29 17:30:43,197{GMT}	INFO	[jepsen worker 4] jepsen.util: 4	:invoke	:read	nil
2023-04-29 17:30:43,198{GMT}	INFO	[jepsen worker 4] jepsen.util: 4	:ok	:read	[2 4 5 8 9 10 11 17 20 23 26 27 32 35 41 42 46 49 52 55 59 62 63 64 68 72 74 77 78 79 80]
2023-04-29 17:30:43,278{GMT}	INFO	[jepsen worker 0] jepsen.util: 0	:invoke	:broadcast	81
2023-04-29 17:30:43,279{GMT}	INFO	[jepsen worker 0] jepsen.util: 0	:ok	:broadcast	81
2023-04-29 17:30:43,466{GMT}	INFO	[jepsen worker 0] jepsen.util: 0	:invoke	:read	nil
2023-04-29 17:30:43,468{GMT}	INFO	[jepsen worker 0] jepsen.util: 0	:ok	:read	[0 3 6 12 13 15 18 19 21 22 28 29 33 34 36 37 43 44 47 48 50 53 56 57 65 69 76 81]
2023-04-29 17:30:43,509{GMT}	INFO	[jepsen worker 2] jepsen.util: 2	:invoke	:broadcast	82
2023-04-29 17:30:43,510{GMT}	INFO	[jepsen worker 2] jepsen.util: 2	:ok	:broadcast	82
2023-04-29 17:30:43,590{GMT}	INFO	[jepsen worker 2] jepsen.util: 2	:invoke	:broadcast	83
2023-04-29 17:30:43,591{GMT}	INFO	[jepsen worker 2] jepsen.util: 2	:ok	:broadcast	83
2023-04-29 17:30:43,775{GMT}	INFO	[jepsen worker 4] jepsen.util: 4	:invoke	:read	nil
2023-04-29 17:30:43,777{GMT}	INFO	[jepsen worker 4] jepsen.util: 4	:ok	:read	[2 4 5 8 9 10 11 17 20 23 26 27 32 35 41 42 46 49 52 55 59 62 63 64 68 72 74 77 78 79 80]
2023-04-29 17:30:43,835{GMT}	INFO	[jepsen worker 4] jepsen.util: 4	:invoke	:read	nil
2023-04-29 17:30:43,837{GMT}	INFO	[jepsen worker 4] jepsen.util: 4	:ok	:read	[2 4 5 8 9 10 11 17 20 23 26 27 32 35 41 42 46 49 52 55 59 62 63 64 68 72 74 77 78 79 80]
2023-04-29 17:30:45,389{GMT}	INFO	[jepsen worker 1] jepsen.util: 1	:fail	:read	nil	:net-timeout
2023-04-29 17:30:45,655{GMT}	INFO	[jepsen worker 3] jepsen.util: 13	:fail	:read	nil	:net-timeout
2023-04-29 17:30:45,655{GMT}	INFO	[jepsen worker nemesis] jepsen.generator.interpreter: Waiting for recovery...
2023-04-29 17:30:55,664{GMT}	INFO	[jepsen worker 3] jepsen.util: 13	:invoke	:read	nil
2023-04-29 17:30:55,665{GMT}	INFO	[jepsen worker 0] jepsen.util: 0	:invoke	:read	nil
2023-04-29 17:30:55,667{GMT}	INFO	[jepsen worker 1] jepsen.util: 1	:invoke	:read	nil
2023-04-29 17:30:55,668{GMT}	INFO	[jepsen worker 4] jepsen.util: 4	:invoke	:read	nil
2023-04-29 17:30:55,667{GMT}	INFO	[jepsen worker 2] jepsen.util: 2	:invoke	:read	nil
2023-04-29 17:30:55,675{GMT}	INFO	[jepsen worker 0] jepsen.util: 0	:ok	:read	[0 3 6 12 13 15 18 19 21 22 28 29 33 34 36 37 43 44 47 48 50 53 56 57 65 69 76 81]
2023-04-29 17:30:55,675{GMT}	INFO	[jepsen worker 4] jepsen.util: 4	:ok	:read	[2 4 5 8 9 10 11 17 20 23 26 27 32 35 41 42 46 49 52 55 59 62 63 64 68 72 74 77 78 79 80]
2023-04-29 17:30:55,675{GMT}	INFO	[jepsen worker 2] jepsen.util: 2	:ok	:read	[7 14 16 24 25 30 31 38 39 40 45 54 58 60 61 66 67 70 71 73 75 82 83]
2023-04-29 17:31:00,669{GMT}	INFO	[jepsen worker 3] jepsen.util: 13	:fail	:read	nil	:net-timeout
2023-04-29 17:31:00,669{GMT}	INFO	[jepsen worker 1] jepsen.util: 1	:fail	:read	nil	:net-timeout
2023-04-29 17:31:00,686{GMT}	INFO	[jepsen test runner] jepsen.core: Run complete, writing
2023-04-29 17:31:00,762{GMT}	INFO	[jepsen node n0] maelstrom.db: Tearing down n0
2023-04-29 17:31:00,763{GMT}	INFO	[jepsen node n2] maelstrom.db: Tearing down n2
2023-04-29 17:31:00,762{GMT}	INFO	[jepsen node n1] maelstrom.db: Tearing down n1
2023-04-29 17:31:00,763{GMT}	INFO	[jepsen node n3] maelstrom.db: Tearing down n3
2023-04-29 17:31:00,763{GMT}	INFO	[jepsen node n4] maelstrom.db: Tearing down n4
2023-04-29 17:31:01,689{GMT}	INFO	[jepsen node n0] maelstrom.net: Shutting down Maelstrom network
2023-04-29 17:31:01,694{GMT}	WARN	[jepsen test runner] jepsen.core: Test crashed!
clojure.lang.ExceptionInfo: Node n3 crashed with exit status 2. Before crashing, it wrote to STDOUT:

{"src":"n3","dest":"c1","body":{"in_reply_to":1,"type":"init_ok"}}
{"src":"n3","dest":"c8","body":{"in_reply_to":1,"msg_id":0,"type":"topology_ok"}}

And to STDERR:

2023/04/29 17:30:23 Received {c1 n3 {"type":"init","node_id":"n3","node_ids":["n0","n1","n2","n3","n4"],"msg_id":1}}
2023/04/29 17:30:23 Node n3 initialized
2023/04/29 17:30:23 Sent {"src":"n3","dest":"c1","body":{"in_reply_to":1,"type":"init_ok"}}
2023/04/29 17:30:23 Received {c8 n3 {"type":"topology","topology":{"n0":["n3","n1"],"n1":["n4","n2","n0"],"n2":["n1"],"n3":["n0","n4"],"n4":["n1","n3"]},"msg_id":1}}
2023/04/29 17:30:23 Sent {"src":"n3","dest":"c8","body":{"in_reply_to":1,"msg_id":0,"type":"topology_ok"}}
2023/04/29 17:30:23 Received {n0 n3 {"messages":[0],"type":"node_broadcast"}}
panic: interface conversion: interface {} is []interface {}, not []float64

goroutine 20 [running]:
main.main.func4({{0x140000ae300, 0x2}, {0x140000ae302, 0x2}, {0x140000de000, 0x28, 0x30}})
	/Users/lftm/Odin/Server/Glomers/broadcast03/golang/main.go:105 +0x25c
github.com/jepsen-io/maelstrom/demo/go.(*Node).handleMessage(0x0?, 0x0?, {{0x140000ae300, 0x2}, {0x140000ae302, 0x2}, {0x140000de000, 0x28, 0x30}})
	/Users/lftm/go/pkg/mod/github.com/jepsen-io/maelstrom/demo/go@v0.0.0-20230424133947-f6f4fd0d64fe/node.go:151 +0x6c
github.com/jepsen-io/maelstrom/demo/go.(*Node).Run.func2()
	/Users/lftm/go/pkg/mod/github.com/jepsen-io/maelstrom/demo/go@v0.0.0-20230424133947-f6f4fd0d64fe/node.go:129 +0x78
created by github.com/jepsen-io/maelstrom/demo/go.(*Node).Run
	/Users/lftm/go/pkg/mod/github.com/jepsen-io/maelstrom/demo/go@v0.0.0-20230424133947-f6f4fd0d64fe/node.go:127 +0x434

Full STDERR logs are available in /Users/lftm/Odin/Server/Glomers/broadcast03/golang/store/broadcast/20230429T173022.507-0300/node-logs/n3.log
	at slingshot.support$stack_trace.invoke(support.clj:201)
	at maelstrom.process$stop_node_BANG_.invokeStatic(process.clj:239)
	at maelstrom.process$stop_node_BANG_.invoke(process.clj:217)
	at maelstrom.db$db$reify__16142.teardown_BANG_(db.clj:75)
	at jepsen.db$fn__8744$G__8725__8748.invoke(db.clj:12)
	at jepsen.db$fn__8744$G__8724__8753.invoke(db.clj:12)
	at clojure.core$partial$fn__5908.invoke(core.clj:2642)
	at jepsen.control$on_nodes$fn__8599.invoke(control.clj:314)
	at clojure.lang.AFn.applyToHelper(AFn.java:154)
	at clojure.lang.AFn.applyTo(AFn.java:144)
	at clojure.core$apply.invokeStatic(core.clj:667)
	at clojure.core$with_bindings_STAR_.invokeStatic(core.clj:1990)
	at clojure.core$with_bindings_STAR_.doInvoke(core.clj:1990)
	at clojure.lang.RestFn.applyTo(RestFn.java:142)
	at clojure.core$apply.invokeStatic(core.clj:671)
	at clojure.core$bound_fn_STAR_$fn__5818.doInvoke(core.clj:2020)
	at clojure.lang.RestFn.invoke(RestFn.java:408)
	at dom_top.core$real_pmap_helper$build_thread__211$fn__212.invoke(core.clj:163)
	at clojure.lang.AFn.applyToHelper(AFn.java:152)
	at clojure.lang.AFn.applyTo(AFn.java:144)
	at clojure.core$apply.invokeStatic(core.clj:667)
	at clojure.core$with_bindings_STAR_.invokeStatic(core.clj:1990)
	at clojure.core$with_bindings_STAR_.doInvoke(core.clj:1990)
	at clojure.lang.RestFn.invoke(RestFn.java:425)
	at clojure.lang.AFn.applyToHelper(AFn.java:156)
	at clojure.lang.RestFn.applyTo(RestFn.java:132)
	at clojure.core$apply.invokeStatic(core.clj:671)
	at clojure.core$bound_fn_STAR_$fn__5818.doInvoke(core.clj:2020)
	at clojure.lang.RestFn.invoke(RestFn.java:397)
	at clojure.lang.AFn.run(AFn.java:22)
	at java.base/java.lang.Thread.run(Thread.java:833)
