2023-04-29 17:28:14,522{GMT}	INFO	[jepsen test runner] jepsen.core: Test version 16d8edfad7fa9fe2a77b222c22b10b195885b3a8 (plus uncommitted changes)
2023-04-29 17:28:14,523{GMT}	INFO	[jepsen test runner] jepsen.core: Command line:
lein run test -w broadcast --bin ./broadcast --node-count 5 --time-limit 20 --rate 10
2023-04-29 17:28:14,576{GMT}	INFO	[jepsen test runner] jepsen.core: Running test:
{:args []
 :remote
 #jepsen.control.retry.Remote{:remote #jepsen.control.scp.Remote{:cmd-remote #jepsen.control.sshj.SSHJRemote{:concurrency-limit 6,
                                                                                                             :conn-spec nil,
                                                                                                             :client nil,
                                                                                                             :semaphore nil},
                                                                 :conn-spec nil},
                              :conn nil}
 :log-net-send false
 :node-count 5
 :availability nil
 :max-txn-length 4
 :concurrency 5
 :db
 #object[maelstrom.db$db$reify__16142
         "0x78167"
         "maelstrom.db$db$reify__16142@78167"]
 :max-writes-per-key 16
 :leave-db-running? false
 :name "broadcast"
 :logging-json? false
 :start-time
 #object[org.joda.time.DateTime "0x469caf69" "2023-04-29T17:28:14.483-03:00"]
 :nemesis-interval 10
 :net
 #object[maelstrom.net$jepsen_net$reify__15251
         "0x5e05064b"
         "maelstrom.net$jepsen_net$reify__15251@5e05064b"]
 :client
 #object[maelstrom.workload.broadcast$client$reify__16644
         "0x527e6bd3"
         "maelstrom.workload.broadcast$client$reify__16644@527e6bd3"]
 :barrier
 #object[java.util.concurrent.CyclicBarrier
         "0x4867e76b"
         "java.util.concurrent.CyclicBarrier@4867e76b"]
 :log-stderr false
 :pure-generators true
 :ssh {:dummy? true}
 :rate 10.0
 :checker
 #object[jepsen.checker$compose$reify__11881
         "0x6ba3eee9"
         "jepsen.checker$compose$reify__11881@6ba3eee9"]
 :argv
 ("test"
  "-w"
  "broadcast"
  "--bin"
  "./broadcast"
  "--node-count"
  "5"
  "--time-limit"
  "20"
  "--rate"
  "10")
 :nemesis
 (jepsen.nemesis.ReflCompose
  {:fm {:start-partition 0,
        :stop-partition 0,
        :kill 1,
        :start 1,
        :pause 1,
        :resume 1},
   :nemeses [#unprintable "jepsen.nemesis.combined$partition_nemesis$reify__16416@1d628a88"
             #unprintable "jepsen.nemesis.combined$db_nemesis$reify__16397@3c634a04"]})
 :nodes ["n0" "n1" "n2" "n3" "n4"]
 :test-count 1
 :latency {:mean 0, :dist :constant}
 :bin "./broadcast"
 :generator
 ((jepsen.generator.Synchronize
   {:gen (jepsen.generator.TimeLimit
          {:limit 20000000000,
           :cutoff nil,
           :gen (jepsen.generator.Any
                 {:gens [(jepsen.generator.OnThreads
                          {:f #{:nemesis},
                           :context-filter #object[jepsen.generator.context$make_thread_filter$lazy_filter__9167
                                                   "0x3b42d7df"
                                                   "jepsen.generator.context$make_thread_filter$lazy_filter__9167@3b42d7df"],
                           :gen nil})
                         (jepsen.generator.OnThreads
                          {:f #jepsen.generator.context.AllBut{:element :nemesis},
                           :context-filter #object[jepsen.generator.context$make_thread_filter$lazy_filter__9167
                                                   "0x1660bba7"
                                                   "jepsen.generator.context$make_thread_filter$lazy_filter__9167@1660bba7"],
                           :gen (jepsen.generator.Stagger
                                 {:dt 200000000,
                                  :next-time nil,
                                  :gen (jepsen.generator.Mix
                                        {:i 0,
                                         :gens [({:f :broadcast, :value 0}
                                                 {:f :broadcast, :value 1}
                                                 {:f :broadcast, :value 2}
                                                 {:f :broadcast, :value 3}
                                                 {:f :broadcast, :value 4}
                                                 {:f :broadcast, :value 5}
                                                 {:f :broadcast, :value 6}
                                                 {:f :broadcast, :value 7}
                                                 ...)
                                                ({:f :read}
                                                 {:f :read}
                                                 {:f :read}
                                                 {:f :read}
                                                 {:f :read}
                                                 {:f :read}
                                                 {:f :read}
                                                 {:f :read}
                                                 ...)]})})})]})})})
  (jepsen.generator.Synchronize
   {:gen (jepsen.generator.OnThreads
          {:f #{:nemesis},
           :context-filter #object[jepsen.generator.context$make_thread_filter$lazy_filter__9167
                                   "0x49e3b86b"
                                   "jepsen.generator.context$make_thread_filter$lazy_filter__9167@49e3b86b"],
           :gen ()})})
  (jepsen.generator.Synchronize
   {:gen {:type :log, :value "Waiting for recovery..."}})
  (jepsen.generator.Synchronize {:gen {:type :sleep, :value 10}})
  (jepsen.generator.Synchronize
   {:gen (jepsen.generator.OnThreads
          {:f #jepsen.generator.context.AllBut{:element :nemesis},
           :context-filter #object[jepsen.generator.context$make_thread_filter$lazy_filter__9167
                                   "0x64b262a7"
                                   "jepsen.generator.context$make_thread_filter$lazy_filter__9167@64b262a7"],
           :gen (jepsen.generator.EachThread
                 {:fresh-gen {:f :read, :final? true},
                  :context-filters #object[clojure.core$promise$reify__8591
                                           "0x771c4015"
                                           {:status :pending, :val nil}],
                  :gens {}})})}))
 :log-net-recv false
 :os
 #object[maelstrom.net$jepsen_os$reify__15254
         "0x34d776eb"
         "maelstrom.net$jepsen_os$reify__15254@34d776eb"]
 :time-limit 20
 :workload :broadcast
 :consistency-models [:strict-serializable]
 :topology :grid}

2023-04-29 17:28:15,438{GMT}	INFO	[jepsen node n0] maelstrom.net: Starting Maelstrom network
2023-04-29 17:28:15,439{GMT}	INFO	[jepsen test runner] jepsen.db: Tearing down DB
2023-04-29 17:28:15,439{GMT}	INFO	[jepsen test runner] jepsen.db: Setting up DB
2023-04-29 17:28:15,440{GMT}	INFO	[jepsen node n1] maelstrom.db: Setting up n1
2023-04-29 17:28:15,440{GMT}	INFO	[jepsen node n2] maelstrom.db: Setting up n2
2023-04-29 17:28:15,440{GMT}	INFO	[jepsen node n3] maelstrom.db: Setting up n3
2023-04-29 17:28:15,440{GMT}	INFO	[jepsen node n1] maelstrom.process: launching ./broadcast []
2023-04-29 17:28:15,440{GMT}	INFO	[jepsen node n3] maelstrom.process: launching ./broadcast []
2023-04-29 17:28:15,440{GMT}	INFO	[jepsen node n4] maelstrom.db: Setting up n4
2023-04-29 17:28:15,440{GMT}	INFO	[jepsen node n2] maelstrom.process: launching ./broadcast []
2023-04-29 17:28:15,441{GMT}	INFO	[jepsen node n4] maelstrom.process: launching ./broadcast []
2023-04-29 17:28:15,441{GMT}	INFO	[jepsen node n0] maelstrom.service: Starting services: (lin-kv lin-tso lww-kv seq-kv)
2023-04-29 17:28:15,444{GMT}	INFO	[jepsen node n0] maelstrom.db: Setting up n0
2023-04-29 17:28:15,445{GMT}	INFO	[jepsen node n0] maelstrom.process: launching ./broadcast []
2023-04-29 17:28:15,949{GMT}	INFO	[jepsen test runner] jepsen.core: Relative time begins now
2023-04-29 17:28:15,963{GMT}	INFO	[jepsen worker 0] jepsen.util: 0	:invoke	:broadcast	0
2023-04-29 17:28:16,055{GMT}	INFO	[jepsen worker 1] jepsen.util: 1	:invoke	:broadcast	1
2023-04-29 17:28:16,097{GMT}	INFO	[jepsen worker 2] jepsen.util: 2	:invoke	:read	nil
2023-04-29 17:28:16,100{GMT}	INFO	[jepsen worker 2] jepsen.util: 2	:ok	:read	[]
2023-04-29 17:28:16,223{GMT}	INFO	[jepsen worker 3] jepsen.util: 3	:invoke	:read	nil
2023-04-29 17:28:16,230{GMT}	INFO	[jepsen worker 3] jepsen.util: 3	:ok	:read	[]
2023-04-29 17:28:16,291{GMT}	INFO	[jepsen worker 4] jepsen.util: 4	:invoke	:read	nil
2023-04-29 17:28:16,297{GMT}	INFO	[jepsen worker 4] jepsen.util: 4	:ok	:read	[]
2023-04-29 17:28:16,301{GMT}	INFO	[jepsen worker 2] jepsen.util: 2	:invoke	:read	nil
2023-04-29 17:28:16,303{GMT}	INFO	[jepsen worker 2] jepsen.util: 2	:ok	:read	[]
2023-04-29 17:28:16,398{GMT}	INFO	[jepsen worker 2] jepsen.util: 2	:invoke	:read	nil
2023-04-29 17:28:16,400{GMT}	INFO	[jepsen worker 2] jepsen.util: 2	:ok	:read	[]
2023-04-29 17:28:16,497{GMT}	INFO	[jepsen worker 2] jepsen.util: 2	:invoke	:read	nil
2023-04-29 17:28:16,499{GMT}	INFO	[jepsen worker 2] jepsen.util: 2	:ok	:read	[]
2023-04-29 17:28:16,539{GMT}	INFO	[jepsen worker 2] jepsen.util: 2	:invoke	:broadcast	2
2023-04-29 17:28:16,686{GMT}	INFO	[jepsen worker 3] jepsen.util: 3	:invoke	:read	nil
2023-04-29 17:28:16,692{GMT}	INFO	[jepsen worker 3] jepsen.util: 3	:ok	:read	[]
2023-04-29 17:28:16,863{GMT}	INFO	[jepsen worker 4] jepsen.util: 4	:invoke	:read	nil
2023-04-29 17:28:16,868{GMT}	INFO	[jepsen worker 4] jepsen.util: 4	:ok	:read	[]
2023-04-29 17:28:16,944{GMT}	INFO	[jepsen worker 3] jepsen.util: 3	:invoke	:broadcast	3
2023-04-29 17:28:17,044{GMT}	INFO	[jepsen worker 4] jepsen.util: 4	:invoke	:broadcast	4
2023-04-29 17:28:20,968{GMT}	INFO	[jepsen worker 0] jepsen.util: 0	:info	:broadcast	0	:net-timeout
2023-04-29 17:28:20,969{GMT}	INFO	[jepsen worker 0] jepsen.util: 5	:invoke	:read	nil
2023-04-29 17:28:21,056{GMT}	INFO	[jepsen worker 1] jepsen.util: 1	:info	:broadcast	1	:net-timeout
2023-04-29 17:28:21,127{GMT}	INFO	[jepsen worker 1] jepsen.util: 6	:invoke	:read	nil
2023-04-29 17:28:21,540{GMT}	INFO	[jepsen worker 2] jepsen.util: 2	:info	:broadcast	2	:net-timeout
2023-04-29 17:28:21,541{GMT}	INFO	[jepsen worker 2] jepsen.util: 7	:invoke	:read	nil
2023-04-29 17:28:21,950{GMT}	INFO	[jepsen worker 3] jepsen.util: 3	:info	:broadcast	3	:net-timeout
2023-04-29 17:28:21,950{GMT}	INFO	[jepsen worker 3] jepsen.util: 8	:invoke	:read	nil
2023-04-29 17:28:22,047{GMT}	INFO	[jepsen worker 4] jepsen.util: 4	:info	:broadcast	4	:net-timeout
2023-04-29 17:28:22,081{GMT}	INFO	[jepsen worker 4] jepsen.util: 9	:invoke	:read	nil
2023-04-29 17:28:25,975{GMT}	INFO	[jepsen worker 0] jepsen.util: 5	:fail	:read	nil	:net-timeout
2023-04-29 17:28:25,976{GMT}	INFO	[jepsen worker 0] jepsen.util: 5	:invoke	:read	nil
2023-04-29 17:28:26,132{GMT}	INFO	[jepsen worker 1] jepsen.util: 6	:fail	:read	nil	:net-timeout
2023-04-29 17:28:26,133{GMT}	INFO	[jepsen worker 1] jepsen.util: 6	:invoke	:read	nil
2023-04-29 17:28:26,546{GMT}	INFO	[jepsen worker 2] jepsen.util: 7	:fail	:read	nil	:net-timeout
2023-04-29 17:28:26,547{GMT}	INFO	[jepsen worker 2] jepsen.util: 7	:invoke	:read	nil
2023-04-29 17:28:26,970{GMT}	INFO	[jepsen worker 3] jepsen.util: 8	:fail	:read	nil	:net-timeout
2023-04-29 17:28:26,979{GMT}	INFO	[jepsen worker 3] jepsen.util: 8	:invoke	:broadcast	5
2023-04-29 17:28:27,086{GMT}	INFO	[jepsen worker 4] jepsen.util: 9	:fail	:read	nil	:net-timeout
2023-04-29 17:28:27,087{GMT}	INFO	[jepsen worker 4] jepsen.util: 9	:invoke	:read	nil
2023-04-29 17:28:30,977{GMT}	INFO	[jepsen worker 0] jepsen.util: 5	:fail	:read	nil	:net-timeout
2023-04-29 17:28:30,978{GMT}	INFO	[jepsen worker 0] jepsen.util: 5	:invoke	:read	nil
2023-04-29 17:28:31,143{GMT}	INFO	[jepsen worker 1] jepsen.util: 6	:fail	:read	nil	:net-timeout
2023-04-29 17:28:31,166{GMT}	INFO	[jepsen worker 1] jepsen.util: 6	:invoke	:broadcast	6
2023-04-29 17:28:31,548{GMT}	INFO	[jepsen worker 2] jepsen.util: 7	:fail	:read	nil	:net-timeout
2023-04-29 17:28:31,549{GMT}	INFO	[jepsen worker 2] jepsen.util: 7	:invoke	:read	nil
2023-04-29 17:28:31,981{GMT}	INFO	[jepsen worker 3] jepsen.util: 8	:info	:broadcast	5	:net-timeout
2023-04-29 17:28:31,981{GMT}	INFO	[jepsen worker 3] jepsen.util: 13	:invoke	:read	nil
2023-04-29 17:28:32,091{GMT}	INFO	[jepsen worker 4] jepsen.util: 9	:fail	:read	nil	:net-timeout
2023-04-29 17:28:32,091{GMT}	INFO	[jepsen worker 4] jepsen.util: 9	:invoke	:read	nil
2023-04-29 17:28:35,983{GMT}	INFO	[jepsen worker 0] jepsen.util: 5	:fail	:read	nil	:net-timeout
2023-04-29 17:28:36,168{GMT}	INFO	[jepsen worker 1] jepsen.util: 6	:info	:broadcast	6	:net-timeout
2023-04-29 17:28:36,554{GMT}	INFO	[jepsen worker 2] jepsen.util: 7	:fail	:read	nil	:net-timeout
2023-04-29 17:28:36,982{GMT}	INFO	[jepsen worker 3] jepsen.util: 13	:fail	:read	nil	:net-timeout
2023-04-29 17:28:37,091{GMT}	INFO	[jepsen worker 4] jepsen.util: 9	:fail	:read	nil	:net-timeout
2023-04-29 17:28:37,092{GMT}	INFO	[jepsen worker 4] jepsen.generator.interpreter: Waiting for recovery...
2023-04-29 17:28:47,099{GMT}	INFO	[jepsen worker 4] jepsen.util: 9	:invoke	:read	nil
2023-04-29 17:28:47,100{GMT}	INFO	[jepsen worker 1] jepsen.util: 11	:invoke	:read	nil
2023-04-29 17:28:47,100{GMT}	INFO	[jepsen worker 3] jepsen.util: 13	:invoke	:read	nil
2023-04-29 17:28:47,101{GMT}	INFO	[jepsen worker 0] jepsen.util: 5	:invoke	:read	nil
2023-04-29 17:28:47,101{GMT}	INFO	[jepsen worker 2] jepsen.util: 7	:invoke	:read	nil
2023-04-29 17:28:52,105{GMT}	INFO	[jepsen worker 3] jepsen.util: 13	:fail	:read	nil	:net-timeout
2023-04-29 17:28:52,105{GMT}	INFO	[jepsen worker 0] jepsen.util: 5	:fail	:read	nil	:net-timeout
2023-04-29 17:28:52,106{GMT}	INFO	[jepsen worker 1] jepsen.util: 11	:fail	:read	nil	:net-timeout
2023-04-29 17:28:52,106{GMT}	INFO	[jepsen worker 4] jepsen.util: 9	:fail	:read	nil	:net-timeout
2023-04-29 17:28:52,106{GMT}	INFO	[jepsen worker 2] jepsen.util: 7	:fail	:read	nil	:net-timeout
2023-04-29 17:28:52,131{GMT}	INFO	[jepsen test runner] jepsen.core: Run complete, writing
2023-04-29 17:28:52,203{GMT}	INFO	[jepsen node n1] maelstrom.db: Tearing down n1
2023-04-29 17:28:52,203{GMT}	INFO	[jepsen node n3] maelstrom.db: Tearing down n3
2023-04-29 17:28:52,203{GMT}	INFO	[jepsen node n4] maelstrom.db: Tearing down n4
2023-04-29 17:28:52,203{GMT}	INFO	[jepsen node n2] maelstrom.db: Tearing down n2
2023-04-29 17:28:52,203{GMT}	INFO	[jepsen node n0] maelstrom.db: Tearing down n0
2023-04-29 17:28:53,120{GMT}	INFO	[jepsen node n0] maelstrom.net: Shutting down Maelstrom network
2023-04-29 17:28:53,126{GMT}	WARN	[jepsen test runner] jepsen.core: Test crashed!
clojure.lang.ExceptionInfo: Node n1 crashed with exit status 2. Before crashing, it wrote to STDOUT:

{"src":"n1","dest":"c4","body":{"in_reply_to":1,"type":"init_ok"}}
{"src":"n1","dest":"c5","body":{"in_reply_to":1,"msg_id":0,"type":"topology_ok"}}

And to STDERR:

2023/04/29 17:28:15 Received {c4 n1 {"type":"init","node_id":"n1","node_ids":["n0","n1","n2","n3","n4"],"msg_id":1}}
2023/04/29 17:28:15 Node n1 initialized
2023/04/29 17:28:15 Sent {"src":"n1","dest":"c4","body":{"in_reply_to":1,"type":"init_ok"}}
2023/04/29 17:28:15 Received {c5 n1 {"type":"topology","topology":{"n0":["n3","n1"],"n1":["n4","n2","n0"],"n2":["n1"],"n3":["n0","n4"],"n4":["n1","n3"]},"msg_id":1}}
2023/04/29 17:28:15 Sent {"src":"n1","dest":"c5","body":{"in_reply_to":1,"msg_id":0,"type":"topology_ok"}}
2023/04/29 17:28:16 Received {c11 n1 {"type":"broadcast","message":1,"msg_id":1}}
panic: interface conversion: interface {} is []interface {}, not []string

goroutine 8 [running]:
main.main.func1({{0x140000183e0, 0x3}, {0x140000183e4, 0x2}, {0x140000161b0, 0x2b, 0x30}})
	/Users/lftm/Odin/Server/Glomers/broadcast03/golang/main.go:37 +0x3b0
github.com/jepsen-io/maelstrom/demo/go.(*Node).handleMessage(0x0?, 0x0?, {{0x140000183e0, 0x3}, {0x140000183e4, 0x2}, {0x140000161b0, 0x2b, 0x30}})
	/Users/lftm/go/pkg/mod/github.com/jepsen-io/maelstrom/demo/go@v0.0.0-20230424133947-f6f4fd0d64fe/node.go:151 +0x6c
github.com/jepsen-io/maelstrom/demo/go.(*Node).Run.func2()
	/Users/lftm/go/pkg/mod/github.com/jepsen-io/maelstrom/demo/go@v0.0.0-20230424133947-f6f4fd0d64fe/node.go:129 +0x78
created by github.com/jepsen-io/maelstrom/demo/go.(*Node).Run
	/Users/lftm/go/pkg/mod/github.com/jepsen-io/maelstrom/demo/go@v0.0.0-20230424133947-f6f4fd0d64fe/node.go:127 +0x434

Full STDERR logs are available in /Users/lftm/Odin/Server/Glomers/broadcast03/golang/store/broadcast/20230429T172814.483-0300/node-logs/n1.log
	at slingshot.support$stack_trace.invoke(support.clj:201)
	at maelstrom.process$stop_node_BANG_.invokeStatic(process.clj:239)
	at maelstrom.process$stop_node_BANG_.invoke(process.clj:217)
	at maelstrom.db$db$reify__16142.teardown_BANG_(db.clj:75)
	at jepsen.db$fn__8744$G__8725__8748.invoke(db.clj:12)
	at jepsen.db$fn__8744$G__8724__8753.invoke(db.clj:12)
	at clojure.core$partial$fn__5908.invoke(core.clj:2642)
	at jepsen.control$on_nodes$fn__8599.invoke(control.clj:314)
	at clojure.lang.AFn.applyToHelper(AFn.java:154)
	at clojure.lang.AFn.applyTo(AFn.java:144)
	at clojure.core$apply.invokeStatic(core.clj:667)
	at clojure.core$with_bindings_STAR_.invokeStatic(core.clj:1990)
	at clojure.core$with_bindings_STAR_.doInvoke(core.clj:1990)
	at clojure.lang.RestFn.applyTo(RestFn.java:142)
	at clojure.core$apply.invokeStatic(core.clj:671)
	at clojure.core$bound_fn_STAR_$fn__5818.doInvoke(core.clj:2020)
	at clojure.lang.RestFn.invoke(RestFn.java:408)
	at dom_top.core$real_pmap_helper$build_thread__211$fn__212.invoke(core.clj:163)
	at clojure.lang.AFn.applyToHelper(AFn.java:152)
	at clojure.lang.AFn.applyTo(AFn.java:144)
	at clojure.core$apply.invokeStatic(core.clj:667)
	at clojure.core$with_bindings_STAR_.invokeStatic(core.clj:1990)
	at clojure.core$with_bindings_STAR_.doInvoke(core.clj:1990)
	at clojure.lang.RestFn.invoke(RestFn.java:425)
	at clojure.lang.AFn.applyToHelper(AFn.java:156)
	at clojure.lang.RestFn.applyTo(RestFn.java:132)
	at clojure.core$apply.invokeStatic(core.clj:671)
	at clojure.core$bound_fn_STAR_$fn__5818.doInvoke(core.clj:2020)
	at clojure.lang.RestFn.invoke(RestFn.java:397)
	at clojure.lang.AFn.run(AFn.java:22)
	at java.base/java.lang.Thread.run(Thread.java:833)
