2023-04-21 00:21:26,423{GMT}	INFO	[jepsen test runner] jepsen.core: Command line:
lein run test -w echo --bin ./Glomers.bin --node-count 1 --time-limit 10
2023-04-21 00:21:26,453{GMT}	INFO	[jepsen test runner] jepsen.core: Running test:
{:args []
 :remote
 #jepsen.control.retry.Remote{:remote #jepsen.control.scp.Remote{:cmd-remote #jepsen.control.sshj.SSHJRemote{:concurrency-limit 6,
                                                                                                             :conn-spec nil,
                                                                                                             :client nil,
                                                                                                             :semaphore nil},
                                                                 :conn-spec nil},
                              :conn nil}
 :log-net-send false
 :node-count 1
 :availability nil
 :max-txn-length 4
 :concurrency 1
 :db
 #object[maelstrom.db$db$reify__16142
         "0x2603a76d"
         "maelstrom.db$db$reify__16142@2603a76d"]
 :max-writes-per-key 16
 :leave-db-running? false
 :name "echo"
 :logging-json? false
 :start-time
 #object[org.joda.time.DateTime "0x78167" "2023-04-21T00:21:26.407-03:00"]
 :nemesis-interval 10
 :net
 #object[maelstrom.net$jepsen_net$reify__15251
         "0x214738c1"
         "maelstrom.net$jepsen_net$reify__15251@214738c1"]
 :client
 #object[maelstrom.workload.echo$client$reify__16863
         "0x623dc959"
         "maelstrom.workload.echo$client$reify__16863@623dc959"]
 :barrier
 #object[java.util.concurrent.CyclicBarrier
         "0x7aac05e2"
         "java.util.concurrent.CyclicBarrier@7aac05e2"]
 :log-stderr false
 :pure-generators true
 :ssh {:dummy? true}
 :rate 5
 :checker
 #object[jepsen.checker$compose$reify__11881
         "0x469caf69"
         "jepsen.checker$compose$reify__11881@469caf69"]
 :argv
 ("test"
  "-w"
  "echo"
  "--bin"
  "./Glomers.bin"
  "--node-count"
  "1"
  "--time-limit"
  "10")
 :nemesis
 (jepsen.nemesis.ReflCompose
  {:fm {:start-partition 0,
        :stop-partition 0,
        :kill 1,
        :start 1,
        :pause 1,
        :resume 1},
   :nemeses [#unprintable "jepsen.nemesis.combined$partition_nemesis$reify__16416@5e05064b"
             #unprintable "jepsen.nemesis.combined$db_nemesis$reify__16397@527e6bd3"]})
 :nodes ["n0"]
 :test-count 1
 :latency {:mean 0, :dist :constant}
 :bin "./Glomers.bin"
 :generator
 (jepsen.generator.TimeLimit
  {:limit 10000000000,
   :cutoff nil,
   :gen (jepsen.generator.Any
         {:gens [(jepsen.generator.OnThreads
                  {:f #{:nemesis},
                   :context-filter #object[jepsen.generator.context$make_thread_filter$lazy_filter__9167
                                           "0x686279e0"
                                           "jepsen.generator.context$make_thread_filter$lazy_filter__9167@686279e0"],
                   :gen nil})
                 (jepsen.generator.OnThreads
                  {:f #jepsen.generator.context.AllBut{:element :nemesis},
                   :context-filter #object[jepsen.generator.context$make_thread_filter$lazy_filter__9167
                                           "0x6b28d4e4"
                                           "jepsen.generator.context$make_thread_filter$lazy_filter__9167@6b28d4e4"],
                   :gen (jepsen.generator.Stagger
                         {:dt 400000000,
                          :next-time nil,
                          :gen (jepsen.generator.EachThread
                                {:fresh-gen #object[maelstrom.workload.echo$workload$fn__16882
                                                    "0x41cfcbb5"
                                                    "maelstrom.workload.echo$workload$fn__16882@41cfcbb5"],
                                 :context-filters #object[clojure.core$promise$reify__8591
                                                          "0x40941b54"
                                                          {:status :pending,
                                                           :val nil}],
                                 :gens {}})})})]})})
 :log-net-recv false
 :os
 #object[maelstrom.net$jepsen_os$reify__15254
         "0x3b42d7df"
         "maelstrom.net$jepsen_os$reify__15254@3b42d7df"]
 :time-limit 10
 :workload :echo
 :consistency-models [:strict-serializable]
 :topology :grid}

2023-04-21 00:21:27,309{GMT}	INFO	[jepsen node n0] maelstrom.net: Starting Maelstrom network
2023-04-21 00:21:27,310{GMT}	INFO	[jepsen test runner] jepsen.db: Tearing down DB
2023-04-21 00:21:27,311{GMT}	INFO	[jepsen test runner] jepsen.db: Setting up DB
2023-04-21 00:21:27,312{GMT}	INFO	[jepsen node n0] maelstrom.service: Starting services: (lin-kv lin-tso lww-kv seq-kv)
2023-04-21 00:21:27,313{GMT}	INFO	[jepsen node n0] maelstrom.db: Setting up n0
2023-04-21 00:21:27,314{GMT}	INFO	[jepsen node n0] maelstrom.process: launching ./Glomers.bin []
2023-04-21 00:21:27,854{GMT}	INFO	[jepsen test runner] jepsen.core: Relative time begins now
2023-04-21 00:21:27,870{GMT}	INFO	[jepsen worker 0] jepsen.util: 0	:invoke	:echo	"Please echo 34"
2023-04-21 00:21:27,876{GMT}	INFO	[jepsen worker 0] jepsen.util: 0	:ok	:echo	{:type "echo_ok", :echo "Please echo 34", :msg_id 0, :in_reply_to 1}
2023-04-21 00:21:28,073{GMT}	INFO	[jepsen worker 0] jepsen.util: 0	:invoke	:echo	"Please echo 127"
2023-04-21 00:21:28,076{GMT}	INFO	[jepsen worker 0] jepsen.util: 0	:ok	:echo	{:type "echo_ok", :echo "Please echo 127", :msg_id 1, :in_reply_to 2}
2023-04-21 00:21:28,266{GMT}	INFO	[jepsen worker 0] jepsen.util: 0	:invoke	:echo	"Please echo 126"
2023-04-21 00:21:28,269{GMT}	INFO	[jepsen worker 0] jepsen.util: 0	:ok	:echo	{:type "echo_ok", :echo "Please echo 126", :msg_id 2, :in_reply_to 3}
2023-04-21 00:21:28,489{GMT}	INFO	[jepsen worker 0] jepsen.util: 0	:invoke	:echo	"Please echo 106"
2023-04-21 00:21:28,492{GMT}	INFO	[jepsen worker 0] jepsen.util: 0	:ok	:echo	{:type "echo_ok", :echo "Please echo 106", :msg_id 3, :in_reply_to 4}
2023-04-21 00:21:28,635{GMT}	INFO	[jepsen worker 0] jepsen.util: 0	:invoke	:echo	"Please echo 50"
2023-04-21 00:21:28,638{GMT}	INFO	[jepsen worker 0] jepsen.util: 0	:ok	:echo	{:type "echo_ok", :echo "Please echo 50", :msg_id 4, :in_reply_to 5}
2023-04-21 00:21:28,760{GMT}	INFO	[jepsen worker 0] jepsen.util: 0	:invoke	:echo	"Please echo 89"
2023-04-21 00:21:28,763{GMT}	INFO	[jepsen worker 0] jepsen.util: 0	:ok	:echo	{:type "echo_ok", :echo "Please echo 89", :msg_id 5, :in_reply_to 6}
2023-04-21 00:21:28,908{GMT}	INFO	[jepsen worker 0] jepsen.util: 0	:invoke	:echo	"Please echo 21"
2023-04-21 00:21:28,911{GMT}	INFO	[jepsen worker 0] jepsen.util: 0	:ok	:echo	{:type "echo_ok", :echo "Please echo 21", :msg_id 6, :in_reply_to 7}
2023-04-21 00:21:29,118{GMT}	INFO	[jepsen worker 0] jepsen.util: 0	:invoke	:echo	"Please echo 43"
2023-04-21 00:21:29,120{GMT}	INFO	[jepsen worker 0] jepsen.util: 0	:ok	:echo	{:type "echo_ok", :echo "Please echo 43", :msg_id 7, :in_reply_to 8}
2023-04-21 00:21:29,210{GMT}	INFO	[jepsen worker 0] jepsen.util: 0	:invoke	:echo	"Please echo 123"
2023-04-21 00:21:29,213{GMT}	INFO	[jepsen worker 0] jepsen.util: 0	:ok	:echo	{:type "echo_ok", :echo "Please echo 123", :msg_id 8, :in_reply_to 9}
2023-04-21 00:21:29,436{GMT}	INFO	[jepsen worker 0] jepsen.util: 0	:invoke	:echo	"Please echo 126"
2023-04-21 00:21:29,439{GMT}	INFO	[jepsen worker 0] jepsen.util: 0	:ok	:echo	{:type "echo_ok", :echo "Please echo 126", :msg_id 9, :in_reply_to 10}
2023-04-21 00:21:29,713{GMT}	INFO	[jepsen worker 0] jepsen.util: 0	:invoke	:echo	"Please echo 71"
2023-04-21 00:21:29,716{GMT}	INFO	[jepsen worker 0] jepsen.util: 0	:ok	:echo	{:type "echo_ok", :echo "Please echo 71", :msg_id 10, :in_reply_to 11}
2023-04-21 00:21:29,767{GMT}	INFO	[jepsen worker 0] jepsen.util: 0	:invoke	:echo	"Please echo 80"
2023-04-21 00:21:29,769{GMT}	INFO	[jepsen worker 0] jepsen.util: 0	:ok	:echo	{:type "echo_ok", :echo "Please echo 80", :msg_id 11, :in_reply_to 12}
2023-04-21 00:21:30,080{GMT}	INFO	[jepsen worker 0] jepsen.util: 0	:invoke	:echo	"Please echo 3"
2023-04-21 00:21:30,083{GMT}	INFO	[jepsen worker 0] jepsen.util: 0	:ok	:echo	{:type "echo_ok", :echo "Please echo 3", :msg_id 12, :in_reply_to 13}
2023-04-21 00:21:30,084{GMT}	INFO	[jepsen worker 0] jepsen.util: 0	:invoke	:echo	"Please echo 104"
2023-04-21 00:21:30,087{GMT}	INFO	[jepsen worker 0] jepsen.util: 0	:ok	:echo	{:type "echo_ok", :echo "Please echo 104", :msg_id 13, :in_reply_to 14}
2023-04-21 00:21:30,452{GMT}	INFO	[jepsen worker 0] jepsen.util: 0	:invoke	:echo	"Please echo 61"
2023-04-21 00:21:30,454{GMT}	INFO	[jepsen worker 0] jepsen.util: 0	:ok	:echo	{:type "echo_ok", :echo "Please echo 61", :msg_id 14, :in_reply_to 15}
2023-04-21 00:21:30,481{GMT}	INFO	[jepsen worker 0] jepsen.util: 0	:invoke	:echo	"Please echo 56"
2023-04-21 00:21:30,483{GMT}	INFO	[jepsen worker 0] jepsen.util: 0	:ok	:echo	{:type "echo_ok", :echo "Please echo 56", :msg_id 15, :in_reply_to 16}
2023-04-21 00:21:30,672{GMT}	INFO	[jepsen worker 0] jepsen.util: 0	:invoke	:echo	"Please echo 44"
2023-04-21 00:21:30,675{GMT}	INFO	[jepsen worker 0] jepsen.util: 0	:ok	:echo	{:type "echo_ok", :echo "Please echo 44", :msg_id 16, :in_reply_to 17}
2023-04-21 00:21:30,845{GMT}	INFO	[jepsen worker 0] jepsen.util: 0	:invoke	:echo	"Please echo 21"
2023-04-21 00:21:30,848{GMT}	INFO	[jepsen worker 0] jepsen.util: 0	:ok	:echo	{:type "echo_ok", :echo "Please echo 21", :msg_id 17, :in_reply_to 18}
2023-04-21 00:21:30,963{GMT}	INFO	[jepsen worker 0] jepsen.util: 0	:invoke	:echo	"Please echo 79"
2023-04-21 00:21:30,964{GMT}	INFO	[jepsen worker 0] jepsen.util: 0	:ok	:echo	{:type "echo_ok", :echo "Please echo 79", :msg_id 18, :in_reply_to 19}
2023-04-21 00:21:31,111{GMT}	INFO	[jepsen worker 0] jepsen.util: 0	:invoke	:echo	"Please echo 65"
2023-04-21 00:21:31,114{GMT}	INFO	[jepsen worker 0] jepsen.util: 0	:ok	:echo	{:type "echo_ok", :echo "Please echo 65", :msg_id 19, :in_reply_to 20}
2023-04-21 00:21:31,287{GMT}	INFO	[jepsen worker 0] jepsen.util: 0	:invoke	:echo	"Please echo 89"
2023-04-21 00:21:31,290{GMT}	INFO	[jepsen worker 0] jepsen.util: 0	:ok	:echo	{:type "echo_ok", :echo "Please echo 89", :msg_id 20, :in_reply_to 21}
2023-04-21 00:21:31,621{GMT}	INFO	[jepsen worker 0] jepsen.util: 0	:invoke	:echo	"Please echo 51"
2023-04-21 00:21:31,624{GMT}	INFO	[jepsen worker 0] jepsen.util: 0	:ok	:echo	{:type "echo_ok", :echo "Please echo 51", :msg_id 21, :in_reply_to 22}
2023-04-21 00:21:31,931{GMT}	INFO	[jepsen worker 0] jepsen.util: 0	:invoke	:echo	"Please echo 91"
2023-04-21 00:21:31,934{GMT}	INFO	[jepsen worker 0] jepsen.util: 0	:ok	:echo	{:type "echo_ok", :echo "Please echo 91", :msg_id 22, :in_reply_to 23}
2023-04-21 00:21:32,102{GMT}	INFO	[jepsen worker 0] jepsen.util: 0	:invoke	:echo	"Please echo 67"
2023-04-21 00:21:32,105{GMT}	INFO	[jepsen worker 0] jepsen.util: 0	:ok	:echo	{:type "echo_ok", :echo "Please echo 67", :msg_id 23, :in_reply_to 24}
2023-04-21 00:21:32,242{GMT}	INFO	[jepsen worker 0] jepsen.util: 0	:invoke	:echo	"Please echo 39"
2023-04-21 00:21:32,245{GMT}	INFO	[jepsen worker 0] jepsen.util: 0	:ok	:echo	{:type "echo_ok", :echo "Please echo 39", :msg_id 24, :in_reply_to 25}
2023-04-21 00:21:32,638{GMT}	INFO	[jepsen worker 0] jepsen.util: 0	:invoke	:echo	"Please echo 122"
2023-04-21 00:21:32,641{GMT}	INFO	[jepsen worker 0] jepsen.util: 0	:ok	:echo	{:type "echo_ok", :echo "Please echo 122", :msg_id 25, :in_reply_to 26}
2023-04-21 00:21:32,767{GMT}	INFO	[jepsen worker 0] jepsen.util: 0	:invoke	:echo	"Please echo 44"
2023-04-21 00:21:32,769{GMT}	INFO	[jepsen worker 0] jepsen.util: 0	:ok	:echo	{:type "echo_ok", :echo "Please echo 44", :msg_id 26, :in_reply_to 27}
2023-04-21 00:21:32,818{GMT}	INFO	[jepsen worker 0] jepsen.util: 0	:invoke	:echo	"Please echo 25"
2023-04-21 00:21:32,821{GMT}	INFO	[jepsen worker 0] jepsen.util: 0	:ok	:echo	{:type "echo_ok", :echo "Please echo 25", :msg_id 27, :in_reply_to 28}
2023-04-21 00:21:33,166{GMT}	INFO	[jepsen worker 0] jepsen.util: 0	:invoke	:echo	"Please echo 16"
2023-04-21 00:21:33,169{GMT}	INFO	[jepsen worker 0] jepsen.util: 0	:ok	:echo	{:type "echo_ok", :echo "Please echo 16", :msg_id 28, :in_reply_to 29}
2023-04-21 00:21:33,400{GMT}	INFO	[jepsen worker 0] jepsen.util: 0	:invoke	:echo	"Please echo 15"
2023-04-21 00:21:33,403{GMT}	INFO	[jepsen worker 0] jepsen.util: 0	:ok	:echo	{:type "echo_ok", :echo "Please echo 15", :msg_id 29, :in_reply_to 30}
2023-04-21 00:21:33,458{GMT}	INFO	[jepsen worker 0] jepsen.util: 0	:invoke	:echo	"Please echo 9"
2023-04-21 00:21:33,461{GMT}	INFO	[jepsen worker 0] jepsen.util: 0	:ok	:echo	{:type "echo_ok", :echo "Please echo 9", :msg_id 30, :in_reply_to 31}
2023-04-21 00:21:33,609{GMT}	INFO	[jepsen worker 0] jepsen.util: 0	:invoke	:echo	"Please echo 78"
2023-04-21 00:21:33,612{GMT}	INFO	[jepsen worker 0] jepsen.util: 0	:ok	:echo	{:type "echo_ok", :echo "Please echo 78", :msg_id 31, :in_reply_to 32}
2023-04-21 00:21:33,766{GMT}	INFO	[jepsen worker 0] jepsen.util: 0	:invoke	:echo	"Please echo 97"
2023-04-21 00:21:33,768{GMT}	INFO	[jepsen worker 0] jepsen.util: 0	:ok	:echo	{:type "echo_ok", :echo "Please echo 97", :msg_id 32, :in_reply_to 33}
2023-04-21 00:21:33,936{GMT}	INFO	[jepsen worker 0] jepsen.util: 0	:invoke	:echo	"Please echo 92"
2023-04-21 00:21:33,939{GMT}	INFO	[jepsen worker 0] jepsen.util: 0	:ok	:echo	{:type "echo_ok", :echo "Please echo 92", :msg_id 33, :in_reply_to 34}
2023-04-21 00:21:34,275{GMT}	INFO	[jepsen worker 0] jepsen.util: 0	:invoke	:echo	"Please echo 55"
2023-04-21 00:21:34,278{GMT}	INFO	[jepsen worker 0] jepsen.util: 0	:ok	:echo	{:type "echo_ok", :echo "Please echo 55", :msg_id 34, :in_reply_to 35}
2023-04-21 00:21:34,608{GMT}	INFO	[jepsen worker 0] jepsen.util: 0	:invoke	:echo	"Please echo 73"
2023-04-21 00:21:34,611{GMT}	INFO	[jepsen worker 0] jepsen.util: 0	:ok	:echo	{:type "echo_ok", :echo "Please echo 73", :msg_id 35, :in_reply_to 36}
2023-04-21 00:21:34,675{GMT}	INFO	[jepsen worker 0] jepsen.util: 0	:invoke	:echo	"Please echo 7"
2023-04-21 00:21:34,678{GMT}	INFO	[jepsen worker 0] jepsen.util: 0	:ok	:echo	{:type "echo_ok", :echo "Please echo 7", :msg_id 36, :in_reply_to 37}
2023-04-21 00:21:34,942{GMT}	INFO	[jepsen worker 0] jepsen.util: 0	:invoke	:echo	"Please echo 46"
2023-04-21 00:21:34,945{GMT}	INFO	[jepsen worker 0] jepsen.util: 0	:ok	:echo	{:type "echo_ok", :echo "Please echo 46", :msg_id 37, :in_reply_to 38}
2023-04-21 00:21:35,154{GMT}	INFO	[jepsen worker 0] jepsen.util: 0	:invoke	:echo	"Please echo 10"
2023-04-21 00:21:35,157{GMT}	INFO	[jepsen worker 0] jepsen.util: 0	:ok	:echo	{:type "echo_ok", :echo "Please echo 10", :msg_id 38, :in_reply_to 39}
2023-04-21 00:21:35,258{GMT}	INFO	[jepsen worker 0] jepsen.util: 0	:invoke	:echo	"Please echo 113"
2023-04-21 00:21:35,261{GMT}	INFO	[jepsen worker 0] jepsen.util: 0	:ok	:echo	{:type "echo_ok", :echo "Please echo 113", :msg_id 39, :in_reply_to 40}
2023-04-21 00:21:35,445{GMT}	INFO	[jepsen worker 0] jepsen.util: 0	:invoke	:echo	"Please echo 10"
2023-04-21 00:21:35,448{GMT}	INFO	[jepsen worker 0] jepsen.util: 0	:ok	:echo	{:type "echo_ok", :echo "Please echo 10", :msg_id 40, :in_reply_to 41}
2023-04-21 00:21:35,744{GMT}	INFO	[jepsen worker 0] jepsen.util: 0	:invoke	:echo	"Please echo 15"
2023-04-21 00:21:35,747{GMT}	INFO	[jepsen worker 0] jepsen.util: 0	:ok	:echo	{:type "echo_ok", :echo "Please echo 15", :msg_id 41, :in_reply_to 42}
2023-04-21 00:21:35,851{GMT}	INFO	[jepsen worker 0] jepsen.util: 0	:invoke	:echo	"Please echo 42"
2023-04-21 00:21:35,854{GMT}	INFO	[jepsen worker 0] jepsen.util: 0	:ok	:echo	{:type "echo_ok", :echo "Please echo 42", :msg_id 42, :in_reply_to 43}
2023-04-21 00:21:36,234{GMT}	INFO	[jepsen worker 0] jepsen.util: 0	:invoke	:echo	"Please echo 76"
2023-04-21 00:21:36,236{GMT}	INFO	[jepsen worker 0] jepsen.util: 0	:ok	:echo	{:type "echo_ok", :echo "Please echo 76", :msg_id 43, :in_reply_to 44}
2023-04-21 00:21:36,581{GMT}	INFO	[jepsen worker 0] jepsen.util: 0	:invoke	:echo	"Please echo 52"
2023-04-21 00:21:36,584{GMT}	INFO	[jepsen worker 0] jepsen.util: 0	:ok	:echo	{:type "echo_ok", :echo "Please echo 52", :msg_id 44, :in_reply_to 45}
2023-04-21 00:21:36,906{GMT}	INFO	[jepsen worker 0] jepsen.util: 0	:invoke	:echo	"Please echo 19"
2023-04-21 00:21:36,908{GMT}	INFO	[jepsen worker 0] jepsen.util: 0	:ok	:echo	{:type "echo_ok", :echo "Please echo 19", :msg_id 45, :in_reply_to 46}
2023-04-21 00:21:37,217{GMT}	INFO	[jepsen worker 0] jepsen.util: 0	:invoke	:echo	"Please echo 97"
2023-04-21 00:21:37,219{GMT}	INFO	[jepsen worker 0] jepsen.util: 0	:ok	:echo	{:type "echo_ok", :echo "Please echo 97", :msg_id 46, :in_reply_to 47}
2023-04-21 00:21:37,417{GMT}	INFO	[jepsen worker 0] jepsen.util: 0	:invoke	:echo	"Please echo 110"
2023-04-21 00:21:37,420{GMT}	INFO	[jepsen worker 0] jepsen.util: 0	:ok	:echo	{:type "echo_ok", :echo "Please echo 110", :msg_id 47, :in_reply_to 48}
2023-04-21 00:21:37,774{GMT}	INFO	[jepsen worker 0] jepsen.util: 0	:invoke	:echo	"Please echo 5"
2023-04-21 00:21:37,777{GMT}	INFO	[jepsen worker 0] jepsen.util: 0	:ok	:echo	{:type "echo_ok", :echo "Please echo 5", :msg_id 48, :in_reply_to 49}
2023-04-21 00:21:37,796{GMT}	INFO	[jepsen test runner] jepsen.core: Run complete, writing
2023-04-21 00:21:37,846{GMT}	INFO	[jepsen node n0] maelstrom.db: Tearing down n0
2023-04-21 00:21:39,369{GMT}	INFO	[jepsen node n0] maelstrom.net: Shutting down Maelstrom network
2023-04-21 00:21:39,370{GMT}	INFO	[jepsen test runner] jepsen.core: Analyzing...
2023-04-21 00:21:39,570{GMT}	INFO	[jepsen test runner] jepsen.core: Analysis complete
2023-04-21 00:21:39,576{GMT}	INFO	[jepsen results] jepsen.store: Wrote /Users/lftm/Odin/Server/Glomers/store/echo/20230421T002126.407-0300/results.edn
2023-04-21 00:21:39,590{GMT}	INFO	[jepsen test runner] jepsen.core: {:perf {:latency-graph {:valid? true},
        :rate-graph {:valid? true},
        :valid? true},
 :timeline {:valid? true},
 :exceptions {:valid? true},
 :stats {:valid? true,
         :count 49,
         :ok-count 49,
         :fail-count 0,
         :info-count 0,
         :by-f {:echo {:valid? true,
                       :count 49,
                       :ok-count 49,
                       :fail-count 0,
                       :info-count 0}}},
 :availability {:valid? true, :ok-fraction 1.0},
 :net {:all {:send-count 100,
             :recv-count 100,
             :msg-count 100,
             :msgs-per-op 2.0408163},
       :clients {:send-count 100, :recv-count 100, :msg-count 100},
       :servers {:send-count 0,
                 :recv-count 0,
                 :msg-count 0,
                 :msgs-per-op 0.0},
       :valid? true},
 :workload {:valid? true, :errors ()},
 :valid? true}


Everything looks good! ヽ(‘ー`)ノ
