2023/04/29 17:30:23 Received {c0 n0 {"type":"init","node_id":"n0","node_ids":["n0","n1","n2","n3","n4"],"msg_id":1}}
2023/04/29 17:30:23 Node n0 initialized
2023/04/29 17:30:23 Sent {"src":"n0","dest":"c0","body":{"in_reply_to":1,"type":"init_ok"}}
2023/04/29 17:30:23 Received {c6 n0 {"type":"topology","topology":{"n0":["n3","n1"],"n1":["n4","n2","n0"],"n2":["n1"],"n3":["n0","n4"],"n4":["n1","n3"]},"msg_id":1}}
2023/04/29 17:30:23 Sent {"src":"n0","dest":"c6","body":{"in_reply_to":1,"msg_id":0,"type":"topology_ok"}}
2023/04/29 17:30:23 Received {c10 n0 {"type":"broadcast","message":0,"msg_id":1}}
2023/04/29 17:30:23 Sent {"src":"n0","dest":"n3","body":{"messages":[0],"type":"node_broadcast"}}
2023/04/29 17:30:23 Sent {"src":"n0","dest":"n1","body":{"messages":[0],"type":"node_broadcast"}}
2023/04/29 17:30:23 Sent {"src":"n0","dest":"c10","body":{"in_reply_to":1,"type":"broadcast_ok"}}
2023/04/29 17:30:24 Received {c10 n0 {"type":"read","msg_id":2}}
2023/04/29 17:30:24 Sent {"src":"n0","dest":"c10","body":{"in_reply_to":2,"messages":[0],"type":"read_ok"}}
2023/04/29 17:30:24 Received {c10 n0 {"type":"broadcast","message":3,"msg_id":3}}
2023/04/29 17:30:24 Sent {"src":"n0","dest":"n3","body":{"messages":[0,3],"type":"node_broadcast"}}
2023/04/29 17:30:24 Sent {"src":"n0","dest":"n1","body":{"messages":[0,3],"type":"node_broadcast"}}
2023/04/29 17:30:24 Sent {"src":"n0","dest":"c10","body":{"in_reply_to":3,"type":"broadcast_ok"}}
2023/04/29 17:30:24 Received {c10 n0 {"type":"read","msg_id":4}}
2023/04/29 17:30:24 Sent {"src":"n0","dest":"c10","body":{"in_reply_to":4,"messages":[0,3],"type":"read_ok"}}
2023/04/29 17:30:24 Received {c10 n0 {"type":"broadcast","message":6,"msg_id":5}}
2023/04/29 17:30:24 Sent {"src":"n0","dest":"n3","body":{"messages":[0,3,6],"type":"node_broadcast"}}
2023/04/29 17:30:24 Sent {"src":"n0","dest":"n1","body":{"messages":[0,3,6],"type":"node_broadcast"}}
2023/04/29 17:30:24 Sent {"src":"n0","dest":"c10","body":{"in_reply_to":5,"type":"broadcast_ok"}}
2023/04/29 17:30:25 Received {c10 n0 {"type":"read","msg_id":6}}
2023/04/29 17:30:25 Sent {"src":"n0","dest":"c10","body":{"in_reply_to":6,"messages":[0,3,6],"type":"read_ok"}}
2023/04/29 17:30:25 Received {c10 n0 {"type":"read","msg_id":7}}
2023/04/29 17:30:25 Sent {"src":"n0","dest":"c10","body":{"in_reply_to":7,"messages":[0,3,6],"type":"read_ok"}}
2023/04/29 17:30:26 Received {c10 n0 {"type":"read","msg_id":8}}
2023/04/29 17:30:26 Sent {"src":"n0","dest":"c10","body":{"in_reply_to":8,"messages":[0,3,6],"type":"read_ok"}}
2023/04/29 17:30:26 Received {c10 n0 {"type":"read","msg_id":9}}
2023/04/29 17:30:26 Sent {"src":"n0","dest":"c10","body":{"in_reply_to":9,"messages":[0,3,6],"type":"read_ok"}}
2023/04/29 17:30:26 Received {c10 n0 {"type":"read","msg_id":10}}
2023/04/29 17:30:26 Sent {"src":"n0","dest":"c10","body":{"in_reply_to":10,"messages":[0,3,6],"type":"read_ok"}}
2023/04/29 17:30:26 Received {c10 n0 {"type":"read","msg_id":11}}
2023/04/29 17:30:26 Sent {"src":"n0","dest":"c10","body":{"in_reply_to":11,"messages":[0,3,6],"type":"read_ok"}}
2023/04/29 17:30:27 Received {c10 n0 {"type":"broadcast","message":12,"msg_id":12}}
2023/04/29 17:30:27 Sent {"src":"n0","dest":"n3","body":{"messages":[0,3,6,12],"type":"node_broadcast"}}
2023/04/29 17:30:27 Sent {"src":"n0","dest":"n1","body":{"messages":[0,3,6,12],"type":"node_broadcast"}}
2023/04/29 17:30:27 Sent {"src":"n0","dest":"c10","body":{"in_reply_to":12,"type":"broadcast_ok"}}
2023/04/29 17:30:27 Received {c10 n0 {"type":"broadcast","message":13,"msg_id":13}}
2023/04/29 17:30:27 Sent {"src":"n0","dest":"n3","body":{"messages":[0,3,6,12,13],"type":"node_broadcast"}}
2023/04/29 17:30:27 Sent {"src":"n0","dest":"n1","body":{"messages":[0,3,6,12,13],"type":"node_broadcast"}}
2023/04/29 17:30:27 Sent {"src":"n0","dest":"c10","body":{"in_reply_to":13,"type":"broadcast_ok"}}
2023/04/29 17:30:28 Received {c10 n0 {"type":"read","msg_id":14}}
2023/04/29 17:30:28 Sent {"src":"n0","dest":"c10","body":{"in_reply_to":14,"messages":[0,3,6,12,13],"type":"read_ok"}}
2023/04/29 17:30:28 Received {c10 n0 {"type":"broadcast","message":15,"msg_id":15}}
2023/04/29 17:30:28 Sent {"src":"n0","dest":"n3","body":{"messages":[0,3,6,12,13,15],"type":"node_broadcast"}}
2023/04/29 17:30:28 Sent {"src":"n0","dest":"n1","body":{"messages":[0,3,6,12,13,15],"type":"node_broadcast"}}
2023/04/29 17:30:28 Sent {"src":"n0","dest":"c10","body":{"in_reply_to":15,"type":"broadcast_ok"}}
2023/04/29 17:30:28 Received {c10 n0 {"type":"broadcast","message":18,"msg_id":16}}
2023/04/29 17:30:28 Sent {"src":"n0","dest":"n3","body":{"messages":[0,3,6,12,13,15,18],"type":"node_broadcast"}}
2023/04/29 17:30:28 Sent {"src":"n0","dest":"n1","body":{"messages":[0,3,6,12,13,15,18],"type":"node_broadcast"}}
2023/04/29 17:30:28 Sent {"src":"n0","dest":"c10","body":{"in_reply_to":16,"type":"broadcast_ok"}}
2023/04/29 17:30:28 Received {c10 n0 {"type":"broadcast","message":19,"msg_id":17}}
2023/04/29 17:30:28 Sent {"src":"n0","dest":"n3","body":{"messages":[0,3,6,12,13,15,18,19],"type":"node_broadcast"}}
2023/04/29 17:30:28 Sent {"src":"n0","dest":"n1","body":{"messages":[0,3,6,12,13,15,18,19],"type":"node_broadcast"}}
2023/04/29 17:30:28 Sent {"src":"n0","dest":"c10","body":{"in_reply_to":17,"type":"broadcast_ok"}}
2023/04/29 17:30:29 Received {c10 n0 {"type":"broadcast","message":21,"msg_id":18}}
2023/04/29 17:30:29 Sent {"src":"n0","dest":"n3","body":{"messages":[0,3,6,12,13,15,18,19,21],"type":"node_broadcast"}}
2023/04/29 17:30:29 Sent {"src":"n0","dest":"n1","body":{"messages":[0,3,6,12,13,15,18,19,21],"type":"node_broadcast"}}
2023/04/29 17:30:29 Sent {"src":"n0","dest":"c10","body":{"in_reply_to":18,"type":"broadcast_ok"}}
2023/04/29 17:30:29 Received {c10 n0 {"type":"broadcast","message":22,"msg_id":19}}
2023/04/29 17:30:29 Sent {"src":"n0","dest":"n3","body":{"messages":[0,3,6,12,13,15,18,19,21,22],"type":"node_broadcast"}}
2023/04/29 17:30:29 Sent {"src":"n0","dest":"n1","body":{"messages":[0,3,6,12,13,15,18,19,21,22],"type":"node_broadcast"}}
2023/04/29 17:30:29 Sent {"src":"n0","dest":"c10","body":{"in_reply_to":19,"type":"broadcast_ok"}}
2023/04/29 17:30:30 Received {c10 n0 {"type":"read","msg_id":20}}
2023/04/29 17:30:30 Sent {"src":"n0","dest":"c10","body":{"in_reply_to":20,"messages":[0,3,6,12,13,15,18,19,21,22],"type":"read_ok"}}
2023/04/29 17:30:30 Received {c10 n0 {"type":"read","msg_id":21}}
2023/04/29 17:30:30 Sent {"src":"n0","dest":"c10","body":{"in_reply_to":21,"messages":[0,3,6,12,13,15,18,19,21,22],"type":"read_ok"}}
2023/04/29 17:30:31 Received {c10 n0 {"type":"broadcast","message":28,"msg_id":22}}
2023/04/29 17:30:31 Sent {"src":"n0","dest":"n3","body":{"messages":[0,3,6,12,13,15,18,19,21,22,28],"type":"node_broadcast"}}
2023/04/29 17:30:31 Sent {"src":"n0","dest":"n1","body":{"messages":[0,3,6,12,13,15,18,19,21,22,28],"type":"node_broadcast"}}
2023/04/29 17:30:31 Sent {"src":"n0","dest":"c10","body":{"in_reply_to":22,"type":"broadcast_ok"}}
2023/04/29 17:30:31 Received {c10 n0 {"type":"broadcast","message":29,"msg_id":23}}
2023/04/29 17:30:31 Sent {"src":"n0","dest":"n3","body":{"messages":[0,3,6,12,13,15,18,19,21,22,28,29],"type":"node_broadcast"}}
2023/04/29 17:30:31 Sent {"src":"n0","dest":"n1","body":{"messages":[0,3,6,12,13,15,18,19,21,22,28,29],"type":"node_broadcast"}}
2023/04/29 17:30:31 Sent {"src":"n0","dest":"c10","body":{"in_reply_to":23,"type":"broadcast_ok"}}
2023/04/29 17:30:31 Received {c10 n0 {"type":"read","msg_id":24}}
2023/04/29 17:30:31 Sent {"src":"n0","dest":"c10","body":{"in_reply_to":24,"messages":[0,3,6,12,13,15,18,19,21,22,28,29],"type":"read_ok"}}
2023/04/29 17:30:31 Received {c10 n0 {"type":"broadcast","message":33,"msg_id":25}}
2023/04/29 17:30:31 Sent {"src":"n0","dest":"n3","body":{"messages":[0,3,6,12,13,15,18,19,21,22,28,29,33],"type":"node_broadcast"}}
2023/04/29 17:30:31 Sent {"src":"n0","dest":"n1","body":{"messages":[0,3,6,12,13,15,18,19,21,22,28,29,33],"type":"node_broadcast"}}
2023/04/29 17:30:31 Sent {"src":"n0","dest":"c10","body":{"in_reply_to":25,"type":"broadcast_ok"}}
2023/04/29 17:30:32 Received {c10 n0 {"type":"read","msg_id":26}}
2023/04/29 17:30:32 Sent {"src":"n0","dest":"c10","body":{"in_reply_to":26,"messages":[0,3,6,12,13,15,18,19,21,22,28,29,33],"type":"read_ok"}}
2023/04/29 17:30:32 Received {c10 n0 {"type":"broadcast","message":34,"msg_id":27}}
2023/04/29 17:30:32 Sent {"src":"n0","dest":"n3","body":{"messages":[0,3,6,12,13,15,18,19,21,22,28,29,33,34],"type":"node_broadcast"}}
2023/04/29 17:30:32 Sent {"src":"n0","dest":"n1","body":{"messages":[0,3,6,12,13,15,18,19,21,22,28,29,33,34],"type":"node_broadcast"}}
2023/04/29 17:30:32 Sent {"src":"n0","dest":"c10","body":{"in_reply_to":27,"type":"broadcast_ok"}}
2023/04/29 17:30:33 Received {c10 n0 {"type":"broadcast","message":36,"msg_id":28}}
2023/04/29 17:30:33 Sent {"src":"n0","dest":"n3","body":{"messages":[0,3,6,12,13,15,18,19,21,22,28,29,33,34,36],"type":"node_broadcast"}}
2023/04/29 17:30:33 Sent {"src":"n0","dest":"n1","body":{"messages":[0,3,6,12,13,15,18,19,21,22,28,29,33,34,36],"type":"node_broadcast"}}
2023/04/29 17:30:33 Sent {"src":"n0","dest":"c10","body":{"in_reply_to":28,"type":"broadcast_ok"}}
2023/04/29 17:30:33 Received {c10 n0 {"type":"broadcast","message":37,"msg_id":29}}
2023/04/29 17:30:33 Sent {"src":"n0","dest":"n3","body":{"messages":[0,3,6,12,13,15,18,19,21,22,28,29,33,34,36,37],"type":"node_broadcast"}}
2023/04/29 17:30:33 Sent {"src":"n0","dest":"n1","body":{"messages":[0,3,6,12,13,15,18,19,21,22,28,29,33,34,36,37],"type":"node_broadcast"}}
2023/04/29 17:30:33 Sent {"src":"n0","dest":"c10","body":{"in_reply_to":29,"type":"broadcast_ok"}}
2023/04/29 17:30:33 Received {c10 n0 {"type":"read","msg_id":30}}
2023/04/29 17:30:33 Sent {"src":"n0","dest":"c10","body":{"in_reply_to":30,"messages":[0,3,6,12,13,15,18,19,21,22,28,29,33,34,36,37],"type":"read_ok"}}
2023/04/29 17:30:34 Received {c10 n0 {"type":"broadcast","message":43,"msg_id":31}}
2023/04/29 17:30:34 Sent {"src":"n0","dest":"n3","body":{"messages":[0,3,6,12,13,15,18,19,21,22,28,29,33,34,36,37,43],"type":"node_broadcast"}}
2023/04/29 17:30:34 Sent {"src":"n0","dest":"n1","body":{"messages":[0,3,6,12,13,15,18,19,21,22,28,29,33,34,36,37,43],"type":"node_broadcast"}}
2023/04/29 17:30:34 Sent {"src":"n0","dest":"c10","body":{"in_reply_to":31,"type":"broadcast_ok"}}
2023/04/29 17:30:34 Received {c10 n0 {"type":"broadcast","message":44,"msg_id":32}}
2023/04/29 17:30:34 Sent {"src":"n0","dest":"n3","body":{"messages":[0,3,6,12,13,15,18,19,21,22,28,29,33,34,36,37,43,44],"type":"node_broadcast"}}
2023/04/29 17:30:34 Sent {"src":"n0","dest":"n1","body":{"messages":[0,3,6,12,13,15,18,19,21,22,28,29,33,34,36,37,43,44],"type":"node_broadcast"}}
2023/04/29 17:30:34 Sent {"src":"n0","dest":"c10","body":{"in_reply_to":32,"type":"broadcast_ok"}}
2023/04/29 17:30:34 Received {c10 n0 {"type":"broadcast","message":47,"msg_id":33}}
2023/04/29 17:30:34 Sent {"src":"n0","dest":"n3","body":{"messages":[0,3,6,12,13,15,18,19,21,22,28,29,33,34,36,37,43,44,47],"type":"node_broadcast"}}
2023/04/29 17:30:34 Sent {"src":"n0","dest":"n1","body":{"messages":[0,3,6,12,13,15,18,19,21,22,28,29,33,34,36,37,43,44,47],"type":"node_broadcast"}}
2023/04/29 17:30:34 Sent {"src":"n0","dest":"c10","body":{"in_reply_to":33,"type":"broadcast_ok"}}
2023/04/29 17:30:35 Received {c10 n0 {"type":"broadcast","message":48,"msg_id":34}}
2023/04/29 17:30:35 Sent {"src":"n0","dest":"n3","body":{"messages":[0,3,6,12,13,15,18,19,21,22,28,29,33,34,36,37,43,44,47,48],"type":"node_broadcast"}}
2023/04/29 17:30:35 Sent {"src":"n0","dest":"n1","body":{"messages":[0,3,6,12,13,15,18,19,21,22,28,29,33,34,36,37,43,44,47,48],"type":"node_broadcast"}}
2023/04/29 17:30:35 Sent {"src":"n0","dest":"c10","body":{"in_reply_to":34,"type":"broadcast_ok"}}
2023/04/29 17:30:35 Received {c10 n0 {"type":"broadcast","message":50,"msg_id":35}}
2023/04/29 17:30:35 Sent {"src":"n0","dest":"n3","body":{"messages":[0,3,6,12,13,15,18,19,21,22,28,29,33,34,36,37,43,44,47,48,50],"type":"node_broadcast"}}
2023/04/29 17:30:35 Sent {"src":"n0","dest":"n1","body":{"messages":[0,3,6,12,13,15,18,19,21,22,28,29,33,34,36,37,43,44,47,48,50],"type":"node_broadcast"}}
2023/04/29 17:30:35 Sent {"src":"n0","dest":"c10","body":{"in_reply_to":35,"type":"broadcast_ok"}}
2023/04/29 17:30:35 Received {c10 n0 {"type":"read","msg_id":36}}
2023/04/29 17:30:35 Sent {"src":"n0","dest":"c10","body":{"in_reply_to":36,"messages":[0,3,6,12,13,15,18,19,21,22,28,29,33,34,36,37,43,44,47,48,50],"type":"read_ok"}}
2023/04/29 17:30:35 Received {c10 n0 {"type":"read","msg_id":37}}
2023/04/29 17:30:35 Sent {"src":"n0","dest":"c10","body":{"in_reply_to":37,"messages":[0,3,6,12,13,15,18,19,21,22,28,29,33,34,36,37,43,44,47,48,50],"type":"read_ok"}}
2023/04/29 17:30:35 Received {c10 n0 {"type":"broadcast","message":53,"msg_id":38}}
2023/04/29 17:30:35 Sent {"src":"n0","dest":"n3","body":{"messages":[0,3,6,12,13,15,18,19,21,22,28,29,33,34,36,37,43,44,47,48,50,53],"type":"node_broadcast"}}
2023/04/29 17:30:35 Sent {"src":"n0","dest":"n1","body":{"messages":[0,3,6,12,13,15,18,19,21,22,28,29,33,34,36,37,43,44,47,48,50,53],"type":"node_broadcast"}}
2023/04/29 17:30:35 Sent {"src":"n0","dest":"c10","body":{"in_reply_to":38,"type":"broadcast_ok"}}
2023/04/29 17:30:36 Received {c10 n0 {"type":"broadcast","message":56,"msg_id":39}}
2023/04/29 17:30:36 Sent {"src":"n0","dest":"n3","body":{"messages":[0,3,6,12,13,15,18,19,21,22,28,29,33,34,36,37,43,44,47,48,50,53,56],"type":"node_broadcast"}}
2023/04/29 17:30:36 Sent {"src":"n0","dest":"n1","body":{"messages":[0,3,6,12,13,15,18,19,21,22,28,29,33,34,36,37,43,44,47,48,50,53,56],"type":"node_broadcast"}}
2023/04/29 17:30:36 Sent {"src":"n0","dest":"c10","body":{"in_reply_to":39,"type":"broadcast_ok"}}
2023/04/29 17:30:36 Received {c10 n0 {"type":"broadcast","message":57,"msg_id":40}}
2023/04/29 17:30:36 Sent {"src":"n0","dest":"n3","body":{"messages":[0,3,6,12,13,15,18,19,21,22,28,29,33,34,36,37,43,44,47,48,50,53,56,57],"type":"node_broadcast"}}
2023/04/29 17:30:36 Sent {"src":"n0","dest":"n1","body":{"messages":[0,3,6,12,13,15,18,19,21,22,28,29,33,34,36,37,43,44,47,48,50,53,56,57],"type":"node_broadcast"}}
2023/04/29 17:30:36 Sent {"src":"n0","dest":"c10","body":{"in_reply_to":40,"type":"broadcast_ok"}}
2023/04/29 17:30:37 Received {c10 n0 {"type":"read","msg_id":41}}
2023/04/29 17:30:37 Sent {"src":"n0","dest":"c10","body":{"in_reply_to":41,"messages":[0,3,6,12,13,15,18,19,21,22,28,29,33,34,36,37,43,44,47,48,50,53,56,57],"type":"read_ok"}}
2023/04/29 17:30:37 Received {c10 n0 {"type":"read","msg_id":42}}
2023/04/29 17:30:37 Sent {"src":"n0","dest":"c10","body":{"in_reply_to":42,"messages":[0,3,6,12,13,15,18,19,21,22,28,29,33,34,36,37,43,44,47,48,50,53,56,57],"type":"read_ok"}}
2023/04/29 17:30:37 Received {c10 n0 {"type":"read","msg_id":43}}
2023/04/29 17:30:37 Sent {"src":"n0","dest":"c10","body":{"in_reply_to":43,"messages":[0,3,6,12,13,15,18,19,21,22,28,29,33,34,36,37,43,44,47,48,50,53,56,57],"type":"read_ok"}}
2023/04/29 17:30:38 Received {c10 n0 {"type":"read","msg_id":44}}
2023/04/29 17:30:38 Sent {"src":"n0","dest":"c10","body":{"in_reply_to":44,"messages":[0,3,6,12,13,15,18,19,21,22,28,29,33,34,36,37,43,44,47,48,50,53,56,57],"type":"read_ok"}}
2023/04/29 17:30:38 Received {c10 n0 {"type":"broadcast","message":65,"msg_id":45}}
2023/04/29 17:30:38 Sent {"src":"n0","dest":"n3","body":{"messages":[0,3,6,12,13,15,18,19,21,22,28,29,33,34,36,37,43,44,47,48,50,53,56,57,65],"type":"node_broadcast"}}
2023/04/29 17:30:38 Sent {"src":"n0","dest":"n1","body":{"messages":[0,3,6,12,13,15,18,19,21,22,28,29,33,34,36,37,43,44,47,48,50,53,56,57,65],"type":"node_broadcast"}}
2023/04/29 17:30:38 Sent {"src":"n0","dest":"c10","body":{"in_reply_to":45,"type":"broadcast_ok"}}
2023/04/29 17:30:38 Received {c10 n0 {"type":"read","msg_id":46}}
2023/04/29 17:30:38 Sent {"src":"n0","dest":"c10","body":{"in_reply_to":46,"messages":[0,3,6,12,13,15,18,19,21,22,28,29,33,34,36,37,43,44,47,48,50,53,56,57,65],"type":"read_ok"}}
2023/04/29 17:30:39 Received {c10 n0 {"type":"broadcast","message":69,"msg_id":47}}
2023/04/29 17:30:39 Sent {"src":"n0","dest":"n3","body":{"messages":[0,3,6,12,13,15,18,19,21,22,28,29,33,34,36,37,43,44,47,48,50,53,56,57,65,69],"type":"node_broadcast"}}
2023/04/29 17:30:39 Sent {"src":"n0","dest":"n1","body":{"messages":[0,3,6,12,13,15,18,19,21,22,28,29,33,34,36,37,43,44,47,48,50,53,56,57,65,69],"type":"node_broadcast"}}
2023/04/29 17:30:39 Sent {"src":"n0","dest":"c10","body":{"in_reply_to":47,"type":"broadcast_ok"}}
2023/04/29 17:30:39 Received {c10 n0 {"type":"read","msg_id":48}}
2023/04/29 17:30:39 Sent {"src":"n0","dest":"c10","body":{"in_reply_to":48,"messages":[0,3,6,12,13,15,18,19,21,22,28,29,33,34,36,37,43,44,47,48,50,53,56,57,65,69],"type":"read_ok"}}
2023/04/29 17:30:40 Received {c10 n0 {"type":"read","msg_id":49}}
2023/04/29 17:30:40 Sent {"src":"n0","dest":"c10","body":{"in_reply_to":49,"messages":[0,3,6,12,13,15,18,19,21,22,28,29,33,34,36,37,43,44,47,48,50,53,56,57,65,69],"type":"read_ok"}}
2023/04/29 17:30:40 Received {c10 n0 {"type":"read","msg_id":50}}
2023/04/29 17:30:40 Sent {"src":"n0","dest":"c10","body":{"in_reply_to":50,"messages":[0,3,6,12,13,15,18,19,21,22,28,29,33,34,36,37,43,44,47,48,50,53,56,57,65,69],"type":"read_ok"}}
2023/04/29 17:30:40 Received {c10 n0 {"type":"read","msg_id":51}}
2023/04/29 17:30:40 Sent {"src":"n0","dest":"c10","body":{"in_reply_to":51,"messages":[0,3,6,12,13,15,18,19,21,22,28,29,33,34,36,37,43,44,47,48,50,53,56,57,65,69],"type":"read_ok"}}
2023/04/29 17:30:41 Received {c10 n0 {"type":"read","msg_id":52}}
2023/04/29 17:30:41 Sent {"src":"n0","dest":"c10","body":{"in_reply_to":52,"messages":[0,3,6,12,13,15,18,19,21,22,28,29,33,34,36,37,43,44,47,48,50,53,56,57,65,69],"type":"read_ok"}}
2023/04/29 17:30:41 Received {c10 n0 {"type":"read","msg_id":53}}
2023/04/29 17:30:41 Sent {"src":"n0","dest":"c10","body":{"in_reply_to":53,"messages":[0,3,6,12,13,15,18,19,21,22,28,29,33,34,36,37,43,44,47,48,50,53,56,57,65,69],"type":"read_ok"}}
2023/04/29 17:30:41 Received {c10 n0 {"type":"broadcast","message":76,"msg_id":54}}
2023/04/29 17:30:41 Sent {"src":"n0","dest":"n3","body":{"messages":[0,3,6,12,13,15,18,19,21,22,28,29,33,34,36,37,43,44,47,48,50,53,56,57,65,69,76],"type":"node_broadcast"}}
2023/04/29 17:30:41 Sent {"src":"n0","dest":"n1","body":{"messages":[0,3,6,12,13,15,18,19,21,22,28,29,33,34,36,37,43,44,47,48,50,53,56,57,65,69,76],"type":"node_broadcast"}}
2023/04/29 17:30:41 Sent {"src":"n0","dest":"c10","body":{"in_reply_to":54,"type":"broadcast_ok"}}
2023/04/29 17:30:42 Received {c10 n0 {"type":"read","msg_id":55}}
2023/04/29 17:30:42 Sent {"src":"n0","dest":"c10","body":{"in_reply_to":55,"messages":[0,3,6,12,13,15,18,19,21,22,28,29,33,34,36,37,43,44,47,48,50,53,56,57,65,69,76],"type":"read_ok"}}
2023/04/29 17:30:42 Received {c10 n0 {"type":"read","msg_id":56}}
2023/04/29 17:30:42 Sent {"src":"n0","dest":"c10","body":{"in_reply_to":56,"messages":[0,3,6,12,13,15,18,19,21,22,28,29,33,34,36,37,43,44,47,48,50,53,56,57,65,69,76],"type":"read_ok"}}
2023/04/29 17:30:42 Received {c10 n0 {"type":"read","msg_id":57}}
2023/04/29 17:30:42 Sent {"src":"n0","dest":"c10","body":{"in_reply_to":57,"messages":[0,3,6,12,13,15,18,19,21,22,28,29,33,34,36,37,43,44,47,48,50,53,56,57,65,69,76],"type":"read_ok"}}
2023/04/29 17:30:42 Received {c10 n0 {"type":"read","msg_id":58}}
2023/04/29 17:30:42 Sent {"src":"n0","dest":"c10","body":{"in_reply_to":58,"messages":[0,3,6,12,13,15,18,19,21,22,28,29,33,34,36,37,43,44,47,48,50,53,56,57,65,69,76],"type":"read_ok"}}
2023/04/29 17:30:43 Received {c10 n0 {"type":"broadcast","message":81,"msg_id":59}}
2023/04/29 17:30:43 Sent {"src":"n0","dest":"n3","body":{"messages":[0,3,6,12,13,15,18,19,21,22,28,29,33,34,36,37,43,44,47,48,50,53,56,57,65,69,76,81],"type":"node_broadcast"}}
2023/04/29 17:30:43 Sent {"src":"n0","dest":"n1","body":{"messages":[0,3,6,12,13,15,18,19,21,22,28,29,33,34,36,37,43,44,47,48,50,53,56,57,65,69,76,81],"type":"node_broadcast"}}
2023/04/29 17:30:43 Sent {"src":"n0","dest":"c10","body":{"in_reply_to":59,"type":"broadcast_ok"}}
2023/04/29 17:30:43 Received {c10 n0 {"type":"read","msg_id":60}}
2023/04/29 17:30:43 Sent {"src":"n0","dest":"c10","body":{"in_reply_to":60,"messages":[0,3,6,12,13,15,18,19,21,22,28,29,33,34,36,37,43,44,47,48,50,53,56,57,65,69,76,81],"type":"read_ok"}}
2023/04/29 17:30:55 Received {c10 n0 {"type":"read","msg_id":61}}
2023/04/29 17:30:55 Sent {"src":"n0","dest":"c10","body":{"in_reply_to":61,"messages":[0,3,6,12,13,15,18,19,21,22,28,29,33,34,36,37,43,44,47,48,50,53,56,57,65,69,76,81],"type":"read_ok"}}
