2023/04/29 17:30:23 Received {c2 n2 {"type":"init","node_id":"n2","node_ids":["n0","n1","n2","n3","n4"],"msg_id":1}}
2023/04/29 17:30:23 Node n2 initialized
2023/04/29 17:30:23 Sent {"src":"n2","dest":"c2","body":{"in_reply_to":1,"type":"init_ok"}}
2023/04/29 17:30:23 Received {c7 n2 {"type":"topology","topology":{"n0":["n3","n1"],"n1":["n4","n2","n0"],"n2":["n1"],"n3":["n0","n4"],"n4":["n1","n3"]},"msg_id":1}}
2023/04/29 17:30:23 Sent {"src":"n2","dest":"c7","body":{"in_reply_to":1,"msg_id":0,"type":"topology_ok"}}
2023/04/29 17:30:24 Received {c12 n2 {"type":"read","msg_id":1}}
2023/04/29 17:30:24 Sent {"src":"n2","dest":"c12","body":{"in_reply_to":1,"messages":[],"type":"read_ok"}}
2023/04/29 17:30:24 Received {c12 n2 {"type":"read","msg_id":2}}
2023/04/29 17:30:24 Sent {"src":"n2","dest":"c12","body":{"in_reply_to":2,"messages":[],"type":"read_ok"}}
2023/04/29 17:30:24 Received {c12 n2 {"type":"read","msg_id":3}}
2023/04/29 17:30:24 Sent {"src":"n2","dest":"c12","body":{"in_reply_to":3,"messages":[],"type":"read_ok"}}
2023/04/29 17:30:24 Received {c12 n2 {"type":"broadcast","message":7,"msg_id":4}}
2023/04/29 17:30:24 Sent {"src":"n2","dest":"n1","body":{"messages":[7],"type":"node_broadcast"}}
2023/04/29 17:30:24 Sent {"src":"n2","dest":"c12","body":{"in_reply_to":4,"type":"broadcast_ok"}}
2023/04/29 17:30:25 Received {c12 n2 {"type":"read","msg_id":5}}
2023/04/29 17:30:25 Sent {"src":"n2","dest":"c12","body":{"in_reply_to":5,"messages":[7],"type":"read_ok"}}
2023/04/29 17:30:25 Received {c12 n2 {"type":"read","msg_id":6}}
2023/04/29 17:30:25 Sent {"src":"n2","dest":"c12","body":{"in_reply_to":6,"messages":[7],"type":"read_ok"}}
2023/04/29 17:30:25 Received {c12 n2 {"type":"read","msg_id":7}}
2023/04/29 17:30:25 Sent {"src":"n2","dest":"c12","body":{"in_reply_to":7,"messages":[7],"type":"read_ok"}}
2023/04/29 17:30:26 Received {c12 n2 {"type":"read","msg_id":8}}
2023/04/29 17:30:26 Sent {"src":"n2","dest":"c12","body":{"in_reply_to":8,"messages":[7],"type":"read_ok"}}
2023/04/29 17:30:26 Received {c12 n2 {"type":"read","msg_id":9}}
2023/04/29 17:30:26 Sent {"src":"n2","dest":"c12","body":{"in_reply_to":9,"messages":[7],"type":"read_ok"}}
2023/04/29 17:30:26 Received {c12 n2 {"type":"read","msg_id":10}}
2023/04/29 17:30:26 Sent {"src":"n2","dest":"c12","body":{"in_reply_to":10,"messages":[7],"type":"read_ok"}}
2023/04/29 17:30:26 Received {c12 n2 {"type":"read","msg_id":11}}
2023/04/29 17:30:26 Sent {"src":"n2","dest":"c12","body":{"in_reply_to":11,"messages":[7],"type":"read_ok"}}
2023/04/29 17:30:27 Received {c12 n2 {"type":"broadcast","message":14,"msg_id":12}}
2023/04/29 17:30:27 Sent {"src":"n2","dest":"n1","body":{"messages":[7,14],"type":"node_broadcast"}}
2023/04/29 17:30:27 Sent {"src":"n2","dest":"c12","body":{"in_reply_to":12,"type":"broadcast_ok"}}
2023/04/29 17:30:27 Received {c12 n2 {"type":"read","msg_id":13}}
2023/04/29 17:30:27 Sent {"src":"n2","dest":"c12","body":{"in_reply_to":13,"messages":[7,14],"type":"read_ok"}}
2023/04/29 17:30:28 Received {c12 n2 {"type":"broadcast","message":16,"msg_id":14}}
2023/04/29 17:30:28 Sent {"src":"n2","dest":"n1","body":{"messages":[7,14,16],"type":"node_broadcast"}}
2023/04/29 17:30:28 Sent {"src":"n2","dest":"c12","body":{"in_reply_to":14,"type":"broadcast_ok"}}
2023/04/29 17:30:28 Received {c12 n2 {"type":"read","msg_id":15}}
2023/04/29 17:30:28 Sent {"src":"n2","dest":"c12","body":{"in_reply_to":15,"messages":[7,14,16],"type":"read_ok"}}
2023/04/29 17:30:29 Received {c12 n2 {"type":"read","msg_id":16}}
2023/04/29 17:30:29 Sent {"src":"n2","dest":"c12","body":{"in_reply_to":16,"messages":[7,14,16],"type":"read_ok"}}
2023/04/29 17:30:29 Received {c12 n2 {"type":"read","msg_id":17}}
2023/04/29 17:30:29 Sent {"src":"n2","dest":"c12","body":{"in_reply_to":17,"messages":[7,14,16],"type":"read_ok"}}
2023/04/29 17:30:30 Received {c12 n2 {"type":"read","msg_id":18}}
2023/04/29 17:30:30 Sent {"src":"n2","dest":"c12","body":{"in_reply_to":18,"messages":[7,14,16],"type":"read_ok"}}
2023/04/29 17:30:30 Received {c12 n2 {"type":"broadcast","message":24,"msg_id":19}}
2023/04/29 17:30:30 Sent {"src":"n2","dest":"n1","body":{"messages":[7,14,16,24],"type":"node_broadcast"}}
2023/04/29 17:30:30 Sent {"src":"n2","dest":"c12","body":{"in_reply_to":19,"type":"broadcast_ok"}}
2023/04/29 17:30:30 Received {c12 n2 {"type":"broadcast","message":25,"msg_id":20}}
2023/04/29 17:30:30 Sent {"src":"n2","dest":"n1","body":{"messages":[7,14,16,24,25],"type":"node_broadcast"}}
2023/04/29 17:30:30 Sent {"src":"n2","dest":"c12","body":{"in_reply_to":20,"type":"broadcast_ok"}}
2023/04/29 17:30:31 Received {c12 n2 {"type":"broadcast","message":30,"msg_id":21}}
2023/04/29 17:30:31 Sent {"src":"n2","dest":"n1","body":{"messages":[7,14,16,24,25,30],"type":"node_broadcast"}}
2023/04/29 17:30:31 Sent {"src":"n2","dest":"c12","body":{"in_reply_to":21,"type":"broadcast_ok"}}
2023/04/29 17:30:31 Received {c12 n2 {"type":"broadcast","message":31,"msg_id":22}}
2023/04/29 17:30:31 Sent {"src":"n2","dest":"n1","body":{"messages":[7,14,16,24,25,30,31],"type":"node_broadcast"}}
2023/04/29 17:30:31 Sent {"src":"n2","dest":"c12","body":{"in_reply_to":22,"type":"broadcast_ok"}}
2023/04/29 17:30:31 Received {c12 n2 {"type":"read","msg_id":23}}
2023/04/29 17:30:31 Sent {"src":"n2","dest":"c12","body":{"in_reply_to":23,"messages":[7,14,16,24,25,30,31],"type":"read_ok"}}
2023/04/29 17:30:31 Received {c12 n2 {"type":"read","msg_id":24}}
2023/04/29 17:30:31 Sent {"src":"n2","dest":"c12","body":{"in_reply_to":24,"messages":[7,14,16,24,25,30,31],"type":"read_ok"}}
2023/04/29 17:30:32 Received {c12 n2 {"type":"read","msg_id":25}}
2023/04/29 17:30:32 Sent {"src":"n2","dest":"c12","body":{"in_reply_to":25,"messages":[7,14,16,24,25,30,31],"type":"read_ok"}}
2023/04/29 17:30:32 Received {c12 n2 {"type":"read","msg_id":26}}
2023/04/29 17:30:32 Sent {"src":"n2","dest":"c12","body":{"in_reply_to":26,"messages":[7,14,16,24,25,30,31],"type":"read_ok"}}
2023/04/29 17:30:33 Received {c12 n2 {"type":"read","msg_id":27}}
2023/04/29 17:30:33 Sent {"src":"n2","dest":"c12","body":{"in_reply_to":27,"messages":[7,14,16,24,25,30,31],"type":"read_ok"}}
2023/04/29 17:30:33 Received {c12 n2 {"type":"broadcast","message":38,"msg_id":28}}
2023/04/29 17:30:33 Sent {"src":"n2","dest":"n1","body":{"messages":[7,14,16,24,25,30,31,38],"type":"node_broadcast"}}
2023/04/29 17:30:33 Sent {"src":"n2","dest":"c12","body":{"in_reply_to":28,"type":"broadcast_ok"}}
2023/04/29 17:30:33 Received {c12 n2 {"type":"broadcast","message":39,"msg_id":29}}
2023/04/29 17:30:33 Sent {"src":"n2","dest":"n1","body":{"messages":[7,14,16,24,25,30,31,38,39],"type":"node_broadcast"}}
2023/04/29 17:30:33 Sent {"src":"n2","dest":"c12","body":{"in_reply_to":29,"type":"broadcast_ok"}}
2023/04/29 17:30:33 Received {c12 n2 {"type":"read","msg_id":30}}
2023/04/29 17:30:33 Sent {"src":"n2","dest":"c12","body":{"in_reply_to":30,"messages":[7,14,16,24,25,30,31,38,39],"type":"read_ok"}}
2023/04/29 17:30:33 Received {c12 n2 {"type":"broadcast","message":40,"msg_id":31}}
2023/04/29 17:30:33 Sent {"src":"n2","dest":"n1","body":{"messages":[7,14,16,24,25,30,31,38,39,40],"type":"node_broadcast"}}
2023/04/29 17:30:33 Sent {"src":"n2","dest":"c12","body":{"in_reply_to":31,"type":"broadcast_ok"}}
2023/04/29 17:30:34 Received {c12 n2 {"type":"broadcast","message":45,"msg_id":32}}
2023/04/29 17:30:34 Sent {"src":"n2","dest":"n1","body":{"messages":[7,14,16,24,25,30,31,38,39,40,45],"type":"node_broadcast"}}
2023/04/29 17:30:34 Sent {"src":"n2","dest":"c12","body":{"in_reply_to":32,"type":"broadcast_ok"}}
2023/04/29 17:30:34 Received {c12 n2 {"type":"read","msg_id":33}}
2023/04/29 17:30:34 Sent {"src":"n2","dest":"c12","body":{"in_reply_to":33,"messages":[7,14,16,24,25,30,31,38,39,40,45],"type":"read_ok"}}
2023/04/29 17:30:35 Received {c12 n2 {"type":"read","msg_id":34}}
2023/04/29 17:30:35 Sent {"src":"n2","dest":"c12","body":{"in_reply_to":34,"messages":[7,14,16,24,25,30,31,38,39,40,45],"type":"read_ok"}}
2023/04/29 17:30:35 Received {c12 n2 {"type":"read","msg_id":35}}
2023/04/29 17:30:35 Sent {"src":"n2","dest":"c12","body":{"in_reply_to":35,"messages":[7,14,16,24,25,30,31,38,39,40,45],"type":"read_ok"}}
2023/04/29 17:30:35 Received {c12 n2 {"type":"read","msg_id":36}}
2023/04/29 17:30:35 Sent {"src":"n2","dest":"c12","body":{"in_reply_to":36,"messages":[7,14,16,24,25,30,31,38,39,40,45],"type":"read_ok"}}
2023/04/29 17:30:35 Received {c12 n2 {"type":"read","msg_id":37}}
2023/04/29 17:30:35 Sent {"src":"n2","dest":"c12","body":{"in_reply_to":37,"messages":[7,14,16,24,25,30,31,38,39,40,45],"type":"read_ok"}}
2023/04/29 17:30:36 Received {c12 n2 {"type":"broadcast","message":54,"msg_id":38}}
2023/04/29 17:30:36 Sent {"src":"n2","dest":"n1","body":{"messages":[7,14,16,24,25,30,31,38,39,40,45,54],"type":"node_broadcast"}}
2023/04/29 17:30:36 Sent {"src":"n2","dest":"c12","body":{"in_reply_to":38,"type":"broadcast_ok"}}
2023/04/29 17:30:36 Received {c12 n2 {"type":"read","msg_id":39}}
2023/04/29 17:30:36 Sent {"src":"n2","dest":"c12","body":{"in_reply_to":39,"messages":[7,14,16,24,25,30,31,38,39,40,45,54],"type":"read_ok"}}
2023/04/29 17:30:36 Received {c12 n2 {"type":"broadcast","message":58,"msg_id":40}}
2023/04/29 17:30:36 Sent {"src":"n2","dest":"n1","body":{"messages":[7,14,16,24,25,30,31,38,39,40,45,54,58],"type":"node_broadcast"}}
2023/04/29 17:30:36 Sent {"src":"n2","dest":"c12","body":{"in_reply_to":40,"type":"broadcast_ok"}}
2023/04/29 17:30:37 Received {c12 n2 {"type":"broadcast","message":60,"msg_id":41}}
2023/04/29 17:30:37 Sent {"src":"n2","dest":"n1","body":{"messages":[7,14,16,24,25,30,31,38,39,40,45,54,58,60],"type":"node_broadcast"}}
2023/04/29 17:30:37 Sent {"src":"n2","dest":"c12","body":{"in_reply_to":41,"type":"broadcast_ok"}}
2023/04/29 17:30:37 Received {c12 n2 {"type":"broadcast","message":61,"msg_id":42}}
2023/04/29 17:30:37 Sent {"src":"n2","dest":"n1","body":{"messages":[7,14,16,24,25,30,31,38,39,40,45,54,58,60,61],"type":"node_broadcast"}}
2023/04/29 17:30:37 Sent {"src":"n2","dest":"c12","body":{"in_reply_to":42,"type":"broadcast_ok"}}
2023/04/29 17:30:38 Received {c12 n2 {"type":"read","msg_id":43}}
2023/04/29 17:30:38 Sent {"src":"n2","dest":"c12","body":{"in_reply_to":43,"messages":[7,14,16,24,25,30,31,38,39,40,45,54,58,60,61],"type":"read_ok"}}
2023/04/29 17:30:38 Received {c12 n2 {"type":"read","msg_id":44}}
2023/04/29 17:30:38 Sent {"src":"n2","dest":"c12","body":{"in_reply_to":44,"messages":[7,14,16,24,25,30,31,38,39,40,45,54,58,60,61],"type":"read_ok"}}
2023/04/29 17:30:38 Received {c12 n2 {"type":"broadcast","message":66,"msg_id":45}}
2023/04/29 17:30:38 Sent {"src":"n2","dest":"n1","body":{"messages":[7,14,16,24,25,30,31,38,39,40,45,54,58,60,61,66],"type":"node_broadcast"}}
2023/04/29 17:30:38 Sent {"src":"n2","dest":"c12","body":{"in_reply_to":45,"type":"broadcast_ok"}}
2023/04/29 17:30:39 Received {c12 n2 {"type":"broadcast","message":67,"msg_id":46}}
2023/04/29 17:30:39 Sent {"src":"n2","dest":"n1","body":{"messages":[7,14,16,24,25,30,31,38,39,40,45,54,58,60,61,66,67],"type":"node_broadcast"}}
2023/04/29 17:30:39 Sent {"src":"n2","dest":"c12","body":{"in_reply_to":46,"type":"broadcast_ok"}}
2023/04/29 17:30:39 Received {c12 n2 {"type":"broadcast","message":70,"msg_id":47}}
2023/04/29 17:30:39 Sent {"src":"n2","dest":"n1","body":{"messages":[7,14,16,24,25,30,31,38,39,40,45,54,58,60,61,66,67,70],"type":"node_broadcast"}}
2023/04/29 17:30:39 Sent {"src":"n2","dest":"c12","body":{"in_reply_to":47,"type":"broadcast_ok"}}
2023/04/29 17:30:39 Received {c12 n2 {"type":"broadcast","message":71,"msg_id":48}}
2023/04/29 17:30:39 Sent {"src":"n2","dest":"n1","body":{"messages":[7,14,16,24,25,30,31,38,39,40,45,54,58,60,61,66,67,70,71],"type":"node_broadcast"}}
2023/04/29 17:30:39 Sent {"src":"n2","dest":"c12","body":{"in_reply_to":48,"type":"broadcast_ok"}}
2023/04/29 17:30:40 Received {c12 n2 {"type":"broadcast","message":73,"msg_id":49}}
2023/04/29 17:30:40 Sent {"src":"n2","dest":"n1","body":{"messages":[7,14,16,24,25,30,31,38,39,40,45,54,58,60,61,66,67,70,71,73],"type":"node_broadcast"}}
2023/04/29 17:30:40 Sent {"src":"n2","dest":"c12","body":{"in_reply_to":49,"type":"broadcast_ok"}}
2023/04/29 17:30:41 Received {c12 n2 {"type":"broadcast","message":75,"msg_id":50}}
2023/04/29 17:30:41 Sent {"src":"n2","dest":"n1","body":{"messages":[7,14,16,24,25,30,31,38,39,40,45,54,58,60,61,66,67,70,71,73,75],"type":"node_broadcast"}}
2023/04/29 17:30:41 Sent {"src":"n2","dest":"c12","body":{"in_reply_to":50,"type":"broadcast_ok"}}
2023/04/29 17:30:41 Received {c12 n2 {"type":"read","msg_id":51}}
2023/04/29 17:30:41 Sent {"src":"n2","dest":"c12","body":{"in_reply_to":51,"messages":[7,14,16,24,25,30,31,38,39,40,45,54,58,60,61,66,67,70,71,73,75],"type":"read_ok"}}
2023/04/29 17:30:41 Received {c12 n2 {"type":"read","msg_id":52}}
2023/04/29 17:30:41 Sent {"src":"n2","dest":"c12","body":{"in_reply_to":52,"messages":[7,14,16,24,25,30,31,38,39,40,45,54,58,60,61,66,67,70,71,73,75],"type":"read_ok"}}
2023/04/29 17:30:41 Received {c12 n2 {"type":"read","msg_id":53}}
2023/04/29 17:30:41 Sent {"src":"n2","dest":"c12","body":{"in_reply_to":53,"messages":[7,14,16,24,25,30,31,38,39,40,45,54,58,60,61,66,67,70,71,73,75],"type":"read_ok"}}
2023/04/29 17:30:42 Received {c12 n2 {"type":"read","msg_id":54}}
2023/04/29 17:30:42 Sent {"src":"n2","dest":"c12","body":{"in_reply_to":54,"messages":[7,14,16,24,25,30,31,38,39,40,45,54,58,60,61,66,67,70,71,73,75],"type":"read_ok"}}
2023/04/29 17:30:42 Received {c12 n2 {"type":"read","msg_id":55}}
2023/04/29 17:30:42 Sent {"src":"n2","dest":"c12","body":{"in_reply_to":55,"messages":[7,14,16,24,25,30,31,38,39,40,45,54,58,60,61,66,67,70,71,73,75],"type":"read_ok"}}
2023/04/29 17:30:42 Received {c12 n2 {"type":"read","msg_id":56}}
2023/04/29 17:30:42 Sent {"src":"n2","dest":"c12","body":{"in_reply_to":56,"messages":[7,14,16,24,25,30,31,38,39,40,45,54,58,60,61,66,67,70,71,73,75],"type":"read_ok"}}
2023/04/29 17:30:42 Received {c12 n2 {"type":"read","msg_id":57}}
2023/04/29 17:30:42 Sent {"src":"n2","dest":"c12","body":{"in_reply_to":57,"messages":[7,14,16,24,25,30,31,38,39,40,45,54,58,60,61,66,67,70,71,73,75],"type":"read_ok"}}
2023/04/29 17:30:43 Received {c12 n2 {"type":"broadcast","message":82,"msg_id":58}}
2023/04/29 17:30:43 Sent {"src":"n2","dest":"n1","body":{"messages":[7,14,16,24,25,30,31,38,39,40,45,54,58,60,61,66,67,70,71,73,75,82],"type":"node_broadcast"}}
2023/04/29 17:30:43 Sent {"src":"n2","dest":"c12","body":{"in_reply_to":58,"type":"broadcast_ok"}}
2023/04/29 17:30:43 Received {c12 n2 {"type":"broadcast","message":83,"msg_id":59}}
2023/04/29 17:30:43 Sent {"src":"n2","dest":"n1","body":{"messages":[7,14,16,24,25,30,31,38,39,40,45,54,58,60,61,66,67,70,71,73,75,82,83],"type":"node_broadcast"}}
2023/04/29 17:30:43 Sent {"src":"n2","dest":"c12","body":{"in_reply_to":59,"type":"broadcast_ok"}}
2023/04/29 17:30:55 Received {c12 n2 {"type":"read","msg_id":60}}
2023/04/29 17:30:55 Sent {"src":"n2","dest":"c12","body":{"in_reply_to":60,"messages":[7,14,16,24,25,30,31,38,39,40,45,54,58,60,61,66,67,70,71,73,75,82,83],"type":"read_ok"}}
