2023/04/29 17:30:23 Received {c4 n4 {"type":"init","node_id":"n4","node_ids":["n0","n1","n2","n3","n4"],"msg_id":1}}
2023/04/29 17:30:23 Node n4 initialized
2023/04/29 17:30:23 Sent {"src":"n4","dest":"c4","body":{"in_reply_to":1,"type":"init_ok"}}
2023/04/29 17:30:23 Received {c9 n4 {"type":"topology","topology":{"n0":["n3","n1"],"n1":["n4","n2","n0"],"n2":["n1"],"n3":["n0","n4"],"n4":["n1","n3"]},"msg_id":1}}
2023/04/29 17:30:23 Sent {"src":"n4","dest":"c9","body":{"in_reply_to":1,"msg_id":0,"type":"topology_ok"}}
2023/04/29 17:30:24 Received {c14 n4 {"type":"broadcast","message":2,"msg_id":1}}
2023/04/29 17:30:24 Sent {"src":"n4","dest":"n1","body":{"messages":[2],"type":"node_broadcast"}}
2023/04/29 17:30:24 Sent {"src":"n4","dest":"n3","body":{"messages":[2],"type":"node_broadcast"}}
2023/04/29 17:30:24 Sent {"src":"n4","dest":"c14","body":{"in_reply_to":1,"type":"broadcast_ok"}}
2023/04/29 17:30:24 Received {c14 n4 {"type":"broadcast","message":4,"msg_id":2}}
2023/04/29 17:30:24 Sent {"src":"n4","dest":"n1","body":{"messages":[2,4],"type":"node_broadcast"}}
2023/04/29 17:30:24 Sent {"src":"n4","dest":"n3","body":{"messages":[2,4],"type":"node_broadcast"}}
2023/04/29 17:30:24 Sent {"src":"n4","dest":"c14","body":{"in_reply_to":2,"type":"broadcast_ok"}}
2023/04/29 17:30:24 Received {c14 n4 {"type":"broadcast","message":5,"msg_id":3}}
2023/04/29 17:30:24 Sent {"src":"n4","dest":"n1","body":{"messages":[2,4,5],"type":"node_broadcast"}}
2023/04/29 17:30:24 Sent {"src":"n4","dest":"n3","body":{"messages":[2,4,5],"type":"node_broadcast"}}
2023/04/29 17:30:24 Sent {"src":"n4","dest":"c14","body":{"in_reply_to":3,"type":"broadcast_ok"}}
2023/04/29 17:30:25 Received {c14 n4 {"type":"read","msg_id":4}}
2023/04/29 17:30:25 Sent {"src":"n4","dest":"c14","body":{"in_reply_to":4,"messages":[2,4,5],"type":"read_ok"}}
2023/04/29 17:30:25 Received {c14 n4 {"type":"broadcast","message":8,"msg_id":5}}
2023/04/29 17:30:25 Sent {"src":"n4","dest":"n1","body":{"messages":[2,4,5,8],"type":"node_broadcast"}}
2023/04/29 17:30:25 Sent {"src":"n4","dest":"n3","body":{"messages":[2,4,5,8],"type":"node_broadcast"}}
2023/04/29 17:30:25 Sent {"src":"n4","dest":"c14","body":{"in_reply_to":5,"type":"broadcast_ok"}}
2023/04/29 17:30:25 Received {c14 n4 {"type":"broadcast","message":9,"msg_id":6}}
2023/04/29 17:30:25 Sent {"src":"n4","dest":"n1","body":{"messages":[2,4,5,8,9],"type":"node_broadcast"}}
2023/04/29 17:30:25 Sent {"src":"n4","dest":"n3","body":{"messages":[2,4,5,8,9],"type":"node_broadcast"}}
2023/04/29 17:30:25 Sent {"src":"n4","dest":"c14","body":{"in_reply_to":6,"type":"broadcast_ok"}}
2023/04/29 17:30:25 Received {c14 n4 {"type":"read","msg_id":7}}
2023/04/29 17:30:25 Sent {"src":"n4","dest":"c14","body":{"in_reply_to":7,"messages":[2,4,5,8,9],"type":"read_ok"}}
2023/04/29 17:30:26 Received {c14 n4 {"type":"read","msg_id":8}}
2023/04/29 17:30:26 Sent {"src":"n4","dest":"c14","body":{"in_reply_to":8,"messages":[2,4,5,8,9],"type":"read_ok"}}
2023/04/29 17:30:26 Received {c14 n4 {"type":"broadcast","message":10,"msg_id":9}}
2023/04/29 17:30:26 Sent {"src":"n4","dest":"n1","body":{"messages":[2,4,5,8,9,10],"type":"node_broadcast"}}
2023/04/29 17:30:26 Sent {"src":"n4","dest":"n3","body":{"messages":[2,4,5,8,9,10],"type":"node_broadcast"}}
2023/04/29 17:30:26 Sent {"src":"n4","dest":"c14","body":{"in_reply_to":9,"type":"broadcast_ok"}}
2023/04/29 17:30:27 Received {c14 n4 {"type":"broadcast","message":11,"msg_id":10}}
2023/04/29 17:30:27 Sent {"src":"n4","dest":"n1","body":{"messages":[2,4,5,8,9,10,11],"type":"node_broadcast"}}
2023/04/29 17:30:27 Sent {"src":"n4","dest":"n3","body":{"messages":[2,4,5,8,9,10,11],"type":"node_broadcast"}}
2023/04/29 17:30:27 Sent {"src":"n4","dest":"c14","body":{"in_reply_to":10,"type":"broadcast_ok"}}
2023/04/29 17:30:27 Received {c14 n4 {"type":"read","msg_id":11}}
2023/04/29 17:30:27 Sent {"src":"n4","dest":"c14","body":{"in_reply_to":11,"messages":[2,4,5,8,9,10,11],"type":"read_ok"}}
2023/04/29 17:30:27 Received {c14 n4 {"type":"read","msg_id":12}}
2023/04/29 17:30:27 Sent {"src":"n4","dest":"c14","body":{"in_reply_to":12,"messages":[2,4,5,8,9,10,11],"type":"read_ok"}}
2023/04/29 17:30:28 Received {c14 n4 {"type":"read","msg_id":13}}
2023/04/29 17:30:28 Sent {"src":"n4","dest":"c14","body":{"in_reply_to":13,"messages":[2,4,5,8,9,10,11],"type":"read_ok"}}
2023/04/29 17:30:28 Received {c14 n4 {"type":"broadcast","message":17,"msg_id":14}}
2023/04/29 17:30:28 Sent {"src":"n4","dest":"n1","body":{"messages":[2,4,5,8,9,10,11,17],"type":"node_broadcast"}}
2023/04/29 17:30:28 Sent {"src":"n4","dest":"n3","body":{"messages":[2,4,5,8,9,10,11,17],"type":"node_broadcast"}}
2023/04/29 17:30:28 Sent {"src":"n4","dest":"c14","body":{"in_reply_to":14,"type":"broadcast_ok"}}
2023/04/29 17:30:28 Received {c14 n4 {"type":"read","msg_id":15}}
2023/04/29 17:30:28 Sent {"src":"n4","dest":"c14","body":{"in_reply_to":15,"messages":[2,4,5,8,9,10,11,17],"type":"read_ok"}}
2023/04/29 17:30:29 Received {c14 n4 {"type":"broadcast","message":20,"msg_id":16}}
2023/04/29 17:30:29 Sent {"src":"n4","dest":"n1","body":{"messages":[2,4,5,8,9,10,11,17,20],"type":"node_broadcast"}}
2023/04/29 17:30:29 Sent {"src":"n4","dest":"n3","body":{"messages":[2,4,5,8,9,10,11,17,20],"type":"node_broadcast"}}
2023/04/29 17:30:29 Sent {"src":"n4","dest":"c14","body":{"in_reply_to":16,"type":"broadcast_ok"}}
2023/04/29 17:30:29 Received {c14 n4 {"type":"read","msg_id":17}}
2023/04/29 17:30:29 Sent {"src":"n4","dest":"c14","body":{"in_reply_to":17,"messages":[2,4,5,8,9,10,11,17,20],"type":"read_ok"}}
2023/04/29 17:30:30 Received {c14 n4 {"type":"broadcast","message":23,"msg_id":18}}
2023/04/29 17:30:30 Sent {"src":"n4","dest":"n1","body":{"messages":[2,4,5,8,9,10,11,17,20,23],"type":"node_broadcast"}}
2023/04/29 17:30:30 Sent {"src":"n4","dest":"n3","body":{"messages":[2,4,5,8,9,10,11,17,20,23],"type":"node_broadcast"}}
2023/04/29 17:30:30 Sent {"src":"n4","dest":"c14","body":{"in_reply_to":18,"type":"broadcast_ok"}}
2023/04/29 17:30:30 Received {c14 n4 {"type":"broadcast","message":26,"msg_id":19}}
2023/04/29 17:30:30 Sent {"src":"n4","dest":"n1","body":{"messages":[2,4,5,8,9,10,11,17,20,23,26],"type":"node_broadcast"}}
2023/04/29 17:30:30 Sent {"src":"n4","dest":"n3","body":{"messages":[2,4,5,8,9,10,11,17,20,23,26],"type":"node_broadcast"}}
2023/04/29 17:30:30 Sent {"src":"n4","dest":"c14","body":{"in_reply_to":19,"type":"broadcast_ok"}}
2023/04/29 17:30:30 Received {c14 n4 {"type":"broadcast","message":27,"msg_id":20}}
2023/04/29 17:30:30 Sent {"src":"n4","dest":"n1","body":{"messages":[2,4,5,8,9,10,11,17,20,23,26,27],"type":"node_broadcast"}}
2023/04/29 17:30:30 Sent {"src":"n4","dest":"n3","body":{"messages":[2,4,5,8,9,10,11,17,20,23,26,27],"type":"node_broadcast"}}
2023/04/29 17:30:30 Sent {"src":"n4","dest":"c14","body":{"in_reply_to":20,"type":"broadcast_ok"}}
2023/04/29 17:30:31 Received {c14 n4 {"type":"read","msg_id":21}}
2023/04/29 17:30:31 Sent {"src":"n4","dest":"c14","body":{"in_reply_to":21,"messages":[2,4,5,8,9,10,11,17,20,23,26,27],"type":"read_ok"}}
2023/04/29 17:30:31 Received {c14 n4 {"type":"broadcast","message":32,"msg_id":22}}
2023/04/29 17:30:31 Sent {"src":"n4","dest":"n1","body":{"messages":[2,4,5,8,9,10,11,17,20,23,26,27,32],"type":"node_broadcast"}}
2023/04/29 17:30:31 Sent {"src":"n4","dest":"n3","body":{"messages":[2,4,5,8,9,10,11,17,20,23,26,27,32],"type":"node_broadcast"}}
2023/04/29 17:30:31 Sent {"src":"n4","dest":"c14","body":{"in_reply_to":22,"type":"broadcast_ok"}}
2023/04/29 17:30:32 Received {c14 n4 {"type":"read","msg_id":23}}
2023/04/29 17:30:32 Sent {"src":"n4","dest":"c14","body":{"in_reply_to":23,"messages":[2,4,5,8,9,10,11,17,20,23,26,27,32],"type":"read_ok"}}
2023/04/29 17:30:32 Received {c14 n4 {"type":"read","msg_id":24}}
2023/04/29 17:30:32 Sent {"src":"n4","dest":"c14","body":{"in_reply_to":24,"messages":[2,4,5,8,9,10,11,17,20,23,26,27,32],"type":"read_ok"}}
2023/04/29 17:30:32 Received {c14 n4 {"type":"read","msg_id":25}}
2023/04/29 17:30:32 Sent {"src":"n4","dest":"c14","body":{"in_reply_to":25,"messages":[2,4,5,8,9,10,11,17,20,23,26,27,32],"type":"read_ok"}}
2023/04/29 17:30:32 Received {c14 n4 {"type":"broadcast","message":35,"msg_id":26}}
2023/04/29 17:30:32 Sent {"src":"n4","dest":"n1","body":{"messages":[2,4,5,8,9,10,11,17,20,23,26,27,32,35],"type":"node_broadcast"}}
2023/04/29 17:30:32 Sent {"src":"n4","dest":"n3","body":{"messages":[2,4,5,8,9,10,11,17,20,23,26,27,32,35],"type":"node_broadcast"}}
2023/04/29 17:30:32 Sent {"src":"n4","dest":"c14","body":{"in_reply_to":26,"type":"broadcast_ok"}}
2023/04/29 17:30:33 Received {c14 n4 {"type":"read","msg_id":27}}
2023/04/29 17:30:33 Sent {"src":"n4","dest":"c14","body":{"in_reply_to":27,"messages":[2,4,5,8,9,10,11,17,20,23,26,27,32,35],"type":"read_ok"}}
2023/04/29 17:30:33 Received {c14 n4 {"type":"read","msg_id":28}}
2023/04/29 17:30:33 Sent {"src":"n4","dest":"c14","body":{"in_reply_to":28,"messages":[2,4,5,8,9,10,11,17,20,23,26,27,32,35],"type":"read_ok"}}
2023/04/29 17:30:34 Received {c14 n4 {"type":"broadcast","message":41,"msg_id":29}}
2023/04/29 17:30:34 Sent {"src":"n4","dest":"n1","body":{"messages":[2,4,5,8,9,10,11,17,20,23,26,27,32,35,41],"type":"node_broadcast"}}
2023/04/29 17:30:34 Sent {"src":"n4","dest":"n3","body":{"messages":[2,4,5,8,9,10,11,17,20,23,26,27,32,35,41],"type":"node_broadcast"}}
2023/04/29 17:30:34 Sent {"src":"n4","dest":"c14","body":{"in_reply_to":29,"type":"broadcast_ok"}}
2023/04/29 17:30:34 Received {c14 n4 {"type":"broadcast","message":42,"msg_id":30}}
2023/04/29 17:30:34 Sent {"src":"n4","dest":"n1","body":{"messages":[2,4,5,8,9,10,11,17,20,23,26,27,32,35,41,42],"type":"node_broadcast"}}
2023/04/29 17:30:34 Sent {"src":"n4","dest":"n3","body":{"messages":[2,4,5,8,9,10,11,17,20,23,26,27,32,35,41,42],"type":"node_broadcast"}}
2023/04/29 17:30:34 Sent {"src":"n4","dest":"c14","body":{"in_reply_to":30,"type":"broadcast_ok"}}
2023/04/29 17:30:34 Received {c14 n4 {"type":"read","msg_id":31}}
2023/04/29 17:30:34 Sent {"src":"n4","dest":"c14","body":{"in_reply_to":31,"messages":[2,4,5,8,9,10,11,17,20,23,26,27,32,35,41,42],"type":"read_ok"}}
2023/04/29 17:30:34 Received {c14 n4 {"type":"broadcast","message":46,"msg_id":32}}
2023/04/29 17:30:34 Sent {"src":"n4","dest":"n1","body":{"messages":[2,4,5,8,9,10,11,17,20,23,26,27,32,35,41,42,46],"type":"node_broadcast"}}
2023/04/29 17:30:34 Sent {"src":"n4","dest":"n3","body":{"messages":[2,4,5,8,9,10,11,17,20,23,26,27,32,35,41,42,46],"type":"node_broadcast"}}
2023/04/29 17:30:34 Sent {"src":"n4","dest":"c14","body":{"in_reply_to":32,"type":"broadcast_ok"}}
2023/04/29 17:30:35 Received {c14 n4 {"type":"broadcast","message":49,"msg_id":33}}
2023/04/29 17:30:35 Sent {"src":"n4","dest":"n1","body":{"messages":[2,4,5,8,9,10,11,17,20,23,26,27,32,35,41,42,46,49],"type":"node_broadcast"}}
2023/04/29 17:30:35 Sent {"src":"n4","dest":"n3","body":{"messages":[2,4,5,8,9,10,11,17,20,23,26,27,32,35,41,42,46,49],"type":"node_broadcast"}}
2023/04/29 17:30:35 Sent {"src":"n4","dest":"c14","body":{"in_reply_to":33,"type":"broadcast_ok"}}
2023/04/29 17:30:35 Received {c14 n4 {"type":"read","msg_id":34}}
2023/04/29 17:30:35 Sent {"src":"n4","dest":"c14","body":{"in_reply_to":34,"messages":[2,4,5,8,9,10,11,17,20,23,26,27,32,35,41,42,46,49],"type":"read_ok"}}
2023/04/29 17:30:35 Received {c14 n4 {"type":"broadcast","message":52,"msg_id":35}}
2023/04/29 17:30:35 Sent {"src":"n4","dest":"n1","body":{"messages":[2,4,5,8,9,10,11,17,20,23,26,27,32,35,41,42,46,49,52],"type":"node_broadcast"}}
2023/04/29 17:30:35 Sent {"src":"n4","dest":"n3","body":{"messages":[2,4,5,8,9,10,11,17,20,23,26,27,32,35,41,42,46,49,52],"type":"node_broadcast"}}
2023/04/29 17:30:35 Sent {"src":"n4","dest":"c14","body":{"in_reply_to":35,"type":"broadcast_ok"}}
2023/04/29 17:30:36 Received {c14 n4 {"type":"broadcast","message":55,"msg_id":36}}
2023/04/29 17:30:36 Sent {"src":"n4","dest":"n1","body":{"messages":[2,4,5,8,9,10,11,17,20,23,26,27,32,35,41,42,46,49,52,55],"type":"node_broadcast"}}
2023/04/29 17:30:36 Sent {"src":"n4","dest":"n3","body":{"messages":[2,4,5,8,9,10,11,17,20,23,26,27,32,35,41,42,46,49,52,55],"type":"node_broadcast"}}
2023/04/29 17:30:36 Sent {"src":"n4","dest":"c14","body":{"in_reply_to":36,"type":"broadcast_ok"}}
2023/04/29 17:30:36 Received {c14 n4 {"type":"read","msg_id":37}}
2023/04/29 17:30:36 Sent {"src":"n4","dest":"c14","body":{"in_reply_to":37,"messages":[2,4,5,8,9,10,11,17,20,23,26,27,32,35,41,42,46,49,52,55],"type":"read_ok"}}
2023/04/29 17:30:36 Received {c14 n4 {"type":"read","msg_id":38}}
2023/04/29 17:30:36 Sent {"src":"n4","dest":"c14","body":{"in_reply_to":38,"messages":[2,4,5,8,9,10,11,17,20,23,26,27,32,35,41,42,46,49,52,55],"type":"read_ok"}}
2023/04/29 17:30:37 Received {c14 n4 {"type":"broadcast","message":59,"msg_id":39}}
2023/04/29 17:30:37 Sent {"src":"n4","dest":"n1","body":{"messages":[2,4,5,8,9,10,11,17,20,23,26,27,32,35,41,42,46,49,52,55,59],"type":"node_broadcast"}}
2023/04/29 17:30:37 Sent {"src":"n4","dest":"n3","body":{"messages":[2,4,5,8,9,10,11,17,20,23,26,27,32,35,41,42,46,49,52,55,59],"type":"node_broadcast"}}
2023/04/29 17:30:37 Sent {"src":"n4","dest":"c14","body":{"in_reply_to":39,"type":"broadcast_ok"}}
2023/04/29 17:30:37 Received {c14 n4 {"type":"broadcast","message":62,"msg_id":40}}
2023/04/29 17:30:37 Sent {"src":"n4","dest":"n1","body":{"messages":[2,4,5,8,9,10,11,17,20,23,26,27,32,35,41,42,46,49,52,55,59,62],"type":"node_broadcast"}}
2023/04/29 17:30:37 Sent {"src":"n4","dest":"n3","body":{"messages":[2,4,5,8,9,10,11,17,20,23,26,27,32,35,41,42,46,49,52,55,59,62],"type":"node_broadcast"}}
2023/04/29 17:30:37 Sent {"src":"n4","dest":"c14","body":{"in_reply_to":40,"type":"broadcast_ok"}}
2023/04/29 17:30:37 Received {c14 n4 {"type":"read","msg_id":41}}
2023/04/29 17:30:37 Sent {"src":"n4","dest":"c14","body":{"in_reply_to":41,"messages":[2,4,5,8,9,10,11,17,20,23,26,27,32,35,41,42,46,49,52,55,59,62],"type":"read_ok"}}
2023/04/29 17:30:38 Received {c14 n4 {"type":"broadcast","message":63,"msg_id":42}}
2023/04/29 17:30:38 Sent {"src":"n4","dest":"n1","body":{"messages":[2,4,5,8,9,10,11,17,20,23,26,27,32,35,41,42,46,49,52,55,59,62,63],"type":"node_broadcast"}}
2023/04/29 17:30:38 Sent {"src":"n4","dest":"n3","body":{"messages":[2,4,5,8,9,10,11,17,20,23,26,27,32,35,41,42,46,49,52,55,59,62,63],"type":"node_broadcast"}}
2023/04/29 17:30:38 Sent {"src":"n4","dest":"c14","body":{"in_reply_to":42,"type":"broadcast_ok"}}
2023/04/29 17:30:38 Received {c14 n4 {"type":"broadcast","message":64,"msg_id":43}}
2023/04/29 17:30:38 Sent {"src":"n4","dest":"n1","body":{"messages":[2,4,5,8,9,10,11,17,20,23,26,27,32,35,41,42,46,49,52,55,59,62,63,64],"type":"node_broadcast"}}
2023/04/29 17:30:38 Sent {"src":"n4","dest":"n3","body":{"messages":[2,4,5,8,9,10,11,17,20,23,26,27,32,35,41,42,46,49,52,55,59,62,63,64],"type":"node_broadcast"}}
2023/04/29 17:30:38 Sent {"src":"n4","dest":"c14","body":{"in_reply_to":43,"type":"broadcast_ok"}}
2023/04/29 17:30:39 Received {c14 n4 {"type":"read","msg_id":44}}
2023/04/29 17:30:39 Sent {"src":"n4","dest":"c14","body":{"in_reply_to":44,"messages":[2,4,5,8,9,10,11,17,20,23,26,27,32,35,41,42,46,49,52,55,59,62,63,64],"type":"read_ok"}}
2023/04/29 17:30:39 Received {c14 n4 {"type":"broadcast","message":68,"msg_id":45}}
2023/04/29 17:30:39 Sent {"src":"n4","dest":"n1","body":{"messages":[2,4,5,8,9,10,11,17,20,23,26,27,32,35,41,42,46,49,52,55,59,62,63,64,68],"type":"node_broadcast"}}
2023/04/29 17:30:39 Sent {"src":"n4","dest":"n3","body":{"messages":[2,4,5,8,9,10,11,17,20,23,26,27,32,35,41,42,46,49,52,55,59,62,63,64,68],"type":"node_broadcast"}}
2023/04/29 17:30:39 Sent {"src":"n4","dest":"c14","body":{"in_reply_to":45,"type":"broadcast_ok"}}
2023/04/29 17:30:39 Received {c14 n4 {"type":"read","msg_id":46}}
2023/04/29 17:30:39 Sent {"src":"n4","dest":"c14","body":{"in_reply_to":46,"messages":[2,4,5,8,9,10,11,17,20,23,26,27,32,35,41,42,46,49,52,55,59,62,63,64,68],"type":"read_ok"}}
2023/04/29 17:30:40 Received {c14 n4 {"type":"broadcast","message":72,"msg_id":47}}
2023/04/29 17:30:40 Sent {"src":"n4","dest":"n1","body":{"messages":[2,4,5,8,9,10,11,17,20,23,26,27,32,35,41,42,46,49,52,55,59,62,63,64,68,72],"type":"node_broadcast"}}
2023/04/29 17:30:40 Sent {"src":"n4","dest":"n3","body":{"messages":[2,4,5,8,9,10,11,17,20,23,26,27,32,35,41,42,46,49,52,55,59,62,63,64,68,72],"type":"node_broadcast"}}
2023/04/29 17:30:40 Sent {"src":"n4","dest":"c14","body":{"in_reply_to":47,"type":"broadcast_ok"}}
2023/04/29 17:30:40 Received {c14 n4 {"type":"broadcast","message":74,"msg_id":48}}
2023/04/29 17:30:40 Sent {"src":"n4","dest":"n1","body":{"messages":[2,4,5,8,9,10,11,17,20,23,26,27,32,35,41,42,46,49,52,55,59,62,63,64,68,72,74],"type":"node_broadcast"}}
2023/04/29 17:30:40 Sent {"src":"n4","dest":"n3","body":{"messages":[2,4,5,8,9,10,11,17,20,23,26,27,32,35,41,42,46,49,52,55,59,62,63,64,68,72,74],"type":"node_broadcast"}}
2023/04/29 17:30:40 Sent {"src":"n4","dest":"c14","body":{"in_reply_to":48,"type":"broadcast_ok"}}
2023/04/29 17:30:41 Received {c14 n4 {"type":"read","msg_id":49}}
2023/04/29 17:30:41 Sent {"src":"n4","dest":"c14","body":{"in_reply_to":49,"messages":[2,4,5,8,9,10,11,17,20,23,26,27,32,35,41,42,46,49,52,55,59,62,63,64,68,72,74],"type":"read_ok"}}
2023/04/29 17:30:41 Received {c14 n4 {"type":"read","msg_id":50}}
2023/04/29 17:30:41 Sent {"src":"n4","dest":"c14","body":{"in_reply_to":50,"messages":[2,4,5,8,9,10,11,17,20,23,26,27,32,35,41,42,46,49,52,55,59,62,63,64,68,72,74],"type":"read_ok"}}
2023/04/29 17:30:41 Received {c14 n4 {"type":"read","msg_id":51}}
2023/04/29 17:30:41 Sent {"src":"n4","dest":"c14","body":{"in_reply_to":51,"messages":[2,4,5,8,9,10,11,17,20,23,26,27,32,35,41,42,46,49,52,55,59,62,63,64,68,72,74],"type":"read_ok"}}
2023/04/29 17:30:41 Received {c14 n4 {"type":"broadcast","message":77,"msg_id":52}}
2023/04/29 17:30:41 Sent {"src":"n4","dest":"n1","body":{"messages":[2,4,5,8,9,10,11,17,20,23,26,27,32,35,41,42,46,49,52,55,59,62,63,64,68,72,74,77],"type":"node_broadcast"}}
2023/04/29 17:30:41 Sent {"src":"n4","dest":"n3","body":{"messages":[2,4,5,8,9,10,11,17,20,23,26,27,32,35,41,42,46,49,52,55,59,62,63,64,68,72,74,77],"type":"node_broadcast"}}
2023/04/29 17:30:41 Sent {"src":"n4","dest":"c14","body":{"in_reply_to":52,"type":"broadcast_ok"}}
2023/04/29 17:30:42 Received {c14 n4 {"type":"broadcast","message":78,"msg_id":53}}
2023/04/29 17:30:42 Sent {"src":"n4","dest":"n1","body":{"messages":[2,4,5,8,9,10,11,17,20,23,26,27,32,35,41,42,46,49,52,55,59,62,63,64,68,72,74,77,78],"type":"node_broadcast"}}
2023/04/29 17:30:42 Sent {"src":"n4","dest":"n3","body":{"messages":[2,4,5,8,9,10,11,17,20,23,26,27,32,35,41,42,46,49,52,55,59,62,63,64,68,72,74,77,78],"type":"node_broadcast"}}
2023/04/29 17:30:42 Sent {"src":"n4","dest":"c14","body":{"in_reply_to":53,"type":"broadcast_ok"}}
2023/04/29 17:30:42 Received {c14 n4 {"type":"broadcast","message":79,"msg_id":54}}
2023/04/29 17:30:42 Sent {"src":"n4","dest":"n1","body":{"messages":[2,4,5,8,9,10,11,17,20,23,26,27,32,35,41,42,46,49,52,55,59,62,63,64,68,72,74,77,78,79],"type":"node_broadcast"}}
2023/04/29 17:30:42 Sent {"src":"n4","dest":"n3","body":{"messages":[2,4,5,8,9,10,11,17,20,23,26,27,32,35,41,42,46,49,52,55,59,62,63,64,68,72,74,77,78,79],"type":"node_broadcast"}}
2023/04/29 17:30:42 Sent {"src":"n4","dest":"c14","body":{"in_reply_to":54,"type":"broadcast_ok"}}
2023/04/29 17:30:42 Received {c14 n4 {"type":"broadcast","message":80,"msg_id":55}}
2023/04/29 17:30:42 Sent {"src":"n4","dest":"n1","body":{"messages":[2,4,5,8,9,10,11,17,20,23,26,27,32,35,41,42,46,49,52,55,59,62,63,64,68,72,74,77,78,79,80],"type":"node_broadcast"}}
2023/04/29 17:30:42 Sent {"src":"n4","dest":"n3","body":{"messages":[2,4,5,8,9,10,11,17,20,23,26,27,32,35,41,42,46,49,52,55,59,62,63,64,68,72,74,77,78,79,80],"type":"node_broadcast"}}
2023/04/29 17:30:42 Sent {"src":"n4","dest":"c14","body":{"in_reply_to":55,"type":"broadcast_ok"}}
2023/04/29 17:30:43 Received {c14 n4 {"type":"read","msg_id":56}}
2023/04/29 17:30:43 Sent {"src":"n4","dest":"c14","body":{"in_reply_to":56,"messages":[2,4,5,8,9,10,11,17,20,23,26,27,32,35,41,42,46,49,52,55,59,62,63,64,68,72,74,77,78,79,80],"type":"read_ok"}}
2023/04/29 17:30:43 Received {c14 n4 {"type":"read","msg_id":57}}
2023/04/29 17:30:43 Sent {"src":"n4","dest":"c14","body":{"in_reply_to":57,"messages":[2,4,5,8,9,10,11,17,20,23,26,27,32,35,41,42,46,49,52,55,59,62,63,64,68,72,74,77,78,79,80],"type":"read_ok"}}
2023/04/29 17:30:43 Received {c14 n4 {"type":"read","msg_id":58}}
2023/04/29 17:30:43 Sent {"src":"n4","dest":"c14","body":{"in_reply_to":58,"messages":[2,4,5,8,9,10,11,17,20,23,26,27,32,35,41,42,46,49,52,55,59,62,63,64,68,72,74,77,78,79,80],"type":"read_ok"}}
2023/04/29 17:30:55 Received {c14 n4 {"type":"read","msg_id":59}}
2023/04/29 17:30:55 Sent {"src":"n4","dest":"c14","body":{"in_reply_to":59,"messages":[2,4,5,8,9,10,11,17,20,23,26,27,32,35,41,42,46,49,52,55,59,62,63,64,68,72,74,77,78,79,80],"type":"read_ok"}}
