2023/04/29 17:10:10 Received {c4 n0 {"type":"init","node_id":"n0","node_ids":["n0","n1","n2","n3","n4"],"msg_id":1}}
2023/04/29 17:10:10 Node n0 initialized
2023/04/29 17:10:10 Sent {"src":"n0","dest":"c4","body":{"in_reply_to":1,"type":"init_ok"}}
2023/04/29 17:10:10 Received {c5 n0 {"type":"topology","topology":{"n0":["n3","n1"],"n1":["n4","n2","n0"],"n2":["n1"],"n3":["n0","n4"],"n4":["n1","n3"]},"msg_id":1}}
2023/04/29 17:10:10 Sent {"src":"n0","dest":"c5","body":{"in_reply_to":1,"msg_id":0,"type":"topology_ok"}}
2023/04/29 17:10:10 Received {c10 n0 {"type":"read","msg_id":1}}
2023/04/29 17:10:10 Sent {"src":"n0","dest":"c10","body":{"in_reply_to":1,"messages":[],"type":"read_ok"}}
2023/04/29 17:10:11 Received {c10 n0 {"type":"read","msg_id":2}}
2023/04/29 17:10:11 Sent {"src":"n0","dest":"c10","body":{"in_reply_to":2,"messages":[],"type":"read_ok"}}
2023/04/29 17:10:11 Received {c10 n0 {"type":"read","msg_id":3}}
2023/04/29 17:10:11 Sent {"src":"n0","dest":"c10","body":{"in_reply_to":3,"messages":[],"type":"read_ok"}}
2023/04/29 17:10:11 Received {c10 n0 {"type":"broadcast","message":3,"msg_id":4}}
2023/04/29 17:10:11 Body = map[message:3 msg_id:4 type:broadcast]
2023/04/29 17:10:11 Sent {"src":"n0","dest":"c10","body":{"in_reply_to":4,"type":"broadcast_ok"}}
2023/04/29 17:10:12 Received {c10 n0 {"type":"broadcast","message":4,"msg_id":5}}
2023/04/29 17:10:12 Body = map[message:4 msg_id:5 type:broadcast]
2023/04/29 17:10:12 Sent {"src":"n0","dest":"c10","body":{"in_reply_to":5,"type":"broadcast_ok"}}
2023/04/29 17:10:12 Received {c10 n0 {"type":"read","msg_id":6}}
2023/04/29 17:10:12 Sent {"src":"n0","dest":"c10","body":{"in_reply_to":6,"messages":[3,4],"type":"read_ok"}}
2023/04/29 17:10:12 Received {c10 n0 {"type":"read","msg_id":7}}
2023/04/29 17:10:12 Sent {"src":"n0","dest":"c10","body":{"in_reply_to":7,"messages":[3,4],"type":"read_ok"}}
2023/04/29 17:10:13 Received {c10 n0 {"type":"broadcast","message":8,"msg_id":8}}
2023/04/29 17:10:13 Body = map[message:8 msg_id:8 type:broadcast]
2023/04/29 17:10:13 Sent {"src":"n0","dest":"c10","body":{"in_reply_to":8,"type":"broadcast_ok"}}
2023/04/29 17:10:13 Received {c10 n0 {"type":"read","msg_id":9}}
2023/04/29 17:10:13 Sent {"src":"n0","dest":"c10","body":{"in_reply_to":9,"messages":[3,4,8],"type":"read_ok"}}
2023/04/29 17:10:13 Received {c10 n0 {"type":"broadcast","message":11,"msg_id":10}}
2023/04/29 17:10:13 Body = map[message:11 msg_id:10 type:broadcast]
2023/04/29 17:10:13 Sent {"src":"n0","dest":"c10","body":{"in_reply_to":10,"type":"broadcast_ok"}}
2023/04/29 17:10:13 Received {c10 n0 {"type":"broadcast","message":12,"msg_id":11}}
2023/04/29 17:10:13 Body = map[message:12 msg_id:11 type:broadcast]
2023/04/29 17:10:13 Sent {"src":"n0","dest":"c10","body":{"in_reply_to":11,"type":"broadcast_ok"}}
2023/04/29 17:10:14 Received {c10 n0 {"type":"broadcast","message":14,"msg_id":12}}
2023/04/29 17:10:14 Body = map[message:14 msg_id:12 type:broadcast]
2023/04/29 17:10:14 Sent {"src":"n0","dest":"c10","body":{"in_reply_to":12,"type":"broadcast_ok"}}
2023/04/29 17:10:14 Received {c10 n0 {"type":"broadcast","message":15,"msg_id":13}}
2023/04/29 17:10:14 Body = map[message:15 msg_id:13 type:broadcast]
2023/04/29 17:10:14 Sent {"src":"n0","dest":"c10","body":{"in_reply_to":13,"type":"broadcast_ok"}}
2023/04/29 17:10:14 Received {c10 n0 {"type":"broadcast","message":18,"msg_id":14}}
2023/04/29 17:10:14 Body = map[message:18 msg_id:14 type:broadcast]
2023/04/29 17:10:14 Sent {"src":"n0","dest":"c10","body":{"in_reply_to":14,"type":"broadcast_ok"}}
2023/04/29 17:10:14 Received {c10 n0 {"type":"read","msg_id":15}}
2023/04/29 17:10:14 Sent {"src":"n0","dest":"c10","body":{"in_reply_to":15,"messages":[3,4,8,11,12,14,15,18],"type":"read_ok"}}
2023/04/29 17:10:15 Received {c10 n0 {"type":"broadcast","message":22,"msg_id":16}}
2023/04/29 17:10:15 Body = map[message:22 msg_id:16 type:broadcast]
2023/04/29 17:10:15 Sent {"src":"n0","dest":"c10","body":{"in_reply_to":16,"type":"broadcast_ok"}}
2023/04/29 17:10:15 Received {c10 n0 {"type":"broadcast","message":23,"msg_id":17}}
2023/04/29 17:10:15 Body = map[message:23 msg_id:17 type:broadcast]
2023/04/29 17:10:15 Sent {"src":"n0","dest":"c10","body":{"in_reply_to":17,"type":"broadcast_ok"}}
2023/04/29 17:10:15 Received {c10 n0 {"type":"broadcast","message":25,"msg_id":18}}
2023/04/29 17:10:15 Body = map[message:25 msg_id:18 type:broadcast]
2023/04/29 17:10:15 Sent {"src":"n0","dest":"c10","body":{"in_reply_to":18,"type":"broadcast_ok"}}
2023/04/29 17:10:16 Received {c10 n0 {"type":"broadcast","message":26,"msg_id":19}}
2023/04/29 17:10:16 Body = map[message:26 msg_id:19 type:broadcast]
2023/04/29 17:10:16 Sent {"src":"n0","dest":"c10","body":{"in_reply_to":19,"type":"broadcast_ok"}}
2023/04/29 17:10:16 Received {c10 n0 {"type":"read","msg_id":20}}
2023/04/29 17:10:16 Sent {"src":"n0","dest":"c10","body":{"in_reply_to":20,"messages":[3,4,8,11,12,14,15,18,22,23,25,26],"type":"read_ok"}}
2023/04/29 17:10:16 Received {c10 n0 {"type":"read","msg_id":21}}
2023/04/29 17:10:16 Sent {"src":"n0","dest":"c10","body":{"in_reply_to":21,"messages":[3,4,8,11,12,14,15,18,22,23,25,26],"type":"read_ok"}}
2023/04/29 17:10:17 Received {c10 n0 {"type":"broadcast","message":32,"msg_id":22}}
2023/04/29 17:10:17 Body = map[message:32 msg_id:22 type:broadcast]
2023/04/29 17:10:17 Sent {"src":"n0","dest":"c10","body":{"in_reply_to":22,"type":"broadcast_ok"}}
2023/04/29 17:10:17 Received {c10 n0 {"type":"read","msg_id":23}}
2023/04/29 17:10:17 Sent {"src":"n0","dest":"c10","body":{"in_reply_to":23,"messages":[3,4,8,11,12,14,15,18,22,23,25,26,32],"type":"read_ok"}}
2023/04/29 17:10:18 Received {c10 n0 {"type":"read","msg_id":24}}
2023/04/29 17:10:18 Sent {"src":"n0","dest":"c10","body":{"in_reply_to":24,"messages":[3,4,8,11,12,14,15,18,22,23,25,26,32],"type":"read_ok"}}
2023/04/29 17:10:18 Received {c10 n0 {"type":"broadcast","message":35,"msg_id":25}}
2023/04/29 17:10:18 Body = map[message:35 msg_id:25 type:broadcast]
2023/04/29 17:10:18 Sent {"src":"n0","dest":"c10","body":{"in_reply_to":25,"type":"broadcast_ok"}}
2023/04/29 17:10:18 Received {c10 n0 {"type":"read","msg_id":26}}
2023/04/29 17:10:18 Sent {"src":"n0","dest":"c10","body":{"in_reply_to":26,"messages":[3,4,8,11,12,14,15,18,22,23,25,26,32,35],"type":"read_ok"}}
2023/04/29 17:10:18 Received {c10 n0 {"type":"broadcast","message":37,"msg_id":27}}
2023/04/29 17:10:18 Body = map[message:37 msg_id:27 type:broadcast]
2023/04/29 17:10:18 Sent {"src":"n0","dest":"c10","body":{"in_reply_to":27,"type":"broadcast_ok"}}
2023/04/29 17:10:19 Received {c10 n0 {"type":"broadcast","message":40,"msg_id":28}}
2023/04/29 17:10:19 Body = map[message:40 msg_id:28 type:broadcast]
2023/04/29 17:10:19 Sent {"src":"n0","dest":"c10","body":{"in_reply_to":28,"type":"broadcast_ok"}}
2023/04/29 17:10:19 Received {c10 n0 {"type":"read","msg_id":29}}
2023/04/29 17:10:19 Sent {"src":"n0","dest":"c10","body":{"in_reply_to":29,"messages":[3,4,8,11,12,14,15,18,22,23,25,26,32,35,37,40],"type":"read_ok"}}
2023/04/29 17:10:20 Received {c10 n0 {"type":"read","msg_id":30}}
2023/04/29 17:10:20 Sent {"src":"n0","dest":"c10","body":{"in_reply_to":30,"messages":[3,4,8,11,12,14,15,18,22,23,25,26,32,35,37,40],"type":"read_ok"}}
2023/04/29 17:10:20 Received {c10 n0 {"type":"read","msg_id":31}}
2023/04/29 17:10:20 Sent {"src":"n0","dest":"c10","body":{"in_reply_to":31,"messages":[3,4,8,11,12,14,15,18,22,23,25,26,32,35,37,40],"type":"read_ok"}}
2023/04/29 17:10:20 Received {c10 n0 {"type":"read","msg_id":32}}
2023/04/29 17:10:20 Sent {"src":"n0","dest":"c10","body":{"in_reply_to":32,"messages":[3,4,8,11,12,14,15,18,22,23,25,26,32,35,37,40],"type":"read_ok"}}
2023/04/29 17:10:20 Received {c10 n0 {"type":"broadcast","message":42,"msg_id":33}}
2023/04/29 17:10:20 Body = map[message:42 msg_id:33 type:broadcast]
2023/04/29 17:10:20 Sent {"src":"n0","dest":"c10","body":{"in_reply_to":33,"type":"broadcast_ok"}}
2023/04/29 17:10:21 Received {c10 n0 {"type":"broadcast","message":45,"msg_id":34}}
2023/04/29 17:10:21 Body = map[message:45 msg_id:34 type:broadcast]
2023/04/29 17:10:21 Sent {"src":"n0","dest":"c10","body":{"in_reply_to":34,"type":"broadcast_ok"}}
2023/04/29 17:10:21 Received {c10 n0 {"type":"broadcast","message":46,"msg_id":35}}
2023/04/29 17:10:21 Body = map[message:46 msg_id:35 type:broadcast]
2023/04/29 17:10:21 Sent {"src":"n0","dest":"c10","body":{"in_reply_to":35,"type":"broadcast_ok"}}
2023/04/29 17:10:22 Received {c10 n0 {"type":"broadcast","message":50,"msg_id":36}}
2023/04/29 17:10:22 Body = map[message:50 msg_id:36 type:broadcast]
2023/04/29 17:10:22 Sent {"src":"n0","dest":"c10","body":{"in_reply_to":36,"type":"broadcast_ok"}}
2023/04/29 17:10:22 Received {c10 n0 {"type":"read","msg_id":37}}
2023/04/29 17:10:22 Sent {"src":"n0","dest":"c10","body":{"in_reply_to":37,"messages":[3,4,8,11,12,14,15,18,22,23,25,26,32,35,37,40,42,45,46,50],"type":"read_ok"}}
2023/04/29 17:10:23 Received {c10 n0 {"type":"broadcast","message":54,"msg_id":38}}
2023/04/29 17:10:23 Body = map[message:54 msg_id:38 type:broadcast]
2023/04/29 17:10:23 Sent {"src":"n0","dest":"c10","body":{"in_reply_to":38,"type":"broadcast_ok"}}
2023/04/29 17:10:23 Received {c10 n0 {"type":"read","msg_id":39}}
2023/04/29 17:10:23 Sent {"src":"n0","dest":"c10","body":{"in_reply_to":39,"messages":[3,4,8,11,12,14,15,18,22,23,25,26,32,35,37,40,42,45,46,50,54],"type":"read_ok"}}
2023/04/29 17:10:23 Received {c10 n0 {"type":"read","msg_id":40}}
2023/04/29 17:10:23 Sent {"src":"n0","dest":"c10","body":{"in_reply_to":40,"messages":[3,4,8,11,12,14,15,18,22,23,25,26,32,35,37,40,42,45,46,50,54],"type":"read_ok"}}
2023/04/29 17:10:23 Received {c10 n0 {"type":"read","msg_id":41}}
2023/04/29 17:10:23 Sent {"src":"n0","dest":"c10","body":{"in_reply_to":41,"messages":[3,4,8,11,12,14,15,18,22,23,25,26,32,35,37,40,42,45,46,50,54],"type":"read_ok"}}
2023/04/29 17:10:24 Received {c10 n0 {"type":"read","msg_id":42}}
2023/04/29 17:10:24 Sent {"src":"n0","dest":"c10","body":{"in_reply_to":42,"messages":[3,4,8,11,12,14,15,18,22,23,25,26,32,35,37,40,42,45,46,50,54],"type":"read_ok"}}
2023/04/29 17:10:24 Received {c10 n0 {"type":"read","msg_id":43}}
2023/04/29 17:10:24 Sent {"src":"n0","dest":"c10","body":{"in_reply_to":43,"messages":[3,4,8,11,12,14,15,18,22,23,25,26,32,35,37,40,42,45,46,50,54],"type":"read_ok"}}
2023/04/29 17:10:24 Received {c10 n0 {"type":"read","msg_id":44}}
2023/04/29 17:10:24 Sent {"src":"n0","dest":"c10","body":{"in_reply_to":44,"messages":[3,4,8,11,12,14,15,18,22,23,25,26,32,35,37,40,42,45,46,50,54],"type":"read_ok"}}
2023/04/29 17:10:24 Received {c10 n0 {"type":"broadcast","message":61,"msg_id":45}}
2023/04/29 17:10:24 Body = map[message:61 msg_id:45 type:broadcast]
2023/04/29 17:10:24 Sent {"src":"n0","dest":"c10","body":{"in_reply_to":45,"type":"broadcast_ok"}}
2023/04/29 17:10:25 Received {c10 n0 {"type":"read","msg_id":46}}
2023/04/29 17:10:25 Sent {"src":"n0","dest":"c10","body":{"in_reply_to":46,"messages":[3,4,8,11,12,14,15,18,22,23,25,26,32,35,37,40,42,45,46,50,54,61],"type":"read_ok"}}
2023/04/29 17:10:25 Received {c10 n0 {"type":"broadcast","message":65,"msg_id":47}}
2023/04/29 17:10:25 Body = map[message:65 msg_id:47 type:broadcast]
2023/04/29 17:10:25 Sent {"src":"n0","dest":"c10","body":{"in_reply_to":47,"type":"broadcast_ok"}}
2023/04/29 17:10:26 Received {c10 n0 {"type":"read","msg_id":48}}
2023/04/29 17:10:26 Sent {"src":"n0","dest":"c10","body":{"in_reply_to":48,"messages":[3,4,8,11,12,14,15,18,22,23,25,26,32,35,37,40,42,45,46,50,54,61,65],"type":"read_ok"}}
2023/04/29 17:10:26 Received {c10 n0 {"type":"read","msg_id":49}}
2023/04/29 17:10:26 Sent {"src":"n0","dest":"c10","body":{"in_reply_to":49,"messages":[3,4,8,11,12,14,15,18,22,23,25,26,32,35,37,40,42,45,46,50,54,61,65],"type":"read_ok"}}
2023/04/29 17:10:26 Received {c10 n0 {"type":"broadcast","message":71,"msg_id":50}}
2023/04/29 17:10:26 Body = map[message:71 msg_id:50 type:broadcast]
2023/04/29 17:10:26 Sent {"src":"n0","dest":"c10","body":{"in_reply_to":50,"type":"broadcast_ok"}}
2023/04/29 17:10:26 Received {c10 n0 {"type":"broadcast","message":72,"msg_id":51}}
2023/04/29 17:10:26 Body = map[message:72 msg_id:51 type:broadcast]
2023/04/29 17:10:26 Sent {"src":"n0","dest":"c10","body":{"in_reply_to":51,"type":"broadcast_ok"}}
2023/04/29 17:10:27 Received {c10 n0 {"type":"read","msg_id":52}}
2023/04/29 17:10:27 Sent {"src":"n0","dest":"c10","body":{"in_reply_to":52,"messages":[3,4,8,11,12,14,15,18,22,23,25,26,32,35,37,40,42,45,46,50,54,61,65,71,72],"type":"read_ok"}}
2023/04/29 17:10:27 Received {c10 n0 {"type":"broadcast","message":74,"msg_id":53}}
2023/04/29 17:10:27 Body = map[message:74 msg_id:53 type:broadcast]
2023/04/29 17:10:27 Sent {"src":"n0","dest":"c10","body":{"in_reply_to":53,"type":"broadcast_ok"}}
2023/04/29 17:10:28 Received {c10 n0 {"type":"broadcast","message":77,"msg_id":54}}
2023/04/29 17:10:28 Body = map[message:77 msg_id:54 type:broadcast]
2023/04/29 17:10:28 Sent {"src":"n0","dest":"c10","body":{"in_reply_to":54,"type":"broadcast_ok"}}
2023/04/29 17:10:28 Received {c10 n0 {"type":"read","msg_id":55}}
2023/04/29 17:10:28 Sent {"src":"n0","dest":"c10","body":{"in_reply_to":55,"messages":[3,4,8,11,12,14,15,18,22,23,25,26,32,35,37,40,42,45,46,50,54,61,65,71,72,74,77],"type":"read_ok"}}
2023/04/29 17:10:28 Received {c10 n0 {"type":"read","msg_id":56}}
2023/04/29 17:10:28 Sent {"src":"n0","dest":"c10","body":{"in_reply_to":56,"messages":[3,4,8,11,12,14,15,18,22,23,25,26,32,35,37,40,42,45,46,50,54,61,65,71,72,74,77],"type":"read_ok"}}
2023/04/29 17:10:28 Received {c10 n0 {"type":"read","msg_id":57}}
2023/04/29 17:10:28 Sent {"src":"n0","dest":"c10","body":{"in_reply_to":57,"messages":[3,4,8,11,12,14,15,18,22,23,25,26,32,35,37,40,42,45,46,50,54,61,65,71,72,74,77],"type":"read_ok"}}
2023/04/29 17:10:29 Received {c10 n0 {"type":"broadcast","message":79,"msg_id":58}}
2023/04/29 17:10:29 Body = map[message:79 msg_id:58 type:broadcast]
2023/04/29 17:10:29 Sent {"src":"n0","dest":"c10","body":{"in_reply_to":58,"type":"broadcast_ok"}}
2023/04/29 17:10:29 Received {c10 n0 {"type":"broadcast","message":80,"msg_id":59}}
2023/04/29 17:10:29 Body = map[message:80 msg_id:59 type:broadcast]
2023/04/29 17:10:29 Sent {"src":"n0","dest":"c10","body":{"in_reply_to":59,"type":"broadcast_ok"}}
2023/04/29 17:10:29 Received {c10 n0 {"type":"broadcast","message":83,"msg_id":60}}
2023/04/29 17:10:29 Body = map[message:83 msg_id:60 type:broadcast]
2023/04/29 17:10:29 Sent {"src":"n0","dest":"c10","body":{"in_reply_to":60,"type":"broadcast_ok"}}
2023/04/29 17:10:29 Received {c10 n0 {"type":"read","msg_id":61}}
2023/04/29 17:10:29 Sent {"src":"n0","dest":"c10","body":{"in_reply_to":61,"messages":[3,4,8,11,12,14,15,18,22,23,25,26,32,35,37,40,42,45,46,50,54,61,65,71,72,74,77,79,80,83],"type":"read_ok"}}
2023/04/29 17:10:30 Received {c10 n0 {"type":"read","msg_id":62}}
2023/04/29 17:10:30 Sent {"src":"n0","dest":"c10","body":{"in_reply_to":62,"messages":[3,4,8,11,12,14,15,18,22,23,25,26,32,35,37,40,42,45,46,50,54,61,65,71,72,74,77,79,80,83],"type":"read_ok"}}
2023/04/29 17:10:30 Received {c10 n0 {"type":"broadcast","message":85,"msg_id":63}}
2023/04/29 17:10:30 Body = map[message:85 msg_id:63 type:broadcast]
2023/04/29 17:10:30 Sent {"src":"n0","dest":"c10","body":{"in_reply_to":63,"type":"broadcast_ok"}}
2023/04/29 17:10:40 Received {c10 n0 {"type":"read","msg_id":64}}
2023/04/29 17:10:40 Sent {"src":"n0","dest":"c10","body":{"in_reply_to":64,"messages":[3,4,8,11,12,14,15,18,22,23,25,26,32,35,37,40,42,45,46,50,54,61,65,71,72,74,77,79,80,83,85],"type":"read_ok"}}
