2023/04/29 17:10:10 Received {c3 n1 {"type":"init","node_id":"n1","node_ids":["n0","n1","n2","n3","n4"],"msg_id":1}}
2023/04/29 17:10:10 Node n1 initialized
2023/04/29 17:10:10 Sent {"src":"n1","dest":"c3","body":{"in_reply_to":1,"type":"init_ok"}}
2023/04/29 17:10:10 Received {c7 n1 {"type":"topology","topology":{"n0":["n3","n1"],"n1":["n4","n2","n0"],"n2":["n1"],"n3":["n0","n4"],"n4":["n1","n3"]},"msg_id":1}}
2023/04/29 17:10:10 Sent {"src":"n1","dest":"c7","body":{"in_reply_to":1,"msg_id":0,"type":"topology_ok"}}
2023/04/29 17:10:11 Received {c11 n1 {"type":"read","msg_id":1}}
2023/04/29 17:10:11 Sent {"src":"n1","dest":"c11","body":{"in_reply_to":1,"messages":[],"type":"read_ok"}}
2023/04/29 17:10:11 Received {c11 n1 {"type":"broadcast","message":2,"msg_id":2}}
2023/04/29 17:10:11 Body = map[message:2 msg_id:2 type:broadcast]
2023/04/29 17:10:11 Sent {"src":"n1","dest":"c11","body":{"in_reply_to":2,"type":"broadcast_ok"}}
2023/04/29 17:10:12 Received {c11 n1 {"type":"read","msg_id":3}}
2023/04/29 17:10:12 Sent {"src":"n1","dest":"c11","body":{"in_reply_to":3,"messages":[2],"type":"read_ok"}}
2023/04/29 17:10:12 Received {c11 n1 {"type":"read","msg_id":4}}
2023/04/29 17:10:12 Sent {"src":"n1","dest":"c11","body":{"in_reply_to":4,"messages":[2],"type":"read_ok"}}
2023/04/29 17:10:13 Received {c11 n1 {"type":"broadcast","message":9,"msg_id":5}}
2023/04/29 17:10:13 Body = map[message:9 msg_id:5 type:broadcast]
2023/04/29 17:10:13 Sent {"src":"n1","dest":"c11","body":{"in_reply_to":5,"type":"broadcast_ok"}}
2023/04/29 17:10:13 Received {c11 n1 {"type":"broadcast","message":13,"msg_id":6}}
2023/04/29 17:10:13 Body = map[message:13 msg_id:6 type:broadcast]
2023/04/29 17:10:13 Sent {"src":"n1","dest":"c11","body":{"in_reply_to":6,"type":"broadcast_ok"}}
2023/04/29 17:10:14 Received {c11 n1 {"type":"read","msg_id":7}}
2023/04/29 17:10:14 Sent {"src":"n1","dest":"c11","body":{"in_reply_to":7,"messages":[2,9,13],"type":"read_ok"}}
2023/04/29 17:10:14 Received {c11 n1 {"type":"broadcast","message":19,"msg_id":8}}
2023/04/29 17:10:14 Body = map[message:19 msg_id:8 type:broadcast]
2023/04/29 17:10:14 Sent {"src":"n1","dest":"c11","body":{"in_reply_to":8,"type":"broadcast_ok"}}
2023/04/29 17:10:15 Received {c11 n1 {"type":"read","msg_id":9}}
2023/04/29 17:10:15 Sent {"src":"n1","dest":"c11","body":{"in_reply_to":9,"messages":[2,9,13,19],"type":"read_ok"}}
2023/04/29 17:10:16 Received {c11 n1 {"type":"broadcast","message":27,"msg_id":10}}
2023/04/29 17:10:16 Body = map[message:27 msg_id:10 type:broadcast]
2023/04/29 17:10:16 Sent {"src":"n1","dest":"c11","body":{"in_reply_to":10,"type":"broadcast_ok"}}
2023/04/29 17:10:16 Received {c11 n1 {"type":"broadcast","message":29,"msg_id":11}}
2023/04/29 17:10:16 Body = map[message:29 msg_id:11 type:broadcast]
2023/04/29 17:10:16 Sent {"src":"n1","dest":"c11","body":{"in_reply_to":11,"type":"broadcast_ok"}}
2023/04/29 17:10:17 Received {c11 n1 {"type":"read","msg_id":12}}
2023/04/29 17:10:17 Sent {"src":"n1","dest":"c11","body":{"in_reply_to":12,"messages":[2,9,13,19,27,29],"type":"read_ok"}}
2023/04/29 17:10:18 Received {c11 n1 {"type":"read","msg_id":13}}
2023/04/29 17:10:18 Sent {"src":"n1","dest":"c11","body":{"in_reply_to":13,"messages":[2,9,13,19,27,29],"type":"read_ok"}}
2023/04/29 17:10:19 Received {c11 n1 {"type":"read","msg_id":14}}
2023/04/29 17:10:19 Sent {"src":"n1","dest":"c11","body":{"in_reply_to":14,"messages":[2,9,13,19,27,29],"type":"read_ok"}}
2023/04/29 17:10:19 Received {c11 n1 {"type":"read","msg_id":15}}
2023/04/29 17:10:19 Sent {"src":"n1","dest":"c11","body":{"in_reply_to":15,"messages":[2,9,13,19,27,29],"type":"read_ok"}}
2023/04/29 17:10:20 Received {c11 n1 {"type":"read","msg_id":16}}
2023/04/29 17:10:20 Sent {"src":"n1","dest":"c11","body":{"in_reply_to":16,"messages":[2,9,13,19,27,29],"type":"read_ok"}}
2023/04/29 17:10:21 Received {c11 n1 {"type":"broadcast","message":43,"msg_id":17}}
2023/04/29 17:10:21 Body = map[message:43 msg_id:17 type:broadcast]
2023/04/29 17:10:21 Sent {"src":"n1","dest":"c11","body":{"in_reply_to":17,"type":"broadcast_ok"}}
2023/04/29 17:10:21 Received {c11 n1 {"type":"broadcast","message":47,"msg_id":18}}
2023/04/29 17:10:21 Body = map[message:47 msg_id:18 type:broadcast]
2023/04/29 17:10:21 Sent {"src":"n1","dest":"c11","body":{"in_reply_to":18,"type":"broadcast_ok"}}
2023/04/29 17:10:22 Received {c11 n1 {"type":"broadcast","message":51,"msg_id":19}}
2023/04/29 17:10:22 Body = map[message:51 msg_id:19 type:broadcast]
2023/04/29 17:10:22 Sent {"src":"n1","dest":"c11","body":{"in_reply_to":19,"type":"broadcast_ok"}}
2023/04/29 17:10:23 Received {c11 n1 {"type":"broadcast","message":55,"msg_id":20}}
2023/04/29 17:10:23 Body = map[message:55 msg_id:20 type:broadcast]
2023/04/29 17:10:23 Sent {"src":"n1","dest":"c11","body":{"in_reply_to":20,"type":"broadcast_ok"}}
2023/04/29 17:10:23 Received {c11 n1 {"type":"read","msg_id":21}}
2023/04/29 17:10:23 Sent {"src":"n1","dest":"c11","body":{"in_reply_to":21,"messages":[2,9,13,19,27,29,43,47,51,55],"type":"read_ok"}}
2023/04/29 17:10:24 Received {c11 n1 {"type":"read","msg_id":22}}
2023/04/29 17:10:24 Sent {"src":"n1","dest":"c11","body":{"in_reply_to":22,"messages":[2,9,13,19,27,29,43,47,51,55],"type":"read_ok"}}
2023/04/29 17:10:24 Received {c11 n1 {"type":"broadcast","message":62,"msg_id":23}}
2023/04/29 17:10:24 Body = map[message:62 msg_id:23 type:broadcast]
2023/04/29 17:10:24 Sent {"src":"n1","dest":"c11","body":{"in_reply_to":23,"type":"broadcast_ok"}}
2023/04/29 17:10:25 Received {c11 n1 {"type":"read","msg_id":24}}
2023/04/29 17:10:25 Sent {"src":"n1","dest":"c11","body":{"in_reply_to":24,"messages":[2,9,13,19,27,29,43,47,51,55,62],"type":"read_ok"}}
2023/04/29 17:10:26 Received {c11 n1 {"type":"read","msg_id":25}}
2023/04/29 17:10:26 Sent {"src":"n1","dest":"c11","body":{"in_reply_to":25,"messages":[2,9,13,19,27,29,43,47,51,55,62],"type":"read_ok"}}
2023/04/29 17:10:27 Received {c11 n1 {"type":"read","msg_id":26}}
2023/04/29 17:10:27 Sent {"src":"n1","dest":"c11","body":{"in_reply_to":26,"messages":[2,9,13,19,27,29,43,47,51,55,62],"type":"read_ok"}}
2023/04/29 17:10:27 Received {c11 n1 {"type":"read","msg_id":27}}
2023/04/29 17:10:27 Sent {"src":"n1","dest":"c11","body":{"in_reply_to":27,"messages":[2,9,13,19,27,29,43,47,51,55,62],"type":"read_ok"}}
2023/04/29 17:10:28 Received {c11 n1 {"type":"broadcast","message":78,"msg_id":28}}
2023/04/29 17:10:28 Body = map[message:78 msg_id:28 type:broadcast]
2023/04/29 17:10:28 Sent {"src":"n1","dest":"c11","body":{"in_reply_to":28,"type":"broadcast_ok"}}
2023/04/29 17:10:28 Received {c11 n1 {"type":"read","msg_id":29}}
2023/04/29 17:10:28 Sent {"src":"n1","dest":"c11","body":{"in_reply_to":29,"messages":[2,9,13,19,27,29,43,47,51,55,62,78],"type":"read_ok"}}
2023/04/29 17:10:29 Received {c11 n1 {"type":"broadcast","message":81,"msg_id":30}}
2023/04/29 17:10:29 Body = map[message:81 msg_id:30 type:broadcast]
2023/04/29 17:10:29 Sent {"src":"n1","dest":"c11","body":{"in_reply_to":30,"type":"broadcast_ok"}}
2023/04/29 17:10:29 Received {c11 n1 {"type":"broadcast","message":84,"msg_id":31}}
2023/04/29 17:10:29 Body = map[message:84 msg_id:31 type:broadcast]
2023/04/29 17:10:29 Sent {"src":"n1","dest":"c11","body":{"in_reply_to":31,"type":"broadcast_ok"}}
2023/04/29 17:10:30 Received {c11 n1 {"type":"broadcast","message":86,"msg_id":32}}
2023/04/29 17:10:30 Body = map[message:86 msg_id:32 type:broadcast]
2023/04/29 17:10:30 Sent {"src":"n1","dest":"c11","body":{"in_reply_to":32,"type":"broadcast_ok"}}
2023/04/29 17:10:40 Received {c11 n1 {"type":"read","msg_id":33}}
2023/04/29 17:10:40 Sent {"src":"n1","dest":"c11","body":{"in_reply_to":33,"messages":[2,9,13,19,27,29,43,47,51,55,62,78,81,84,86],"type":"read_ok"}}
