2023/04/29 17:10:10 Received {c2 n2 {"type":"init","node_id":"n2","node_ids":["n0","n1","n2","n3","n4"],"msg_id":1}}
2023/04/29 17:10:10 Node n2 initialized
2023/04/29 17:10:10 Sent {"src":"n2","dest":"c2","body":{"in_reply_to":1,"type":"init_ok"}}
2023/04/29 17:10:10 Received {c6 n2 {"type":"topology","topology":{"n0":["n3","n1"],"n1":["n4","n2","n0"],"n2":["n1"],"n3":["n0","n4"],"n4":["n1","n3"]},"msg_id":1}}
2023/04/29 17:10:10 Sent {"src":"n2","dest":"c6","body":{"in_reply_to":1,"msg_id":0,"type":"topology_ok"}}
2023/04/29 17:10:11 Received {c12 n2 {"type":"read","msg_id":1}}
2023/04/29 17:10:11 Sent {"src":"n2","dest":"c12","body":{"in_reply_to":1,"messages":[],"type":"read_ok"}}
2023/04/29 17:10:11 Received {c12 n2 {"type":"read","msg_id":2}}
2023/04/29 17:10:11 Sent {"src":"n2","dest":"c12","body":{"in_reply_to":2,"messages":[],"type":"read_ok"}}
2023/04/29 17:10:12 Received {c12 n2 {"type":"read","msg_id":3}}
2023/04/29 17:10:12 Sent {"src":"n2","dest":"c12","body":{"in_reply_to":3,"messages":[],"type":"read_ok"}}
2023/04/29 17:10:12 Received {c12 n2 {"type":"read","msg_id":4}}
2023/04/29 17:10:12 Sent {"src":"n2","dest":"c12","body":{"in_reply_to":4,"messages":[],"type":"read_ok"}}
2023/04/29 17:10:13 Received {c12 n2 {"type":"broadcast","message":10,"msg_id":5}}
2023/04/29 17:10:13 Body = map[message:10 msg_id:5 type:broadcast]
2023/04/29 17:10:13 Sent {"src":"n2","dest":"c12","body":{"in_reply_to":5,"type":"broadcast_ok"}}
2023/04/29 17:10:13 Received {c12 n2 {"type":"read","msg_id":6}}
2023/04/29 17:10:13 Sent {"src":"n2","dest":"c12","body":{"in_reply_to":6,"messages":[10],"type":"read_ok"}}
2023/04/29 17:10:14 Received {c12 n2 {"type":"read","msg_id":7}}
2023/04/29 17:10:14 Sent {"src":"n2","dest":"c12","body":{"in_reply_to":7,"messages":[10],"type":"read_ok"}}
2023/04/29 17:10:15 Received {c12 n2 {"type":"read","msg_id":8}}
2023/04/29 17:10:15 Sent {"src":"n2","dest":"c12","body":{"in_reply_to":8,"messages":[10],"type":"read_ok"}}
2023/04/29 17:10:15 Received {c12 n2 {"type":"read","msg_id":9}}
2023/04/29 17:10:15 Sent {"src":"n2","dest":"c12","body":{"in_reply_to":9,"messages":[10],"type":"read_ok"}}
2023/04/29 17:10:16 Received {c12 n2 {"type":"read","msg_id":10}}
2023/04/29 17:10:16 Sent {"src":"n2","dest":"c12","body":{"in_reply_to":10,"messages":[10],"type":"read_ok"}}
2023/04/29 17:10:16 Received {c12 n2 {"type":"read","msg_id":11}}
2023/04/29 17:10:16 Sent {"src":"n2","dest":"c12","body":{"in_reply_to":11,"messages":[10],"type":"read_ok"}}
2023/04/29 17:10:17 Received {c12 n2 {"type":"read","msg_id":12}}
2023/04/29 17:10:17 Sent {"src":"n2","dest":"c12","body":{"in_reply_to":12,"messages":[10],"type":"read_ok"}}
2023/04/29 17:10:18 Received {c12 n2 {"type":"read","msg_id":13}}
2023/04/29 17:10:18 Sent {"src":"n2","dest":"c12","body":{"in_reply_to":13,"messages":[10],"type":"read_ok"}}
2023/04/29 17:10:19 Received {c12 n2 {"type":"read","msg_id":14}}
2023/04/29 17:10:19 Sent {"src":"n2","dest":"c12","body":{"in_reply_to":14,"messages":[10],"type":"read_ok"}}
2023/04/29 17:10:19 Received {c12 n2 {"type":"read","msg_id":15}}
2023/04/29 17:10:19 Sent {"src":"n2","dest":"c12","body":{"in_reply_to":15,"messages":[10],"type":"read_ok"}}
2023/04/29 17:10:20 Received {c12 n2 {"type":"read","msg_id":16}}
2023/04/29 17:10:20 Sent {"src":"n2","dest":"c12","body":{"in_reply_to":16,"messages":[10],"type":"read_ok"}}
2023/04/29 17:10:21 Received {c12 n2 {"type":"read","msg_id":17}}
2023/04/29 17:10:21 Sent {"src":"n2","dest":"c12","body":{"in_reply_to":17,"messages":[10],"type":"read_ok"}}
2023/04/29 17:10:21 Received {c12 n2 {"type":"broadcast","message":48,"msg_id":18}}
2023/04/29 17:10:21 Body = map[message:48 msg_id:18 type:broadcast]
2023/04/29 17:10:21 Sent {"src":"n2","dest":"c12","body":{"in_reply_to":18,"type":"broadcast_ok"}}
2023/04/29 17:10:22 Received {c12 n2 {"type":"read","msg_id":19}}
2023/04/29 17:10:22 Sent {"src":"n2","dest":"c12","body":{"in_reply_to":19,"messages":[10,48],"type":"read_ok"}}
2023/04/29 17:10:23 Received {c12 n2 {"type":"broadcast","message":56,"msg_id":20}}
2023/04/29 17:10:23 Body = map[message:56 msg_id:20 type:broadcast]
2023/04/29 17:10:23 Sent {"src":"n2","dest":"c12","body":{"in_reply_to":20,"type":"broadcast_ok"}}
2023/04/29 17:10:23 Received {c12 n2 {"type":"broadcast","message":58,"msg_id":21}}
2023/04/29 17:10:23 Body = map[message:58 msg_id:21 type:broadcast]
2023/04/29 17:10:23 Sent {"src":"n2","dest":"c12","body":{"in_reply_to":21,"type":"broadcast_ok"}}
2023/04/29 17:10:24 Received {c12 n2 {"type":"read","msg_id":22}}
2023/04/29 17:10:24 Sent {"src":"n2","dest":"c12","body":{"in_reply_to":22,"messages":[10,48,56,58],"type":"read_ok"}}
2023/04/29 17:10:24 Received {c12 n2 {"type":"broadcast","message":63,"msg_id":23}}
2023/04/29 17:10:24 Body = map[message:63 msg_id:23 type:broadcast]
2023/04/29 17:10:24 Sent {"src":"n2","dest":"c12","body":{"in_reply_to":23,"type":"broadcast_ok"}}
2023/04/29 17:10:25 Received {c12 n2 {"type":"broadcast","message":66,"msg_id":24}}
2023/04/29 17:10:25 Body = map[message:66 msg_id:24 type:broadcast]
2023/04/29 17:10:25 Sent {"src":"n2","dest":"c12","body":{"in_reply_to":24,"type":"broadcast_ok"}}
2023/04/29 17:10:26 Received {c12 n2 {"type":"broadcast","message":68,"msg_id":25}}
2023/04/29 17:10:26 Body = map[message:68 msg_id:25 type:broadcast]
2023/04/29 17:10:26 Sent {"src":"n2","dest":"c12","body":{"in_reply_to":25,"type":"broadcast_ok"}}
2023/04/29 17:10:27 Received {c12 n2 {"type":"broadcast","message":73,"msg_id":26}}
2023/04/29 17:10:27 Body = map[message:73 msg_id:26 type:broadcast]
2023/04/29 17:10:27 Sent {"src":"n2","dest":"c12","body":{"in_reply_to":26,"type":"broadcast_ok"}}
2023/04/29 17:10:27 Received {c12 n2 {"type":"broadcast","message":75,"msg_id":27}}
2023/04/29 17:10:27 Body = map[message:75 msg_id:27 type:broadcast]
2023/04/29 17:10:27 Sent {"src":"n2","dest":"c12","body":{"in_reply_to":27,"type":"broadcast_ok"}}
2023/04/29 17:10:28 Received {c12 n2 {"type":"read","msg_id":28}}
2023/04/29 17:10:28 Sent {"src":"n2","dest":"c12","body":{"in_reply_to":28,"messages":[10,48,56,58,63,66,68,73,75],"type":"read_ok"}}
2023/04/29 17:10:29 Received {c12 n2 {"type":"read","msg_id":29}}
2023/04/29 17:10:29 Sent {"src":"n2","dest":"c12","body":{"in_reply_to":29,"messages":[10,48,56,58,63,66,68,73,75],"type":"read_ok"}}
2023/04/29 17:10:29 Received {c12 n2 {"type":"read","msg_id":30}}
2023/04/29 17:10:29 Sent {"src":"n2","dest":"c12","body":{"in_reply_to":30,"messages":[10,48,56,58,63,66,68,73,75],"type":"read_ok"}}
2023/04/29 17:10:30 Received {c12 n2 {"type":"read","msg_id":31}}
2023/04/29 17:10:30 Sent {"src":"n2","dest":"c12","body":{"in_reply_to":31,"messages":[10,48,56,58,63,66,68,73,75],"type":"read_ok"}}
2023/04/29 17:10:40 Received {c12 n2 {"type":"read","msg_id":32}}
2023/04/29 17:10:40 Sent {"src":"n2","dest":"c12","body":{"in_reply_to":32,"messages":[10,48,56,58,63,66,68,73,75],"type":"read_ok"}}
