2023/04/29 17:10:10 Received {c1 n3 {"type":"init","node_id":"n3","node_ids":["n0","n1","n2","n3","n4"],"msg_id":1}}
2023/04/29 17:10:10 Node n3 initialized
2023/04/29 17:10:10 Sent {"src":"n3","dest":"c1","body":{"in_reply_to":1,"type":"init_ok"}}
2023/04/29 17:10:10 Received {c8 n3 {"type":"topology","topology":{"n0":["n3","n1"],"n1":["n4","n2","n0"],"n2":["n1"],"n3":["n0","n4"],"n4":["n1","n3"]},"msg_id":1}}
2023/04/29 17:10:10 Sent {"src":"n3","dest":"c8","body":{"in_reply_to":1,"msg_id":0,"type":"topology_ok"}}
2023/04/29 17:10:11 Received {c13 n3 {"type":"broadcast","message":0,"msg_id":1}}
2023/04/29 17:10:11 Body = map[message:0 msg_id:1 type:broadcast]
2023/04/29 17:10:11 Sent {"src":"n3","dest":"c13","body":{"in_reply_to":1,"type":"broadcast_ok"}}
2023/04/29 17:10:11 Received {c13 n3 {"type":"read","msg_id":2}}
2023/04/29 17:10:11 Sent {"src":"n3","dest":"c13","body":{"in_reply_to":2,"messages":[0],"type":"read_ok"}}
2023/04/29 17:10:12 Received {c13 n3 {"type":"broadcast","message":5,"msg_id":3}}
2023/04/29 17:10:12 Body = map[message:5 msg_id:3 type:broadcast]
2023/04/29 17:10:12 Sent {"src":"n3","dest":"c13","body":{"in_reply_to":3,"type":"broadcast_ok"}}
2023/04/29 17:10:12 Received {c13 n3 {"type":"broadcast","message":6,"msg_id":4}}
2023/04/29 17:10:12 Body = map[message:6 msg_id:4 type:broadcast]
2023/04/29 17:10:12 Sent {"src":"n3","dest":"c13","body":{"in_reply_to":4,"type":"broadcast_ok"}}
2023/04/29 17:10:13 Received {c13 n3 {"type":"read","msg_id":5}}
2023/04/29 17:10:13 Sent {"src":"n3","dest":"c13","body":{"in_reply_to":5,"messages":[0,5,6],"type":"read_ok"}}
2023/04/29 17:10:14 Received {c13 n3 {"type":"read","msg_id":6}}
2023/04/29 17:10:14 Sent {"src":"n3","dest":"c13","body":{"in_reply_to":6,"messages":[0,5,6],"type":"read_ok"}}
2023/04/29 17:10:14 Received {c13 n3 {"type":"broadcast","message":16,"msg_id":7}}
2023/04/29 17:10:14 Body = map[message:16 msg_id:7 type:broadcast]
2023/04/29 17:10:14 Sent {"src":"n3","dest":"c13","body":{"in_reply_to":7,"type":"broadcast_ok"}}
2023/04/29 17:10:15 Received {c13 n3 {"type":"broadcast","message":20,"msg_id":8}}
2023/04/29 17:10:15 Body = map[message:20 msg_id:8 type:broadcast]
2023/04/29 17:10:15 Sent {"src":"n3","dest":"c13","body":{"in_reply_to":8,"type":"broadcast_ok"}}
2023/04/29 17:10:15 Received {c13 n3 {"type":"read","msg_id":9}}
2023/04/29 17:10:15 Sent {"src":"n3","dest":"c13","body":{"in_reply_to":9,"messages":[0,5,6,16,20],"type":"read_ok"}}
2023/04/29 17:10:16 Received {c13 n3 {"type":"broadcast","message":28,"msg_id":10}}
2023/04/29 17:10:16 Body = map[message:28 msg_id:10 type:broadcast]
2023/04/29 17:10:16 Sent {"src":"n3","dest":"c13","body":{"in_reply_to":10,"type":"broadcast_ok"}}
2023/04/29 17:10:17 Received {c13 n3 {"type":"broadcast","message":30,"msg_id":11}}
2023/04/29 17:10:17 Body = map[message:30 msg_id:11 type:broadcast]
2023/04/29 17:10:17 Sent {"src":"n3","dest":"c13","body":{"in_reply_to":11,"type":"broadcast_ok"}}
2023/04/29 17:10:17 Received {c13 n3 {"type":"broadcast","message":33,"msg_id":12}}
2023/04/29 17:10:17 Body = map[message:33 msg_id:12 type:broadcast]
2023/04/29 17:10:17 Sent {"src":"n3","dest":"c13","body":{"in_reply_to":12,"type":"broadcast_ok"}}
2023/04/29 17:10:18 Received {c13 n3 {"type":"read","msg_id":13}}
2023/04/29 17:10:18 Sent {"src":"n3","dest":"c13","body":{"in_reply_to":13,"messages":[0,5,6,16,20,28,30,33],"type":"read_ok"}}
2023/04/29 17:10:19 Received {c13 n3 {"type":"broadcast","message":38,"msg_id":14}}
2023/04/29 17:10:19 Body = map[message:38 msg_id:14 type:broadcast]
2023/04/29 17:10:19 Sent {"src":"n3","dest":"c13","body":{"in_reply_to":14,"type":"broadcast_ok"}}
2023/04/29 17:10:20 Received {c13 n3 {"type":"read","msg_id":15}}
2023/04/29 17:10:20 Sent {"src":"n3","dest":"c13","body":{"in_reply_to":15,"messages":[0,5,6,16,20,28,30,33,38],"type":"read_ok"}}
2023/04/29 17:10:20 Received {c13 n3 {"type":"broadcast","message":41,"msg_id":16}}
2023/04/29 17:10:20 Body = map[message:41 msg_id:16 type:broadcast]
2023/04/29 17:10:20 Sent {"src":"n3","dest":"c13","body":{"in_reply_to":16,"type":"broadcast_ok"}}
2023/04/29 17:10:21 Received {c13 n3 {"type":"read","msg_id":17}}
2023/04/29 17:10:21 Sent {"src":"n3","dest":"c13","body":{"in_reply_to":17,"messages":[0,5,6,16,20,28,30,33,38,41],"type":"read_ok"}}
2023/04/29 17:10:21 Received {c13 n3 {"type":"broadcast","message":49,"msg_id":18}}
2023/04/29 17:10:21 Body = map[message:49 msg_id:18 type:broadcast]
2023/04/29 17:10:21 Sent {"src":"n3","dest":"c13","body":{"in_reply_to":18,"type":"broadcast_ok"}}
2023/04/29 17:10:22 Received {c13 n3 {"type":"broadcast","message":52,"msg_id":19}}
2023/04/29 17:10:22 Body = map[message:52 msg_id:19 type:broadcast]
2023/04/29 17:10:22 Sent {"src":"n3","dest":"c13","body":{"in_reply_to":19,"type":"broadcast_ok"}}
2023/04/29 17:10:23 Received {c13 n3 {"type":"read","msg_id":20}}
2023/04/29 17:10:23 Sent {"src":"n3","dest":"c13","body":{"in_reply_to":20,"messages":[0,5,6,16,20,28,30,33,38,41,49,52],"type":"read_ok"}}
2023/04/29 17:10:23 Received {c13 n3 {"type":"read","msg_id":21}}
2023/04/29 17:10:23 Sent {"src":"n3","dest":"c13","body":{"in_reply_to":21,"messages":[0,5,6,16,20,28,30,33,38,41,49,52],"type":"read_ok"}}
2023/04/29 17:10:24 Received {c13 n3 {"type":"broadcast","message":59,"msg_id":22}}
2023/04/29 17:10:24 Body = map[message:59 msg_id:22 type:broadcast]
2023/04/29 17:10:24 Sent {"src":"n3","dest":"c13","body":{"in_reply_to":22,"type":"broadcast_ok"}}
2023/04/29 17:10:25 Received {c13 n3 {"type":"broadcast","message":64,"msg_id":23}}
2023/04/29 17:10:25 Body = map[message:64 msg_id:23 type:broadcast]
2023/04/29 17:10:25 Sent {"src":"n3","dest":"c13","body":{"in_reply_to":23,"type":"broadcast_ok"}}
2023/04/29 17:10:25 Received {c13 n3 {"type":"read","msg_id":24}}
2023/04/29 17:10:25 Sent {"src":"n3","dest":"c13","body":{"in_reply_to":24,"messages":[0,5,6,16,20,28,30,33,38,41,49,52,59,64],"type":"read_ok"}}
2023/04/29 17:10:26 Received {c13 n3 {"type":"broadcast","message":69,"msg_id":25}}
2023/04/29 17:10:26 Body = map[message:69 msg_id:25 type:broadcast]
2023/04/29 17:10:26 Sent {"src":"n3","dest":"c13","body":{"in_reply_to":25,"type":"broadcast_ok"}}
2023/04/29 17:10:27 Received {c13 n3 {"type":"read","msg_id":26}}
2023/04/29 17:10:27 Sent {"src":"n3","dest":"c13","body":{"in_reply_to":26,"messages":[0,5,6,16,20,28,30,33,38,41,49,52,59,64,69],"type":"read_ok"}}
2023/04/29 17:10:27 Received {c13 n3 {"type":"read","msg_id":27}}
2023/04/29 17:10:27 Sent {"src":"n3","dest":"c13","body":{"in_reply_to":27,"messages":[0,5,6,16,20,28,30,33,38,41,49,52,59,64,69],"type":"read_ok"}}
2023/04/29 17:10:28 Received {c13 n3 {"type":"read","msg_id":28}}
2023/04/29 17:10:28 Sent {"src":"n3","dest":"c13","body":{"in_reply_to":28,"messages":[0,5,6,16,20,28,30,33,38,41,49,52,59,64,69],"type":"read_ok"}}
2023/04/29 17:10:29 Received {c13 n3 {"type":"read","msg_id":29}}
2023/04/29 17:10:29 Sent {"src":"n3","dest":"c13","body":{"in_reply_to":29,"messages":[0,5,6,16,20,28,30,33,38,41,49,52,59,64,69],"type":"read_ok"}}
2023/04/29 17:10:29 Received {c13 n3 {"type":"read","msg_id":30}}
2023/04/29 17:10:29 Sent {"src":"n3","dest":"c13","body":{"in_reply_to":30,"messages":[0,5,6,16,20,28,30,33,38,41,49,52,59,64,69],"type":"read_ok"}}
2023/04/29 17:10:30 Received {c13 n3 {"type":"read","msg_id":31}}
2023/04/29 17:10:30 Sent {"src":"n3","dest":"c13","body":{"in_reply_to":31,"messages":[0,5,6,16,20,28,30,33,38,41,49,52,59,64,69],"type":"read_ok"}}
2023/04/29 17:10:40 Received {c13 n3 {"type":"read","msg_id":32}}
2023/04/29 17:10:40 Sent {"src":"n3","dest":"c13","body":{"in_reply_to":32,"messages":[0,5,6,16,20,28,30,33,38,41,49,52,59,64,69],"type":"read_ok"}}
