2023/04/29 17:28:15 Received {c2 n2 {"type":"init","node_id":"n2","node_ids":["n0","n1","n2","n3","n4"],"msg_id":1}}
2023/04/29 17:28:15 Node n2 initialized
2023/04/29 17:28:15 Sent {"src":"n2","dest":"c2","body":{"in_reply_to":1,"type":"init_ok"}}
2023/04/29 17:28:15 Received {c7 n2 {"type":"topology","topology":{"n0":["n3","n1"],"n1":["n4","n2","n0"],"n2":["n1"],"n3":["n0","n4"],"n4":["n1","n3"]},"msg_id":1}}
2023/04/29 17:28:15 Sent {"src":"n2","dest":"c7","body":{"in_reply_to":1,"msg_id":0,"type":"topology_ok"}}
2023/04/29 17:28:16 Received {c12 n2 {"type":"read","msg_id":1}}
2023/04/29 17:28:16 Sent {"src":"n2","dest":"c12","body":{"in_reply_to":1,"messages":[],"type":"read_ok"}}
2023/04/29 17:28:16 Received {c12 n2 {"type":"read","msg_id":2}}
2023/04/29 17:28:16 Sent {"src":"n2","dest":"c12","body":{"in_reply_to":2,"messages":[],"type":"read_ok"}}
2023/04/29 17:28:16 Received {c12 n2 {"type":"read","msg_id":3}}
2023/04/29 17:28:16 Sent {"src":"n2","dest":"c12","body":{"in_reply_to":3,"messages":[],"type":"read_ok"}}
2023/04/29 17:28:16 Received {c12 n2 {"type":"read","msg_id":4}}
2023/04/29 17:28:16 Sent {"src":"n2","dest":"c12","body":{"in_reply_to":4,"messages":[],"type":"read_ok"}}
2023/04/29 17:28:16 Received {c12 n2 {"type":"broadcast","message":2,"msg_id":5}}
panic: interface conversion: interface {} is []interface {}, not []string

goroutine 19 [running]:
main.main.func1({{0x1400018c2a8, 0x3}, {0x1400018c2ac, 0x2}, {0x140001b40f0, 0x2b, 0x30}})
	/Users/lftm/Odin/Server/Glomers/broadcast03/golang/main.go:37 +0x3b0
github.com/jepsen-io/maelstrom/demo/go.(*Node).handleMessage(0x0?, 0x0?, {{0x1400018c2a8, 0x3}, {0x1400018c2ac, 0x2}, {0x140001b40f0, 0x2b, 0x30}})
	/Users/lftm/go/pkg/mod/github.com/jepsen-io/maelstrom/demo/go@v0.0.0-20230424133947-f6f4fd0d64fe/node.go:151 +0x6c
github.com/jepsen-io/maelstrom/demo/go.(*Node).Run.func2()
	/Users/lftm/go/pkg/mod/github.com/jepsen-io/maelstrom/demo/go@v0.0.0-20230424133947-f6f4fd0d64fe/node.go:129 +0x78
created by github.com/jepsen-io/maelstrom/demo/go.(*Node).Run
	/Users/lftm/go/pkg/mod/github.com/jepsen-io/maelstrom/demo/go@v0.0.0-20230424133947-f6f4fd0d64fe/node.go:127 +0x434
