2023/04/29 17:28:15 Received {c1 n3 {"type":"init","node_id":"n3","node_ids":["n0","n1","n2","n3","n4"],"msg_id":1}}
2023/04/29 17:28:15 Node n3 initialized
2023/04/29 17:28:15 Sent {"src":"n3","dest":"c1","body":{"in_reply_to":1,"type":"init_ok"}}
2023/04/29 17:28:15 Received {c8 n3 {"type":"topology","topology":{"n0":["n3","n1"],"n1":["n4","n2","n0"],"n2":["n1"],"n3":["n0","n4"],"n4":["n1","n3"]},"msg_id":1}}
2023/04/29 17:28:15 Sent {"src":"n3","dest":"c8","body":{"in_reply_to":1,"msg_id":0,"type":"topology_ok"}}
2023/04/29 17:28:16 Received {c13 n3 {"type":"read","msg_id":1}}
2023/04/29 17:28:16 Sent {"src":"n3","dest":"c13","body":{"in_reply_to":1,"messages":[],"type":"read_ok"}}
2023/04/29 17:28:16 Received {c13 n3 {"type":"read","msg_id":2}}
2023/04/29 17:28:16 Sent {"src":"n3","dest":"c13","body":{"in_reply_to":2,"messages":[],"type":"read_ok"}}
2023/04/29 17:28:16 Received {c13 n3 {"type":"broadcast","message":3,"msg_id":3}}
panic: interface conversion: interface {} is []interface {}, not []string

goroutine 10 [running]:
main.main.func1({{0x14000018440, 0x3}, {0x14000018444, 0x2}, {0x14000016210, 0x2b, 0x30}})
	/Users/lftm/Odin/Server/Glomers/broadcast03/golang/main.go:37 +0x3b0
github.com/jepsen-io/maelstrom/demo/go.(*Node).handleMessage(0x0?, 0x0?, {{0x14000018440, 0x3}, {0x14000018444, 0x2}, {0x14000016210, 0x2b, 0x30}})
	/Users/lftm/go/pkg/mod/github.com/jepsen-io/maelstrom/demo/go@v0.0.0-20230424133947-f6f4fd0d64fe/node.go:151 +0x6c
github.com/jepsen-io/maelstrom/demo/go.(*Node).Run.func2()
	/Users/lftm/go/pkg/mod/github.com/jepsen-io/maelstrom/demo/go@v0.0.0-20230424133947-f6f4fd0d64fe/node.go:129 +0x78
created by github.com/jepsen-io/maelstrom/demo/go.(*Node).Run
	/Users/lftm/go/pkg/mod/github.com/jepsen-io/maelstrom/demo/go@v0.0.0-20230424133947-f6f4fd0d64fe/node.go:127 +0x434
