2023/04/26 14:20:14 Received {c0 n0 {"type":"init","node_id":"n0","node_ids":["n0"],"msg_id":1}}
2023/04/26 14:20:14 Node n0 initialized
2023/04/26 14:20:14 Sent {"src":"n0","dest":"c0","body":{"in_reply_to":1,"type":"init_ok"}}
2023/04/26 14:20:14 Received {c1 n0 {"type":"topology","topology":{"n0":[]},"msg_id":1}}
2023/04/26 14:20:14 Sent {"src":"n0","dest":"c1","body":{"in_reply_to":1,"msg_id":0,"type":"topology_ok"}}
2023/04/26 14:20:14 Received {c2 n0 {"type":"broadcast","message":0,"msg_id":1}}
2023/04/26 14:20:14 Body = map[message:0 msg_id:1 type:broadcast]
2023/04/26 14:20:14 Sent {"src":"n0","dest":"c2","body":{"in_reply_to":1,"type":"broadcast_ok"}}
2023/04/26 14:20:14 Received {c2 n0 {"type":"read","msg_id":2}}
2023/04/26 14:20:14 Sent {"src":"n0","dest":"c2","body":{"in_reply_to":2,"messages":[0],"msg_id":2,"type":"read_ok"}}
2023/04/26 14:20:14 Received {c2 n0 {"type":"broadcast","message":1,"msg_id":3}}
2023/04/26 14:20:14 Body = map[message:1 msg_id:3 type:broadcast]
2023/04/26 14:20:14 Sent {"src":"n0","dest":"c2","body":{"in_reply_to":3,"type":"broadcast_ok"}}
2023/04/26 14:20:14 Received {c2 n0 {"type":"read","msg_id":4}}
2023/04/26 14:20:14 Sent {"src":"n0","dest":"c2","body":{"in_reply_to":4,"messages":[0,1],"msg_id":4,"type":"read_ok"}}
2023/04/26 14:20:15 Received {c2 n0 {"type":"broadcast","message":2,"msg_id":5}}
2023/04/26 14:20:15 Body = map[message:2 msg_id:5 type:broadcast]
2023/04/26 14:20:15 Sent {"src":"n0","dest":"c2","body":{"in_reply_to":5,"type":"broadcast_ok"}}
2023/04/26 14:20:15 Received {c2 n0 {"type":"broadcast","message":3,"msg_id":6}}
2023/04/26 14:20:15 Body = map[message:3 msg_id:6 type:broadcast]
2023/04/26 14:20:15 Sent {"src":"n0","dest":"c2","body":{"in_reply_to":6,"type":"broadcast_ok"}}
2023/04/26 14:20:15 Received {c2 n0 {"type":"read","msg_id":7}}
2023/04/26 14:20:15 Sent {"src":"n0","dest":"c2","body":{"in_reply_to":7,"messages":[0,1,2,3],"msg_id":7,"type":"read_ok"}}
2023/04/26 14:20:15 Received {c2 n0 {"type":"broadcast","message":4,"msg_id":8}}
2023/04/26 14:20:15 Body = map[message:4 msg_id:8 type:broadcast]
2023/04/26 14:20:15 Sent {"src":"n0","dest":"c2","body":{"in_reply_to":8,"type":"broadcast_ok"}}
2023/04/26 14:20:15 Received {c2 n0 {"type":"broadcast","message":5,"msg_id":9}}
2023/04/26 14:20:15 Body = map[message:5 msg_id:9 type:broadcast]
2023/04/26 14:20:15 Sent {"src":"n0","dest":"c2","body":{"in_reply_to":9,"type":"broadcast_ok"}}
2023/04/26 14:20:15 Received {c2 n0 {"type":"read","msg_id":10}}
2023/04/26 14:20:15 Sent {"src":"n0","dest":"c2","body":{"in_reply_to":10,"messages":[0,1,2,3,4,5],"msg_id":10,"type":"read_ok"}}
2023/04/26 14:20:15 Received {c2 n0 {"type":"broadcast","message":6,"msg_id":11}}
2023/04/26 14:20:15 Body = map[message:6 msg_id:11 type:broadcast]
2023/04/26 14:20:15 Sent {"src":"n0","dest":"c2","body":{"in_reply_to":11,"type":"broadcast_ok"}}
2023/04/26 14:20:15 Received {c2 n0 {"type":"broadcast","message":7,"msg_id":12}}
2023/04/26 14:20:15 Body = map[message:7 msg_id:12 type:broadcast]
2023/04/26 14:20:15 Sent {"src":"n0","dest":"c2","body":{"in_reply_to":12,"type":"broadcast_ok"}}
2023/04/26 14:20:15 Received {c2 n0 {"type":"broadcast","message":8,"msg_id":13}}
2023/04/26 14:20:15 Body = map[message:8 msg_id:13 type:broadcast]
2023/04/26 14:20:15 Sent {"src":"n0","dest":"c2","body":{"in_reply_to":13,"type":"broadcast_ok"}}
2023/04/26 14:20:15 Received {c2 n0 {"type":"read","msg_id":14}}
2023/04/26 14:20:15 Sent {"src":"n0","dest":"c2","body":{"in_reply_to":14,"messages":[0,1,2,3,4,5,6,7,8],"msg_id":14,"type":"read_ok"}}
2023/04/26 14:20:15 Received {c2 n0 {"type":"read","msg_id":15}}
2023/04/26 14:20:15 Sent {"src":"n0","dest":"c2","body":{"in_reply_to":15,"messages":[0,1,2,3,4,5,6,7,8],"msg_id":15,"type":"read_ok"}}
2023/04/26 14:20:15 Received {c2 n0 {"type":"broadcast","message":9,"msg_id":16}}
2023/04/26 14:20:15 Body = map[message:9 msg_id:16 type:broadcast]
2023/04/26 14:20:15 Sent {"src":"n0","dest":"c2","body":{"in_reply_to":16,"type":"broadcast_ok"}}
2023/04/26 14:20:15 Received {c2 n0 {"type":"broadcast","message":10,"msg_id":17}}
2023/04/26 14:20:15 Body = map[message:10 msg_id:17 type:broadcast]
2023/04/26 14:20:15 Sent {"src":"n0","dest":"c2","body":{"in_reply_to":17,"type":"broadcast_ok"}}
2023/04/26 14:20:16 Received {c2 n0 {"type":"read","msg_id":18}}
2023/04/26 14:20:16 Sent {"src":"n0","dest":"c2","body":{"in_reply_to":18,"messages":[0,1,2,3,4,5,6,7,8,9,10],"msg_id":18,"type":"read_ok"}}
2023/04/26 14:20:16 Received {c2 n0 {"type":"broadcast","message":11,"msg_id":19}}
2023/04/26 14:20:16 Body = map[message:11 msg_id:19 type:broadcast]
2023/04/26 14:20:16 Sent {"src":"n0","dest":"c2","body":{"in_reply_to":19,"type":"broadcast_ok"}}
2023/04/26 14:20:16 Received {c2 n0 {"type":"read","msg_id":20}}
2023/04/26 14:20:16 Sent {"src":"n0","dest":"c2","body":{"in_reply_to":20,"messages":[0,1,2,3,4,5,6,7,8,9,10,11],"msg_id":20,"type":"read_ok"}}
2023/04/26 14:20:16 Received {c2 n0 {"type":"read","msg_id":21}}
2023/04/26 14:20:16 Sent {"src":"n0","dest":"c2","body":{"in_reply_to":21,"messages":[0,1,2,3,4,5,6,7,8,9,10,11],"msg_id":21,"type":"read_ok"}}
2023/04/26 14:20:16 Received {c2 n0 {"type":"broadcast","message":12,"msg_id":22}}
2023/04/26 14:20:16 Body = map[message:12 msg_id:22 type:broadcast]
2023/04/26 14:20:16 Sent {"src":"n0","dest":"c2","body":{"in_reply_to":22,"type":"broadcast_ok"}}
2023/04/26 14:20:16 Received {c2 n0 {"type":"read","msg_id":23}}
2023/04/26 14:20:16 Sent {"src":"n0","dest":"c2","body":{"in_reply_to":23,"messages":[0,1,2,3,4,5,6,7,8,9,10,11,12],"msg_id":23,"type":"read_ok"}}
2023/04/26 14:20:16 Received {c2 n0 {"type":"read","msg_id":24}}
2023/04/26 14:20:16 Sent {"src":"n0","dest":"c2","body":{"in_reply_to":24,"messages":[0,1,2,3,4,5,6,7,8,9,10,11,12],"msg_id":24,"type":"read_ok"}}
2023/04/26 14:20:17 Received {c2 n0 {"type":"read","msg_id":25}}
2023/04/26 14:20:17 Sent {"src":"n0","dest":"c2","body":{"in_reply_to":25,"messages":[0,1,2,3,4,5,6,7,8,9,10,11,12],"msg_id":25,"type":"read_ok"}}
2023/04/26 14:20:17 Received {c2 n0 {"type":"read","msg_id":26}}
2023/04/26 14:20:17 Sent {"src":"n0","dest":"c2","body":{"in_reply_to":26,"messages":[0,1,2,3,4,5,6,7,8,9,10,11,12],"msg_id":26,"type":"read_ok"}}
2023/04/26 14:20:17 Received {c2 n0 {"type":"broadcast","message":13,"msg_id":27}}
2023/04/26 14:20:17 Body = map[message:13 msg_id:27 type:broadcast]
2023/04/26 14:20:17 Sent {"src":"n0","dest":"c2","body":{"in_reply_to":27,"type":"broadcast_ok"}}
2023/04/26 14:20:17 Received {c2 n0 {"type":"read","msg_id":28}}
2023/04/26 14:20:17 Sent {"src":"n0","dest":"c2","body":{"in_reply_to":28,"messages":[0,1,2,3,4,5,6,7,8,9,10,11,12,13],"msg_id":28,"type":"read_ok"}}
2023/04/26 14:20:17 Received {c2 n0 {"type":"broadcast","message":14,"msg_id":29}}
2023/04/26 14:20:17 Body = map[message:14 msg_id:29 type:broadcast]
2023/04/26 14:20:17 Sent {"src":"n0","dest":"c2","body":{"in_reply_to":29,"type":"broadcast_ok"}}
2023/04/26 14:20:17 Received {c2 n0 {"type":"broadcast","message":15,"msg_id":30}}
2023/04/26 14:20:17 Body = map[message:15 msg_id:30 type:broadcast]
2023/04/26 14:20:17 Sent {"src":"n0","dest":"c2","body":{"in_reply_to":30,"type":"broadcast_ok"}}
2023/04/26 14:20:17 Received {c2 n0 {"type":"read","msg_id":31}}
2023/04/26 14:20:17 Sent {"src":"n0","dest":"c2","body":{"in_reply_to":31,"messages":[0,1,2,3,4,5,6,7,8,9,10,11,12,13,14,15],"msg_id":31,"type":"read_ok"}}
2023/04/26 14:20:17 Received {c2 n0 {"type":"read","msg_id":32}}
2023/04/26 14:20:17 Sent {"src":"n0","dest":"c2","body":{"in_reply_to":32,"messages":[0,1,2,3,4,5,6,7,8,9,10,11,12,13,14,15],"msg_id":32,"type":"read_ok"}}
2023/04/26 14:20:18 Received {c2 n0 {"type":"read","msg_id":33}}
2023/04/26 14:20:18 Sent {"src":"n0","dest":"c2","body":{"in_reply_to":33,"messages":[0,1,2,3,4,5,6,7,8,9,10,11,12,13,14,15],"msg_id":33,"type":"read_ok"}}
2023/04/26 14:20:18 Received {c2 n0 {"type":"broadcast","message":16,"msg_id":34}}
2023/04/26 14:20:18 Body = map[message:16 msg_id:34 type:broadcast]
2023/04/26 14:20:18 Sent {"src":"n0","dest":"c2","body":{"in_reply_to":34,"type":"broadcast_ok"}}
2023/04/26 14:20:18 Received {c2 n0 {"type":"read","msg_id":35}}
2023/04/26 14:20:18 Sent {"src":"n0","dest":"c2","body":{"in_reply_to":35,"messages":[0,1,2,3,4,5,6,7,8,9,10,11,12,13,14,15,16],"msg_id":35,"type":"read_ok"}}
2023/04/26 14:20:18 Received {c2 n0 {"type":"broadcast","message":17,"msg_id":36}}
2023/04/26 14:20:18 Body = map[message:17 msg_id:36 type:broadcast]
2023/04/26 14:20:18 Sent {"src":"n0","dest":"c2","body":{"in_reply_to":36,"type":"broadcast_ok"}}
2023/04/26 14:20:18 Received {c2 n0 {"type":"broadcast","message":18,"msg_id":37}}
2023/04/26 14:20:18 Body = map[message:18 msg_id:37 type:broadcast]
2023/04/26 14:20:18 Sent {"src":"n0","dest":"c2","body":{"in_reply_to":37,"type":"broadcast_ok"}}
2023/04/26 14:20:18 Received {c2 n0 {"type":"broadcast","message":19,"msg_id":38}}
2023/04/26 14:20:18 Body = map[message:19 msg_id:38 type:broadcast]
2023/04/26 14:20:18 Sent {"src":"n0","dest":"c2","body":{"in_reply_to":38,"type":"broadcast_ok"}}
2023/04/26 14:20:18 Received {c2 n0 {"type":"read","msg_id":39}}
2023/04/26 14:20:18 Sent {"src":"n0","dest":"c2","body":{"in_reply_to":39,"messages":[0,1,2,3,4,5,6,7,8,9,10,11,12,13,14,15,16,17,18,19],"msg_id":39,"type":"read_ok"}}
2023/04/26 14:20:18 Received {c2 n0 {"type":"read","msg_id":40}}
2023/04/26 14:20:18 Sent {"src":"n0","dest":"c2","body":{"in_reply_to":40,"messages":[0,1,2,3,4,5,6,7,8,9,10,11,12,13,14,15,16,17,18,19],"msg_id":40,"type":"read_ok"}}
2023/04/26 14:20:18 Received {c2 n0 {"type":"broadcast","message":20,"msg_id":41}}
2023/04/26 14:20:18 Body = map[message:20 msg_id:41 type:broadcast]
2023/04/26 14:20:18 Sent {"src":"n0","dest":"c2","body":{"in_reply_to":41,"type":"broadcast_ok"}}
2023/04/26 14:20:18 Received {c2 n0 {"type":"broadcast","message":21,"msg_id":42}}
2023/04/26 14:20:18 Body = map[message:21 msg_id:42 type:broadcast]
2023/04/26 14:20:18 Sent {"src":"n0","dest":"c2","body":{"in_reply_to":42,"type":"broadcast_ok"}}
2023/04/26 14:20:18 Received {c2 n0 {"type":"broadcast","message":22,"msg_id":43}}
2023/04/26 14:20:18 Body = map[message:22 msg_id:43 type:broadcast]
2023/04/26 14:20:18 Sent {"src":"n0","dest":"c2","body":{"in_reply_to":43,"type":"broadcast_ok"}}
2023/04/26 14:20:19 Received {c2 n0 {"type":"broadcast","message":23,"msg_id":44}}
2023/04/26 14:20:19 Body = map[message:23 msg_id:44 type:broadcast]
2023/04/26 14:20:19 Sent {"src":"n0","dest":"c2","body":{"in_reply_to":44,"type":"broadcast_ok"}}
2023/04/26 14:20:19 Received {c2 n0 {"type":"broadcast","message":24,"msg_id":45}}
2023/04/26 14:20:19 Body = map[message:24 msg_id:45 type:broadcast]
2023/04/26 14:20:19 Sent {"src":"n0","dest":"c2","body":{"in_reply_to":45,"type":"broadcast_ok"}}
2023/04/26 14:20:19 Received {c2 n0 {"type":"broadcast","message":25,"msg_id":46}}
2023/04/26 14:20:19 Body = map[message:25 msg_id:46 type:broadcast]
2023/04/26 14:20:19 Sent {"src":"n0","dest":"c2","body":{"in_reply_to":46,"type":"broadcast_ok"}}
2023/04/26 14:20:19 Received {c2 n0 {"type":"broadcast","message":26,"msg_id":47}}
2023/04/26 14:20:19 Body = map[message:26 msg_id:47 type:broadcast]
2023/04/26 14:20:19 Sent {"src":"n0","dest":"c2","body":{"in_reply_to":47,"type":"broadcast_ok"}}
2023/04/26 14:20:19 Received {c2 n0 {"type":"read","msg_id":48}}
2023/04/26 14:20:19 Sent {"src":"n0","dest":"c2","body":{"in_reply_to":48,"messages":[0,1,2,3,4,5,6,7,8,9,10,11,12,13,14,15,16,17,18,19,20,21,22,23,24,25,26],"msg_id":48,"type":"read_ok"}}
2023/04/26 14:20:19 Received {c2 n0 {"type":"read","msg_id":49}}
2023/04/26 14:20:19 Sent {"src":"n0","dest":"c2","body":{"in_reply_to":49,"messages":[0,1,2,3,4,5,6,7,8,9,10,11,12,13,14,15,16,17,18,19,20,21,22,23,24,25,26],"msg_id":49,"type":"read_ok"}}
2023/04/26 14:20:19 Received {c2 n0 {"type":"read","msg_id":50}}
2023/04/26 14:20:19 Sent {"src":"n0","dest":"c2","body":{"in_reply_to":50,"messages":[0,1,2,3,4,5,6,7,8,9,10,11,12,13,14,15,16,17,18,19,20,21,22,23,24,25,26],"msg_id":50,"type":"read_ok"}}
2023/04/26 14:20:20 Received {c2 n0 {"type":"read","msg_id":51}}
2023/04/26 14:20:20 Sent {"src":"n0","dest":"c2","body":{"in_reply_to":51,"messages":[0,1,2,3,4,5,6,7,8,9,10,11,12,13,14,15,16,17,18,19,20,21,22,23,24,25,26],"msg_id":51,"type":"read_ok"}}
2023/04/26 14:20:20 Received {c2 n0 {"type":"broadcast","message":27,"msg_id":52}}
2023/04/26 14:20:20 Body = map[message:27 msg_id:52 type:broadcast]
2023/04/26 14:20:20 Sent {"src":"n0","dest":"c2","body":{"in_reply_to":52,"type":"broadcast_ok"}}
2023/04/26 14:20:20 Received {c2 n0 {"type":"read","msg_id":53}}
2023/04/26 14:20:20 Sent {"src":"n0","dest":"c2","body":{"in_reply_to":53,"messages":[0,1,2,3,4,5,6,7,8,9,10,11,12,13,14,15,16,17,18,19,20,21,22,23,24,25,26,27],"msg_id":53,"type":"read_ok"}}
2023/04/26 14:20:20 Received {c2 n0 {"type":"read","msg_id":54}}
2023/04/26 14:20:20 Sent {"src":"n0","dest":"c2","body":{"in_reply_to":54,"messages":[0,1,2,3,4,5,6,7,8,9,10,11,12,13,14,15,16,17,18,19,20,21,22,23,24,25,26,27],"msg_id":54,"type":"read_ok"}}
2023/04/26 14:20:20 Received {c2 n0 {"type":"read","msg_id":55}}
2023/04/26 14:20:20 Sent {"src":"n0","dest":"c2","body":{"in_reply_to":55,"messages":[0,1,2,3,4,5,6,7,8,9,10,11,12,13,14,15,16,17,18,19,20,21,22,23,24,25,26,27],"msg_id":55,"type":"read_ok"}}
2023/04/26 14:20:20 Received {c2 n0 {"type":"read","msg_id":56}}
2023/04/26 14:20:20 Sent {"src":"n0","dest":"c2","body":{"in_reply_to":56,"messages":[0,1,2,3,4,5,6,7,8,9,10,11,12,13,14,15,16,17,18,19,20,21,22,23,24,25,26,27],"msg_id":56,"type":"read_ok"}}
2023/04/26 14:20:20 Received {c2 n0 {"type":"broadcast","message":28,"msg_id":57}}
2023/04/26 14:20:20 Body = map[message:28 msg_id:57 type:broadcast]
2023/04/26 14:20:20 Sent {"src":"n0","dest":"c2","body":{"in_reply_to":57,"type":"broadcast_ok"}}
2023/04/26 14:20:20 Received {c2 n0 {"type":"read","msg_id":58}}
2023/04/26 14:20:20 Sent {"src":"n0","dest":"c2","body":{"in_reply_to":58,"messages":[0,1,2,3,4,5,6,7,8,9,10,11,12,13,14,15,16,17,18,19,20,21,22,23,24,25,26,27,28],"msg_id":58,"type":"read_ok"}}
2023/04/26 14:20:20 Received {c2 n0 {"type":"broadcast","message":29,"msg_id":59}}
2023/04/26 14:20:20 Body = map[message:29 msg_id:59 type:broadcast]
2023/04/26 14:20:20 Sent {"src":"n0","dest":"c2","body":{"in_reply_to":59,"type":"broadcast_ok"}}
2023/04/26 14:20:21 Received {c2 n0 {"type":"read","msg_id":60}}
2023/04/26 14:20:21 Sent {"src":"n0","dest":"c2","body":{"in_reply_to":60,"messages":[0,1,2,3,4,5,6,7,8,9,10,11,12,13,14,15,16,17,18,19,20,21,22,23,24,25,26,27,28,29],"msg_id":60,"type":"read_ok"}}
2023/04/26 14:20:21 Received {c2 n0 {"type":"read","msg_id":61}}
2023/04/26 14:20:21 Sent {"src":"n0","dest":"c2","body":{"in_reply_to":61,"messages":[0,1,2,3,4,5,6,7,8,9,10,11,12,13,14,15,16,17,18,19,20,21,22,23,24,25,26,27,28,29],"msg_id":61,"type":"read_ok"}}
2023/04/26 14:20:21 Received {c2 n0 {"type":"read","msg_id":62}}
2023/04/26 14:20:21 Sent {"src":"n0","dest":"c2","body":{"in_reply_to":62,"messages":[0,1,2,3,4,5,6,7,8,9,10,11,12,13,14,15,16,17,18,19,20,21,22,23,24,25,26,27,28,29],"msg_id":62,"type":"read_ok"}}
2023/04/26 14:20:21 Received {c2 n0 {"type":"read","msg_id":63}}
2023/04/26 14:20:21 Sent {"src":"n0","dest":"c2","body":{"in_reply_to":63,"messages":[0,1,2,3,4,5,6,7,8,9,10,11,12,13,14,15,16,17,18,19,20,21,22,23,24,25,26,27,28,29],"msg_id":63,"type":"read_ok"}}
2023/04/26 14:20:21 Received {c2 n0 {"type":"broadcast","message":30,"msg_id":64}}
2023/04/26 14:20:21 Body = map[message:30 msg_id:64 type:broadcast]
2023/04/26 14:20:21 Sent {"src":"n0","dest":"c2","body":{"in_reply_to":64,"type":"broadcast_ok"}}
2023/04/26 14:20:21 Received {c2 n0 {"type":"read","msg_id":65}}
2023/04/26 14:20:21 Sent {"src":"n0","dest":"c2","body":{"in_reply_to":65,"messages":[0,1,2,3,4,5,6,7,8,9,10,11,12,13,14,15,16,17,18,19,20,21,22,23,24,25,26,27,28,29,30],"msg_id":65,"type":"read_ok"}}
2023/04/26 14:20:21 Received {c2 n0 {"type":"broadcast","message":31,"msg_id":66}}
2023/04/26 14:20:21 Body = map[message:31 msg_id:66 type:broadcast]
2023/04/26 14:20:21 Sent {"src":"n0","dest":"c2","body":{"in_reply_to":66,"type":"broadcast_ok"}}
2023/04/26 14:20:21 Received {c2 n0 {"type":"read","msg_id":67}}
2023/04/26 14:20:21 Sent {"src":"n0","dest":"c2","body":{"in_reply_to":67,"messages":[0,1,2,3,4,5,6,7,8,9,10,11,12,13,14,15,16,17,18,19,20,21,22,23,24,25,26,27,28,29,30,31],"msg_id":67,"type":"read_ok"}}
2023/04/26 14:20:21 Received {c2 n0 {"type":"broadcast","message":32,"msg_id":68}}
2023/04/26 14:20:21 Body = map[message:32 msg_id:68 type:broadcast]
2023/04/26 14:20:21 Sent {"src":"n0","dest":"c2","body":{"in_reply_to":68,"type":"broadcast_ok"}}
2023/04/26 14:20:21 Received {c2 n0 {"type":"broadcast","message":33,"msg_id":69}}
2023/04/26 14:20:21 Body = map[message:33 msg_id:69 type:broadcast]
2023/04/26 14:20:21 Sent {"src":"n0","dest":"c2","body":{"in_reply_to":69,"type":"broadcast_ok"}}
2023/04/26 14:20:21 Received {c2 n0 {"type":"read","msg_id":70}}
2023/04/26 14:20:21 Sent {"src":"n0","dest":"c2","body":{"in_reply_to":70,"messages":[0,1,2,3,4,5,6,7,8,9,10,11,12,13,14,15,16,17,18,19,20,21,22,23,24,25,26,27,28,29,30,31,32,33],"msg_id":70,"type":"read_ok"}}
2023/04/26 14:20:21 Received {c2 n0 {"type":"read","msg_id":71}}
2023/04/26 14:20:21 Sent {"src":"n0","dest":"c2","body":{"in_reply_to":71,"messages":[0,1,2,3,4,5,6,7,8,9,10,11,12,13,14,15,16,17,18,19,20,21,22,23,24,25,26,27,28,29,30,31,32,33],"msg_id":71,"type":"read_ok"}}
2023/04/26 14:20:22 Received {c2 n0 {"type":"broadcast","message":34,"msg_id":72}}
2023/04/26 14:20:22 Body = map[message:34 msg_id:72 type:broadcast]
2023/04/26 14:20:22 Sent {"src":"n0","dest":"c2","body":{"in_reply_to":72,"type":"broadcast_ok"}}
2023/04/26 14:20:22 Received {c2 n0 {"type":"broadcast","message":35,"msg_id":73}}
2023/04/26 14:20:22 Body = map[message:35 msg_id:73 type:broadcast]
2023/04/26 14:20:22 Sent {"src":"n0","dest":"c2","body":{"in_reply_to":73,"type":"broadcast_ok"}}
2023/04/26 14:20:22 Received {c2 n0 {"type":"broadcast","message":36,"msg_id":74}}
2023/04/26 14:20:22 Body = map[message:36 msg_id:74 type:broadcast]
2023/04/26 14:20:22 Sent {"src":"n0","dest":"c2","body":{"in_reply_to":74,"type":"broadcast_ok"}}
2023/04/26 14:20:22 Received {c2 n0 {"type":"read","msg_id":75}}
2023/04/26 14:20:22 Sent {"src":"n0","dest":"c2","body":{"in_reply_to":75,"messages":[0,1,2,3,4,5,6,7,8,9,10,11,12,13,14,15,16,17,18,19,20,21,22,23,24,25,26,27,28,29,30,31,32,33,34,35,36],"msg_id":75,"type":"read_ok"}}
2023/04/26 14:20:22 Received {c2 n0 {"type":"broadcast","message":37,"msg_id":76}}
2023/04/26 14:20:22 Body = map[message:37 msg_id:76 type:broadcast]
2023/04/26 14:20:22 Sent {"src":"n0","dest":"c2","body":{"in_reply_to":76,"type":"broadcast_ok"}}
2023/04/26 14:20:22 Received {c2 n0 {"type":"broadcast","message":38,"msg_id":77}}
2023/04/26 14:20:22 Body = map[message:38 msg_id:77 type:broadcast]
2023/04/26 14:20:22 Sent {"src":"n0","dest":"c2","body":{"in_reply_to":77,"type":"broadcast_ok"}}
2023/04/26 14:20:22 Received {c2 n0 {"type":"read","msg_id":78}}
2023/04/26 14:20:22 Sent {"src":"n0","dest":"c2","body":{"in_reply_to":78,"messages":[0,1,2,3,4,5,6,7,8,9,10,11,12,13,14,15,16,17,18,19,20,21,22,23,24,25,26,27,28,29,30,31,32,33,34,35,36,37,38],"msg_id":78,"type":"read_ok"}}
2023/04/26 14:20:22 Received {c2 n0 {"type":"broadcast","message":39,"msg_id":79}}
2023/04/26 14:20:22 Body = map[message:39 msg_id:79 type:broadcast]
2023/04/26 14:20:22 Sent {"src":"n0","dest":"c2","body":{"in_reply_to":79,"type":"broadcast_ok"}}
2023/04/26 14:20:22 Received {c2 n0 {"type":"broadcast","message":40,"msg_id":80}}
2023/04/26 14:20:22 Body = map[message:40 msg_id:80 type:broadcast]
2023/04/26 14:20:22 Sent {"src":"n0","dest":"c2","body":{"in_reply_to":80,"type":"broadcast_ok"}}
2023/04/26 14:20:22 Received {c2 n0 {"type":"read","msg_id":81}}
2023/04/26 14:20:22 Sent {"src":"n0","dest":"c2","body":{"in_reply_to":81,"messages":[0,1,2,3,4,5,6,7,8,9,10,11,12,13,14,15,16,17,18,19,20,21,22,23,24,25,26,27,28,29,30,31,32,33,34,35,36,37,38,39,40],"msg_id":81,"type":"read_ok"}}
2023/04/26 14:20:22 Received {c2 n0 {"type":"read","msg_id":82}}
2023/04/26 14:20:22 Sent {"src":"n0","dest":"c2","body":{"in_reply_to":82,"messages":[0,1,2,3,4,5,6,7,8,9,10,11,12,13,14,15,16,17,18,19,20,21,22,23,24,25,26,27,28,29,30,31,32,33,34,35,36,37,38,39,40],"msg_id":82,"type":"read_ok"}}
2023/04/26 14:20:23 Received {c2 n0 {"type":"broadcast","message":41,"msg_id":83}}
2023/04/26 14:20:23 Body = map[message:41 msg_id:83 type:broadcast]
2023/04/26 14:20:23 Sent {"src":"n0","dest":"c2","body":{"in_reply_to":83,"type":"broadcast_ok"}}
2023/04/26 14:20:23 Received {c2 n0 {"type":"read","msg_id":84}}
2023/04/26 14:20:23 Sent {"src":"n0","dest":"c2","body":{"in_reply_to":84,"messages":[0,1,2,3,4,5,6,7,8,9,10,11,12,13,14,15,16,17,18,19,20,21,22,23,24,25,26,27,28,29,30,31,32,33,34,35,36,37,38,39,40,41],"msg_id":84,"type":"read_ok"}}
2023/04/26 14:20:23 Received {c2 n0 {"type":"read","msg_id":85}}
2023/04/26 14:20:23 Sent {"src":"n0","dest":"c2","body":{"in_reply_to":85,"messages":[0,1,2,3,4,5,6,7,8,9,10,11,12,13,14,15,16,17,18,19,20,21,22,23,24,25,26,27,28,29,30,31,32,33,34,35,36,37,38,39,40,41],"msg_id":85,"type":"read_ok"}}
2023/04/26 14:20:23 Received {c2 n0 {"type":"read","msg_id":86}}
2023/04/26 14:20:23 Sent {"src":"n0","dest":"c2","body":{"in_reply_to":86,"messages":[0,1,2,3,4,5,6,7,8,9,10,11,12,13,14,15,16,17,18,19,20,21,22,23,24,25,26,27,28,29,30,31,32,33,34,35,36,37,38,39,40,41],"msg_id":86,"type":"read_ok"}}
2023/04/26 14:20:23 Received {c2 n0 {"type":"read","msg_id":87}}
2023/04/26 14:20:23 Sent {"src":"n0","dest":"c2","body":{"in_reply_to":87,"messages":[0,1,2,3,4,5,6,7,8,9,10,11,12,13,14,15,16,17,18,19,20,21,22,23,24,25,26,27,28,29,30,31,32,33,34,35,36,37,38,39,40,41],"msg_id":87,"type":"read_ok"}}
2023/04/26 14:20:23 Received {c2 n0 {"type":"broadcast","message":42,"msg_id":88}}
2023/04/26 14:20:23 Body = map[message:42 msg_id:88 type:broadcast]
2023/04/26 14:20:23 Sent {"src":"n0","dest":"c2","body":{"in_reply_to":88,"type":"broadcast_ok"}}
2023/04/26 14:20:23 Received {c2 n0 {"type":"broadcast","message":43,"msg_id":89}}
2023/04/26 14:20:23 Body = map[message:43 msg_id:89 type:broadcast]
2023/04/26 14:20:23 Sent {"src":"n0","dest":"c2","body":{"in_reply_to":89,"type":"broadcast_ok"}}
2023/04/26 14:20:23 Received {c2 n0 {"type":"read","msg_id":90}}
2023/04/26 14:20:23 Sent {"src":"n0","dest":"c2","body":{"in_reply_to":90,"messages":[0,1,2,3,4,5,6,7,8,9,10,11,12,13,14,15,16,17,18,19,20,21,22,23,24,25,26,27,28,29,30,31,32,33,34,35,36,37,38,39,40,41,42,43],"msg_id":90,"type":"read_ok"}}
2023/04/26 14:20:23 Received {c2 n0 {"type":"read","msg_id":91}}
2023/04/26 14:20:23 Sent {"src":"n0","dest":"c2","body":{"in_reply_to":91,"messages":[0,1,2,3,4,5,6,7,8,9,10,11,12,13,14,15,16,17,18,19,20,21,22,23,24,25,26,27,28,29,30,31,32,33,34,35,36,37,38,39,40,41,42,43],"msg_id":91,"type":"read_ok"}}
2023/04/26 14:20:24 Received {c2 n0 {"type":"read","msg_id":92}}
2023/04/26 14:20:24 Sent {"src":"n0","dest":"c2","body":{"in_reply_to":92,"messages":[0,1,2,3,4,5,6,7,8,9,10,11,12,13,14,15,16,17,18,19,20,21,22,23,24,25,26,27,28,29,30,31,32,33,34,35,36,37,38,39,40,41,42,43],"msg_id":92,"type":"read_ok"}}
2023/04/26 14:20:24 Received {c2 n0 {"type":"read","msg_id":93}}
2023/04/26 14:20:24 Sent {"src":"n0","dest":"c2","body":{"in_reply_to":93,"messages":[0,1,2,3,4,5,6,7,8,9,10,11,12,13,14,15,16,17,18,19,20,21,22,23,24,25,26,27,28,29,30,31,32,33,34,35,36,37,38,39,40,41,42,43],"msg_id":93,"type":"read_ok"}}
2023/04/26 14:20:24 Received {c2 n0 {"type":"read","msg_id":94}}
2023/04/26 14:20:24 Sent {"src":"n0","dest":"c2","body":{"in_reply_to":94,"messages":[0,1,2,3,4,5,6,7,8,9,10,11,12,13,14,15,16,17,18,19,20,21,22,23,24,25,26,27,28,29,30,31,32,33,34,35,36,37,38,39,40,41,42,43],"msg_id":94,"type":"read_ok"}}
2023/04/26 14:20:24 Received {c2 n0 {"type":"read","msg_id":95}}
2023/04/26 14:20:24 Sent {"src":"n0","dest":"c2","body":{"in_reply_to":95,"messages":[0,1,2,3,4,5,6,7,8,9,10,11,12,13,14,15,16,17,18,19,20,21,22,23,24,25,26,27,28,29,30,31,32,33,34,35,36,37,38,39,40,41,42,43],"msg_id":95,"type":"read_ok"}}
2023/04/26 14:20:24 Received {c2 n0 {"type":"read","msg_id":96}}
2023/04/26 14:20:24 Sent {"src":"n0","dest":"c2","body":{"in_reply_to":96,"messages":[0,1,2,3,4,5,6,7,8,9,10,11,12,13,14,15,16,17,18,19,20,21,22,23,24,25,26,27,28,29,30,31,32,33,34,35,36,37,38,39,40,41,42,43],"msg_id":96,"type":"read_ok"}}
2023/04/26 14:20:24 Received {c2 n0 {"type":"broadcast","message":44,"msg_id":97}}
2023/04/26 14:20:24 Body = map[message:44 msg_id:97 type:broadcast]
2023/04/26 14:20:24 Sent {"src":"n0","dest":"c2","body":{"in_reply_to":97,"type":"broadcast_ok"}}
2023/04/26 14:20:24 Received {c2 n0 {"type":"read","msg_id":98}}
2023/04/26 14:20:24 Sent {"src":"n0","dest":"c2","body":{"in_reply_to":98,"messages":[0,1,2,3,4,5,6,7,8,9,10,11,12,13,14,15,16,17,18,19,20,21,22,23,24,25,26,27,28,29,30,31,32,33,34,35,36,37,38,39,40,41,42,43,44],"msg_id":98,"type":"read_ok"}}
2023/04/26 14:20:24 Received {c2 n0 {"type":"read","msg_id":99}}
2023/04/26 14:20:24 Sent {"src":"n0","dest":"c2","body":{"in_reply_to":99,"messages":[0,1,2,3,4,5,6,7,8,9,10,11,12,13,14,15,16,17,18,19,20,21,22,23,24,25,26,27,28,29,30,31,32,33,34,35,36,37,38,39,40,41,42,43,44],"msg_id":99,"type":"read_ok"}}
2023/04/26 14:20:25 Received {c2 n0 {"type":"read","msg_id":100}}
2023/04/26 14:20:25 Sent {"src":"n0","dest":"c2","body":{"in_reply_to":100,"messages":[0,1,2,3,4,5,6,7,8,9,10,11,12,13,14,15,16,17,18,19,20,21,22,23,24,25,26,27,28,29,30,31,32,33,34,35,36,37,38,39,40,41,42,43,44],"msg_id":100,"type":"read_ok"}}
2023/04/26 14:20:25 Received {c2 n0 {"type":"broadcast","message":45,"msg_id":101}}
2023/04/26 14:20:25 Body = map[message:45 msg_id:101 type:broadcast]
2023/04/26 14:20:25 Sent {"src":"n0","dest":"c2","body":{"in_reply_to":101,"type":"broadcast_ok"}}
2023/04/26 14:20:25 Received {c2 n0 {"type":"broadcast","message":46,"msg_id":102}}
2023/04/26 14:20:25 Body = map[message:46 msg_id:102 type:broadcast]
2023/04/26 14:20:25 Sent {"src":"n0","dest":"c2","body":{"in_reply_to":102,"type":"broadcast_ok"}}
2023/04/26 14:20:25 Received {c2 n0 {"type":"read","msg_id":103}}
2023/04/26 14:20:25 Sent {"src":"n0","dest":"c2","body":{"in_reply_to":103,"messages":[0,1,2,3,4,5,6,7,8,9,10,11,12,13,14,15,16,17,18,19,20,21,22,23,24,25,26,27,28,29,30,31,32,33,34,35,36,37,38,39,40,41,42,43,44,45,46],"msg_id":103,"type":"read_ok"}}
2023/04/26 14:20:25 Received {c2 n0 {"type":"read","msg_id":104}}
2023/04/26 14:20:25 Sent {"src":"n0","dest":"c2","body":{"in_reply_to":104,"messages":[0,1,2,3,4,5,6,7,8,9,10,11,12,13,14,15,16,17,18,19,20,21,22,23,24,25,26,27,28,29,30,31,32,33,34,35,36,37,38,39,40,41,42,43,44,45,46],"msg_id":104,"type":"read_ok"}}
2023/04/26 14:20:25 Received {c2 n0 {"type":"read","msg_id":105}}
2023/04/26 14:20:25 Sent {"src":"n0","dest":"c2","body":{"in_reply_to":105,"messages":[0,1,2,3,4,5,6,7,8,9,10,11,12,13,14,15,16,17,18,19,20,21,22,23,24,25,26,27,28,29,30,31,32,33,34,35,36,37,38,39,40,41,42,43,44,45,46],"msg_id":105,"type":"read_ok"}}
2023/04/26 14:20:25 Received {c2 n0 {"type":"broadcast","message":47,"msg_id":106}}
2023/04/26 14:20:25 Body = map[message:47 msg_id:106 type:broadcast]
2023/04/26 14:20:25 Sent {"src":"n0","dest":"c2","body":{"in_reply_to":106,"type":"broadcast_ok"}}
2023/04/26 14:20:26 Received {c2 n0 {"type":"read","msg_id":107}}
2023/04/26 14:20:26 Sent {"src":"n0","dest":"c2","body":{"in_reply_to":107,"messages":[0,1,2,3,4,5,6,7,8,9,10,11,12,13,14,15,16,17,18,19,20,21,22,23,24,25,26,27,28,29,30,31,32,33,34,35,36,37,38,39,40,41,42,43,44,45,46,47],"msg_id":107,"type":"read_ok"}}
2023/04/26 14:20:26 Received {c2 n0 {"type":"broadcast","message":48,"msg_id":108}}
2023/04/26 14:20:26 Body = map[message:48 msg_id:108 type:broadcast]
2023/04/26 14:20:26 Sent {"src":"n0","dest":"c2","body":{"in_reply_to":108,"type":"broadcast_ok"}}
2023/04/26 14:20:26 Received {c2 n0 {"type":"read","msg_id":109}}
2023/04/26 14:20:26 Sent {"src":"n0","dest":"c2","body":{"in_reply_to":109,"messages":[0,1,2,3,4,5,6,7,8,9,10,11,12,13,14,15,16,17,18,19,20,21,22,23,24,25,26,27,28,29,30,31,32,33,34,35,36,37,38,39,40,41,42,43,44,45,46,47,48],"msg_id":109,"type":"read_ok"}}
2023/04/26 14:20:26 Received {c2 n0 {"type":"broadcast","message":49,"msg_id":110}}
2023/04/26 14:20:26 Body = map[message:49 msg_id:110 type:broadcast]
2023/04/26 14:20:26 Sent {"src":"n0","dest":"c2","body":{"in_reply_to":110,"type":"broadcast_ok"}}
2023/04/26 14:20:26 Received {c2 n0 {"type":"broadcast","message":50,"msg_id":111}}
2023/04/26 14:20:26 Body = map[message:50 msg_id:111 type:broadcast]
2023/04/26 14:20:26 Sent {"src":"n0","dest":"c2","body":{"in_reply_to":111,"type":"broadcast_ok"}}
2023/04/26 14:20:26 Received {c2 n0 {"type":"broadcast","message":51,"msg_id":112}}
2023/04/26 14:20:26 Body = map[message:51 msg_id:112 type:broadcast]
2023/04/26 14:20:26 Sent {"src":"n0","dest":"c2","body":{"in_reply_to":112,"type":"broadcast_ok"}}
2023/04/26 14:20:26 Received {c2 n0 {"type":"read","msg_id":113}}
2023/04/26 14:20:26 Sent {"src":"n0","dest":"c2","body":{"in_reply_to":113,"messages":[0,1,2,3,4,5,6,7,8,9,10,11,12,13,14,15,16,17,18,19,20,21,22,23,24,25,26,27,28,29,30,31,32,33,34,35,36,37,38,39,40,41,42,43,44,45,46,47,48,49,50,51],"msg_id":113,"type":"read_ok"}}
2023/04/26 14:20:26 Received {c2 n0 {"type":"broadcast","message":52,"msg_id":114}}
2023/04/26 14:20:26 Body = map[message:52 msg_id:114 type:broadcast]
2023/04/26 14:20:26 Sent {"src":"n0","dest":"c2","body":{"in_reply_to":114,"type":"broadcast_ok"}}
2023/04/26 14:20:27 Received {c2 n0 {"type":"read","msg_id":115}}
2023/04/26 14:20:27 Sent {"src":"n0","dest":"c2","body":{"in_reply_to":115,"messages":[0,1,2,3,4,5,6,7,8,9,10,11,12,13,14,15,16,17,18,19,20,21,22,23,24,25,26,27,28,29,30,31,32,33,34,35,36,37,38,39,40,41,42,43,44,45,46,47,48,49,50,51,52],"msg_id":115,"type":"read_ok"}}
2023/04/26 14:20:27 Received {c2 n0 {"type":"broadcast","message":53,"msg_id":116}}
2023/04/26 14:20:27 Body = map[message:53 msg_id:116 type:broadcast]
2023/04/26 14:20:27 Sent {"src":"n0","dest":"c2","body":{"in_reply_to":116,"type":"broadcast_ok"}}
2023/04/26 14:20:27 Received {c2 n0 {"type":"broadcast","message":54,"msg_id":117}}
2023/04/26 14:20:27 Body = map[message:54 msg_id:117 type:broadcast]
2023/04/26 14:20:27 Sent {"src":"n0","dest":"c2","body":{"in_reply_to":117,"type":"broadcast_ok"}}
2023/04/26 14:20:27 Received {c2 n0 {"type":"read","msg_id":118}}
2023/04/26 14:20:27 Sent {"src":"n0","dest":"c2","body":{"in_reply_to":118,"messages":[0,1,2,3,4,5,6,7,8,9,10,11,12,13,14,15,16,17,18,19,20,21,22,23,24,25,26,27,28,29,30,31,32,33,34,35,36,37,38,39,40,41,42,43,44,45,46,47,48,49,50,51,52,53,54],"msg_id":118,"type":"read_ok"}}
2023/04/26 14:20:27 Received {c2 n0 {"type":"read","msg_id":119}}
2023/04/26 14:20:27 Sent {"src":"n0","dest":"c2","body":{"in_reply_to":119,"messages":[0,1,2,3,4,5,6,7,8,9,10,11,12,13,14,15,16,17,18,19,20,21,22,23,24,25,26,27,28,29,30,31,32,33,34,35,36,37,38,39,40,41,42,43,44,45,46,47,48,49,50,51,52,53,54],"msg_id":119,"type":"read_ok"}}
2023/04/26 14:20:27 Received {c2 n0 {"type":"broadcast","message":55,"msg_id":120}}
2023/04/26 14:20:27 Body = map[message:55 msg_id:120 type:broadcast]
2023/04/26 14:20:27 Sent {"src":"n0","dest":"c2","body":{"in_reply_to":120,"type":"broadcast_ok"}}
2023/04/26 14:20:27 Received {c2 n0 {"type":"broadcast","message":56,"msg_id":121}}
2023/04/26 14:20:27 Body = map[message:56 msg_id:121 type:broadcast]
2023/04/26 14:20:27 Sent {"src":"n0","dest":"c2","body":{"in_reply_to":121,"type":"broadcast_ok"}}
2023/04/26 14:20:27 Received {c2 n0 {"type":"broadcast","message":57,"msg_id":122}}
2023/04/26 14:20:27 Body = map[message:57 msg_id:122 type:broadcast]
2023/04/26 14:20:27 Sent {"src":"n0","dest":"c2","body":{"in_reply_to":122,"type":"broadcast_ok"}}
2023/04/26 14:20:27 Received {c2 n0 {"type":"read","msg_id":123}}
2023/04/26 14:20:27 Sent {"src":"n0","dest":"c2","body":{"in_reply_to":123,"messages":[0,1,2,3,4,5,6,7,8,9,10,11,12,13,14,15,16,17,18,19,20,21,22,23,24,25,26,27,28,29,30,31,32,33,34,35,36,37,38,39,40,41,42,43,44,45,46,47,48,49,50,51,52,53,54,55,56,57],"msg_id":123,"type":"read_ok"}}
2023/04/26 14:20:28 Received {c2 n0 {"type":"broadcast","message":58,"msg_id":124}}
2023/04/26 14:20:28 Body = map[message:58 msg_id:124 type:broadcast]
2023/04/26 14:20:28 Sent {"src":"n0","dest":"c2","body":{"in_reply_to":124,"type":"broadcast_ok"}}
2023/04/26 14:20:28 Received {c2 n0 {"type":"broadcast","message":59,"msg_id":125}}
2023/04/26 14:20:28 Body = map[message:59 msg_id:125 type:broadcast]
2023/04/26 14:20:28 Sent {"src":"n0","dest":"c2","body":{"in_reply_to":125,"type":"broadcast_ok"}}
2023/04/26 14:20:28 Received {c2 n0 {"type":"read","msg_id":126}}
2023/04/26 14:20:28 Sent {"src":"n0","dest":"c2","body":{"in_reply_to":126,"messages":[0,1,2,3,4,5,6,7,8,9,10,11,12,13,14,15,16,17,18,19,20,21,22,23,24,25,26,27,28,29,30,31,32,33,34,35,36,37,38,39,40,41,42,43,44,45,46,47,48,49,50,51,52,53,54,55,56,57,58,59],"msg_id":126,"type":"read_ok"}}
2023/04/26 14:20:28 Received {c2 n0 {"type":"read","msg_id":127}}
2023/04/26 14:20:28 Sent {"src":"n0","dest":"c2","body":{"in_reply_to":127,"messages":[0,1,2,3,4,5,6,7,8,9,10,11,12,13,14,15,16,17,18,19,20,21,22,23,24,25,26,27,28,29,30,31,32,33,34,35,36,37,38,39,40,41,42,43,44,45,46,47,48,49,50,51,52,53,54,55,56,57,58,59],"msg_id":127,"type":"read_ok"}}
2023/04/26 14:20:28 Received {c2 n0 {"type":"read","msg_id":128}}
2023/04/26 14:20:28 Sent {"src":"n0","dest":"c2","body":{"in_reply_to":128,"messages":[0,1,2,3,4,5,6,7,8,9,10,11,12,13,14,15,16,17,18,19,20,21,22,23,24,25,26,27,28,29,30,31,32,33,34,35,36,37,38,39,40,41,42,43,44,45,46,47,48,49,50,51,52,53,54,55,56,57,58,59],"msg_id":128,"type":"read_ok"}}
2023/04/26 14:20:28 Received {c2 n0 {"type":"broadcast","message":60,"msg_id":129}}
2023/04/26 14:20:28 Body = map[message:60 msg_id:129 type:broadcast]
2023/04/26 14:20:28 Sent {"src":"n0","dest":"c2","body":{"in_reply_to":129,"type":"broadcast_ok"}}
2023/04/26 14:20:28 Received {c2 n0 {"type":"broadcast","message":61,"msg_id":130}}
2023/04/26 14:20:28 Body = map[message:61 msg_id:130 type:broadcast]
2023/04/26 14:20:28 Sent {"src":"n0","dest":"c2","body":{"in_reply_to":130,"type":"broadcast_ok"}}
2023/04/26 14:20:28 Received {c2 n0 {"type":"read","msg_id":131}}
2023/04/26 14:20:28 Sent {"src":"n0","dest":"c2","body":{"in_reply_to":131,"messages":[0,1,2,3,4,5,6,7,8,9,10,11,12,13,14,15,16,17,18,19,20,21,22,23,24,25,26,27,28,29,30,31,32,33,34,35,36,37,38,39,40,41,42,43,44,45,46,47,48,49,50,51,52,53,54,55,56,57,58,59,60,61],"msg_id":131,"type":"read_ok"}}
2023/04/26 14:20:28 Received {c2 n0 {"type":"broadcast","message":62,"msg_id":132}}
2023/04/26 14:20:28 Body = map[message:62 msg_id:132 type:broadcast]
2023/04/26 14:20:28 Sent {"src":"n0","dest":"c2","body":{"in_reply_to":132,"type":"broadcast_ok"}}
2023/04/26 14:20:28 Received {c2 n0 {"type":"read","msg_id":133}}
2023/04/26 14:20:28 Sent {"src":"n0","dest":"c2","body":{"in_reply_to":133,"messages":[0,1,2,3,4,5,6,7,8,9,10,11,12,13,14,15,16,17,18,19,20,21,22,23,24,25,26,27,28,29,30,31,32,33,34,35,36,37,38,39,40,41,42,43,44,45,46,47,48,49,50,51,52,53,54,55,56,57,58,59,60,61,62],"msg_id":133,"type":"read_ok"}}
2023/04/26 14:20:28 Received {c2 n0 {"type":"broadcast","message":63,"msg_id":134}}
2023/04/26 14:20:28 Body = map[message:63 msg_id:134 type:broadcast]
2023/04/26 14:20:28 Sent {"src":"n0","dest":"c2","body":{"in_reply_to":134,"type":"broadcast_ok"}}
2023/04/26 14:20:29 Received {c2 n0 {"type":"broadcast","message":64,"msg_id":135}}
2023/04/26 14:20:29 Body = map[message:64 msg_id:135 type:broadcast]
2023/04/26 14:20:29 Sent {"src":"n0","dest":"c2","body":{"in_reply_to":135,"type":"broadcast_ok"}}
2023/04/26 14:20:29 Received {c2 n0 {"type":"broadcast","message":65,"msg_id":136}}
2023/04/26 14:20:29 Body = map[message:65 msg_id:136 type:broadcast]
2023/04/26 14:20:29 Sent {"src":"n0","dest":"c2","body":{"in_reply_to":136,"type":"broadcast_ok"}}
2023/04/26 14:20:29 Received {c2 n0 {"type":"broadcast","message":66,"msg_id":137}}
2023/04/26 14:20:29 Body = map[message:66 msg_id:137 type:broadcast]
2023/04/26 14:20:29 Sent {"src":"n0","dest":"c2","body":{"in_reply_to":137,"type":"broadcast_ok"}}
2023/04/26 14:20:29 Received {c2 n0 {"type":"broadcast","message":67,"msg_id":138}}
2023/04/26 14:20:29 Body = map[message:67 msg_id:138 type:broadcast]
2023/04/26 14:20:29 Sent {"src":"n0","dest":"c2","body":{"in_reply_to":138,"type":"broadcast_ok"}}
2023/04/26 14:20:29 Received {c2 n0 {"type":"broadcast","message":68,"msg_id":139}}
2023/04/26 14:20:29 Body = map[message:68 msg_id:139 type:broadcast]
2023/04/26 14:20:29 Sent {"src":"n0","dest":"c2","body":{"in_reply_to":139,"type":"broadcast_ok"}}
2023/04/26 14:20:29 Received {c2 n0 {"type":"read","msg_id":140}}
2023/04/26 14:20:29 Sent {"src":"n0","dest":"c2","body":{"in_reply_to":140,"messages":[0,1,2,3,4,5,6,7,8,9,10,11,12,13,14,15,16,17,18,19,20,21,22,23,24,25,26,27,28,29,30,31,32,33,34,35,36,37,38,39,40,41,42,43,44,45,46,47,48,49,50,51,52,53,54,55,56,57,58,59,60,61,62,63,64,65,66,67,68],"msg_id":140,"type":"read_ok"}}
2023/04/26 14:20:29 Received {c2 n0 {"type":"broadcast","message":69,"msg_id":141}}
2023/04/26 14:20:29 Body = map[message:69 msg_id:141 type:broadcast]
2023/04/26 14:20:29 Sent {"src":"n0","dest":"c2","body":{"in_reply_to":141,"type":"broadcast_ok"}}
2023/04/26 14:20:29 Received {c2 n0 {"type":"read","msg_id":142}}
2023/04/26 14:20:29 Sent {"src":"n0","dest":"c2","body":{"in_reply_to":142,"messages":[0,1,2,3,4,5,6,7,8,9,10,11,12,13,14,15,16,17,18,19,20,21,22,23,24,25,26,27,28,29,30,31,32,33,34,35,36,37,38,39,40,41,42,43,44,45,46,47,48,49,50,51,52,53,54,55,56,57,58,59,60,61,62,63,64,65,66,67,68,69],"msg_id":142,"type":"read_ok"}}
2023/04/26 14:20:29 Received {c2 n0 {"type":"read","msg_id":143}}
2023/04/26 14:20:29 Sent {"src":"n0","dest":"c2","body":{"in_reply_to":143,"messages":[0,1,2,3,4,5,6,7,8,9,10,11,12,13,14,15,16,17,18,19,20,21,22,23,24,25,26,27,28,29,30,31,32,33,34,35,36,37,38,39,40,41,42,43,44,45,46,47,48,49,50,51,52,53,54,55,56,57,58,59,60,61,62,63,64,65,66,67,68,69],"msg_id":143,"type":"read_ok"}}
2023/04/26 14:20:29 Received {c2 n0 {"type":"broadcast","message":70,"msg_id":144}}
2023/04/26 14:20:29 Body = map[message:70 msg_id:144 type:broadcast]
2023/04/26 14:20:29 Sent {"src":"n0","dest":"c2","body":{"in_reply_to":144,"type":"broadcast_ok"}}
2023/04/26 14:20:29 Received {c2 n0 {"type":"broadcast","message":71,"msg_id":145}}
2023/04/26 14:20:29 Body = map[message:71 msg_id:145 type:broadcast]
2023/04/26 14:20:29 Sent {"src":"n0","dest":"c2","body":{"in_reply_to":145,"type":"broadcast_ok"}}
2023/04/26 14:20:30 Received {c2 n0 {"type":"broadcast","message":72,"msg_id":146}}
2023/04/26 14:20:30 Body = map[message:72 msg_id:146 type:broadcast]
2023/04/26 14:20:30 Sent {"src":"n0","dest":"c2","body":{"in_reply_to":146,"type":"broadcast_ok"}}
2023/04/26 14:20:30 Received {c2 n0 {"type":"broadcast","message":73,"msg_id":147}}
2023/04/26 14:20:30 Body = map[message:73 msg_id:147 type:broadcast]
2023/04/26 14:20:30 Sent {"src":"n0","dest":"c2","body":{"in_reply_to":147,"type":"broadcast_ok"}}
2023/04/26 14:20:30 Received {c2 n0 {"type":"broadcast","message":74,"msg_id":148}}
2023/04/26 14:20:30 Body = map[message:74 msg_id:148 type:broadcast]
2023/04/26 14:20:30 Sent {"src":"n0","dest":"c2","body":{"in_reply_to":148,"type":"broadcast_ok"}}
2023/04/26 14:20:30 Received {c2 n0 {"type":"read","msg_id":149}}
2023/04/26 14:20:30 Sent {"src":"n0","dest":"c2","body":{"in_reply_to":149,"messages":[0,1,2,3,4,5,6,7,8,9,10,11,12,13,14,15,16,17,18,19,20,21,22,23,24,25,26,27,28,29,30,31,32,33,34,35,36,37,38,39,40,41,42,43,44,45,46,47,48,49,50,51,52,53,54,55,56,57,58,59,60,61,62,63,64,65,66,67,68,69,70,71,72,73,74],"msg_id":149,"type":"read_ok"}}
2023/04/26 14:20:30 Received {c2 n0 {"type":"read","msg_id":150}}
2023/04/26 14:20:30 Sent {"src":"n0","dest":"c2","body":{"in_reply_to":150,"messages":[0,1,2,3,4,5,6,7,8,9,10,11,12,13,14,15,16,17,18,19,20,21,22,23,24,25,26,27,28,29,30,31,32,33,34,35,36,37,38,39,40,41,42,43,44,45,46,47,48,49,50,51,52,53,54,55,56,57,58,59,60,61,62,63,64,65,66,67,68,69,70,71,72,73,74],"msg_id":150,"type":"read_ok"}}
2023/04/26 14:20:30 Received {c2 n0 {"type":"broadcast","message":75,"msg_id":151}}
2023/04/26 14:20:30 Body = map[message:75 msg_id:151 type:broadcast]
2023/04/26 14:20:30 Sent {"src":"n0","dest":"c2","body":{"in_reply_to":151,"type":"broadcast_ok"}}
2023/04/26 14:20:30 Received {c2 n0 {"type":"broadcast","message":76,"msg_id":152}}
2023/04/26 14:20:30 Body = map[message:76 msg_id:152 type:broadcast]
2023/04/26 14:20:30 Sent {"src":"n0","dest":"c2","body":{"in_reply_to":152,"type":"broadcast_ok"}}
2023/04/26 14:20:31 Received {c2 n0 {"type":"broadcast","message":77,"msg_id":153}}
2023/04/26 14:20:31 Body = map[message:77 msg_id:153 type:broadcast]
2023/04/26 14:20:31 Sent {"src":"n0","dest":"c2","body":{"in_reply_to":153,"type":"broadcast_ok"}}
2023/04/26 14:20:31 Received {c2 n0 {"type":"broadcast","message":78,"msg_id":154}}
2023/04/26 14:20:31 Body = map[message:78 msg_id:154 type:broadcast]
2023/04/26 14:20:31 Sent {"src":"n0","dest":"c2","body":{"in_reply_to":154,"type":"broadcast_ok"}}
2023/04/26 14:20:31 Received {c2 n0 {"type":"broadcast","message":79,"msg_id":155}}
2023/04/26 14:20:31 Body = map[message:79 msg_id:155 type:broadcast]
2023/04/26 14:20:31 Sent {"src":"n0","dest":"c2","body":{"in_reply_to":155,"type":"broadcast_ok"}}
2023/04/26 14:20:31 Received {c2 n0 {"type":"read","msg_id":156}}
2023/04/26 14:20:31 Sent {"src":"n0","dest":"c2","body":{"in_reply_to":156,"messages":[0,1,2,3,4,5,6,7,8,9,10,11,12,13,14,15,16,17,18,19,20,21,22,23,24,25,26,27,28,29,30,31,32,33,34,35,36,37,38,39,40,41,42,43,44,45,46,47,48,49,50,51,52,53,54,55,56,57,58,59,60,61,62,63,64,65,66,67,68,69,70,71,72,73,74,75,76,77,78,79],"msg_id":156,"type":"read_ok"}}
2023/04/26 14:20:31 Received {c2 n0 {"type":"read","msg_id":157}}
2023/04/26 14:20:31 Sent {"src":"n0","dest":"c2","body":{"in_reply_to":157,"messages":[0,1,2,3,4,5,6,7,8,9,10,11,12,13,14,15,16,17,18,19,20,21,22,23,24,25,26,27,28,29,30,31,32,33,34,35,36,37,38,39,40,41,42,43,44,45,46,47,48,49,50,51,52,53,54,55,56,57,58,59,60,61,62,63,64,65,66,67,68,69,70,71,72,73,74,75,76,77,78,79],"msg_id":157,"type":"read_ok"}}
2023/04/26 14:20:31 Received {c2 n0 {"type":"read","msg_id":158}}
2023/04/26 14:20:31 Sent {"src":"n0","dest":"c2","body":{"in_reply_to":158,"messages":[0,1,2,3,4,5,6,7,8,9,10,11,12,13,14,15,16,17,18,19,20,21,22,23,24,25,26,27,28,29,30,31,32,33,34,35,36,37,38,39,40,41,42,43,44,45,46,47,48,49,50,51,52,53,54,55,56,57,58,59,60,61,62,63,64,65,66,67,68,69,70,71,72,73,74,75,76,77,78,79],"msg_id":158,"type":"read_ok"}}
2023/04/26 14:20:31 Received {c2 n0 {"type":"read","msg_id":159}}
2023/04/26 14:20:31 Sent {"src":"n0","dest":"c2","body":{"in_reply_to":159,"messages":[0,1,2,3,4,5,6,7,8,9,10,11,12,13,14,15,16,17,18,19,20,21,22,23,24,25,26,27,28,29,30,31,32,33,34,35,36,37,38,39,40,41,42,43,44,45,46,47,48,49,50,51,52,53,54,55,56,57,58,59,60,61,62,63,64,65,66,67,68,69,70,71,72,73,74,75,76,77,78,79],"msg_id":159,"type":"read_ok"}}
2023/04/26 14:20:31 Received {c2 n0 {"type":"broadcast","message":80,"msg_id":160}}
2023/04/26 14:20:31 Body = map[message:80 msg_id:160 type:broadcast]
2023/04/26 14:20:31 Sent {"src":"n0","dest":"c2","body":{"in_reply_to":160,"type":"broadcast_ok"}}
2023/04/26 14:20:31 Received {c2 n0 {"type":"broadcast","message":81,"msg_id":161}}
2023/04/26 14:20:31 Body = map[message:81 msg_id:161 type:broadcast]
2023/04/26 14:20:31 Sent {"src":"n0","dest":"c2","body":{"in_reply_to":161,"type":"broadcast_ok"}}
2023/04/26 14:20:31 Received {c2 n0 {"type":"broadcast","message":82,"msg_id":162}}
2023/04/26 14:20:31 Body = map[message:82 msg_id:162 type:broadcast]
2023/04/26 14:20:31 Sent {"src":"n0","dest":"c2","body":{"in_reply_to":162,"type":"broadcast_ok"}}
2023/04/26 14:20:32 Received {c2 n0 {"type":"read","msg_id":163}}
2023/04/26 14:20:32 Sent {"src":"n0","dest":"c2","body":{"in_reply_to":163,"messages":[0,1,2,3,4,5,6,7,8,9,10,11,12,13,14,15,16,17,18,19,20,21,22,23,24,25,26,27,28,29,30,31,32,33,34,35,36,37,38,39,40,41,42,43,44,45,46,47,48,49,50,51,52,53,54,55,56,57,58,59,60,61,62,63,64,65,66,67,68,69,70,71,72,73,74,75,76,77,78,79,80,81,82],"msg_id":163,"type":"read_ok"}}
2023/04/26 14:20:32 Received {c2 n0 {"type":"read","msg_id":164}}
2023/04/26 14:20:32 Sent {"src":"n0","dest":"c2","body":{"in_reply_to":164,"messages":[0,1,2,3,4,5,6,7,8,9,10,11,12,13,14,15,16,17,18,19,20,21,22,23,24,25,26,27,28,29,30,31,32,33,34,35,36,37,38,39,40,41,42,43,44,45,46,47,48,49,50,51,52,53,54,55,56,57,58,59,60,61,62,63,64,65,66,67,68,69,70,71,72,73,74,75,76,77,78,79,80,81,82],"msg_id":164,"type":"read_ok"}}
2023/04/26 14:20:32 Received {c2 n0 {"type":"read","msg_id":165}}
2023/04/26 14:20:32 Sent {"src":"n0","dest":"c2","body":{"in_reply_to":165,"messages":[0,1,2,3,4,5,6,7,8,9,10,11,12,13,14,15,16,17,18,19,20,21,22,23,24,25,26,27,28,29,30,31,32,33,34,35,36,37,38,39,40,41,42,43,44,45,46,47,48,49,50,51,52,53,54,55,56,57,58,59,60,61,62,63,64,65,66,67,68,69,70,71,72,73,74,75,76,77,78,79,80,81,82],"msg_id":165,"type":"read_ok"}}
2023/04/26 14:20:32 Received {c2 n0 {"type":"broadcast","message":83,"msg_id":166}}
2023/04/26 14:20:32 Body = map[message:83 msg_id:166 type:broadcast]
2023/04/26 14:20:32 Sent {"src":"n0","dest":"c2","body":{"in_reply_to":166,"type":"broadcast_ok"}}
2023/04/26 14:20:32 Received {c2 n0 {"type":"read","msg_id":167}}
2023/04/26 14:20:32 Sent {"src":"n0","dest":"c2","body":{"in_reply_to":167,"messages":[0,1,2,3,4,5,6,7,8,9,10,11,12,13,14,15,16,17,18,19,20,21,22,23,24,25,26,27,28,29,30,31,32,33,34,35,36,37,38,39,40,41,42,43,44,45,46,47,48,49,50,51,52,53,54,55,56,57,58,59,60,61,62,63,64,65,66,67,68,69,70,71,72,73,74,75,76,77,78,79,80,81,82,83],"msg_id":167,"type":"read_ok"}}
2023/04/26 14:20:32 Received {c2 n0 {"type":"read","msg_id":168}}
2023/04/26 14:20:32 Sent {"src":"n0","dest":"c2","body":{"in_reply_to":168,"messages":[0,1,2,3,4,5,6,7,8,9,10,11,12,13,14,15,16,17,18,19,20,21,22,23,24,25,26,27,28,29,30,31,32,33,34,35,36,37,38,39,40,41,42,43,44,45,46,47,48,49,50,51,52,53,54,55,56,57,58,59,60,61,62,63,64,65,66,67,68,69,70,71,72,73,74,75,76,77,78,79,80,81,82,83],"msg_id":168,"type":"read_ok"}}
2023/04/26 14:20:32 Received {c2 n0 {"type":"broadcast","message":84,"msg_id":169}}
2023/04/26 14:20:32 Body = map[message:84 msg_id:169 type:broadcast]
2023/04/26 14:20:32 Sent {"src":"n0","dest":"c2","body":{"in_reply_to":169,"type":"broadcast_ok"}}
2023/04/26 14:20:32 Received {c2 n0 {"type":"read","msg_id":170}}
2023/04/26 14:20:32 Sent {"src":"n0","dest":"c2","body":{"in_reply_to":170,"messages":[0,1,2,3,4,5,6,7,8,9,10,11,12,13,14,15,16,17,18,19,20,21,22,23,24,25,26,27,28,29,30,31,32,33,34,35,36,37,38,39,40,41,42,43,44,45,46,47,48,49,50,51,52,53,54,55,56,57,58,59,60,61,62,63,64,65,66,67,68,69,70,71,72,73,74,75,76,77,78,79,80,81,82,83,84],"msg_id":170,"type":"read_ok"}}
2023/04/26 14:20:32 Received {c2 n0 {"type":"broadcast","message":85,"msg_id":171}}
2023/04/26 14:20:32 Body = map[message:85 msg_id:171 type:broadcast]
2023/04/26 14:20:32 Sent {"src":"n0","dest":"c2","body":{"in_reply_to":171,"type":"broadcast_ok"}}
2023/04/26 14:20:32 Received {c2 n0 {"type":"broadcast","message":86,"msg_id":172}}
2023/04/26 14:20:32 Body = map[message:86 msg_id:172 type:broadcast]
2023/04/26 14:20:32 Sent {"src":"n0","dest":"c2","body":{"in_reply_to":172,"type":"broadcast_ok"}}
2023/04/26 14:20:33 Received {c2 n0 {"type":"broadcast","message":87,"msg_id":173}}
2023/04/26 14:20:33 Body = map[message:87 msg_id:173 type:broadcast]
2023/04/26 14:20:33 Sent {"src":"n0","dest":"c2","body":{"in_reply_to":173,"type":"broadcast_ok"}}
2023/04/26 14:20:33 Received {c2 n0 {"type":"broadcast","message":88,"msg_id":174}}
2023/04/26 14:20:33 Body = map[message:88 msg_id:174 type:broadcast]
2023/04/26 14:20:33 Sent {"src":"n0","dest":"c2","body":{"in_reply_to":174,"type":"broadcast_ok"}}
2023/04/26 14:20:33 Received {c2 n0 {"type":"broadcast","message":89,"msg_id":175}}
2023/04/26 14:20:33 Body = map[message:89 msg_id:175 type:broadcast]
2023/04/26 14:20:33 Sent {"src":"n0","dest":"c2","body":{"in_reply_to":175,"type":"broadcast_ok"}}
2023/04/26 14:20:33 Received {c2 n0 {"type":"read","msg_id":176}}
2023/04/26 14:20:33 Sent {"src":"n0","dest":"c2","body":{"in_reply_to":176,"messages":[0,1,2,3,4,5,6,7,8,9,10,11,12,13,14,15,16,17,18,19,20,21,22,23,24,25,26,27,28,29,30,31,32,33,34,35,36,37,38,39,40,41,42,43,44,45,46,47,48,49,50,51,52,53,54,55,56,57,58,59,60,61,62,63,64,65,66,67,68,69,70,71,72,73,74,75,76,77,78,79,80,81,82,83,84,85,86,87,88,89],"msg_id":176,"type":"read_ok"}}
2023/04/26 14:20:33 Received {c2 n0 {"type":"broadcast","message":90,"msg_id":177}}
2023/04/26 14:20:33 Body = map[message:90 msg_id:177 type:broadcast]
2023/04/26 14:20:33 Sent {"src":"n0","dest":"c2","body":{"in_reply_to":177,"type":"broadcast_ok"}}
2023/04/26 14:20:33 Received {c2 n0 {"type":"broadcast","message":91,"msg_id":178}}
2023/04/26 14:20:33 Body = map[message:91 msg_id:178 type:broadcast]
2023/04/26 14:20:33 Sent {"src":"n0","dest":"c2","body":{"in_reply_to":178,"type":"broadcast_ok"}}
2023/04/26 14:20:33 Received {c2 n0 {"type":"read","msg_id":179}}
2023/04/26 14:20:33 Sent {"src":"n0","dest":"c2","body":{"in_reply_to":179,"messages":[0,1,2,3,4,5,6,7,8,9,10,11,12,13,14,15,16,17,18,19,20,21,22,23,24,25,26,27,28,29,30,31,32,33,34,35,36,37,38,39,40,41,42,43,44,45,46,47,48,49,50,51,52,53,54,55,56,57,58,59,60,61,62,63,64,65,66,67,68,69,70,71,72,73,74,75,76,77,78,79,80,81,82,83,84,85,86,87,88,89,90,91],"msg_id":179,"type":"read_ok"}}
2023/04/26 14:20:33 Received {c2 n0 {"type":"read","msg_id":180}}
2023/04/26 14:20:33 Sent {"src":"n0","dest":"c2","body":{"in_reply_to":180,"messages":[0,1,2,3,4,5,6,7,8,9,10,11,12,13,14,15,16,17,18,19,20,21,22,23,24,25,26,27,28,29,30,31,32,33,34,35,36,37,38,39,40,41,42,43,44,45,46,47,48,49,50,51,52,53,54,55,56,57,58,59,60,61,62,63,64,65,66,67,68,69,70,71,72,73,74,75,76,77,78,79,80,81,82,83,84,85,86,87,88,89,90,91],"msg_id":180,"type":"read_ok"}}
2023/04/26 14:20:33 Received {c2 n0 {"type":"broadcast","message":92,"msg_id":181}}
2023/04/26 14:20:33 Body = map[message:92 msg_id:181 type:broadcast]
2023/04/26 14:20:33 Sent {"src":"n0","dest":"c2","body":{"in_reply_to":181,"type":"broadcast_ok"}}
2023/04/26 14:20:34 Received {c2 n0 {"type":"read","msg_id":182}}
2023/04/26 14:20:34 Sent {"src":"n0","dest":"c2","body":{"in_reply_to":182,"messages":[0,1,2,3,4,5,6,7,8,9,10,11,12,13,14,15,16,17,18,19,20,21,22,23,24,25,26,27,28,29,30,31,32,33,34,35,36,37,38,39,40,41,42,43,44,45,46,47,48,49,50,51,52,53,54,55,56,57,58,59,60,61,62,63,64,65,66,67,68,69,70,71,72,73,74,75,76,77,78,79,80,81,82,83,84,85,86,87,88,89,90,91,92],"msg_id":182,"type":"read_ok"}}
2023/04/26 14:20:34 Received {c2 n0 {"type":"broadcast","message":93,"msg_id":183}}
2023/04/26 14:20:34 Body = map[message:93 msg_id:183 type:broadcast]
2023/04/26 14:20:34 Sent {"src":"n0","dest":"c2","body":{"in_reply_to":183,"type":"broadcast_ok"}}
2023/04/26 14:20:34 Received {c2 n0 {"type":"read","msg_id":184}}
2023/04/26 14:20:34 Sent {"src":"n0","dest":"c2","body":{"in_reply_to":184,"messages":[0,1,2,3,4,5,6,7,8,9,10,11,12,13,14,15,16,17,18,19,20,21,22,23,24,25,26,27,28,29,30,31,32,33,34,35,36,37,38,39,40,41,42,43,44,45,46,47,48,49,50,51,52,53,54,55,56,57,58,59,60,61,62,63,64,65,66,67,68,69,70,71,72,73,74,75,76,77,78,79,80,81,82,83,84,85,86,87,88,89,90,91,92,93],"msg_id":184,"type":"read_ok"}}
2023/04/26 14:20:34 Received {c2 n0 {"type":"read","msg_id":185}}
2023/04/26 14:20:34 Sent {"src":"n0","dest":"c2","body":{"in_reply_to":185,"messages":[0,1,2,3,4,5,6,7,8,9,10,11,12,13,14,15,16,17,18,19,20,21,22,23,24,25,26,27,28,29,30,31,32,33,34,35,36,37,38,39,40,41,42,43,44,45,46,47,48,49,50,51,52,53,54,55,56,57,58,59,60,61,62,63,64,65,66,67,68,69,70,71,72,73,74,75,76,77,78,79,80,81,82,83,84,85,86,87,88,89,90,91,92,93],"msg_id":185,"type":"read_ok"}}
2023/04/26 14:20:34 Received {c2 n0 {"type":"broadcast","message":94,"msg_id":186}}
2023/04/26 14:20:34 Body = map[message:94 msg_id:186 type:broadcast]
2023/04/26 14:20:34 Sent {"src":"n0","dest":"c2","body":{"in_reply_to":186,"type":"broadcast_ok"}}
2023/04/26 14:20:44 Received {c2 n0 {"type":"read","msg_id":187}}
2023/04/26 14:20:44 Sent {"src":"n0","dest":"c2","body":{"in_reply_to":187,"messages":[0,1,2,3,4,5,6,7,8,9,10,11,12,13,14,15,16,17,18,19,20,21,22,23,24,25,26,27,28,29,30,31,32,33,34,35,36,37,38,39,40,41,42,43,44,45,46,47,48,49,50,51,52,53,54,55,56,57,58,59,60,61,62,63,64,65,66,67,68,69,70,71,72,73,74,75,76,77,78,79,80,81,82,83,84,85,86,87,88,89,90,91,92,93,94],"msg_id":187,"type":"read_ok"}}
