2023/04/29 17:48:25 Received {c4 n0 {"type":"init","node_id":"n0","node_ids":["n0","n1","n2","n3","n4"],"msg_id":1}}
2023/04/29 17:48:25 Node n0 initialized
2023/04/29 17:48:25 Sent {"src":"n0","dest":"c4","body":{"in_reply_to":1,"type":"init_ok"}}
2023/04/29 17:48:25 Received {c5 n0 {"type":"topology","topology":{"n0":["n3","n1"],"n1":["n4","n2","n0"],"n2":["n1"],"n3":["n0","n4"],"n4":["n1","n3"]},"msg_id":1}}
2023/04/29 17:48:25 Sent {"src":"n0","dest":"c5","body":{"in_reply_to":1,"msg_id":0,"type":"topology_ok"}}
2023/04/29 17:48:25 Received {c10 n0 {"type":"broadcast","message":0,"msg_id":1}}
2023/04/29 17:48:25 Sent {"src":"n0","dest":"n3","body":{"message":0,"neighbors":["n3","n1"],"type":"node_broadcast"}}
2023/04/29 17:48:25 Sent {"src":"n0","dest":"n1","body":{"message":0,"neighbors":["n3","n1"],"type":"node_broadcast"}}
2023/04/29 17:48:25 Sent {"src":"n0","dest":"c10","body":{"in_reply_to":1,"type":"broadcast_ok"}}
2023/04/29 17:48:25 Received {n3 n0 {"message":0,"neighbors":["n0","n4"],"type":"node_broadcast"}}
2023/04/29 17:48:25 Received {n1 n0 {"message":0,"neighbors":["n4","n2","n0"],"type":"node_broadcast"}}
2023/04/29 17:48:26 Received {n1 n0 {"message":1,"neighbors":["n4","n2","n0"],"type":"node_broadcast"}}
2023/04/29 17:48:26 Sent {"src":"n0","dest":"n3","body":{"message":1,"neighbors":["n3","n1"],"type":"node_broadcast"}}
2023/04/29 17:48:26 Sent {"src":"n0","dest":"n1","body":{"message":1,"neighbors":["n3","n1"],"type":"node_broadcast"}}
2023/04/29 17:48:26 Received {n3 n0 {"message":1,"neighbors":["n0","n4"],"type":"node_broadcast"}}
2023/04/29 17:48:26 Received {n1 n0 {"message":2,"neighbors":["n4","n2","n0"],"type":"node_broadcast"}}
2023/04/29 17:48:26 Sent {"src":"n0","dest":"n3","body":{"message":2,"neighbors":["n3","n1"],"type":"node_broadcast"}}
2023/04/29 17:48:26 Sent {"src":"n0","dest":"n1","body":{"message":2,"neighbors":["n3","n1"],"type":"node_broadcast"}}
2023/04/29 17:48:26 Received {n3 n0 {"message":2,"neighbors":["n0","n4"],"type":"node_broadcast"}}
2023/04/29 17:48:26 Received {n3 n0 {"message":3,"neighbors":["n0","n4"],"type":"node_broadcast"}}
2023/04/29 17:48:26 Sent {"src":"n0","dest":"n3","body":{"message":3,"neighbors":["n3","n1"],"type":"node_broadcast"}}
2023/04/29 17:48:26 Sent {"src":"n0","dest":"n1","body":{"message":3,"neighbors":["n3","n1"],"type":"node_broadcast"}}
2023/04/29 17:48:26 Received {n1 n0 {"message":3,"neighbors":["n4","n2","n0"],"type":"node_broadcast"}}
2023/04/29 17:48:26 Received {n3 n0 {"message":4,"neighbors":["n0","n4"],"type":"node_broadcast"}}
2023/04/29 17:48:26 Received {n1 n0 {"message":4,"neighbors":["n4","n2","n0"],"type":"node_broadcast"}}
2023/04/29 17:48:26 Sent {"src":"n0","dest":"n3","body":{"message":4,"neighbors":["n3","n1"],"type":"node_broadcast"}}
2023/04/29 17:48:26 Sent {"src":"n0","dest":"n1","body":{"message":4,"neighbors":["n3","n1"],"type":"node_broadcast"}}
2023/04/29 17:48:26 Received {c10 n0 {"type":"broadcast","message":5,"msg_id":2}}
2023/04/29 17:48:26 Sent {"src":"n0","dest":"n3","body":{"message":5,"neighbors":["n3","n1"],"type":"node_broadcast"}}
2023/04/29 17:48:26 Sent {"src":"n0","dest":"n1","body":{"message":5,"neighbors":["n3","n1"],"type":"node_broadcast"}}
2023/04/29 17:48:26 Sent {"src":"n0","dest":"c10","body":{"in_reply_to":2,"type":"broadcast_ok"}}
2023/04/29 17:48:26 Received {n3 n0 {"message":5,"neighbors":["n0","n4"],"type":"node_broadcast"}}
2023/04/29 17:48:26 Received {n1 n0 {"message":5,"neighbors":["n4","n2","n0"],"type":"node_broadcast"}}
2023/04/29 17:48:26 Received {c10 n0 {"type":"broadcast","message":6,"msg_id":3}}
2023/04/29 17:48:26 Sent {"src":"n0","dest":"n3","body":{"message":6,"neighbors":["n3","n1"],"type":"node_broadcast"}}
2023/04/29 17:48:26 Sent {"src":"n0","dest":"n1","body":{"message":6,"neighbors":["n3","n1"],"type":"node_broadcast"}}
2023/04/29 17:48:26 Sent {"src":"n0","dest":"c10","body":{"in_reply_to":3,"type":"broadcast_ok"}}
2023/04/29 17:48:26 Received {n3 n0 {"message":6,"neighbors":["n0","n4"],"type":"node_broadcast"}}
2023/04/29 17:48:26 Received {n1 n0 {"message":6,"neighbors":["n4","n2","n0"],"type":"node_broadcast"}}
2023/04/29 17:48:26 Received {n1 n0 {"message":7,"neighbors":["n4","n2","n0"],"type":"node_broadcast"}}
2023/04/29 17:48:26 Sent {"src":"n0","dest":"n3","body":{"message":7,"neighbors":["n3","n1"],"type":"node_broadcast"}}
2023/04/29 17:48:26 Sent {"src":"n0","dest":"n1","body":{"message":7,"neighbors":["n3","n1"],"type":"node_broadcast"}}
2023/04/29 17:48:26 Received {n3 n0 {"message":7,"neighbors":["n0","n4"],"type":"node_broadcast"}}
2023/04/29 17:48:26 Received {n1 n0 {"message":8,"neighbors":["n4","n2","n0"],"type":"node_broadcast"}}
2023/04/29 17:48:26 Sent {"src":"n0","dest":"n3","body":{"message":8,"neighbors":["n3","n1"],"type":"node_broadcast"}}
2023/04/29 17:48:26 Sent {"src":"n0","dest":"n1","body":{"message":8,"neighbors":["n3","n1"],"type":"node_broadcast"}}
2023/04/29 17:48:26 Received {n3 n0 {"message":8,"neighbors":["n0","n4"],"type":"node_broadcast"}}
2023/04/29 17:48:27 Received {n3 n0 {"message":9,"neighbors":["n0","n4"],"type":"node_broadcast"}}
2023/04/29 17:48:27 Sent {"src":"n0","dest":"n3","body":{"message":9,"neighbors":["n3","n1"],"type":"node_broadcast"}}
2023/04/29 17:48:27 Sent {"src":"n0","dest":"n1","body":{"message":9,"neighbors":["n3","n1"],"type":"node_broadcast"}}
2023/04/29 17:48:27 Received {n1 n0 {"message":9,"neighbors":["n4","n2","n0"],"type":"node_broadcast"}}
2023/04/29 17:48:27 Received {c10 n0 {"type":"broadcast","message":10,"msg_id":4}}
2023/04/29 17:48:27 Sent {"src":"n0","dest":"n3","body":{"message":10,"neighbors":["n3","n1"],"type":"node_broadcast"}}
2023/04/29 17:48:27 Sent {"src":"n0","dest":"n1","body":{"message":10,"neighbors":["n3","n1"],"type":"node_broadcast"}}
2023/04/29 17:48:27 Sent {"src":"n0","dest":"c10","body":{"in_reply_to":4,"type":"broadcast_ok"}}
2023/04/29 17:48:27 Received {n3 n0 {"message":10,"neighbors":["n0","n4"],"type":"node_broadcast"}}
2023/04/29 17:48:27 Received {n1 n0 {"message":10,"neighbors":["n4","n2","n0"],"type":"node_broadcast"}}
2023/04/29 17:48:27 Received {c10 n0 {"type":"read","msg_id":5}}
2023/04/29 17:48:27 Sent {"src":"n0","dest":"c10","body":{"in_reply_to":5,"messages":[0,1,2,3,4,5,6,7,8,9,10],"type":"read_ok"}}
2023/04/29 17:48:27 Received {n1 n0 {"message":11,"neighbors":["n4","n2","n0"],"type":"node_broadcast"}}
2023/04/29 17:48:27 Sent {"src":"n0","dest":"n3","body":{"message":11,"neighbors":["n3","n1"],"type":"node_broadcast"}}
2023/04/29 17:48:27 Sent {"src":"n0","dest":"n1","body":{"message":11,"neighbors":["n3","n1"],"type":"node_broadcast"}}
2023/04/29 17:48:27 Received {n3 n0 {"message":11,"neighbors":["n0","n4"],"type":"node_broadcast"}}
2023/04/29 17:48:27 Received {n1 n0 {"message":12,"neighbors":["n4","n2","n0"],"type":"node_broadcast"}}
2023/04/29 17:48:27 Sent {"src":"n0","dest":"n3","body":{"message":12,"neighbors":["n3","n1"],"type":"node_broadcast"}}
2023/04/29 17:48:27 Sent {"src":"n0","dest":"n1","body":{"message":12,"neighbors":["n3","n1"],"type":"node_broadcast"}}
2023/04/29 17:48:27 Received {n3 n0 {"message":12,"neighbors":["n0","n4"],"type":"node_broadcast"}}
2023/04/29 17:48:27 Received {n1 n0 {"message":13,"neighbors":["n4","n2","n0"],"type":"node_broadcast"}}
2023/04/29 17:48:27 Sent {"src":"n0","dest":"n3","body":{"message":13,"neighbors":["n3","n1"],"type":"node_broadcast"}}
2023/04/29 17:48:27 Sent {"src":"n0","dest":"n1","body":{"message":13,"neighbors":["n3","n1"],"type":"node_broadcast"}}
2023/04/29 17:48:27 Received {n3 n0 {"message":13,"neighbors":["n0","n4"],"type":"node_broadcast"}}
2023/04/29 17:48:27 Received {c10 n0 {"type":"broadcast","message":14,"msg_id":6}}
2023/04/29 17:48:27 Sent {"src":"n0","dest":"n3","body":{"message":14,"neighbors":["n3","n1"],"type":"node_broadcast"}}
2023/04/29 17:48:27 Sent {"src":"n0","dest":"n1","body":{"message":14,"neighbors":["n3","n1"],"type":"node_broadcast"}}
2023/04/29 17:48:27 Sent {"src":"n0","dest":"c10","body":{"in_reply_to":6,"type":"broadcast_ok"}}
2023/04/29 17:48:27 Received {n3 n0 {"message":14,"neighbors":["n0","n4"],"type":"node_broadcast"}}
2023/04/29 17:48:27 Received {n1 n0 {"message":14,"neighbors":["n4","n2","n0"],"type":"node_broadcast"}}
2023/04/29 17:48:28 Received {c10 n0 {"type":"read","msg_id":7}}
2023/04/29 17:48:28 Sent {"src":"n0","dest":"c10","body":{"in_reply_to":7,"messages":[0,1,2,3,4,5,6,7,8,9,10,11,12,13,14],"type":"read_ok"}}
2023/04/29 17:48:28 Received {n3 n0 {"message":15,"neighbors":["n0","n4"],"type":"node_broadcast"}}
2023/04/29 17:48:28 Sent {"src":"n0","dest":"n3","body":{"message":15,"neighbors":["n3","n1"],"type":"node_broadcast"}}
2023/04/29 17:48:28 Sent {"src":"n0","dest":"n1","body":{"message":15,"neighbors":["n3","n1"],"type":"node_broadcast"}}
2023/04/29 17:48:28 Received {n1 n0 {"message":15,"neighbors":["n4","n2","n0"],"type":"node_broadcast"}}
2023/04/29 17:48:28 Received {n3 n0 {"message":16,"neighbors":["n0","n4"],"type":"node_broadcast"}}
2023/04/29 17:48:28 Sent {"src":"n0","dest":"n3","body":{"message":16,"neighbors":["n3","n1"],"type":"node_broadcast"}}
2023/04/29 17:48:28 Sent {"src":"n0","dest":"n1","body":{"message":16,"neighbors":["n3","n1"],"type":"node_broadcast"}}
2023/04/29 17:48:28 Received {n1 n0 {"message":16,"neighbors":["n4","n2","n0"],"type":"node_broadcast"}}
2023/04/29 17:48:28 Received {c10 n0 {"type":"broadcast","message":17,"msg_id":8}}
2023/04/29 17:48:28 Sent {"src":"n0","dest":"n3","body":{"message":17,"neighbors":["n3","n1"],"type":"node_broadcast"}}
2023/04/29 17:48:28 Sent {"src":"n0","dest":"n1","body":{"message":17,"neighbors":["n3","n1"],"type":"node_broadcast"}}
2023/04/29 17:48:28 Sent {"src":"n0","dest":"c10","body":{"in_reply_to":8,"type":"broadcast_ok"}}
2023/04/29 17:48:28 Received {n3 n0 {"message":17,"neighbors":["n0","n4"],"type":"node_broadcast"}}
2023/04/29 17:48:28 Received {n1 n0 {"message":17,"neighbors":["n4","n2","n0"],"type":"node_broadcast"}}
2023/04/29 17:48:28 Received {c10 n0 {"type":"broadcast","message":18,"msg_id":9}}
2023/04/29 17:48:28 Sent {"src":"n0","dest":"n3","body":{"message":18,"neighbors":["n3","n1"],"type":"node_broadcast"}}
2023/04/29 17:48:28 Sent {"src":"n0","dest":"n1","body":{"message":18,"neighbors":["n3","n1"],"type":"node_broadcast"}}
2023/04/29 17:48:28 Sent {"src":"n0","dest":"c10","body":{"in_reply_to":9,"type":"broadcast_ok"}}
2023/04/29 17:48:28 Received {n3 n0 {"message":18,"neighbors":["n0","n4"],"type":"node_broadcast"}}
2023/04/29 17:48:28 Received {n1 n0 {"message":18,"neighbors":["n4","n2","n0"],"type":"node_broadcast"}}
2023/04/29 17:48:28 Received {n1 n0 {"message":19,"neighbors":["n4","n2","n0"],"type":"node_broadcast"}}
2023/04/29 17:48:28 Sent {"src":"n0","dest":"n3","body":{"message":19,"neighbors":["n3","n1"],"type":"node_broadcast"}}
2023/04/29 17:48:28 Sent {"src":"n0","dest":"n1","body":{"message":19,"neighbors":["n3","n1"],"type":"node_broadcast"}}
2023/04/29 17:48:28 Received {n3 n0 {"message":19,"neighbors":["n0","n4"],"type":"node_broadcast"}}
2023/04/29 17:48:28 Received {n1 n0 {"message":20,"neighbors":["n4","n2","n0"],"type":"node_broadcast"}}
2023/04/29 17:48:28 Sent {"src":"n0","dest":"n3","body":{"message":20,"neighbors":["n3","n1"],"type":"node_broadcast"}}
2023/04/29 17:48:28 Sent {"src":"n0","dest":"n1","body":{"message":20,"neighbors":["n3","n1"],"type":"node_broadcast"}}
2023/04/29 17:48:28 Received {n3 n0 {"message":20,"neighbors":["n0","n4"],"type":"node_broadcast"}}
2023/04/29 17:48:28 Received {n1 n0 {"message":21,"neighbors":["n4","n2","n0"],"type":"node_broadcast"}}
2023/04/29 17:48:28 Sent {"src":"n0","dest":"n3","body":{"message":21,"neighbors":["n3","n1"],"type":"node_broadcast"}}
2023/04/29 17:48:28 Sent {"src":"n0","dest":"n1","body":{"message":21,"neighbors":["n3","n1"],"type":"node_broadcast"}}
2023/04/29 17:48:28 Received {n3 n0 {"message":21,"neighbors":["n0","n4"],"type":"node_broadcast"}}
2023/04/29 17:48:29 Received {c10 n0 {"type":"read","msg_id":10}}
2023/04/29 17:48:29 Sent {"src":"n0","dest":"c10","body":{"in_reply_to":10,"messages":[0,1,2,3,4,5,6,7,8,9,10,11,12,13,14,15,16,17,18,19,20,21],"type":"read_ok"}}
2023/04/29 17:48:29 Received {c10 n0 {"type":"broadcast","message":22,"msg_id":11}}
2023/04/29 17:48:29 Sent {"src":"n0","dest":"n3","body":{"message":22,"neighbors":["n3","n1"],"type":"node_broadcast"}}
2023/04/29 17:48:29 Sent {"src":"n0","dest":"n1","body":{"message":22,"neighbors":["n3","n1"],"type":"node_broadcast"}}
2023/04/29 17:48:29 Sent {"src":"n0","dest":"c10","body":{"in_reply_to":11,"type":"broadcast_ok"}}
2023/04/29 17:48:29 Received {n3 n0 {"message":22,"neighbors":["n0","n4"],"type":"node_broadcast"}}
2023/04/29 17:48:29 Received {n1 n0 {"message":22,"neighbors":["n4","n2","n0"],"type":"node_broadcast"}}
2023/04/29 17:48:29 Received {n1 n0 {"message":23,"neighbors":["n4","n2","n0"],"type":"node_broadcast"}}
2023/04/29 17:48:29 Sent {"src":"n0","dest":"n3","body":{"message":23,"neighbors":["n3","n1"],"type":"node_broadcast"}}
2023/04/29 17:48:29 Sent {"src":"n0","dest":"n1","body":{"message":23,"neighbors":["n3","n1"],"type":"node_broadcast"}}
2023/04/29 17:48:29 Received {n3 n0 {"message":23,"neighbors":["n0","n4"],"type":"node_broadcast"}}
2023/04/29 17:48:29 Received {n3 n0 {"message":24,"neighbors":["n0","n4"],"type":"node_broadcast"}}
2023/04/29 17:48:29 Sent {"src":"n0","dest":"n3","body":{"message":24,"neighbors":["n3","n1"],"type":"node_broadcast"}}
2023/04/29 17:48:29 Sent {"src":"n0","dest":"n1","body":{"message":24,"neighbors":["n3","n1"],"type":"node_broadcast"}}
2023/04/29 17:48:29 Received {n1 n0 {"message":24,"neighbors":["n4","n2","n0"],"type":"node_broadcast"}}
2023/04/29 17:48:29 Received {n3 n0 {"message":25,"neighbors":["n0","n4"],"type":"node_broadcast"}}
2023/04/29 17:48:29 Received {n1 n0 {"message":25,"neighbors":["n4","n2","n0"],"type":"node_broadcast"}}
2023/04/29 17:48:29 Sent {"src":"n0","dest":"n3","body":{"message":25,"neighbors":["n3","n1"],"type":"node_broadcast"}}
2023/04/29 17:48:29 Sent {"src":"n0","dest":"n1","body":{"message":25,"neighbors":["n3","n1"],"type":"node_broadcast"}}
2023/04/29 17:48:29 Received {c10 n0 {"type":"read","msg_id":12}}
2023/04/29 17:48:29 Sent {"src":"n0","dest":"c10","body":{"in_reply_to":12,"messages":[0,1,2,3,4,5,6,7,8,9,10,11,12,13,14,15,16,17,18,19,20,21,22,23,24,25],"type":"read_ok"}}
2023/04/29 17:48:29 Received {c10 n0 {"type":"broadcast","message":26,"msg_id":13}}
2023/04/29 17:48:29 Sent {"src":"n0","dest":"n3","body":{"message":26,"neighbors":["n3","n1"],"type":"node_broadcast"}}
2023/04/29 17:48:29 Sent {"src":"n0","dest":"n1","body":{"message":26,"neighbors":["n3","n1"],"type":"node_broadcast"}}
2023/04/29 17:48:29 Sent {"src":"n0","dest":"c10","body":{"in_reply_to":13,"type":"broadcast_ok"}}
2023/04/29 17:48:29 Received {n3 n0 {"message":26,"neighbors":["n0","n4"],"type":"node_broadcast"}}
2023/04/29 17:48:29 Received {n1 n0 {"message":26,"neighbors":["n4","n2","n0"],"type":"node_broadcast"}}
2023/04/29 17:48:29 Received {n1 n0 {"message":27,"neighbors":["n4","n2","n0"],"type":"node_broadcast"}}
2023/04/29 17:48:29 Sent {"src":"n0","dest":"n3","body":{"message":27,"neighbors":["n3","n1"],"type":"node_broadcast"}}
2023/04/29 17:48:29 Sent {"src":"n0","dest":"n1","body":{"message":27,"neighbors":["n3","n1"],"type":"node_broadcast"}}
2023/04/29 17:48:29 Received {n3 n0 {"message":27,"neighbors":["n0","n4"],"type":"node_broadcast"}}
2023/04/29 17:48:30 Received {n1 n0 {"message":28,"neighbors":["n4","n2","n0"],"type":"node_broadcast"}}
2023/04/29 17:48:30 Sent {"src":"n0","dest":"n3","body":{"message":28,"neighbors":["n3","n1"],"type":"node_broadcast"}}
2023/04/29 17:48:30 Sent {"src":"n0","dest":"n1","body":{"message":28,"neighbors":["n3","n1"],"type":"node_broadcast"}}
2023/04/29 17:48:30 Received {n3 n0 {"message":28,"neighbors":["n0","n4"],"type":"node_broadcast"}}
2023/04/29 17:48:30 Received {n3 n0 {"message":29,"neighbors":["n0","n4"],"type":"node_broadcast"}}
2023/04/29 17:48:30 Sent {"src":"n0","dest":"n3","body":{"message":29,"neighbors":["n3","n1"],"type":"node_broadcast"}}
2023/04/29 17:48:30 Sent {"src":"n0","dest":"n1","body":{"message":29,"neighbors":["n3","n1"],"type":"node_broadcast"}}
2023/04/29 17:48:30 Received {n1 n0 {"message":29,"neighbors":["n4","n2","n0"],"type":"node_broadcast"}}
2023/04/29 17:48:30 Received {c10 n0 {"type":"broadcast","message":30,"msg_id":14}}
2023/04/29 17:48:30 Sent {"src":"n0","dest":"n3","body":{"message":30,"neighbors":["n3","n1"],"type":"node_broadcast"}}
2023/04/29 17:48:30 Sent {"src":"n0","dest":"n1","body":{"message":30,"neighbors":["n3","n1"],"type":"node_broadcast"}}
2023/04/29 17:48:30 Sent {"src":"n0","dest":"c10","body":{"in_reply_to":14,"type":"broadcast_ok"}}
2023/04/29 17:48:30 Received {n3 n0 {"message":30,"neighbors":["n0","n4"],"type":"node_broadcast"}}
2023/04/29 17:48:30 Received {n1 n0 {"message":30,"neighbors":["n4","n2","n0"],"type":"node_broadcast"}}
2023/04/29 17:48:30 Received {c10 n0 {"type":"broadcast","message":31,"msg_id":15}}
2023/04/29 17:48:30 Sent {"src":"n0","dest":"n3","body":{"message":31,"neighbors":["n3","n1"],"type":"node_broadcast"}}
2023/04/29 17:48:30 Sent {"src":"n0","dest":"n1","body":{"message":31,"neighbors":["n3","n1"],"type":"node_broadcast"}}
2023/04/29 17:48:30 Sent {"src":"n0","dest":"c10","body":{"in_reply_to":15,"type":"broadcast_ok"}}
2023/04/29 17:48:30 Received {n3 n0 {"message":31,"neighbors":["n0","n4"],"type":"node_broadcast"}}
2023/04/29 17:48:30 Received {n1 n0 {"message":31,"neighbors":["n4","n2","n0"],"type":"node_broadcast"}}
2023/04/29 17:48:30 Received {c10 n0 {"type":"broadcast","message":32,"msg_id":16}}
2023/04/29 17:48:30 Sent {"src":"n0","dest":"n3","body":{"message":32,"neighbors":["n3","n1"],"type":"node_broadcast"}}
2023/04/29 17:48:30 Sent {"src":"n0","dest":"n1","body":{"message":32,"neighbors":["n3","n1"],"type":"node_broadcast"}}
2023/04/29 17:48:30 Sent {"src":"n0","dest":"c10","body":{"in_reply_to":16,"type":"broadcast_ok"}}
2023/04/29 17:48:30 Received {n3 n0 {"message":32,"neighbors":["n0","n4"],"type":"node_broadcast"}}
2023/04/29 17:48:30 Received {n1 n0 {"message":32,"neighbors":["n4","n2","n0"],"type":"node_broadcast"}}
2023/04/29 17:48:30 Received {c10 n0 {"type":"read","msg_id":17}}
2023/04/29 17:48:30 Sent {"src":"n0","dest":"c10","body":{"in_reply_to":17,"messages":[0,1,2,3,4,5,6,7,8,9,10,11,12,13,14,15,16,17,18,19,20,21,22,23,24,25,26,27,28,29,30,31,32],"type":"read_ok"}}
2023/04/29 17:48:31 Received {n3 n0 {"message":33,"neighbors":["n0","n4"],"type":"node_broadcast"}}
2023/04/29 17:48:31 Sent {"src":"n0","dest":"n3","body":{"message":33,"neighbors":["n3","n1"],"type":"node_broadcast"}}
2023/04/29 17:48:31 Sent {"src":"n0","dest":"n1","body":{"message":33,"neighbors":["n3","n1"],"type":"node_broadcast"}}
2023/04/29 17:48:31 Received {n1 n0 {"message":33,"neighbors":["n4","n2","n0"],"type":"node_broadcast"}}
2023/04/29 17:48:31 Received {n3 n0 {"message":34,"neighbors":["n0","n4"],"type":"node_broadcast"}}
2023/04/29 17:48:31 Received {n1 n0 {"message":34,"neighbors":["n4","n2","n0"],"type":"node_broadcast"}}
2023/04/29 17:48:31 Sent {"src":"n0","dest":"n3","body":{"message":34,"neighbors":["n3","n1"],"type":"node_broadcast"}}
2023/04/29 17:48:31 Sent {"src":"n0","dest":"n1","body":{"message":34,"neighbors":["n3","n1"],"type":"node_broadcast"}}
2023/04/29 17:48:31 Received {c10 n0 {"type":"read","msg_id":18}}
2023/04/29 17:48:31 Sent {"src":"n0","dest":"c10","body":{"in_reply_to":18,"messages":[0,1,2,3,4,5,6,7,8,9,10,11,12,13,14,15,16,17,18,19,20,21,22,23,24,25,26,27,28,29,30,31,32,33,34],"type":"read_ok"}}
2023/04/29 17:48:31 Received {c10 n0 {"type":"read","msg_id":19}}
2023/04/29 17:48:31 Sent {"src":"n0","dest":"c10","body":{"in_reply_to":19,"messages":[0,1,2,3,4,5,6,7,8,9,10,11,12,13,14,15,16,17,18,19,20,21,22,23,24,25,26,27,28,29,30,31,32,33,34],"type":"read_ok"}}
2023/04/29 17:48:31 Received {n3 n0 {"message":35,"neighbors":["n0","n4"],"type":"node_broadcast"}}
2023/04/29 17:48:31 Sent {"src":"n0","dest":"n3","body":{"message":35,"neighbors":["n3","n1"],"type":"node_broadcast"}}
2023/04/29 17:48:31 Sent {"src":"n0","dest":"n1","body":{"message":35,"neighbors":["n3","n1"],"type":"node_broadcast"}}
2023/04/29 17:48:31 Received {n1 n0 {"message":35,"neighbors":["n4","n2","n0"],"type":"node_broadcast"}}
2023/04/29 17:48:31 Received {c10 n0 {"type":"read","msg_id":20}}
2023/04/29 17:48:31 Sent {"src":"n0","dest":"c10","body":{"in_reply_to":20,"messages":[0,1,2,3,4,5,6,7,8,9,10,11,12,13,14,15,16,17,18,19,20,21,22,23,24,25,26,27,28,29,30,31,32,33,34,35],"type":"read_ok"}}
2023/04/29 17:48:32 Received {c10 n0 {"type":"read","msg_id":21}}
2023/04/29 17:48:32 Sent {"src":"n0","dest":"c10","body":{"in_reply_to":21,"messages":[0,1,2,3,4,5,6,7,8,9,10,11,12,13,14,15,16,17,18,19,20,21,22,23,24,25,26,27,28,29,30,31,32,33,34,35],"type":"read_ok"}}
2023/04/29 17:48:32 Received {n1 n0 {"message":36,"neighbors":["n4","n2","n0"],"type":"node_broadcast"}}
2023/04/29 17:48:32 Sent {"src":"n0","dest":"n3","body":{"message":36,"neighbors":["n3","n1"],"type":"node_broadcast"}}
2023/04/29 17:48:32 Sent {"src":"n0","dest":"n1","body":{"message":36,"neighbors":["n3","n1"],"type":"node_broadcast"}}
2023/04/29 17:48:32 Received {n3 n0 {"message":36,"neighbors":["n0","n4"],"type":"node_broadcast"}}
2023/04/29 17:48:32 Received {c10 n0 {"type":"broadcast","message":37,"msg_id":22}}
2023/04/29 17:48:32 Sent {"src":"n0","dest":"n3","body":{"message":37,"neighbors":["n3","n1"],"type":"node_broadcast"}}
2023/04/29 17:48:32 Sent {"src":"n0","dest":"n1","body":{"message":37,"neighbors":["n3","n1"],"type":"node_broadcast"}}
2023/04/29 17:48:32 Sent {"src":"n0","dest":"c10","body":{"in_reply_to":22,"type":"broadcast_ok"}}
2023/04/29 17:48:32 Received {n3 n0 {"message":37,"neighbors":["n0","n4"],"type":"node_broadcast"}}
2023/04/29 17:48:32 Received {n1 n0 {"message":37,"neighbors":["n4","n2","n0"],"type":"node_broadcast"}}
2023/04/29 17:48:32 Received {c10 n0 {"type":"broadcast","message":38,"msg_id":23}}
2023/04/29 17:48:32 Sent {"src":"n0","dest":"n3","body":{"message":38,"neighbors":["n3","n1"],"type":"node_broadcast"}}
2023/04/29 17:48:32 Sent {"src":"n0","dest":"n1","body":{"message":38,"neighbors":["n3","n1"],"type":"node_broadcast"}}
2023/04/29 17:48:32 Sent {"src":"n0","dest":"c10","body":{"in_reply_to":23,"type":"broadcast_ok"}}
2023/04/29 17:48:32 Received {n3 n0 {"message":38,"neighbors":["n0","n4"],"type":"node_broadcast"}}
2023/04/29 17:48:32 Received {n1 n0 {"message":38,"neighbors":["n4","n2","n0"],"type":"node_broadcast"}}
2023/04/29 17:48:32 Received {n3 n0 {"message":39,"neighbors":["n0","n4"],"type":"node_broadcast"}}
2023/04/29 17:48:32 Sent {"src":"n0","dest":"n3","body":{"message":39,"neighbors":["n3","n1"],"type":"node_broadcast"}}
2023/04/29 17:48:32 Sent {"src":"n0","dest":"n1","body":{"message":39,"neighbors":["n3","n1"],"type":"node_broadcast"}}
2023/04/29 17:48:32 Received {n1 n0 {"message":39,"neighbors":["n4","n2","n0"],"type":"node_broadcast"}}
2023/04/29 17:48:33 Received {n1 n0 {"message":40,"neighbors":["n4","n2","n0"],"type":"node_broadcast"}}
2023/04/29 17:48:33 Sent {"src":"n0","dest":"n3","body":{"message":40,"neighbors":["n3","n1"],"type":"node_broadcast"}}
2023/04/29 17:48:33 Sent {"src":"n0","dest":"n1","body":{"message":40,"neighbors":["n3","n1"],"type":"node_broadcast"}}
2023/04/29 17:48:33 Received {n3 n0 {"message":40,"neighbors":["n0","n4"],"type":"node_broadcast"}}
2023/04/29 17:48:33 Received {c10 n0 {"type":"read","msg_id":24}}
2023/04/29 17:48:33 Sent {"src":"n0","dest":"c10","body":{"in_reply_to":24,"messages":[0,1,2,3,4,5,6,7,8,9,10,11,12,13,14,15,16,17,18,19,20,21,22,23,24,25,26,27,28,29,30,31,32,33,34,35,36,37,38,39,40],"type":"read_ok"}}
2023/04/29 17:48:33 Received {c10 n0 {"type":"broadcast","message":41,"msg_id":25}}
2023/04/29 17:48:33 Sent {"src":"n0","dest":"n3","body":{"message":41,"neighbors":["n3","n1"],"type":"node_broadcast"}}
2023/04/29 17:48:33 Sent {"src":"n0","dest":"n1","body":{"message":41,"neighbors":["n3","n1"],"type":"node_broadcast"}}
2023/04/29 17:48:33 Sent {"src":"n0","dest":"c10","body":{"in_reply_to":25,"type":"broadcast_ok"}}
2023/04/29 17:48:33 Received {n3 n0 {"message":41,"neighbors":["n0","n4"],"type":"node_broadcast"}}
2023/04/29 17:48:33 Received {n1 n0 {"message":41,"neighbors":["n4","n2","n0"],"type":"node_broadcast"}}
2023/04/29 17:48:33 Received {n1 n0 {"message":42,"neighbors":["n4","n2","n0"],"type":"node_broadcast"}}
2023/04/29 17:48:33 Sent {"src":"n0","dest":"n3","body":{"message":42,"neighbors":["n3","n1"],"type":"node_broadcast"}}
2023/04/29 17:48:33 Sent {"src":"n0","dest":"n1","body":{"message":42,"neighbors":["n3","n1"],"type":"node_broadcast"}}
2023/04/29 17:48:33 Received {n3 n0 {"message":42,"neighbors":["n0","n4"],"type":"node_broadcast"}}
2023/04/29 17:48:33 Received {c10 n0 {"type":"broadcast","message":43,"msg_id":26}}
2023/04/29 17:48:33 Sent {"src":"n0","dest":"n3","body":{"message":43,"neighbors":["n3","n1"],"type":"node_broadcast"}}
2023/04/29 17:48:33 Sent {"src":"n0","dest":"n1","body":{"message":43,"neighbors":["n3","n1"],"type":"node_broadcast"}}
2023/04/29 17:48:33 Sent {"src":"n0","dest":"c10","body":{"in_reply_to":26,"type":"broadcast_ok"}}
2023/04/29 17:48:33 Received {n3 n0 {"message":43,"neighbors":["n0","n4"],"type":"node_broadcast"}}
2023/04/29 17:48:33 Received {n1 n0 {"message":43,"neighbors":["n4","n2","n0"],"type":"node_broadcast"}}
2023/04/29 17:48:33 Received {c10 n0 {"type":"read","msg_id":27}}
2023/04/29 17:48:33 Sent {"src":"n0","dest":"c10","body":{"in_reply_to":27,"messages":[0,1,2,3,4,5,6,7,8,9,10,11,12,13,14,15,16,17,18,19,20,21,22,23,24,25,26,27,28,29,30,31,32,33,34,35,36,37,38,39,40,41,42,43],"type":"read_ok"}}
2023/04/29 17:48:34 Received {n1 n0 {"message":44,"neighbors":["n4","n2","n0"],"type":"node_broadcast"}}
2023/04/29 17:48:34 Sent {"src":"n0","dest":"n3","body":{"message":44,"neighbors":["n3","n1"],"type":"node_broadcast"}}
2023/04/29 17:48:34 Sent {"src":"n0","dest":"n1","body":{"message":44,"neighbors":["n3","n1"],"type":"node_broadcast"}}
2023/04/29 17:48:34 Received {n3 n0 {"message":44,"neighbors":["n0","n4"],"type":"node_broadcast"}}
2023/04/29 17:48:34 Received {n1 n0 {"message":45,"neighbors":["n4","n2","n0"],"type":"node_broadcast"}}
2023/04/29 17:48:34 Received {n3 n0 {"message":45,"neighbors":["n0","n4"],"type":"node_broadcast"}}
2023/04/29 17:48:34 Sent {"src":"n0","dest":"n3","body":{"message":45,"neighbors":["n3","n1"],"type":"node_broadcast"}}
2023/04/29 17:48:34 Sent {"src":"n0","dest":"n1","body":{"message":45,"neighbors":["n3","n1"],"type":"node_broadcast"}}
2023/04/29 17:48:34 Received {c10 n0 {"type":"broadcast","message":46,"msg_id":28}}
2023/04/29 17:48:34 Sent {"src":"n0","dest":"n3","body":{"message":46,"neighbors":["n3","n1"],"type":"node_broadcast"}}
2023/04/29 17:48:34 Sent {"src":"n0","dest":"n1","body":{"message":46,"neighbors":["n3","n1"],"type":"node_broadcast"}}
2023/04/29 17:48:34 Sent {"src":"n0","dest":"c10","body":{"in_reply_to":28,"type":"broadcast_ok"}}
2023/04/29 17:48:34 Received {n3 n0 {"message":46,"neighbors":["n0","n4"],"type":"node_broadcast"}}
2023/04/29 17:48:34 Received {n1 n0 {"message":46,"neighbors":["n4","n2","n0"],"type":"node_broadcast"}}
2023/04/29 17:48:34 Received {c10 n0 {"type":"broadcast","message":47,"msg_id":29}}
2023/04/29 17:48:34 Sent {"src":"n0","dest":"n3","body":{"message":47,"neighbors":["n3","n1"],"type":"node_broadcast"}}
2023/04/29 17:48:34 Sent {"src":"n0","dest":"n1","body":{"message":47,"neighbors":["n3","n1"],"type":"node_broadcast"}}
2023/04/29 17:48:34 Sent {"src":"n0","dest":"c10","body":{"in_reply_to":29,"type":"broadcast_ok"}}
2023/04/29 17:48:34 Received {n3 n0 {"message":47,"neighbors":["n0","n4"],"type":"node_broadcast"}}
2023/04/29 17:48:34 Received {n1 n0 {"message":47,"neighbors":["n4","n2","n0"],"type":"node_broadcast"}}
2023/04/29 17:48:34 Received {n1 n0 {"message":48,"neighbors":["n4","n2","n0"],"type":"node_broadcast"}}
2023/04/29 17:48:34 Sent {"src":"n0","dest":"n3","body":{"message":48,"neighbors":["n3","n1"],"type":"node_broadcast"}}
2023/04/29 17:48:34 Sent {"src":"n0","dest":"n1","body":{"message":48,"neighbors":["n3","n1"],"type":"node_broadcast"}}
2023/04/29 17:48:34 Received {n3 n0 {"message":48,"neighbors":["n0","n4"],"type":"node_broadcast"}}
2023/04/29 17:48:34 Received {n3 n0 {"message":49,"neighbors":["n0","n4"],"type":"node_broadcast"}}
2023/04/29 17:48:34 Sent {"src":"n0","dest":"n3","body":{"message":49,"neighbors":["n3","n1"],"type":"node_broadcast"}}
2023/04/29 17:48:34 Sent {"src":"n0","dest":"n1","body":{"message":49,"neighbors":["n3","n1"],"type":"node_broadcast"}}
2023/04/29 17:48:34 Received {n1 n0 {"message":49,"neighbors":["n4","n2","n0"],"type":"node_broadcast"}}
2023/04/29 17:48:34 Received {c10 n0 {"type":"read","msg_id":30}}
2023/04/29 17:48:34 Sent {"src":"n0","dest":"c10","body":{"in_reply_to":30,"messages":[0,1,2,3,4,5,6,7,8,9,10,11,12,13,14,15,16,17,18,19,20,21,22,23,24,25,26,27,28,29,30,31,32,33,34,35,36,37,38,39,40,41,42,43,44,45,46,47,48,49],"type":"read_ok"}}
2023/04/29 17:48:35 Received {c10 n0 {"type":"broadcast","message":50,"msg_id":31}}
2023/04/29 17:48:35 Sent {"src":"n0","dest":"n3","body":{"message":50,"neighbors":["n3","n1"],"type":"node_broadcast"}}
2023/04/29 17:48:35 Sent {"src":"n0","dest":"n1","body":{"message":50,"neighbors":["n3","n1"],"type":"node_broadcast"}}
2023/04/29 17:48:35 Sent {"src":"n0","dest":"c10","body":{"in_reply_to":31,"type":"broadcast_ok"}}
2023/04/29 17:48:35 Received {n3 n0 {"message":50,"neighbors":["n0","n4"],"type":"node_broadcast"}}
2023/04/29 17:48:35 Received {n1 n0 {"message":50,"neighbors":["n4","n2","n0"],"type":"node_broadcast"}}
2023/04/29 17:48:35 Received {n1 n0 {"message":51,"neighbors":["n4","n2","n0"],"type":"node_broadcast"}}
2023/04/29 17:48:35 Sent {"src":"n0","dest":"n3","body":{"message":51,"neighbors":["n3","n1"],"type":"node_broadcast"}}
2023/04/29 17:48:35 Sent {"src":"n0","dest":"n1","body":{"message":51,"neighbors":["n3","n1"],"type":"node_broadcast"}}
2023/04/29 17:48:35 Received {n3 n0 {"message":51,"neighbors":["n0","n4"],"type":"node_broadcast"}}
2023/04/29 17:48:35 Received {n3 n0 {"message":52,"neighbors":["n0","n4"],"type":"node_broadcast"}}
2023/04/29 17:48:35 Sent {"src":"n0","dest":"n3","body":{"message":52,"neighbors":["n3","n1"],"type":"node_broadcast"}}
2023/04/29 17:48:35 Sent {"src":"n0","dest":"n1","body":{"message":52,"neighbors":["n3","n1"],"type":"node_broadcast"}}
2023/04/29 17:48:35 Received {n1 n0 {"message":52,"neighbors":["n4","n2","n0"],"type":"node_broadcast"}}
2023/04/29 17:48:35 Received {c10 n0 {"type":"read","msg_id":32}}
2023/04/29 17:48:35 Sent {"src":"n0","dest":"c10","body":{"in_reply_to":32,"messages":[0,1,2,3,4,5,6,7,8,9,10,11,12,13,14,15,16,17,18,19,20,21,22,23,24,25,26,27,28,29,30,31,32,33,34,35,36,37,38,39,40,41,42,43,44,45,46,47,48,49,50,51,52],"type":"read_ok"}}
2023/04/29 17:48:35 Received {c10 n0 {"type":"read","msg_id":33}}
2023/04/29 17:48:35 Sent {"src":"n0","dest":"c10","body":{"in_reply_to":33,"messages":[0,1,2,3,4,5,6,7,8,9,10,11,12,13,14,15,16,17,18,19,20,21,22,23,24,25,26,27,28,29,30,31,32,33,34,35,36,37,38,39,40,41,42,43,44,45,46,47,48,49,50,51,52],"type":"read_ok"}}
2023/04/29 17:48:36 Received {n3 n0 {"message":53,"neighbors":["n0","n4"],"type":"node_broadcast"}}
2023/04/29 17:48:36 Sent {"src":"n0","dest":"n3","body":{"message":53,"neighbors":["n3","n1"],"type":"node_broadcast"}}
2023/04/29 17:48:36 Sent {"src":"n0","dest":"n1","body":{"message":53,"neighbors":["n3","n1"],"type":"node_broadcast"}}
2023/04/29 17:48:36 Received {n1 n0 {"message":53,"neighbors":["n4","n2","n0"],"type":"node_broadcast"}}
2023/04/29 17:48:36 Received {c10 n0 {"type":"broadcast","message":54,"msg_id":34}}
2023/04/29 17:48:36 Sent {"src":"n0","dest":"n3","body":{"message":54,"neighbors":["n3","n1"],"type":"node_broadcast"}}
2023/04/29 17:48:36 Sent {"src":"n0","dest":"n1","body":{"message":54,"neighbors":["n3","n1"],"type":"node_broadcast"}}
2023/04/29 17:48:36 Sent {"src":"n0","dest":"c10","body":{"in_reply_to":34,"type":"broadcast_ok"}}
2023/04/29 17:48:36 Received {n3 n0 {"message":54,"neighbors":["n0","n4"],"type":"node_broadcast"}}
2023/04/29 17:48:36 Received {n1 n0 {"message":54,"neighbors":["n4","n2","n0"],"type":"node_broadcast"}}
2023/04/29 17:48:36 Received {c10 n0 {"type":"read","msg_id":35}}
2023/04/29 17:48:36 Sent {"src":"n0","dest":"c10","body":{"in_reply_to":35,"messages":[0,1,2,3,4,5,6,7,8,9,10,11,12,13,14,15,16,17,18,19,20,21,22,23,24,25,26,27,28,29,30,31,32,33,34,35,36,37,38,39,40,41,42,43,44,45,46,47,48,49,50,51,52,53,54],"type":"read_ok"}}
2023/04/29 17:48:36 Received {n1 n0 {"message":55,"neighbors":["n4","n2","n0"],"type":"node_broadcast"}}
2023/04/29 17:48:36 Sent {"src":"n0","dest":"n3","body":{"message":55,"neighbors":["n3","n1"],"type":"node_broadcast"}}
2023/04/29 17:48:36 Sent {"src":"n0","dest":"n1","body":{"message":55,"neighbors":["n3","n1"],"type":"node_broadcast"}}
2023/04/29 17:48:36 Received {n3 n0 {"message":55,"neighbors":["n0","n4"],"type":"node_broadcast"}}
2023/04/29 17:48:36 Received {n1 n0 {"message":56,"neighbors":["n4","n2","n0"],"type":"node_broadcast"}}
2023/04/29 17:48:36 Sent {"src":"n0","dest":"n3","body":{"message":56,"neighbors":["n3","n1"],"type":"node_broadcast"}}
2023/04/29 17:48:36 Sent {"src":"n0","dest":"n1","body":{"message":56,"neighbors":["n3","n1"],"type":"node_broadcast"}}
2023/04/29 17:48:36 Received {n3 n0 {"message":56,"neighbors":["n0","n4"],"type":"node_broadcast"}}
2023/04/29 17:48:36 Received {c10 n0 {"type":"read","msg_id":36}}
2023/04/29 17:48:36 Sent {"src":"n0","dest":"c10","body":{"in_reply_to":36,"messages":[0,1,2,3,4,5,6,7,8,9,10,11,12,13,14,15,16,17,18,19,20,21,22,23,24,25,26,27,28,29,30,31,32,33,34,35,36,37,38,39,40,41,42,43,44,45,46,47,48,49,50,51,52,53,54,55,56],"type":"read_ok"}}
2023/04/29 17:48:36 Received {c10 n0 {"type":"broadcast","message":57,"msg_id":37}}
2023/04/29 17:48:36 Sent {"src":"n0","dest":"n3","body":{"message":57,"neighbors":["n3","n1"],"type":"node_broadcast"}}
2023/04/29 17:48:36 Sent {"src":"n0","dest":"n1","body":{"message":57,"neighbors":["n3","n1"],"type":"node_broadcast"}}
2023/04/29 17:48:36 Sent {"src":"n0","dest":"c10","body":{"in_reply_to":37,"type":"broadcast_ok"}}
2023/04/29 17:48:36 Received {n3 n0 {"message":57,"neighbors":["n0","n4"],"type":"node_broadcast"}}
2023/04/29 17:48:36 Received {n1 n0 {"message":57,"neighbors":["n4","n2","n0"],"type":"node_broadcast"}}
2023/04/29 17:48:36 Received {n1 n0 {"message":58,"neighbors":["n4","n2","n0"],"type":"node_broadcast"}}
2023/04/29 17:48:36 Sent {"src":"n0","dest":"n3","body":{"message":58,"neighbors":["n3","n1"],"type":"node_broadcast"}}
2023/04/29 17:48:36 Sent {"src":"n0","dest":"n1","body":{"message":58,"neighbors":["n3","n1"],"type":"node_broadcast"}}
2023/04/29 17:48:36 Received {n3 n0 {"message":58,"neighbors":["n0","n4"],"type":"node_broadcast"}}
2023/04/29 17:48:37 Received {n3 n0 {"message":59,"neighbors":["n0","n4"],"type":"node_broadcast"}}
2023/04/29 17:48:37 Sent {"src":"n0","dest":"n3","body":{"message":59,"neighbors":["n3","n1"],"type":"node_broadcast"}}
2023/04/29 17:48:37 Sent {"src":"n0","dest":"n1","body":{"message":59,"neighbors":["n3","n1"],"type":"node_broadcast"}}
2023/04/29 17:48:37 Received {n1 n0 {"message":59,"neighbors":["n4","n2","n0"],"type":"node_broadcast"}}
2023/04/29 17:48:37 Received {c10 n0 {"type":"broadcast","message":60,"msg_id":38}}
2023/04/29 17:48:37 Sent {"src":"n0","dest":"n3","body":{"message":60,"neighbors":["n3","n1"],"type":"node_broadcast"}}
2023/04/29 17:48:37 Sent {"src":"n0","dest":"n1","body":{"message":60,"neighbors":["n3","n1"],"type":"node_broadcast"}}
2023/04/29 17:48:37 Sent {"src":"n0","dest":"c10","body":{"in_reply_to":38,"type":"broadcast_ok"}}
2023/04/29 17:48:37 Received {n3 n0 {"message":60,"neighbors":["n0","n4"],"type":"node_broadcast"}}
2023/04/29 17:48:37 Received {n1 n0 {"message":60,"neighbors":["n4","n2","n0"],"type":"node_broadcast"}}
2023/04/29 17:48:37 Received {c10 n0 {"type":"broadcast","message":61,"msg_id":39}}
2023/04/29 17:48:37 Sent {"src":"n0","dest":"n3","body":{"message":61,"neighbors":["n3","n1"],"type":"node_broadcast"}}
2023/04/29 17:48:37 Sent {"src":"n0","dest":"n1","body":{"message":61,"neighbors":["n3","n1"],"type":"node_broadcast"}}
2023/04/29 17:48:37 Sent {"src":"n0","dest":"c10","body":{"in_reply_to":39,"type":"broadcast_ok"}}
2023/04/29 17:48:37 Received {n3 n0 {"message":61,"neighbors":["n0","n4"],"type":"node_broadcast"}}
2023/04/29 17:48:37 Received {n1 n0 {"message":61,"neighbors":["n4","n2","n0"],"type":"node_broadcast"}}
2023/04/29 17:48:37 Received {n1 n0 {"message":62,"neighbors":["n4","n2","n0"],"type":"node_broadcast"}}
2023/04/29 17:48:37 Sent {"src":"n0","dest":"n3","body":{"message":62,"neighbors":["n3","n1"],"type":"node_broadcast"}}
2023/04/29 17:48:37 Sent {"src":"n0","dest":"n1","body":{"message":62,"neighbors":["n3","n1"],"type":"node_broadcast"}}
2023/04/29 17:48:37 Received {n3 n0 {"message":62,"neighbors":["n0","n4"],"type":"node_broadcast"}}
2023/04/29 17:48:38 Received {c10 n0 {"type":"broadcast","message":63,"msg_id":40}}
2023/04/29 17:48:38 Sent {"src":"n0","dest":"n3","body":{"message":63,"neighbors":["n3","n1"],"type":"node_broadcast"}}
2023/04/29 17:48:38 Sent {"src":"n0","dest":"n1","body":{"message":63,"neighbors":["n3","n1"],"type":"node_broadcast"}}
2023/04/29 17:48:38 Sent {"src":"n0","dest":"c10","body":{"in_reply_to":40,"type":"broadcast_ok"}}
2023/04/29 17:48:38 Received {n3 n0 {"message":63,"neighbors":["n0","n4"],"type":"node_broadcast"}}
2023/04/29 17:48:38 Received {n1 n0 {"message":63,"neighbors":["n4","n2","n0"],"type":"node_broadcast"}}
2023/04/29 17:48:38 Received {c10 n0 {"type":"broadcast","message":64,"msg_id":41}}
2023/04/29 17:48:38 Sent {"src":"n0","dest":"n3","body":{"message":64,"neighbors":["n3","n1"],"type":"node_broadcast"}}
2023/04/29 17:48:38 Sent {"src":"n0","dest":"n1","body":{"message":64,"neighbors":["n3","n1"],"type":"node_broadcast"}}
2023/04/29 17:48:38 Sent {"src":"n0","dest":"c10","body":{"in_reply_to":41,"type":"broadcast_ok"}}
2023/04/29 17:48:38 Received {n3 n0 {"message":64,"neighbors":["n0","n4"],"type":"node_broadcast"}}
2023/04/29 17:48:38 Received {n1 n0 {"message":64,"neighbors":["n4","n2","n0"],"type":"node_broadcast"}}
2023/04/29 17:48:38 Received {n1 n0 {"message":65,"neighbors":["n4","n2","n0"],"type":"node_broadcast"}}
2023/04/29 17:48:38 Sent {"src":"n0","dest":"n3","body":{"message":65,"neighbors":["n3","n1"],"type":"node_broadcast"}}
2023/04/29 17:48:38 Sent {"src":"n0","dest":"n1","body":{"message":65,"neighbors":["n3","n1"],"type":"node_broadcast"}}
2023/04/29 17:48:38 Received {n3 n0 {"message":65,"neighbors":["n0","n4"],"type":"node_broadcast"}}
2023/04/29 17:48:38 Received {n1 n0 {"message":66,"neighbors":["n4","n2","n0"],"type":"node_broadcast"}}
2023/04/29 17:48:38 Received {n3 n0 {"message":66,"neighbors":["n0","n4"],"type":"node_broadcast"}}
2023/04/29 17:48:38 Sent {"src":"n0","dest":"n3","body":{"message":66,"neighbors":["n3","n1"],"type":"node_broadcast"}}
2023/04/29 17:48:38 Sent {"src":"n0","dest":"n1","body":{"message":66,"neighbors":["n3","n1"],"type":"node_broadcast"}}
2023/04/29 17:48:38 Received {c10 n0 {"type":"broadcast","message":67,"msg_id":42}}
2023/04/29 17:48:38 Sent {"src":"n0","dest":"n3","body":{"message":67,"neighbors":["n3","n1"],"type":"node_broadcast"}}
2023/04/29 17:48:38 Sent {"src":"n0","dest":"n1","body":{"message":67,"neighbors":["n3","n1"],"type":"node_broadcast"}}
2023/04/29 17:48:38 Sent {"src":"n0","dest":"c10","body":{"in_reply_to":42,"type":"broadcast_ok"}}
2023/04/29 17:48:38 Received {n3 n0 {"message":67,"neighbors":["n0","n4"],"type":"node_broadcast"}}
2023/04/29 17:48:38 Received {n1 n0 {"message":67,"neighbors":["n4","n2","n0"],"type":"node_broadcast"}}
2023/04/29 17:48:38 Received {c10 n0 {"type":"read","msg_id":43}}
2023/04/29 17:48:38 Sent {"src":"n0","dest":"c10","body":{"in_reply_to":43,"messages":[0,1,2,3,4,5,6,7,8,9,10,11,12,13,14,15,16,17,18,19,20,21,22,23,24,25,26,27,28,29,30,31,32,33,34,35,36,37,38,39,40,41,42,43,44,45,46,47,48,49,50,51,52,53,54,55,56,57,58,59,60,61,62,63,64,65,66,67],"type":"read_ok"}}
2023/04/29 17:48:39 Received {n1 n0 {"message":68,"neighbors":["n4","n2","n0"],"type":"node_broadcast"}}
2023/04/29 17:48:39 Sent {"src":"n0","dest":"n3","body":{"message":68,"neighbors":["n3","n1"],"type":"node_broadcast"}}
2023/04/29 17:48:39 Sent {"src":"n0","dest":"n1","body":{"message":68,"neighbors":["n3","n1"],"type":"node_broadcast"}}
2023/04/29 17:48:39 Received {n3 n0 {"message":68,"neighbors":["n0","n4"],"type":"node_broadcast"}}
2023/04/29 17:48:39 Received {n1 n0 {"message":69,"neighbors":["n4","n2","n0"],"type":"node_broadcast"}}
2023/04/29 17:48:39 Sent {"src":"n0","dest":"n3","body":{"message":69,"neighbors":["n3","n1"],"type":"node_broadcast"}}
2023/04/29 17:48:39 Sent {"src":"n0","dest":"n1","body":{"message":69,"neighbors":["n3","n1"],"type":"node_broadcast"}}
2023/04/29 17:48:39 Received {n3 n0 {"message":69,"neighbors":["n0","n4"],"type":"node_broadcast"}}
2023/04/29 17:48:39 Received {c10 n0 {"type":"read","msg_id":44}}
2023/04/29 17:48:39 Sent {"src":"n0","dest":"c10","body":{"in_reply_to":44,"messages":[0,1,2,3,4,5,6,7,8,9,10,11,12,13,14,15,16,17,18,19,20,21,22,23,24,25,26,27,28,29,30,31,32,33,34,35,36,37,38,39,40,41,42,43,44,45,46,47,48,49,50,51,52,53,54,55,56,57,58,59,60,61,62,63,64,65,66,67,68,69],"type":"read_ok"}}
2023/04/29 17:48:39 Received {c10 n0 {"type":"read","msg_id":45}}
2023/04/29 17:48:39 Sent {"src":"n0","dest":"c10","body":{"in_reply_to":45,"messages":[0,1,2,3,4,5,6,7,8,9,10,11,12,13,14,15,16,17,18,19,20,21,22,23,24,25,26,27,28,29,30,31,32,33,34,35,36,37,38,39,40,41,42,43,44,45,46,47,48,49,50,51,52,53,54,55,56,57,58,59,60,61,62,63,64,65,66,67,68,69],"type":"read_ok"}}
2023/04/29 17:48:39 Received {n3 n0 {"message":70,"neighbors":["n0","n4"],"type":"node_broadcast"}}
2023/04/29 17:48:39 Sent {"src":"n0","dest":"n3","body":{"message":70,"neighbors":["n3","n1"],"type":"node_broadcast"}}
2023/04/29 17:48:39 Sent {"src":"n0","dest":"n1","body":{"message":70,"neighbors":["n3","n1"],"type":"node_broadcast"}}
2023/04/29 17:48:39 Received {n1 n0 {"message":70,"neighbors":["n4","n2","n0"],"type":"node_broadcast"}}
2023/04/29 17:48:40 Received {c10 n0 {"type":"broadcast","message":71,"msg_id":46}}
2023/04/29 17:48:40 Sent {"src":"n0","dest":"n3","body":{"message":71,"neighbors":["n3","n1"],"type":"node_broadcast"}}
2023/04/29 17:48:40 Sent {"src":"n0","dest":"n1","body":{"message":71,"neighbors":["n3","n1"],"type":"node_broadcast"}}
2023/04/29 17:48:40 Sent {"src":"n0","dest":"c10","body":{"in_reply_to":46,"type":"broadcast_ok"}}
2023/04/29 17:48:40 Received {n3 n0 {"message":71,"neighbors":["n0","n4"],"type":"node_broadcast"}}
2023/04/29 17:48:40 Received {n1 n0 {"message":71,"neighbors":["n4","n2","n0"],"type":"node_broadcast"}}
2023/04/29 17:48:40 Received {c10 n0 {"type":"broadcast","message":72,"msg_id":47}}
2023/04/29 17:48:40 Sent {"src":"n0","dest":"n3","body":{"message":72,"neighbors":["n3","n1"],"type":"node_broadcast"}}
2023/04/29 17:48:40 Sent {"src":"n0","dest":"n1","body":{"message":72,"neighbors":["n3","n1"],"type":"node_broadcast"}}
2023/04/29 17:48:40 Sent {"src":"n0","dest":"c10","body":{"in_reply_to":47,"type":"broadcast_ok"}}
2023/04/29 17:48:40 Received {n3 n0 {"message":72,"neighbors":["n0","n4"],"type":"node_broadcast"}}
2023/04/29 17:48:40 Received {n1 n0 {"message":72,"neighbors":["n4","n2","n0"],"type":"node_broadcast"}}
2023/04/29 17:48:40 Received {n1 n0 {"message":73,"neighbors":["n4","n2","n0"],"type":"node_broadcast"}}
2023/04/29 17:48:40 Sent {"src":"n0","dest":"n3","body":{"message":73,"neighbors":["n3","n1"],"type":"node_broadcast"}}
2023/04/29 17:48:40 Sent {"src":"n0","dest":"n1","body":{"message":73,"neighbors":["n3","n1"],"type":"node_broadcast"}}
2023/04/29 17:48:40 Received {n3 n0 {"message":73,"neighbors":["n0","n4"],"type":"node_broadcast"}}
2023/04/29 17:48:40 Received {n3 n0 {"message":74,"neighbors":["n0","n4"],"type":"node_broadcast"}}
2023/04/29 17:48:40 Sent {"src":"n0","dest":"n3","body":{"message":74,"neighbors":["n3","n1"],"type":"node_broadcast"}}
2023/04/29 17:48:40 Sent {"src":"n0","dest":"n1","body":{"message":74,"neighbors":["n3","n1"],"type":"node_broadcast"}}
2023/04/29 17:48:40 Received {n1 n0 {"message":74,"neighbors":["n4","n2","n0"],"type":"node_broadcast"}}
2023/04/29 17:48:40 Received {n1 n0 {"message":75,"neighbors":["n4","n2","n0"],"type":"node_broadcast"}}
2023/04/29 17:48:40 Received {n3 n0 {"message":75,"neighbors":["n0","n4"],"type":"node_broadcast"}}
2023/04/29 17:48:40 Sent {"src":"n0","dest":"n3","body":{"message":75,"neighbors":["n3","n1"],"type":"node_broadcast"}}
2023/04/29 17:48:40 Sent {"src":"n0","dest":"n1","body":{"message":75,"neighbors":["n3","n1"],"type":"node_broadcast"}}
2023/04/29 17:48:40 Received {c10 n0 {"type":"broadcast","message":76,"msg_id":48}}
2023/04/29 17:48:40 Sent {"src":"n0","dest":"n3","body":{"message":76,"neighbors":["n3","n1"],"type":"node_broadcast"}}
2023/04/29 17:48:40 Sent {"src":"n0","dest":"n1","body":{"message":76,"neighbors":["n3","n1"],"type":"node_broadcast"}}
2023/04/29 17:48:40 Sent {"src":"n0","dest":"c10","body":{"in_reply_to":48,"type":"broadcast_ok"}}
2023/04/29 17:48:40 Received {n3 n0 {"message":76,"neighbors":["n0","n4"],"type":"node_broadcast"}}
2023/04/29 17:48:40 Received {n1 n0 {"message":76,"neighbors":["n4","n2","n0"],"type":"node_broadcast"}}
2023/04/29 17:48:40 Received {c10 n0 {"type":"broadcast","message":77,"msg_id":49}}
2023/04/29 17:48:40 Sent {"src":"n0","dest":"n3","body":{"message":77,"neighbors":["n3","n1"],"type":"node_broadcast"}}
2023/04/29 17:48:40 Sent {"src":"n0","dest":"n1","body":{"message":77,"neighbors":["n3","n1"],"type":"node_broadcast"}}
2023/04/29 17:48:40 Sent {"src":"n0","dest":"c10","body":{"in_reply_to":49,"type":"broadcast_ok"}}
2023/04/29 17:48:40 Received {n3 n0 {"message":77,"neighbors":["n0","n4"],"type":"node_broadcast"}}
2023/04/29 17:48:40 Received {n1 n0 {"message":77,"neighbors":["n4","n2","n0"],"type":"node_broadcast"}}
2023/04/29 17:48:41 Received {c10 n0 {"type":"read","msg_id":50}}
2023/04/29 17:48:41 Sent {"src":"n0","dest":"c10","body":{"in_reply_to":50,"messages":[0,1,2,3,4,5,6,7,8,9,10,11,12,13,14,15,16,17,18,19,20,21,22,23,24,25,26,27,28,29,30,31,32,33,34,35,36,37,38,39,40,41,42,43,44,45,46,47,48,49,50,51,52,53,54,55,56,57,58,59,60,61,62,63,64,65,66,67,68,69,70,71,72,73,74,75,76,77],"type":"read_ok"}}
2023/04/29 17:48:41 Received {c10 n0 {"type":"broadcast","message":78,"msg_id":51}}
2023/04/29 17:48:41 Sent {"src":"n0","dest":"n3","body":{"message":78,"neighbors":["n3","n1"],"type":"node_broadcast"}}
2023/04/29 17:48:41 Sent {"src":"n0","dest":"n1","body":{"message":78,"neighbors":["n3","n1"],"type":"node_broadcast"}}
2023/04/29 17:48:41 Sent {"src":"n0","dest":"c10","body":{"in_reply_to":51,"type":"broadcast_ok"}}
2023/04/29 17:48:41 Received {n3 n0 {"message":78,"neighbors":["n0","n4"],"type":"node_broadcast"}}
2023/04/29 17:48:41 Received {n1 n0 {"message":78,"neighbors":["n4","n2","n0"],"type":"node_broadcast"}}
2023/04/29 17:48:42 Received {n3 n0 {"message":79,"neighbors":["n0","n4"],"type":"node_broadcast"}}
2023/04/29 17:48:42 Sent {"src":"n0","dest":"n3","body":{"message":79,"neighbors":["n3","n1"],"type":"node_broadcast"}}
2023/04/29 17:48:42 Sent {"src":"n0","dest":"n1","body":{"message":79,"neighbors":["n3","n1"],"type":"node_broadcast"}}
2023/04/29 17:48:42 Received {n1 n0 {"message":79,"neighbors":["n4","n2","n0"],"type":"node_broadcast"}}
2023/04/29 17:48:42 Received {c10 n0 {"type":"read","msg_id":52}}
2023/04/29 17:48:42 Sent {"src":"n0","dest":"c10","body":{"in_reply_to":52,"messages":[0,1,2,3,4,5,6,7,8,9,10,11,12,13,14,15,16,17,18,19,20,21,22,23,24,25,26,27,28,29,30,31,32,33,34,35,36,37,38,39,40,41,42,43,44,45,46,47,48,49,50,51,52,53,54,55,56,57,58,59,60,61,62,63,64,65,66,67,68,69,70,71,72,73,74,75,76,77,78,79],"type":"read_ok"}}
2023/04/29 17:48:42 Received {c10 n0 {"type":"read","msg_id":53}}
2023/04/29 17:48:42 Sent {"src":"n0","dest":"c10","body":{"in_reply_to":53,"messages":[0,1,2,3,4,5,6,7,8,9,10,11,12,13,14,15,16,17,18,19,20,21,22,23,24,25,26,27,28,29,30,31,32,33,34,35,36,37,38,39,40,41,42,43,44,45,46,47,48,49,50,51,52,53,54,55,56,57,58,59,60,61,62,63,64,65,66,67,68,69,70,71,72,73,74,75,76,77,78,79],"type":"read_ok"}}
2023/04/29 17:48:42 Received {n1 n0 {"message":80,"neighbors":["n4","n2","n0"],"type":"node_broadcast"}}
2023/04/29 17:48:42 Sent {"src":"n0","dest":"n3","body":{"message":80,"neighbors":["n3","n1"],"type":"node_broadcast"}}
2023/04/29 17:48:42 Sent {"src":"n0","dest":"n1","body":{"message":80,"neighbors":["n3","n1"],"type":"node_broadcast"}}
2023/04/29 17:48:42 Received {n3 n0 {"message":80,"neighbors":["n0","n4"],"type":"node_broadcast"}}
2023/04/29 17:48:42 Received {n3 n0 {"message":81,"neighbors":["n0","n4"],"type":"node_broadcast"}}
2023/04/29 17:48:42 Sent {"src":"n0","dest":"n3","body":{"message":81,"neighbors":["n3","n1"],"type":"node_broadcast"}}
2023/04/29 17:48:42 Sent {"src":"n0","dest":"n1","body":{"message":81,"neighbors":["n3","n1"],"type":"node_broadcast"}}
2023/04/29 17:48:42 Received {n1 n0 {"message":81,"neighbors":["n4","n2","n0"],"type":"node_broadcast"}}
2023/04/29 17:48:42 Received {n1 n0 {"message":82,"neighbors":["n4","n2","n0"],"type":"node_broadcast"}}
2023/04/29 17:48:42 Received {n3 n0 {"message":82,"neighbors":["n0","n4"],"type":"node_broadcast"}}
2023/04/29 17:48:42 Sent {"src":"n0","dest":"n3","body":{"message":82,"neighbors":["n3","n1"],"type":"node_broadcast"}}
2023/04/29 17:48:42 Sent {"src":"n0","dest":"n1","body":{"message":82,"neighbors":["n3","n1"],"type":"node_broadcast"}}
2023/04/29 17:48:42 Received {c10 n0 {"type":"read","msg_id":54}}
2023/04/29 17:48:42 Sent {"src":"n0","dest":"c10","body":{"in_reply_to":54,"messages":[0,1,2,3,4,5,6,7,8,9,10,11,12,13,14,15,16,17,18,19,20,21,22,23,24,25,26,27,28,29,30,31,32,33,34,35,36,37,38,39,40,41,42,43,44,45,46,47,48,49,50,51,52,53,54,55,56,57,58,59,60,61,62,63,64,65,66,67,68,69,70,71,72,73,74,75,76,77,78,79,80,81,82],"type":"read_ok"}}
2023/04/29 17:48:42 Received {c10 n0 {"type":"read","msg_id":55}}
2023/04/29 17:48:42 Sent {"src":"n0","dest":"c10","body":{"in_reply_to":55,"messages":[0,1,2,3,4,5,6,7,8,9,10,11,12,13,14,15,16,17,18,19,20,21,22,23,24,25,26,27,28,29,30,31,32,33,34,35,36,37,38,39,40,41,42,43,44,45,46,47,48,49,50,51,52,53,54,55,56,57,58,59,60,61,62,63,64,65,66,67,68,69,70,71,72,73,74,75,76,77,78,79,80,81,82],"type":"read_ok"}}
2023/04/29 17:48:42 Received {n1 n0 {"message":83,"neighbors":["n4","n2","n0"],"type":"node_broadcast"}}
2023/04/29 17:48:42 Sent {"src":"n0","dest":"n3","body":{"message":83,"neighbors":["n3","n1"],"type":"node_broadcast"}}
2023/04/29 17:48:42 Sent {"src":"n0","dest":"n1","body":{"message":83,"neighbors":["n3","n1"],"type":"node_broadcast"}}
2023/04/29 17:48:42 Received {n3 n0 {"message":83,"neighbors":["n0","n4"],"type":"node_broadcast"}}
2023/04/29 17:48:42 Received {n1 n0 {"message":84,"neighbors":["n4","n2","n0"],"type":"node_broadcast"}}
2023/04/29 17:48:42 Received {n3 n0 {"message":84,"neighbors":["n0","n4"],"type":"node_broadcast"}}
2023/04/29 17:48:42 Sent {"src":"n0","dest":"n3","body":{"message":84,"neighbors":["n3","n1"],"type":"node_broadcast"}}
2023/04/29 17:48:42 Sent {"src":"n0","dest":"n1","body":{"message":84,"neighbors":["n3","n1"],"type":"node_broadcast"}}
2023/04/29 17:48:43 Received {c10 n0 {"type":"read","msg_id":56}}
2023/04/29 17:48:43 Sent {"src":"n0","dest":"c10","body":{"in_reply_to":56,"messages":[0,1,2,3,4,5,6,7,8,9,10,11,12,13,14,15,16,17,18,19,20,21,22,23,24,25,26,27,28,29,30,31,32,33,34,35,36,37,38,39,40,41,42,43,44,45,46,47,48,49,50,51,52,53,54,55,56,57,58,59,60,61,62,63,64,65,66,67,68,69,70,71,72,73,74,75,76,77,78,79,80,81,82,83,84],"type":"read_ok"}}
2023/04/29 17:48:43 Received {c10 n0 {"type":"read","msg_id":57}}
2023/04/29 17:48:43 Sent {"src":"n0","dest":"c10","body":{"in_reply_to":57,"messages":[0,1,2,3,4,5,6,7,8,9,10,11,12,13,14,15,16,17,18,19,20,21,22,23,24,25,26,27,28,29,30,31,32,33,34,35,36,37,38,39,40,41,42,43,44,45,46,47,48,49,50,51,52,53,54,55,56,57,58,59,60,61,62,63,64,65,66,67,68,69,70,71,72,73,74,75,76,77,78,79,80,81,82,83,84],"type":"read_ok"}}
2023/04/29 17:48:43 Received {n3 n0 {"message":85,"neighbors":["n0","n4"],"type":"node_broadcast"}}
2023/04/29 17:48:43 Sent {"src":"n0","dest":"n3","body":{"message":85,"neighbors":["n3","n1"],"type":"node_broadcast"}}
2023/04/29 17:48:43 Sent {"src":"n0","dest":"n1","body":{"message":85,"neighbors":["n3","n1"],"type":"node_broadcast"}}
2023/04/29 17:48:43 Received {n1 n0 {"message":85,"neighbors":["n4","n2","n0"],"type":"node_broadcast"}}
2023/04/29 17:48:43 Received {c10 n0 {"type":"read","msg_id":58}}
2023/04/29 17:48:43 Sent {"src":"n0","dest":"c10","body":{"in_reply_to":58,"messages":[0,1,2,3,4,5,6,7,8,9,10,11,12,13,14,15,16,17,18,19,20,21,22,23,24,25,26,27,28,29,30,31,32,33,34,35,36,37,38,39,40,41,42,43,44,45,46,47,48,49,50,51,52,53,54,55,56,57,58,59,60,61,62,63,64,65,66,67,68,69,70,71,72,73,74,75,76,77,78,79,80,81,82,83,84,85],"type":"read_ok"}}
2023/04/29 17:48:43 Received {c10 n0 {"type":"read","msg_id":59}}
2023/04/29 17:48:43 Sent {"src":"n0","dest":"c10","body":{"in_reply_to":59,"messages":[0,1,2,3,4,5,6,7,8,9,10,11,12,13,14,15,16,17,18,19,20,21,22,23,24,25,26,27,28,29,30,31,32,33,34,35,36,37,38,39,40,41,42,43,44,45,46,47,48,49,50,51,52,53,54,55,56,57,58,59,60,61,62,63,64,65,66,67,68,69,70,71,72,73,74,75,76,77,78,79,80,81,82,83,84,85],"type":"read_ok"}}
2023/04/29 17:48:44 Received {n1 n0 {"message":86,"neighbors":["n4","n2","n0"],"type":"node_broadcast"}}
2023/04/29 17:48:44 Sent {"src":"n0","dest":"n3","body":{"message":86,"neighbors":["n3","n1"],"type":"node_broadcast"}}
2023/04/29 17:48:44 Sent {"src":"n0","dest":"n1","body":{"message":86,"neighbors":["n3","n1"],"type":"node_broadcast"}}
2023/04/29 17:48:44 Received {n3 n0 {"message":86,"neighbors":["n0","n4"],"type":"node_broadcast"}}
2023/04/29 17:48:44 Received {n3 n0 {"message":87,"neighbors":["n0","n4"],"type":"node_broadcast"}}
2023/04/29 17:48:44 Received {n1 n0 {"message":87,"neighbors":["n4","n2","n0"],"type":"node_broadcast"}}
2023/04/29 17:48:44 Sent {"src":"n0","dest":"n3","body":{"message":87,"neighbors":["n3","n1"],"type":"node_broadcast"}}
2023/04/29 17:48:44 Sent {"src":"n0","dest":"n1","body":{"message":87,"neighbors":["n3","n1"],"type":"node_broadcast"}}
2023/04/29 17:48:44 Received {c10 n0 {"type":"broadcast","message":88,"msg_id":60}}
2023/04/29 17:48:44 Sent {"src":"n0","dest":"n3","body":{"message":88,"neighbors":["n3","n1"],"type":"node_broadcast"}}
2023/04/29 17:48:44 Sent {"src":"n0","dest":"n1","body":{"message":88,"neighbors":["n3","n1"],"type":"node_broadcast"}}
2023/04/29 17:48:44 Sent {"src":"n0","dest":"c10","body":{"in_reply_to":60,"type":"broadcast_ok"}}
2023/04/29 17:48:44 Received {n3 n0 {"message":88,"neighbors":["n0","n4"],"type":"node_broadcast"}}
2023/04/29 17:48:44 Received {n1 n0 {"message":88,"neighbors":["n4","n2","n0"],"type":"node_broadcast"}}
2023/04/29 17:48:44 Received {c10 n0 {"type":"broadcast","message":89,"msg_id":61}}
2023/04/29 17:48:44 Sent {"src":"n0","dest":"n3","body":{"message":89,"neighbors":["n3","n1"],"type":"node_broadcast"}}
2023/04/29 17:48:44 Sent {"src":"n0","dest":"n1","body":{"message":89,"neighbors":["n3","n1"],"type":"node_broadcast"}}
2023/04/29 17:48:44 Sent {"src":"n0","dest":"c10","body":{"in_reply_to":61,"type":"broadcast_ok"}}
2023/04/29 17:48:44 Received {n3 n0 {"message":89,"neighbors":["n0","n4"],"type":"node_broadcast"}}
2023/04/29 17:48:44 Received {n1 n0 {"message":89,"neighbors":["n4","n2","n0"],"type":"node_broadcast"}}
2023/04/29 17:48:45 Received {c10 n0 {"type":"broadcast","message":90,"msg_id":62}}
2023/04/29 17:48:45 Sent {"src":"n0","dest":"n3","body":{"message":90,"neighbors":["n3","n1"],"type":"node_broadcast"}}
2023/04/29 17:48:45 Sent {"src":"n0","dest":"n1","body":{"message":90,"neighbors":["n3","n1"],"type":"node_broadcast"}}
2023/04/29 17:48:45 Sent {"src":"n0","dest":"c10","body":{"in_reply_to":62,"type":"broadcast_ok"}}
2023/04/29 17:48:45 Received {n3 n0 {"message":90,"neighbors":["n0","n4"],"type":"node_broadcast"}}
2023/04/29 17:48:45 Received {n1 n0 {"message":90,"neighbors":["n4","n2","n0"],"type":"node_broadcast"}}
2023/04/29 17:48:45 Received {c10 n0 {"type":"broadcast","message":91,"msg_id":63}}
2023/04/29 17:48:45 Sent {"src":"n0","dest":"n3","body":{"message":91,"neighbors":["n3","n1"],"type":"node_broadcast"}}
2023/04/29 17:48:45 Sent {"src":"n0","dest":"n1","body":{"message":91,"neighbors":["n3","n1"],"type":"node_broadcast"}}
2023/04/29 17:48:45 Sent {"src":"n0","dest":"c10","body":{"in_reply_to":63,"type":"broadcast_ok"}}
2023/04/29 17:48:45 Received {n3 n0 {"message":91,"neighbors":["n0","n4"],"type":"node_broadcast"}}
2023/04/29 17:48:45 Received {n1 n0 {"message":91,"neighbors":["n4","n2","n0"],"type":"node_broadcast"}}
2023/04/29 17:48:45 Received {n1 n0 {"message":92,"neighbors":["n4","n2","n0"],"type":"node_broadcast"}}
2023/04/29 17:48:45 Sent {"src":"n0","dest":"n3","body":{"message":92,"neighbors":["n3","n1"],"type":"node_broadcast"}}
2023/04/29 17:48:45 Sent {"src":"n0","dest":"n1","body":{"message":92,"neighbors":["n3","n1"],"type":"node_broadcast"}}
2023/04/29 17:48:45 Received {n3 n0 {"message":92,"neighbors":["n0","n4"],"type":"node_broadcast"}}
2023/04/29 17:48:55 Received {c10 n0 {"type":"read","msg_id":64}}
2023/04/29 17:48:55 Sent {"src":"n0","dest":"c10","body":{"in_reply_to":64,"messages":[0,1,2,3,4,5,6,7,8,9,10,11,12,13,14,15,16,17,18,19,20,21,22,23,24,25,26,27,28,29,30,31,32,33,34,35,36,37,38,39,40,41,42,43,44,45,46,47,48,49,50,51,52,53,54,55,56,57,58,59,60,61,62,63,64,65,66,67,68,69,70,71,72,73,74,75,76,77,78,79,80,81,82,83,84,85,86,87,88,89,90,91,92],"type":"read_ok"}}
