2023-04-26 15:34:11,660{GMT}	INFO	[jepsen test runner] jepsen.core: Test version 16d8edfad7fa9fe2a77b222c22b10b195885b3a8 (plus uncommitted changes)
2023-04-26 15:34:11,660{GMT}	INFO	[jepsen test runner] jepsen.core: Command line:
lein run test -w broadcast --bin ./broadcast --node-count 5 --time-limit 20 --rate 10
2023-04-26 15:34:11,693{GMT}	INFO	[jepsen test runner] jepsen.core: Running test:
{:args []
 :remote
 #jepsen.control.retry.Remote{:remote #jepsen.control.scp.Remote{:cmd-remote #jepsen.control.sshj.SSHJRemote{:concurrency-limit 6,
                                                                                                             :conn-spec nil,
                                                                                                             :client nil,
                                                                                                             :semaphore nil},
                                                                 :conn-spec nil},
                              :conn nil}
 :log-net-send false
 :node-count 5
 :availability nil
 :max-txn-length 4
 :concurrency 5
 :db
 #object[maelstrom.db$db$reify__16142
         "0x78167"
         "maelstrom.db$db$reify__16142@78167"]
 :max-writes-per-key 16
 :leave-db-running? false
 :name "broadcast"
 :logging-json? false
 :start-time
 #object[org.joda.time.DateTime "0x469caf69" "2023-04-26T15:34:11.634-03:00"]
 :nemesis-interval 10
 :net
 #object[maelstrom.net$jepsen_net$reify__15251
         "0x5e05064b"
         "maelstrom.net$jepsen_net$reify__15251@5e05064b"]
 :client
 #object[maelstrom.workload.broadcast$client$reify__16644
         "0x527e6bd3"
         "maelstrom.workload.broadcast$client$reify__16644@527e6bd3"]
 :barrier
 #object[java.util.concurrent.CyclicBarrier
         "0x4867e76b"
         "java.util.concurrent.CyclicBarrier@4867e76b"]
 :log-stderr false
 :pure-generators true
 :ssh {:dummy? true}
 :rate 10.0
 :checker
 #object[jepsen.checker$compose$reify__11881
         "0x6ba3eee9"
         "jepsen.checker$compose$reify__11881@6ba3eee9"]
 :argv
 ("test"
  "-w"
  "broadcast"
  "--bin"
  "./broadcast"
  "--node-count"
  "5"
  "--time-limit"
  "20"
  "--rate"
  "10")
 :nemesis
 (jepsen.nemesis.ReflCompose
  {:fm {:start-partition 0,
        :stop-partition 0,
        :kill 1,
        :start 1,
        :pause 1,
        :resume 1},
   :nemeses [#unprintable "jepsen.nemesis.combined$partition_nemesis$reify__16416@1d628a88"
             #unprintable "jepsen.nemesis.combined$db_nemesis$reify__16397@3c634a04"]})
 :nodes ["n0" "n1" "n2" "n3" "n4"]
 :test-count 1
 :latency {:mean 0, :dist :constant}
 :bin "./broadcast"
 :generator
 ((jepsen.generator.Synchronize
   {:gen (jepsen.generator.TimeLimit
          {:limit 20000000000,
           :cutoff nil,
           :gen (jepsen.generator.Any
                 {:gens [(jepsen.generator.OnThreads
                          {:f #{:nemesis},
                           :context-filter #object[jepsen.generator.context$make_thread_filter$lazy_filter__9167
                                                   "0x3b42d7df"
                                                   "jepsen.generator.context$make_thread_filter$lazy_filter__9167@3b42d7df"],
                           :gen nil})
                         (jepsen.generator.OnThreads
                          {:f #jepsen.generator.context.AllBut{:element :nemesis},
                           :context-filter #object[jepsen.generator.context$make_thread_filter$lazy_filter__9167
                                                   "0x1660bba7"
                                                   "jepsen.generator.context$make_thread_filter$lazy_filter__9167@1660bba7"],
                           :gen (jepsen.generator.Stagger
                                 {:dt 200000000,
                                  :next-time nil,
                                  :gen (jepsen.generator.Mix
                                        {:i 0,
                                         :gens [({:f :broadcast, :value 0}
                                                 {:f :broadcast, :value 1}
                                                 {:f :broadcast, :value 2}
                                                 {:f :broadcast, :value 3}
                                                 {:f :broadcast, :value 4}
                                                 {:f :broadcast, :value 5}
                                                 {:f :broadcast, :value 6}
                                                 {:f :broadcast, :value 7}
                                                 ...)
                                                ({:f :read}
                                                 {:f :read}
                                                 {:f :read}
                                                 {:f :read}
                                                 {:f :read}
                                                 {:f :read}
                                                 {:f :read}
                                                 {:f :read}
                                                 ...)]})})})]})})})
  (jepsen.generator.Synchronize
   {:gen (jepsen.generator.OnThreads
          {:f #{:nemesis},
           :context-filter #object[jepsen.generator.context$make_thread_filter$lazy_filter__9167
                                   "0x49e3b86b"
                                   "jepsen.generator.context$make_thread_filter$lazy_filter__9167@49e3b86b"],
           :gen ()})})
  (jepsen.generator.Synchronize
   {:gen {:type :log, :value "Waiting for recovery..."}})
  (jepsen.generator.Synchronize {:gen {:type :sleep, :value 10}})
  (jepsen.generator.Synchronize
   {:gen (jepsen.generator.OnThreads
          {:f #jepsen.generator.context.AllBut{:element :nemesis},
           :context-filter #object[jepsen.generator.context$make_thread_filter$lazy_filter__9167
                                   "0x64b262a7"
                                   "jepsen.generator.context$make_thread_filter$lazy_filter__9167@64b262a7"],
           :gen (jepsen.generator.EachThread
                 {:fresh-gen {:f :read, :final? true},
                  :context-filters #object[clojure.core$promise$reify__8591
                                           "0x771c4015"
                                           {:status :pending, :val nil}],
                  :gens {}})})}))
 :log-net-recv false
 :os
 #object[maelstrom.net$jepsen_os$reify__15254
         "0x34d776eb"
         "maelstrom.net$jepsen_os$reify__15254@34d776eb"]
 :time-limit 20
 :workload :broadcast
 :consistency-models [:strict-serializable]
 :topology :grid}

2023-04-26 15:34:12,556{GMT}	INFO	[jepsen node n0] maelstrom.net: Starting Maelstrom network
2023-04-26 15:34:12,556{GMT}	INFO	[jepsen test runner] jepsen.db: Tearing down DB
2023-04-26 15:34:12,557{GMT}	INFO	[jepsen test runner] jepsen.db: Setting up DB
2023-04-26 15:34:12,558{GMT}	INFO	[jepsen node n2] maelstrom.db: Setting up n2
2023-04-26 15:34:12,558{GMT}	INFO	[jepsen node n1] maelstrom.db: Setting up n1
2023-04-26 15:34:12,558{GMT}	INFO	[jepsen node n3] maelstrom.db: Setting up n3
2023-04-26 15:34:12,558{GMT}	INFO	[jepsen node n4] maelstrom.db: Setting up n4
2023-04-26 15:34:12,558{GMT}	INFO	[jepsen node n2] maelstrom.process: launching ./broadcast []
2023-04-26 15:34:12,559{GMT}	INFO	[jepsen node n3] maelstrom.process: launching ./broadcast []
2023-04-26 15:34:12,558{GMT}	INFO	[jepsen node n4] maelstrom.process: launching ./broadcast []
2023-04-26 15:34:12,559{GMT}	INFO	[jepsen node n1] maelstrom.process: launching ./broadcast []
2023-04-26 15:34:12,561{GMT}	INFO	[jepsen node n0] maelstrom.service: Starting services: (lin-kv lin-tso lww-kv seq-kv)
2023-04-26 15:34:12,562{GMT}	INFO	[jepsen node n0] maelstrom.db: Setting up n0
2023-04-26 15:34:12,563{GMT}	INFO	[jepsen node n0] maelstrom.process: launching ./broadcast []
2023-04-26 15:34:12,578{GMT}	INFO	[jepsen test runner] jepsen.core: Relative time begins now
2023-04-26 15:34:12,589{GMT}	INFO	[jepsen worker 0] jepsen.util: 0	:invoke	:broadcast	0
2023-04-26 15:34:12,590{GMT}	INFO	[jepsen worker 0] jepsen.util: 0	:ok	:broadcast	0
2023-04-26 15:34:12,677{GMT}	INFO	[jepsen worker 1] jepsen.util: 1	:invoke	:read	nil
2023-04-26 15:34:12,679{GMT}	INFO	[jepsen worker 1] jepsen.util: 1	:ok	:read	[]
2023-04-26 15:34:12,733{GMT}	INFO	[jepsen worker 2] jepsen.util: 2	:invoke	:read	nil
2023-04-26 15:34:12,735{GMT}	INFO	[jepsen worker 2] jepsen.util: 2	:ok	:read	[]
2023-04-26 15:34:12,868{GMT}	INFO	[jepsen worker 3] jepsen.util: 3	:invoke	:read	nil
2023-04-26 15:34:12,872{GMT}	INFO	[jepsen worker 3] jepsen.util: 3	:ok	:read	[]
2023-04-26 15:34:12,935{GMT}	INFO	[jepsen worker 4] jepsen.util: 4	:invoke	:broadcast	1
2023-04-26 15:34:12,939{GMT}	INFO	[jepsen worker 4] jepsen.util: 4	:ok	:broadcast	1
2023-04-26 15:34:13,030{GMT}	INFO	[jepsen worker 0] jepsen.util: 0	:invoke	:read	nil
2023-04-26 15:34:13,033{GMT}	INFO	[jepsen worker 0] jepsen.util: 0	:ok	:read	[0]
2023-04-26 15:34:13,192{GMT}	INFO	[jepsen worker 0] jepsen.util: 0	:invoke	:broadcast	2
2023-04-26 15:34:13,195{GMT}	INFO	[jepsen worker 0] jepsen.util: 0	:ok	:broadcast	2
2023-04-26 15:34:13,276{GMT}	INFO	[jepsen worker 1] jepsen.util: 1	:invoke	:broadcast	3
2023-04-26 15:34:13,278{GMT}	INFO	[jepsen worker 1] jepsen.util: 1	:ok	:broadcast	3
2023-04-26 15:34:13,382{GMT}	INFO	[jepsen worker 2] jepsen.util: 2	:invoke	:read	nil
2023-04-26 15:34:13,384{GMT}	INFO	[jepsen worker 2] jepsen.util: 2	:ok	:read	[]
2023-04-26 15:34:13,559{GMT}	INFO	[jepsen worker 3] jepsen.util: 3	:invoke	:broadcast	4
2023-04-26 15:34:13,563{GMT}	INFO	[jepsen worker 3] jepsen.util: 3	:ok	:broadcast	4
2023-04-26 15:34:13,638{GMT}	INFO	[jepsen worker 4] jepsen.util: 4	:invoke	:broadcast	5
2023-04-26 15:34:13,641{GMT}	INFO	[jepsen worker 4] jepsen.util: 4	:ok	:broadcast	5
2023-04-26 15:34:13,754{GMT}	INFO	[jepsen worker 0] jepsen.util: 0	:invoke	:broadcast	6
2023-04-26 15:34:13,757{GMT}	INFO	[jepsen worker 0] jepsen.util: 0	:ok	:broadcast	6
2023-04-26 15:34:13,837{GMT}	INFO	[jepsen worker 0] jepsen.util: 0	:invoke	:read	nil
2023-04-26 15:34:13,839{GMT}	INFO	[jepsen worker 0] jepsen.util: 0	:ok	:read	[0 2 6]
2023-04-26 15:34:13,889{GMT}	INFO	[jepsen worker 1] jepsen.util: 1	:invoke	:broadcast	7
2023-04-26 15:34:13,891{GMT}	INFO	[jepsen worker 1] jepsen.util: 1	:ok	:broadcast	7
2023-04-26 15:34:13,970{GMT}	INFO	[jepsen worker 2] jepsen.util: 2	:invoke	:read	nil
2023-04-26 15:34:13,973{GMT}	INFO	[jepsen worker 2] jepsen.util: 2	:ok	:read	[]
2023-04-26 15:34:14,121{GMT}	INFO	[jepsen worker 3] jepsen.util: 3	:invoke	:read	nil
2023-04-26 15:34:14,124{GMT}	INFO	[jepsen worker 3] jepsen.util: 3	:ok	:read	[4]
2023-04-26 15:34:14,197{GMT}	INFO	[jepsen worker 4] jepsen.util: 4	:invoke	:read	nil
2023-04-26 15:34:14,204{GMT}	INFO	[jepsen worker 4] jepsen.util: 4	:ok	:read	[1 5]
2023-04-26 15:34:14,272{GMT}	INFO	[jepsen worker 0] jepsen.util: 0	:invoke	:broadcast	8
2023-04-26 15:34:14,275{GMT}	INFO	[jepsen worker 0] jepsen.util: 0	:ok	:broadcast	8
2023-04-26 15:34:14,308{GMT}	INFO	[jepsen worker 0] jepsen.util: 0	:invoke	:read	nil
2023-04-26 15:34:14,311{GMT}	INFO	[jepsen worker 0] jepsen.util: 0	:ok	:read	[0 2 6 8]
2023-04-26 15:34:14,420{GMT}	INFO	[jepsen worker 1] jepsen.util: 1	:invoke	:broadcast	9
2023-04-26 15:34:14,423{GMT}	INFO	[jepsen worker 1] jepsen.util: 1	:ok	:broadcast	9
2023-04-26 15:34:14,438{GMT}	INFO	[jepsen worker 2] jepsen.util: 2	:invoke	:read	nil
2023-04-26 15:34:14,439{GMT}	INFO	[jepsen worker 2] jepsen.util: 2	:ok	:read	[]
2023-04-26 15:34:14,635{GMT}	INFO	[jepsen worker 3] jepsen.util: 3	:invoke	:read	nil
2023-04-26 15:34:14,638{GMT}	INFO	[jepsen worker 3] jepsen.util: 3	:ok	:read	[4]
2023-04-26 15:34:14,790{GMT}	INFO	[jepsen worker 4] jepsen.util: 4	:invoke	:read	nil
2023-04-26 15:34:14,793{GMT}	INFO	[jepsen worker 4] jepsen.util: 4	:ok	:read	[1 5]
2023-04-26 15:34:14,922{GMT}	INFO	[jepsen worker 0] jepsen.util: 0	:invoke	:broadcast	10
2023-04-26 15:34:14,925{GMT}	INFO	[jepsen worker 0] jepsen.util: 0	:ok	:broadcast	10
2023-04-26 15:34:15,060{GMT}	INFO	[jepsen worker 0] jepsen.util: 0	:invoke	:broadcast	11
2023-04-26 15:34:15,062{GMT}	INFO	[jepsen worker 0] jepsen.util: 0	:ok	:broadcast	11
2023-04-26 15:34:15,232{GMT}	INFO	[jepsen worker 1] jepsen.util: 1	:invoke	:read	nil
2023-04-26 15:34:15,235{GMT}	INFO	[jepsen worker 1] jepsen.util: 1	:ok	:read	[3 7 9]
2023-04-26 15:34:15,310{GMT}	INFO	[jepsen worker 2] jepsen.util: 2	:invoke	:broadcast	12
2023-04-26 15:34:15,313{GMT}	INFO	[jepsen worker 2] jepsen.util: 2	:ok	:broadcast	12
2023-04-26 15:34:15,472{GMT}	INFO	[jepsen worker 3] jepsen.util: 3	:invoke	:broadcast	13
2023-04-26 15:34:15,473{GMT}	INFO	[jepsen worker 3] jepsen.util: 3	:ok	:broadcast	13
2023-04-26 15:34:15,667{GMT}	INFO	[jepsen worker 4] jepsen.util: 4	:invoke	:broadcast	14
2023-04-26 15:34:15,671{GMT}	INFO	[jepsen worker 4] jepsen.util: 4	:ok	:broadcast	14
2023-04-26 15:34:15,710{GMT}	INFO	[jepsen worker 0] jepsen.util: 0	:invoke	:broadcast	15
2023-04-26 15:34:15,712{GMT}	INFO	[jepsen worker 0] jepsen.util: 0	:ok	:broadcast	15
2023-04-26 15:34:15,823{GMT}	INFO	[jepsen worker 0] jepsen.util: 0	:invoke	:broadcast	16
2023-04-26 15:34:15,827{GMT}	INFO	[jepsen worker 0] jepsen.util: 0	:ok	:broadcast	16
2023-04-26 15:34:15,943{GMT}	INFO	[jepsen worker 1] jepsen.util: 1	:invoke	:read	nil
2023-04-26 15:34:15,946{GMT}	INFO	[jepsen worker 1] jepsen.util: 1	:ok	:read	[3 7 9]
2023-04-26 15:34:16,127{GMT}	INFO	[jepsen worker 2] jepsen.util: 2	:invoke	:read	nil
2023-04-26 15:34:16,128{GMT}	INFO	[jepsen worker 2] jepsen.util: 2	:ok	:read	[12]
2023-04-26 15:34:16,201{GMT}	INFO	[jepsen worker 3] jepsen.util: 3	:invoke	:read	nil
2023-04-26 15:34:16,204{GMT}	INFO	[jepsen worker 3] jepsen.util: 3	:ok	:read	[4 13]
2023-04-26 15:34:16,393{GMT}	INFO	[jepsen worker 4] jepsen.util: 4	:invoke	:read	nil
2023-04-26 15:34:16,396{GMT}	INFO	[jepsen worker 4] jepsen.util: 4	:ok	:read	[1 5 14]
2023-04-26 15:34:16,577{GMT}	INFO	[jepsen worker 0] jepsen.util: 0	:invoke	:broadcast	17
2023-04-26 15:34:16,580{GMT}	INFO	[jepsen worker 0] jepsen.util: 0	:ok	:broadcast	17
2023-04-26 15:34:16,689{GMT}	INFO	[jepsen worker 0] jepsen.util: 0	:invoke	:broadcast	18
2023-04-26 15:34:16,691{GMT}	INFO	[jepsen worker 0] jepsen.util: 0	:ok	:broadcast	18
2023-04-26 15:34:16,762{GMT}	INFO	[jepsen worker 1] jepsen.util: 1	:invoke	:broadcast	19
2023-04-26 15:34:16,765{GMT}	INFO	[jepsen worker 1] jepsen.util: 1	:ok	:broadcast	19
2023-04-26 15:34:16,812{GMT}	INFO	[jepsen worker 2] jepsen.util: 2	:invoke	:read	nil
2023-04-26 15:34:16,814{GMT}	INFO	[jepsen worker 2] jepsen.util: 2	:ok	:read	[12]
2023-04-26 15:34:16,836{GMT}	INFO	[jepsen worker 3] jepsen.util: 3	:invoke	:read	nil
2023-04-26 15:34:16,837{GMT}	INFO	[jepsen worker 3] jepsen.util: 3	:ok	:read	[4 13]
2023-04-26 15:34:17,040{GMT}	INFO	[jepsen worker 4] jepsen.util: 4	:invoke	:read	nil
2023-04-26 15:34:17,043{GMT}	INFO	[jepsen worker 4] jepsen.util: 4	:ok	:read	[1 5 14]
2023-04-26 15:34:17,107{GMT}	INFO	[jepsen worker 0] jepsen.util: 0	:invoke	:read	nil
2023-04-26 15:34:17,109{GMT}	INFO	[jepsen worker 0] jepsen.util: 0	:ok	:read	[0 2 6 8 10 11 15 16 17 18]
2023-04-26 15:34:17,157{GMT}	INFO	[jepsen worker 0] jepsen.util: 0	:invoke	:broadcast	20
2023-04-26 15:34:17,159{GMT}	INFO	[jepsen worker 0] jepsen.util: 0	:ok	:broadcast	20
2023-04-26 15:34:17,184{GMT}	INFO	[jepsen worker 1] jepsen.util: 1	:invoke	:broadcast	21
2023-04-26 15:34:17,186{GMT}	INFO	[jepsen worker 1] jepsen.util: 1	:ok	:broadcast	21
2023-04-26 15:34:17,322{GMT}	INFO	[jepsen worker 2] jepsen.util: 2	:invoke	:read	nil
2023-04-26 15:34:17,324{GMT}	INFO	[jepsen worker 2] jepsen.util: 2	:ok	:read	[12]
2023-04-26 15:34:17,465{GMT}	INFO	[jepsen worker 3] jepsen.util: 3	:invoke	:broadcast	22
2023-04-26 15:34:17,467{GMT}	INFO	[jepsen worker 3] jepsen.util: 3	:ok	:broadcast	22
2023-04-26 15:34:17,542{GMT}	INFO	[jepsen worker 4] jepsen.util: 4	:invoke	:read	nil
2023-04-26 15:34:17,544{GMT}	INFO	[jepsen worker 4] jepsen.util: 4	:ok	:read	[1 5 14]
2023-04-26 15:34:17,555{GMT}	INFO	[jepsen worker 0] jepsen.util: 0	:invoke	:read	nil
2023-04-26 15:34:17,557{GMT}	INFO	[jepsen worker 0] jepsen.util: 0	:ok	:read	[0 2 6 8 10 11 15 16 17 18 20]
2023-04-26 15:34:17,734{GMT}	INFO	[jepsen worker 0] jepsen.util: 0	:invoke	:read	nil
2023-04-26 15:34:17,737{GMT}	INFO	[jepsen worker 0] jepsen.util: 0	:ok	:read	[0 2 6 8 10 11 15 16 17 18 20]
2023-04-26 15:34:17,905{GMT}	INFO	[jepsen worker 1] jepsen.util: 1	:invoke	:broadcast	23
2023-04-26 15:34:17,907{GMT}	INFO	[jepsen worker 1] jepsen.util: 1	:ok	:broadcast	23
2023-04-26 15:34:17,963{GMT}	INFO	[jepsen worker 2] jepsen.util: 2	:invoke	:read	nil
2023-04-26 15:34:17,965{GMT}	INFO	[jepsen worker 2] jepsen.util: 2	:ok	:read	[12]
2023-04-26 15:34:18,121{GMT}	INFO	[jepsen worker 3] jepsen.util: 3	:invoke	:read	nil
2023-04-26 15:34:18,123{GMT}	INFO	[jepsen worker 3] jepsen.util: 3	:ok	:read	[4 13 22]
2023-04-26 15:34:18,246{GMT}	INFO	[jepsen worker 4] jepsen.util: 4	:invoke	:read	nil
2023-04-26 15:34:18,249{GMT}	INFO	[jepsen worker 4] jepsen.util: 4	:ok	:read	[1 5 14]
2023-04-26 15:34:18,439{GMT}	INFO	[jepsen worker 0] jepsen.util: 0	:invoke	:read	nil
2023-04-26 15:34:18,442{GMT}	INFO	[jepsen worker 0] jepsen.util: 0	:ok	:read	[0 2 6 8 10 11 15 16 17 18 20]
2023-04-26 15:34:18,610{GMT}	INFO	[jepsen worker 0] jepsen.util: 0	:invoke	:read	nil
2023-04-26 15:34:18,613{GMT}	INFO	[jepsen worker 0] jepsen.util: 0	:ok	:read	[0 2 6 8 10 11 15 16 17 18 20]
2023-04-26 15:34:18,808{GMT}	INFO	[jepsen worker 1] jepsen.util: 1	:invoke	:read	nil
2023-04-26 15:34:18,811{GMT}	INFO	[jepsen worker 1] jepsen.util: 1	:ok	:read	[3 7 9 19 21 23]
2023-04-26 15:34:18,926{GMT}	INFO	[jepsen worker 2] jepsen.util: 2	:invoke	:read	nil
2023-04-26 15:34:18,926{GMT}	INFO	[jepsen worker 3] jepsen.util: 3	:invoke	:broadcast	24
2023-04-26 15:34:18,928{GMT}	INFO	[jepsen worker 2] jepsen.util: 2	:ok	:read	[12]
2023-04-26 15:34:18,928{GMT}	INFO	[jepsen worker 3] jepsen.util: 3	:ok	:broadcast	24
2023-04-26 15:34:19,036{GMT}	INFO	[jepsen worker 4] jepsen.util: 4	:invoke	:read	nil
2023-04-26 15:34:19,039{GMT}	INFO	[jepsen worker 4] jepsen.util: 4	:ok	:read	[1 5 14]
2023-04-26 15:34:19,149{GMT}	INFO	[jepsen worker 0] jepsen.util: 0	:invoke	:broadcast	25
2023-04-26 15:34:19,151{GMT}	INFO	[jepsen worker 0] jepsen.util: 0	:ok	:broadcast	25
2023-04-26 15:34:19,280{GMT}	INFO	[jepsen worker 0] jepsen.util: 0	:invoke	:read	nil
2023-04-26 15:34:19,283{GMT}	INFO	[jepsen worker 0] jepsen.util: 0	:ok	:read	[0 2 6 8 10 11 15 16 17 18 20 25]
2023-04-26 15:34:19,414{GMT}	INFO	[jepsen worker 1] jepsen.util: 1	:invoke	:broadcast	26
2023-04-26 15:34:19,417{GMT}	INFO	[jepsen worker 1] jepsen.util: 1	:ok	:broadcast	26
2023-04-26 15:34:19,510{GMT}	INFO	[jepsen worker 2] jepsen.util: 2	:invoke	:read	nil
2023-04-26 15:34:19,512{GMT}	INFO	[jepsen worker 2] jepsen.util: 2	:ok	:read	[12]
2023-04-26 15:34:19,571{GMT}	INFO	[jepsen worker 3] jepsen.util: 3	:invoke	:broadcast	27
2023-04-26 15:34:19,574{GMT}	INFO	[jepsen worker 3] jepsen.util: 3	:ok	:broadcast	27
2023-04-26 15:34:19,609{GMT}	INFO	[jepsen worker 4] jepsen.util: 4	:invoke	:broadcast	28
2023-04-26 15:34:19,612{GMT}	INFO	[jepsen worker 4] jepsen.util: 4	:ok	:broadcast	28
2023-04-26 15:34:19,768{GMT}	INFO	[jepsen worker 0] jepsen.util: 0	:invoke	:broadcast	29
2023-04-26 15:34:19,770{GMT}	INFO	[jepsen worker 0] jepsen.util: 0	:ok	:broadcast	29
2023-04-26 15:34:19,779{GMT}	INFO	[jepsen worker 0] jepsen.util: 0	:invoke	:broadcast	30
2023-04-26 15:34:19,781{GMT}	INFO	[jepsen worker 0] jepsen.util: 0	:ok	:broadcast	30
2023-04-26 15:34:19,931{GMT}	INFO	[jepsen worker 1] jepsen.util: 1	:invoke	:read	nil
2023-04-26 15:34:19,934{GMT}	INFO	[jepsen worker 1] jepsen.util: 1	:ok	:read	[3 7 9 19 21 23 26]
2023-04-26 15:34:19,969{GMT}	INFO	[jepsen worker 2] jepsen.util: 2	:invoke	:broadcast	31
2023-04-26 15:34:19,970{GMT}	INFO	[jepsen worker 2] jepsen.util: 2	:ok	:broadcast	31
2023-04-26 15:34:20,072{GMT}	INFO	[jepsen worker 3] jepsen.util: 3	:invoke	:broadcast	32
2023-04-26 15:34:20,074{GMT}	INFO	[jepsen worker 3] jepsen.util: 3	:ok	:broadcast	32
2023-04-26 15:34:20,126{GMT}	INFO	[jepsen worker 4] jepsen.util: 4	:invoke	:broadcast	33
2023-04-26 15:34:20,128{GMT}	INFO	[jepsen worker 4] jepsen.util: 4	:ok	:broadcast	33
2023-04-26 15:34:20,201{GMT}	INFO	[jepsen worker 0] jepsen.util: 0	:invoke	:broadcast	34
2023-04-26 15:34:20,202{GMT}	INFO	[jepsen worker 0] jepsen.util: 0	:ok	:broadcast	34
2023-04-26 15:34:20,305{GMT}	INFO	[jepsen worker 0] jepsen.util: 0	:invoke	:broadcast	35
2023-04-26 15:34:20,308{GMT}	INFO	[jepsen worker 0] jepsen.util: 0	:ok	:broadcast	35
2023-04-26 15:34:20,412{GMT}	INFO	[jepsen worker 1] jepsen.util: 1	:invoke	:broadcast	36
2023-04-26 15:34:20,414{GMT}	INFO	[jepsen worker 1] jepsen.util: 1	:ok	:broadcast	36
2023-04-26 15:34:20,521{GMT}	INFO	[jepsen worker 2] jepsen.util: 2	:invoke	:read	nil
2023-04-26 15:34:20,523{GMT}	INFO	[jepsen worker 2] jepsen.util: 2	:ok	:read	[12 31]
2023-04-26 15:34:20,675{GMT}	INFO	[jepsen worker 3] jepsen.util: 3	:invoke	:read	nil
2023-04-26 15:34:20,677{GMT}	INFO	[jepsen worker 3] jepsen.util: 3	:ok	:read	[4 13 22 24 27 32]
2023-04-26 15:34:20,708{GMT}	INFO	[jepsen worker 4] jepsen.util: 4	:invoke	:read	nil
2023-04-26 15:34:20,709{GMT}	INFO	[jepsen worker 4] jepsen.util: 4	:ok	:read	[1 5 14 28 33]
2023-04-26 15:34:20,823{GMT}	INFO	[jepsen worker 0] jepsen.util: 0	:invoke	:read	nil
2023-04-26 15:34:20,826{GMT}	INFO	[jepsen worker 0] jepsen.util: 0	:ok	:read	[0 2 6 8 10 11 15 16 17 18 20 25 29 30 34 35]
2023-04-26 15:34:21,002{GMT}	INFO	[jepsen worker 0] jepsen.util: 0	:invoke	:read	nil
2023-04-26 15:34:21,005{GMT}	INFO	[jepsen worker 0] jepsen.util: 0	:ok	:read	[0 2 6 8 10 11 15 16 17 18 20 25 29 30 34 35]
2023-04-26 15:34:21,065{GMT}	INFO	[jepsen worker 1] jepsen.util: 1	:invoke	:broadcast	37
2023-04-26 15:34:21,067{GMT}	INFO	[jepsen worker 1] jepsen.util: 1	:ok	:broadcast	37
2023-04-26 15:34:21,240{GMT}	INFO	[jepsen worker 2] jepsen.util: 2	:invoke	:broadcast	38
2023-04-26 15:34:21,242{GMT}	INFO	[jepsen worker 2] jepsen.util: 2	:ok	:broadcast	38
2023-04-26 15:34:21,398{GMT}	INFO	[jepsen worker 3] jepsen.util: 3	:invoke	:read	nil
2023-04-26 15:34:21,400{GMT}	INFO	[jepsen worker 3] jepsen.util: 3	:ok	:read	[4 13 22 24 27 32]
2023-04-26 15:34:21,450{GMT}	INFO	[jepsen worker 4] jepsen.util: 4	:invoke	:broadcast	39
2023-04-26 15:34:21,452{GMT}	INFO	[jepsen worker 4] jepsen.util: 4	:ok	:broadcast	39
2023-04-26 15:34:21,595{GMT}	INFO	[jepsen worker 0] jepsen.util: 0	:invoke	:broadcast	40
2023-04-26 15:34:21,598{GMT}	INFO	[jepsen worker 0] jepsen.util: 0	:ok	:broadcast	40
2023-04-26 15:34:21,773{GMT}	INFO	[jepsen worker 0] jepsen.util: 0	:invoke	:read	nil
2023-04-26 15:34:21,775{GMT}	INFO	[jepsen worker 0] jepsen.util: 0	:ok	:read	[0 2 6 8 10 11 15 16 17 18 20 25 29 30 34 35 40]
2023-04-26 15:34:21,918{GMT}	INFO	[jepsen worker 1] jepsen.util: 1	:invoke	:read	nil
2023-04-26 15:34:21,920{GMT}	INFO	[jepsen worker 1] jepsen.util: 1	:ok	:read	[3 7 9 19 21 23 26 36 37]
2023-04-26 15:34:22,043{GMT}	INFO	[jepsen worker 2] jepsen.util: 2	:invoke	:read	nil
2023-04-26 15:34:22,046{GMT}	INFO	[jepsen worker 2] jepsen.util: 2	:ok	:read	[12 31 38]
2023-04-26 15:34:22,066{GMT}	INFO	[jepsen worker 3] jepsen.util: 3	:invoke	:broadcast	41
2023-04-26 15:34:22,068{GMT}	INFO	[jepsen worker 3] jepsen.util: 3	:ok	:broadcast	41
2023-04-26 15:34:22,250{GMT}	INFO	[jepsen worker 4] jepsen.util: 4	:invoke	:broadcast	42
2023-04-26 15:34:22,252{GMT}	INFO	[jepsen worker 4] jepsen.util: 4	:ok	:broadcast	42
2023-04-26 15:34:22,313{GMT}	INFO	[jepsen worker 0] jepsen.util: 0	:invoke	:read	nil
2023-04-26 15:34:22,316{GMT}	INFO	[jepsen worker 0] jepsen.util: 0	:ok	:read	[0 2 6 8 10 11 15 16 17 18 20 25 29 30 34 35 40]
2023-04-26 15:34:22,515{GMT}	INFO	[jepsen worker 0] jepsen.util: 0	:invoke	:broadcast	43
2023-04-26 15:34:22,517{GMT}	INFO	[jepsen worker 0] jepsen.util: 0	:ok	:broadcast	43
2023-04-26 15:34:22,525{GMT}	INFO	[jepsen worker 1] jepsen.util: 1	:invoke	:read	nil
2023-04-26 15:34:22,527{GMT}	INFO	[jepsen worker 1] jepsen.util: 1	:ok	:read	[3 7 9 19 21 23 26 36 37]
2023-04-26 15:34:22,607{GMT}	INFO	[jepsen worker 2] jepsen.util: 2	:invoke	:broadcast	44
2023-04-26 15:34:22,610{GMT}	INFO	[jepsen worker 2] jepsen.util: 2	:ok	:broadcast	44
2023-04-26 15:34:22,643{GMT}	INFO	[jepsen worker 3] jepsen.util: 3	:invoke	:broadcast	45
2023-04-26 15:34:22,645{GMT}	INFO	[jepsen worker 3] jepsen.util: 3	:ok	:broadcast	45
2023-04-26 15:34:22,830{GMT}	INFO	[jepsen worker 4] jepsen.util: 4	:invoke	:broadcast	46
2023-04-26 15:34:22,834{GMT}	INFO	[jepsen worker 4] jepsen.util: 4	:ok	:broadcast	46
2023-04-26 15:34:22,860{GMT}	INFO	[jepsen worker 0] jepsen.util: 0	:invoke	:read	nil
2023-04-26 15:34:22,861{GMT}	INFO	[jepsen worker 0] jepsen.util: 0	:ok	:read	[0 2 6 8 10 11 15 16 17 18 20 25 29 30 34 35 40 43]
2023-04-26 15:34:22,871{GMT}	INFO	[jepsen worker 0] jepsen.util: 0	:invoke	:read	nil
2023-04-26 15:34:22,872{GMT}	INFO	[jepsen worker 0] jepsen.util: 0	:ok	:read	[0 2 6 8 10 11 15 16 17 18 20 25 29 30 34 35 40 43]
2023-04-26 15:34:22,932{GMT}	INFO	[jepsen worker 1] jepsen.util: 1	:invoke	:broadcast	47
2023-04-26 15:34:22,933{GMT}	INFO	[jepsen worker 1] jepsen.util: 1	:ok	:broadcast	47
2023-04-26 15:34:23,129{GMT}	INFO	[jepsen worker 2] jepsen.util: 2	:invoke	:read	nil
2023-04-26 15:34:23,131{GMT}	INFO	[jepsen worker 2] jepsen.util: 2	:ok	:read	[12 31 38 44]
2023-04-26 15:34:23,265{GMT}	INFO	[jepsen worker 3] jepsen.util: 3	:invoke	:broadcast	48
2023-04-26 15:34:23,267{GMT}	INFO	[jepsen worker 3] jepsen.util: 3	:ok	:broadcast	48
2023-04-26 15:34:23,390{GMT}	INFO	[jepsen worker 4] jepsen.util: 4	:invoke	:broadcast	49
2023-04-26 15:34:23,392{GMT}	INFO	[jepsen worker 4] jepsen.util: 4	:ok	:broadcast	49
2023-04-26 15:34:23,531{GMT}	INFO	[jepsen worker 0] jepsen.util: 0	:invoke	:read	nil
2023-04-26 15:34:23,534{GMT}	INFO	[jepsen worker 0] jepsen.util: 0	:ok	:read	[0 2 6 8 10 11 15 16 17 18 20 25 29 30 34 35 40 43]
2023-04-26 15:34:23,677{GMT}	INFO	[jepsen worker 0] jepsen.util: 0	:invoke	:read	nil
2023-04-26 15:34:23,678{GMT}	INFO	[jepsen worker 0] jepsen.util: 0	:ok	:read	[0 2 6 8 10 11 15 16 17 18 20 25 29 30 34 35 40 43]
2023-04-26 15:34:23,773{GMT}	INFO	[jepsen worker 1] jepsen.util: 1	:invoke	:read	nil
2023-04-26 15:34:23,775{GMT}	INFO	[jepsen worker 1] jepsen.util: 1	:ok	:read	[3 7 9 19 21 23 26 36 37 47]
2023-04-26 15:34:23,941{GMT}	INFO	[jepsen worker 2] jepsen.util: 2	:invoke	:broadcast	50
2023-04-26 15:34:23,943{GMT}	INFO	[jepsen worker 2] jepsen.util: 2	:ok	:broadcast	50
2023-04-26 15:34:24,072{GMT}	INFO	[jepsen worker 3] jepsen.util: 3	:invoke	:read	nil
2023-04-26 15:34:24,074{GMT}	INFO	[jepsen worker 3] jepsen.util: 3	:ok	:read	[4 13 22 24 27 32 41 45 48]
2023-04-26 15:34:24,265{GMT}	INFO	[jepsen worker 4] jepsen.util: 4	:invoke	:read	nil
2023-04-26 15:34:24,268{GMT}	INFO	[jepsen worker 4] jepsen.util: 4	:ok	:read	[1 5 14 28 33 39 42 46 49]
2023-04-26 15:34:24,314{GMT}	INFO	[jepsen worker 0] jepsen.util: 0	:invoke	:broadcast	51
2023-04-26 15:34:24,316{GMT}	INFO	[jepsen worker 0] jepsen.util: 0	:ok	:broadcast	51
2023-04-26 15:34:24,456{GMT}	INFO	[jepsen worker 0] jepsen.util: 0	:invoke	:read	nil
2023-04-26 15:34:24,458{GMT}	INFO	[jepsen worker 0] jepsen.util: 0	:ok	:read	[0 2 6 8 10 11 15 16 17 18 20 25 29 30 34 35 40 43 51]
2023-04-26 15:34:24,635{GMT}	INFO	[jepsen worker 1] jepsen.util: 1	:invoke	:broadcast	52
2023-04-26 15:34:24,637{GMT}	INFO	[jepsen worker 1] jepsen.util: 1	:ok	:broadcast	52
2023-04-26 15:34:24,799{GMT}	INFO	[jepsen worker 2] jepsen.util: 2	:invoke	:read	nil
2023-04-26 15:34:24,801{GMT}	INFO	[jepsen worker 2] jepsen.util: 2	:ok	:read	[12 31 38 44 50]
2023-04-26 15:34:24,995{GMT}	INFO	[jepsen worker 3] jepsen.util: 3	:invoke	:broadcast	53
2023-04-26 15:34:24,998{GMT}	INFO	[jepsen worker 3] jepsen.util: 3	:ok	:broadcast	53
2023-04-26 15:34:24,999{GMT}	INFO	[jepsen worker 4] jepsen.util: 4	:invoke	:broadcast	54
2023-04-26 15:34:25,000{GMT}	INFO	[jepsen worker 4] jepsen.util: 4	:ok	:broadcast	54
2023-04-26 15:34:25,057{GMT}	INFO	[jepsen worker 0] jepsen.util: 0	:invoke	:broadcast	55
2023-04-26 15:34:25,058{GMT}	INFO	[jepsen worker 0] jepsen.util: 0	:ok	:broadcast	55
2023-04-26 15:34:25,190{GMT}	INFO	[jepsen worker 0] jepsen.util: 0	:invoke	:read	nil
2023-04-26 15:34:25,191{GMT}	INFO	[jepsen worker 0] jepsen.util: 0	:ok	:read	[0 2 6 8 10 11 15 16 17 18 20 25 29 30 34 35 40 43 51 55]
2023-04-26 15:34:25,304{GMT}	INFO	[jepsen worker 1] jepsen.util: 1	:invoke	:read	nil
2023-04-26 15:34:25,307{GMT}	INFO	[jepsen worker 1] jepsen.util: 1	:ok	:read	[3 7 9 19 21 23 26 36 37 47 52]
2023-04-26 15:34:25,348{GMT}	INFO	[jepsen worker 2] jepsen.util: 2	:invoke	:broadcast	56
2023-04-26 15:34:25,349{GMT}	INFO	[jepsen worker 2] jepsen.util: 2	:ok	:broadcast	56
2023-04-26 15:34:25,456{GMT}	INFO	[jepsen worker 3] jepsen.util: 3	:invoke	:read	nil
2023-04-26 15:34:25,458{GMT}	INFO	[jepsen worker 3] jepsen.util: 3	:ok	:read	[4 13 22 24 27 32 41 45 48 53]
2023-04-26 15:34:25,634{GMT}	INFO	[jepsen worker 4] jepsen.util: 4	:invoke	:broadcast	57
2023-04-26 15:34:25,636{GMT}	INFO	[jepsen worker 4] jepsen.util: 4	:ok	:broadcast	57
2023-04-26 15:34:25,801{GMT}	INFO	[jepsen worker 0] jepsen.util: 0	:invoke	:read	nil
2023-04-26 15:34:25,804{GMT}	INFO	[jepsen worker 0] jepsen.util: 0	:ok	:read	[0 2 6 8 10 11 15 16 17 18 20 25 29 30 34 35 40 43 51 55]
2023-04-26 15:34:25,826{GMT}	INFO	[jepsen worker 0] jepsen.util: 0	:invoke	:read	nil
2023-04-26 15:34:25,827{GMT}	INFO	[jepsen worker 0] jepsen.util: 0	:ok	:read	[0 2 6 8 10 11 15 16 17 18 20 25 29 30 34 35 40 43 51 55]
2023-04-26 15:34:25,902{GMT}	INFO	[jepsen worker 1] jepsen.util: 1	:invoke	:broadcast	58
2023-04-26 15:34:25,904{GMT}	INFO	[jepsen worker 1] jepsen.util: 1	:ok	:broadcast	58
2023-04-26 15:34:26,101{GMT}	INFO	[jepsen worker 2] jepsen.util: 2	:invoke	:broadcast	59
2023-04-26 15:34:26,103{GMT}	INFO	[jepsen worker 2] jepsen.util: 2	:ok	:broadcast	59
2023-04-26 15:34:26,245{GMT}	INFO	[jepsen worker 3] jepsen.util: 3	:invoke	:broadcast	60
2023-04-26 15:34:26,247{GMT}	INFO	[jepsen worker 3] jepsen.util: 3	:ok	:broadcast	60
2023-04-26 15:34:26,351{GMT}	INFO	[jepsen worker 4] jepsen.util: 4	:invoke	:read	nil
2023-04-26 15:34:26,353{GMT}	INFO	[jepsen worker 4] jepsen.util: 4	:ok	:read	[1 5 14 28 33 39 42 46 49 54 57]
2023-04-26 15:34:26,511{GMT}	INFO	[jepsen worker 0] jepsen.util: 0	:invoke	:broadcast	61
2023-04-26 15:34:26,513{GMT}	INFO	[jepsen worker 0] jepsen.util: 0	:ok	:broadcast	61
2023-04-26 15:34:26,517{GMT}	INFO	[jepsen worker 0] jepsen.util: 0	:invoke	:read	nil
2023-04-26 15:34:26,518{GMT}	INFO	[jepsen worker 0] jepsen.util: 0	:ok	:read	[0 2 6 8 10 11 15 16 17 18 20 25 29 30 34 35 40 43 51 55 61]
2023-04-26 15:34:26,651{GMT}	INFO	[jepsen worker 1] jepsen.util: 1	:invoke	:broadcast	62
2023-04-26 15:34:26,653{GMT}	INFO	[jepsen worker 1] jepsen.util: 1	:ok	:broadcast	62
2023-04-26 15:34:26,743{GMT}	INFO	[jepsen worker 2] jepsen.util: 2	:invoke	:broadcast	63
2023-04-26 15:34:26,744{GMT}	INFO	[jepsen worker 2] jepsen.util: 2	:ok	:broadcast	63
2023-04-26 15:34:26,876{GMT}	INFO	[jepsen worker 3] jepsen.util: 3	:invoke	:broadcast	64
2023-04-26 15:34:26,878{GMT}	INFO	[jepsen worker 3] jepsen.util: 3	:ok	:broadcast	64
2023-04-26 15:34:26,936{GMT}	INFO	[jepsen worker 4] jepsen.util: 4	:invoke	:read	nil
2023-04-26 15:34:26,939{GMT}	INFO	[jepsen worker 4] jepsen.util: 4	:ok	:read	[1 5 14 28 33 39 42 46 49 54 57]
2023-04-26 15:34:27,024{GMT}	INFO	[jepsen worker 0] jepsen.util: 0	:invoke	:broadcast	65
2023-04-26 15:34:27,025{GMT}	INFO	[jepsen worker 0] jepsen.util: 0	:ok	:broadcast	65
2023-04-26 15:34:27,031{GMT}	INFO	[jepsen worker 0] jepsen.util: 0	:invoke	:broadcast	66
2023-04-26 15:34:27,032{GMT}	INFO	[jepsen worker 0] jepsen.util: 0	:ok	:broadcast	66
2023-04-26 15:34:27,144{GMT}	INFO	[jepsen worker 1] jepsen.util: 1	:invoke	:broadcast	67
2023-04-26 15:34:27,146{GMT}	INFO	[jepsen worker 1] jepsen.util: 1	:ok	:broadcast	67
2023-04-26 15:34:27,147{GMT}	INFO	[jepsen worker 2] jepsen.util: 2	:invoke	:read	nil
2023-04-26 15:34:27,148{GMT}	INFO	[jepsen worker 2] jepsen.util: 2	:ok	:read	[12 31 38 44 50 56 59 63]
2023-04-26 15:34:27,334{GMT}	INFO	[jepsen worker 3] jepsen.util: 3	:invoke	:read	nil
2023-04-26 15:34:27,336{GMT}	INFO	[jepsen worker 3] jepsen.util: 3	:ok	:read	[4 13 22 24 27 32 41 45 48 53 60 64]
2023-04-26 15:34:27,442{GMT}	INFO	[jepsen worker 4] jepsen.util: 4	:invoke	:read	nil
2023-04-26 15:34:27,445{GMT}	INFO	[jepsen worker 4] jepsen.util: 4	:ok	:read	[1 5 14 28 33 39 42 46 49 54 57]
2023-04-26 15:34:27,598{GMT}	INFO	[jepsen worker 0] jepsen.util: 0	:invoke	:broadcast	68
2023-04-26 15:34:27,600{GMT}	INFO	[jepsen worker 0] jepsen.util: 0	:ok	:broadcast	68
2023-04-26 15:34:27,740{GMT}	INFO	[jepsen worker 0] jepsen.util: 0	:invoke	:read	nil
2023-04-26 15:34:27,741{GMT}	INFO	[jepsen worker 0] jepsen.util: 0	:ok	:read	[0 2 6 8 10 11 15 16 17 18 20 25 29 30 34 35 40 43 51 55 61 65 66 68]
2023-04-26 15:34:27,826{GMT}	INFO	[jepsen worker 1] jepsen.util: 1	:invoke	:read	nil
2023-04-26 15:34:27,828{GMT}	INFO	[jepsen worker 1] jepsen.util: 1	:ok	:read	[3 7 9 19 21 23 26 36 37 47 52 58 62 67]
2023-04-26 15:34:27,927{GMT}	INFO	[jepsen worker 2] jepsen.util: 2	:invoke	:broadcast	69
2023-04-26 15:34:27,928{GMT}	INFO	[jepsen worker 2] jepsen.util: 2	:ok	:broadcast	69
2023-04-26 15:34:28,067{GMT}	INFO	[jepsen worker 3] jepsen.util: 3	:invoke	:read	nil
2023-04-26 15:34:28,069{GMT}	INFO	[jepsen worker 3] jepsen.util: 3	:ok	:read	[4 13 22 24 27 32 41 45 48 53 60 64]
2023-04-26 15:34:28,154{GMT}	INFO	[jepsen worker 4] jepsen.util: 4	:invoke	:broadcast	70
2023-04-26 15:34:28,156{GMT}	INFO	[jepsen worker 4] jepsen.util: 4	:ok	:broadcast	70
2023-04-26 15:34:28,164{GMT}	INFO	[jepsen worker 0] jepsen.util: 0	:invoke	:broadcast	71
2023-04-26 15:34:28,165{GMT}	INFO	[jepsen worker 0] jepsen.util: 0	:ok	:broadcast	71
2023-04-26 15:34:28,245{GMT}	INFO	[jepsen worker 0] jepsen.util: 0	:invoke	:broadcast	72
2023-04-26 15:34:28,247{GMT}	INFO	[jepsen worker 0] jepsen.util: 0	:ok	:broadcast	72
2023-04-26 15:34:28,321{GMT}	INFO	[jepsen worker 1] jepsen.util: 1	:invoke	:broadcast	73
2023-04-26 15:34:28,323{GMT}	INFO	[jepsen worker 1] jepsen.util: 1	:ok	:broadcast	73
2023-04-26 15:34:28,404{GMT}	INFO	[jepsen worker 2] jepsen.util: 2	:invoke	:read	nil
2023-04-26 15:34:28,407{GMT}	INFO	[jepsen worker 2] jepsen.util: 2	:ok	:read	[12 31 38 44 50 56 59 63 69]
2023-04-26 15:34:28,505{GMT}	INFO	[jepsen worker 3] jepsen.util: 3	:invoke	:read	nil
2023-04-26 15:34:28,507{GMT}	INFO	[jepsen worker 3] jepsen.util: 3	:ok	:read	[4 13 22 24 27 32 41 45 48 53 60 64]
2023-04-26 15:34:28,556{GMT}	INFO	[jepsen worker 4] jepsen.util: 4	:invoke	:broadcast	74
2023-04-26 15:34:28,557{GMT}	INFO	[jepsen worker 4] jepsen.util: 4	:ok	:broadcast	74
2023-04-26 15:34:28,622{GMT}	INFO	[jepsen worker 0] jepsen.util: 0	:invoke	:read	nil
2023-04-26 15:34:28,625{GMT}	INFO	[jepsen worker 0] jepsen.util: 0	:ok	:read	[0 2 6 8 10 11 15 16 17 18 20 25 29 30 34 35 40 43 51 55 61 65 66 68 71 72]
2023-04-26 15:34:28,827{GMT}	INFO	[jepsen worker 0] jepsen.util: 0	:invoke	:read	nil
2023-04-26 15:34:28,829{GMT}	INFO	[jepsen worker 0] jepsen.util: 0	:ok	:read	[0 2 6 8 10 11 15 16 17 18 20 25 29 30 34 35 40 43 51 55 61 65 66 68 71 72]
2023-04-26 15:34:28,998{GMT}	INFO	[jepsen worker 1] jepsen.util: 1	:invoke	:read	nil
2023-04-26 15:34:29,000{GMT}	INFO	[jepsen worker 1] jepsen.util: 1	:ok	:read	[3 7 9 19 21 23 26 36 37 47 52 58 62 67 73]
2023-04-26 15:34:29,147{GMT}	INFO	[jepsen worker 2] jepsen.util: 2	:invoke	:read	nil
2023-04-26 15:34:29,149{GMT}	INFO	[jepsen worker 2] jepsen.util: 2	:ok	:read	[12 31 38 44 50 56 59 63 69]
2023-04-26 15:34:29,270{GMT}	INFO	[jepsen worker 3] jepsen.util: 3	:invoke	:read	nil
2023-04-26 15:34:29,272{GMT}	INFO	[jepsen worker 3] jepsen.util: 3	:ok	:read	[4 13 22 24 27 32 41 45 48 53 60 64]
2023-04-26 15:34:29,430{GMT}	INFO	[jepsen worker 4] jepsen.util: 4	:invoke	:read	nil
2023-04-26 15:34:29,433{GMT}	INFO	[jepsen worker 4] jepsen.util: 4	:ok	:read	[1 5 14 28 33 39 42 46 49 54 57 70 74]
2023-04-26 15:34:29,627{GMT}	INFO	[jepsen worker 0] jepsen.util: 0	:invoke	:broadcast	75
2023-04-26 15:34:29,629{GMT}	INFO	[jepsen worker 0] jepsen.util: 0	:ok	:broadcast	75
2023-04-26 15:34:29,720{GMT}	INFO	[jepsen worker 0] jepsen.util: 0	:invoke	:read	nil
2023-04-26 15:34:29,723{GMT}	INFO	[jepsen worker 0] jepsen.util: 0	:ok	:read	[0 2 6 8 10 11 15 16 17 18 20 25 29 30 34 35 40 43 51 55 61 65 66 68 71 72 75]
2023-04-26 15:34:29,744{GMT}	INFO	[jepsen worker 1] jepsen.util: 1	:invoke	:read	nil
2023-04-26 15:34:29,745{GMT}	INFO	[jepsen worker 1] jepsen.util: 1	:ok	:read	[3 7 9 19 21 23 26 36 37 47 52 58 62 67 73]
2023-04-26 15:34:29,948{GMT}	INFO	[jepsen worker 2] jepsen.util: 2	:invoke	:broadcast	76
2023-04-26 15:34:29,950{GMT}	INFO	[jepsen worker 2] jepsen.util: 2	:ok	:broadcast	76
2023-04-26 15:34:30,100{GMT}	INFO	[jepsen worker 3] jepsen.util: 3	:invoke	:read	nil
2023-04-26 15:34:30,102{GMT}	INFO	[jepsen worker 3] jepsen.util: 3	:ok	:read	[4 13 22 24 27 32 41 45 48 53 60 64]
2023-04-26 15:34:30,167{GMT}	INFO	[jepsen worker 4] jepsen.util: 4	:invoke	:read	nil
2023-04-26 15:34:30,168{GMT}	INFO	[jepsen worker 4] jepsen.util: 4	:ok	:read	[1 5 14 28 33 39 42 46 49 54 57 70 74]
2023-04-26 15:34:30,221{GMT}	INFO	[jepsen worker 0] jepsen.util: 0	:invoke	:broadcast	77
2023-04-26 15:34:30,222{GMT}	INFO	[jepsen worker 0] jepsen.util: 0	:ok	:broadcast	77
2023-04-26 15:34:30,426{GMT}	INFO	[jepsen worker 0] jepsen.util: 0	:invoke	:broadcast	78
2023-04-26 15:34:30,427{GMT}	INFO	[jepsen worker 0] jepsen.util: 0	:ok	:broadcast	78
2023-04-26 15:34:30,617{GMT}	INFO	[jepsen worker 1] jepsen.util: 1	:invoke	:read	nil
2023-04-26 15:34:30,619{GMT}	INFO	[jepsen worker 1] jepsen.util: 1	:ok	:read	[3 7 9 19 21 23 26 36 37 47 52 58 62 67 73]
2023-04-26 15:34:30,723{GMT}	INFO	[jepsen worker 2] jepsen.util: 2	:invoke	:read	nil
2023-04-26 15:34:30,725{GMT}	INFO	[jepsen worker 2] jepsen.util: 2	:ok	:read	[12 31 38 44 50 56 59 63 69 76]
2023-04-26 15:34:30,847{GMT}	INFO	[jepsen worker 3] jepsen.util: 3	:invoke	:read	nil
2023-04-26 15:34:30,849{GMT}	INFO	[jepsen worker 3] jepsen.util: 3	:ok	:read	[4 13 22 24 27 32 41 45 48 53 60 64]
2023-04-26 15:34:30,925{GMT}	INFO	[jepsen worker 4] jepsen.util: 4	:invoke	:read	nil
2023-04-26 15:34:30,926{GMT}	INFO	[jepsen worker 4] jepsen.util: 4	:ok	:read	[1 5 14 28 33 39 42 46 49 54 57 70 74]
2023-04-26 15:34:30,934{GMT}	INFO	[jepsen worker 0] jepsen.util: 0	:invoke	:broadcast	79
2023-04-26 15:34:30,935{GMT}	INFO	[jepsen worker 0] jepsen.util: 0	:ok	:broadcast	79
2023-04-26 15:34:30,992{GMT}	INFO	[jepsen worker 0] jepsen.util: 0	:invoke	:broadcast	80
2023-04-26 15:34:30,994{GMT}	INFO	[jepsen worker 0] jepsen.util: 0	:ok	:broadcast	80
2023-04-26 15:34:31,012{GMT}	INFO	[jepsen worker 1] jepsen.util: 1	:invoke	:read	nil
2023-04-26 15:34:31,014{GMT}	INFO	[jepsen worker 1] jepsen.util: 1	:ok	:read	[3 7 9 19 21 23 26 36 37 47 52 58 62 67 73]
2023-04-26 15:34:31,204{GMT}	INFO	[jepsen worker 2] jepsen.util: 2	:invoke	:read	nil
2023-04-26 15:34:31,206{GMT}	INFO	[jepsen worker 2] jepsen.util: 2	:ok	:read	[12 31 38 44 50 56 59 63 69 76]
2023-04-26 15:34:31,309{GMT}	INFO	[jepsen worker 3] jepsen.util: 3	:invoke	:broadcast	81
2023-04-26 15:34:31,311{GMT}	INFO	[jepsen worker 3] jepsen.util: 3	:ok	:broadcast	81
2023-04-26 15:34:31,373{GMT}	INFO	[jepsen worker 4] jepsen.util: 4	:invoke	:read	nil
2023-04-26 15:34:31,374{GMT}	INFO	[jepsen worker 4] jepsen.util: 4	:ok	:read	[1 5 14 28 33 39 42 46 49 54 57 70 74]
2023-04-26 15:34:31,444{GMT}	INFO	[jepsen worker 0] jepsen.util: 0	:invoke	:read	nil
2023-04-26 15:34:31,446{GMT}	INFO	[jepsen worker 0] jepsen.util: 0	:ok	:read	[0 2 6 8 10 11 15 16 17 18 20 25 29 30 34 35 40 43 51 55 61 65 66 68 71 72 75 77 78 79 80]
2023-04-26 15:34:31,473{GMT}	INFO	[jepsen worker 0] jepsen.util: 0	:invoke	:broadcast	82
2023-04-26 15:34:31,474{GMT}	INFO	[jepsen worker 0] jepsen.util: 0	:ok	:broadcast	82
2023-04-26 15:34:31,524{GMT}	INFO	[jepsen worker 1] jepsen.util: 1	:invoke	:read	nil
2023-04-26 15:34:31,525{GMT}	INFO	[jepsen worker 1] jepsen.util: 1	:ok	:read	[3 7 9 19 21 23 26 36 37 47 52 58 62 67 73]
2023-04-26 15:34:31,565{GMT}	INFO	[jepsen worker 2] jepsen.util: 2	:invoke	:broadcast	83
2023-04-26 15:34:31,566{GMT}	INFO	[jepsen worker 2] jepsen.util: 2	:ok	:broadcast	83
2023-04-26 15:34:31,602{GMT}	INFO	[jepsen worker 3] jepsen.util: 3	:invoke	:read	nil
2023-04-26 15:34:31,602{GMT}	INFO	[jepsen worker 3] jepsen.util: 3	:ok	:read	[4 13 22 24 27 32 41 45 48 53 60 64 81]
2023-04-26 15:34:31,745{GMT}	INFO	[jepsen worker 4] jepsen.util: 4	:invoke	:read	nil
2023-04-26 15:34:31,747{GMT}	INFO	[jepsen worker 4] jepsen.util: 4	:ok	:read	[1 5 14 28 33 39 42 46 49 54 57 70 74]
2023-04-26 15:34:31,778{GMT}	INFO	[jepsen worker 0] jepsen.util: 0	:invoke	:broadcast	84
2023-04-26 15:34:31,778{GMT}	INFO	[jepsen worker 0] jepsen.util: 0	:ok	:broadcast	84
2023-04-26 15:34:31,840{GMT}	INFO	[jepsen worker 0] jepsen.util: 0	:invoke	:broadcast	85
2023-04-26 15:34:31,842{GMT}	INFO	[jepsen worker 0] jepsen.util: 0	:ok	:broadcast	85
2023-04-26 15:34:31,921{GMT}	INFO	[jepsen worker 1] jepsen.util: 1	:invoke	:broadcast	86
2023-04-26 15:34:31,923{GMT}	INFO	[jepsen worker 1] jepsen.util: 1	:ok	:broadcast	86
2023-04-26 15:34:32,028{GMT}	INFO	[jepsen worker 2] jepsen.util: 2	:invoke	:broadcast	87
2023-04-26 15:34:32,030{GMT}	INFO	[jepsen worker 2] jepsen.util: 2	:ok	:broadcast	87
2023-04-26 15:34:32,084{GMT}	INFO	[jepsen worker 3] jepsen.util: 3	:invoke	:broadcast	88
2023-04-26 15:34:32,086{GMT}	INFO	[jepsen worker 3] jepsen.util: 3	:ok	:broadcast	88
2023-04-26 15:34:32,210{GMT}	INFO	[jepsen worker 4] jepsen.util: 4	:invoke	:read	nil
2023-04-26 15:34:32,212{GMT}	INFO	[jepsen worker 4] jepsen.util: 4	:ok	:read	[1 5 14 28 33 39 42 46 49 54 57 70 74]
2023-04-26 15:34:32,410{GMT}	INFO	[jepsen worker 0] jepsen.util: 0	:invoke	:read	nil
2023-04-26 15:34:32,414{GMT}	INFO	[jepsen worker 0] jepsen.util: 0	:ok	:read	[0 2 6 8 10 11 15 16 17 18 20 25 29 30 34 35 40 43 51 55 61 65 66 68 71 72 75 77 78 79 80 82 84 85]
2023-04-26 15:34:32,579{GMT}	INFO	[jepsen worker 0] jepsen.util: 0	:invoke	:read	nil
2023-04-26 15:34:32,581{GMT}	INFO	[jepsen worker 0] jepsen.util: 0	:ok	:read	[0 2 6 8 10 11 15 16 17 18 20 25 29 30 34 35 40 43 51 55 61 65 66 68 71 72 75 77 78 79 80 82 84 85]
2023-04-26 15:34:32,582{GMT}	INFO	[jepsen worker 1] jepsen.generator.interpreter: Waiting for recovery...
2023-04-26 15:34:42,590{GMT}	INFO	[jepsen worker 2] jepsen.util: 2	:invoke	:read	nil
2023-04-26 15:34:42,590{GMT}	INFO	[jepsen worker 0] jepsen.util: 0	:invoke	:read	nil
2023-04-26 15:34:42,591{GMT}	INFO	[jepsen worker 1] jepsen.util: 1	:invoke	:read	nil
2023-04-26 15:34:42,591{GMT}	INFO	[jepsen worker 4] jepsen.util: 4	:invoke	:read	nil
2023-04-26 15:34:42,592{GMT}	INFO	[jepsen worker 3] jepsen.util: 3	:invoke	:read	nil
2023-04-26 15:34:42,593{GMT}	INFO	[jepsen worker 0] jepsen.util: 0	:ok	:read	[0 2 6 8 10 11 15 16 17 18 20 25 29 30 34 35 40 43 51 55 61 65 66 68 71 72 75 77 78 79 80 82 84 85]
2023-04-26 15:34:42,593{GMT}	INFO	[jepsen worker 3] jepsen.util: 3	:ok	:read	[4 13 22 24 27 32 41 45 48 53 60 64 81 88]
2023-04-26 15:34:42,593{GMT}	INFO	[jepsen worker 2] jepsen.util: 2	:ok	:read	[12 31 38 44 50 56 59 63 69 76 83 87]
2023-04-26 15:34:42,593{GMT}	INFO	[jepsen worker 4] jepsen.util: 4	:ok	:read	[1 5 14 28 33 39 42 46 49 54 57 70 74]
2023-04-26 15:34:42,593{GMT}	INFO	[jepsen worker 1] jepsen.util: 1	:ok	:read	[3 7 9 19 21 23 26 36 37 47 52 58 62 67 73 86]
2023-04-26 15:34:42,610{GMT}	INFO	[jepsen test runner] jepsen.core: Run complete, writing
2023-04-26 15:34:42,660{GMT}	INFO	[jepsen node n1] maelstrom.db: Tearing down n1
2023-04-26 15:34:42,660{GMT}	INFO	[jepsen node n3] maelstrom.db: Tearing down n3
2023-04-26 15:34:42,660{GMT}	INFO	[jepsen node n0] maelstrom.db: Tearing down n0
2023-04-26 15:34:42,660{GMT}	INFO	[jepsen node n2] maelstrom.db: Tearing down n2
2023-04-26 15:34:42,660{GMT}	INFO	[jepsen node n4] maelstrom.db: Tearing down n4
2023-04-26 15:34:43,686{GMT}	INFO	[jepsen node n0] maelstrom.net: Shutting down Maelstrom network
2023-04-26 15:34:43,690{GMT}	INFO	[jepsen test runner] jepsen.core: Analyzing...
2023-04-26 15:34:43,916{GMT}	INFO	[jepsen test runner] jepsen.core: Analysis complete
2023-04-26 15:34:43,930{GMT}	INFO	[jepsen results] jepsen.store: Wrote /Users/lftm/Odin/Server/Glomers/broadcast03/golang/store/broadcast/20230426T153411.634-0300/results.edn
2023-04-26 15:34:43,948{GMT}	INFO	[jepsen test runner] jepsen.core: {:perf {:latency-graph {:valid? true},
        :rate-graph {:valid? true},
        :valid? true},
 :timeline {:valid? true},
 :exceptions {:valid? true},
 :stats {:valid? true,
         :count 192,
         :ok-count 192,
         :fail-count 0,
         :info-count 0,
         :by-f {:broadcast {:valid? true,
                            :count 89,
                            :ok-count 89,
                            :fail-count 0,
                            :info-count 0},
                :read {:valid? true,
                       :count 103,
                       :ok-count 103,
                       :fail-count 0,
                       :info-count 0}}},
 :availability {:valid? true, :ok-fraction 1.0},
 :net {:all {:send-count 404,
             :recv-count 404,
             :msg-count 404,
             :msgs-per-op 2.1041667},
       :clients {:send-count 404, :recv-count 404, :msg-count 404},
       :servers {:send-count 0,
                 :recv-count 0,
                 :msg-count 0,
                 :msgs-per-op 0.0},
       :valid? true},
 :workload {:worst-stale ({:element 4,
                           :outcome :stable,
                           :stable-latency 29028,
                           :lost-latency nil,
                           :known #jepsen.history.Op{:index 19,
                                                     :time 985094916,
                                                     :type :ok,
                                                     :process 3,
                                                     :f :add,
                                                     :value 4},
                           :last-absent #jepsen.history.Op{:index 377,
                                                           :time 30013163625,
                                                           :type :invoke,
                                                           :process 4,
                                                           :f :read,
                                                           :value nil,
                                                           :final? true}}
                          {:element 13,
                           :outcome :stable,
                           :stable-latency 27117,
                           :lost-latency nil,
                           :known #jepsen.history.Op{:index 55,
                                                     :time 2895523750,
                                                     :type :ok,
                                                     :process 3,
                                                     :f :add,
                                                     :value 13},
                           :last-absent #jepsen.history.Op{:index 377,
                                                           :time 30013163625,
                                                           :type :invoke,
                                                           :process 4,
                                                           :f :read,
                                                           :value nil,
                                                           :final? true}}
                          {:element 22,
                           :outcome :stable,
                           :stable-latency 25123,
                           :lost-latency nil,
                           :known #jepsen.history.Op{:index 91,
                                                     :time 4890039541,
                                                     :type :ok,
                                                     :process 3,
                                                     :f :add,
                                                     :value 22},
                           :last-absent #jepsen.history.Op{:index 377,
                                                           :time 30013163625,
                                                           :type :invoke,
                                                           :process 4,
                                                           :f :read,
                                                           :value nil,
                                                           :final? true}}
                          {:element 24,
                           :outcome :stable,
                           :stable-latency 23662,
                           :lost-latency nil,
                           :known #jepsen.history.Op{:index 114,
                                                     :time 6350409208,
                                                     :type :ok,
                                                     :process 3,
                                                     :f :add,
                                                     :value 24},
                           :last-absent #jepsen.history.Op{:index 377,
                                                           :time 30013163625,
                                                           :type :invoke,
                                                           :process 4,
                                                           :f :read,
                                                           :value nil,
                                                           :final? true}}
                          {:element 27,
                           :outcome :stable,
                           :stable-latency 23016,
                           :lost-latency nil,
                           :known #jepsen.history.Op{:index 127,
                                                     :time 6996258125,
                                                     :type :ok,
                                                     :process 3,
                                                     :f :add,
                                                     :value 27},
                           :last-absent #jepsen.history.Op{:index 377,
                                                           :time 30013163625,
                                                           :type :invoke,
                                                           :process 4,
                                                           :f :read,
                                                           :value nil,
                                                           :final? true}}
                          {:element 32,
                           :outcome :stable,
                           :stable-latency 22516,
                           :lost-latency nil,
                           :known #jepsen.history.Op{:index 139,
                                                     :time 7496593333,
                                                     :type :ok,
                                                     :process 3,
                                                     :f :add,
                                                     :value 32},
                           :last-absent #jepsen.history.Op{:index 377,
                                                           :time 30013163625,
                                                           :type :invoke,
                                                           :process 4,
                                                           :f :read,
                                                           :value nil,
                                                           :final? true}}
                          {:element 41,
                           :outcome :stable,
                           :stable-latency 20522,
                           :lost-latency nil,
                           :known #jepsen.history.Op{:index 175,
                                                     :time 9490275291,
                                                     :type :ok,
                                                     :process 3,
                                                     :f :add,
                                                     :value 41},
                           :last-absent #jepsen.history.Op{:index 377,
                                                           :time 30013163625,
                                                           :type :invoke,
                                                           :process 4,
                                                           :f :read,
                                                           :value nil,
                                                           :final? true}}
                          {:element 45,
                           :outcome :stable,
                           :stable-latency 19945,
                           :lost-latency nil,
                           :known #jepsen.history.Op{:index 187,
                                                     :time 10067759916,
                                                     :type :ok,
                                                     :process 3,
                                                     :f :add,
                                                     :value 45},
                           :last-absent #jepsen.history.Op{:index 377,
                                                           :time 30013163625,
                                                           :type :invoke,
                                                           :process 4,
                                                           :f :read,
                                                           :value nil,
                                                           :final? true}}),
            :duplicated-count 0,
            :valid? false,
            :lost-count 75,
            :lost (0
                   1
                   2
                   3
                   5
                   6
                   7
                   8
                   9
                   10
                   11
                   12
                   14
                   15
                   16
                   17
                   18
                   19
                   20
                   21
                   23
                   25
                   26
                   28
                   29
                   30
                   31
                   33
                   34
                   35
                   36
                   37
                   38
                   39
                   40
                   42
                   43
                   44
                   46
                   47
                   49
                   50
                   51
                   52
                   54
                   55
                   56
                   57
                   58
                   59
                   61
                   62
                   63
                   65
                   66
                   67
                   68
                   69
                   70
                   71
                   72
                   73
                   74
                   75
                   76
                   77
                   78
                   79
                   80
                   82
                   83
                   84
                   85
                   86
                   87),
            :stable-count 14,
            :stale-count 14,
            :stale (4 13 22 24 27 32 41 45 48 53 60 64 81 88),
            :never-read-count 0,
            :stable-latencies {0 10504,
                               0.5 20522,
                               0.95 29028,
                               0.99 29028,
                               1 29028},
            :attempt-count 89,
            :lost-latencies {0 10559,
                             0.5 19980,
                             0.95 29312,
                             0.99 29994,
                             1 29994},
            :never-read (),
            :duplicated {}},
 :valid? false}


Analysis invalid! ( 
