2023/04/29 17:32:40 Received {c0 n0 {"type":"init","node_id":"n0","node_ids":["n0","n1","n2","n3","n4"],"msg_id":1}}
2023/04/29 17:32:40 Node n0 initialized
2023/04/29 17:32:40 Sent {"src":"n0","dest":"c0","body":{"in_reply_to":1,"type":"init_ok"}}
2023/04/29 17:32:40 Received {c5 n0 {"type":"topology","topology":{"n0":["n3","n1"],"n1":["n4","n2","n0"],"n2":["n1"],"n3":["n0","n4"],"n4":["n1","n3"]},"msg_id":1}}
2023/04/29 17:32:40 Sent {"src":"n0","dest":"c5","body":{"in_reply_to":1,"msg_id":0,"type":"topology_ok"}}
2023/04/29 17:32:40 Received {c10 n0 {"type":"read","msg_id":1}}
2023/04/29 17:32:40 Sent {"src":"n0","dest":"c10","body":{"in_reply_to":1,"messages":[],"type":"read_ok"}}
2023/04/29 17:32:40 Received {c10 n0 {"type":"read","msg_id":2}}
2023/04/29 17:32:40 Sent {"src":"n0","dest":"c10","body":{"in_reply_to":2,"messages":[],"type":"read_ok"}}
2023/04/29 17:32:41 Received {c10 n0 {"type":"read","msg_id":3}}
2023/04/29 17:32:41 Sent {"src":"n0","dest":"c10","body":{"in_reply_to":3,"messages":[],"type":"read_ok"}}
2023/04/29 17:32:41 Received {c10 n0 {"type":"read","msg_id":4}}
2023/04/29 17:32:41 Sent {"src":"n0","dest":"c10","body":{"in_reply_to":4,"messages":[],"type":"read_ok"}}
2023/04/29 17:32:41 Received {c10 n0 {"type":"broadcast","message":1,"msg_id":5}}
2023/04/29 17:32:41 Sent {"src":"n0","dest":"n3","body":{"messages":[1],"type":"node_broadcast"}}
2023/04/29 17:32:41 Sent {"src":"n0","dest":"n1","body":{"messages":[1],"type":"node_broadcast"}}
2023/04/29 17:32:41 Sent {"src":"n0","dest":"c10","body":{"in_reply_to":5,"type":"broadcast_ok"}}
2023/04/29 17:32:41 Received {n1 n0 {"messages":[0,1,2],"type":"node_broadcast"}}
2023/04/29 17:32:41 Received {n3 n0 {"messages":[0,1,4],"type":"node_broadcast"}}
2023/04/29 17:32:42 Received {c10 n0 {"type":"broadcast","message":5,"msg_id":6}}
2023/04/29 17:32:42 Sent {"src":"n0","dest":"n3","body":{"messages":[1,0,1,2,0,1,4,5],"type":"node_broadcast"}}
2023/04/29 17:32:42 Sent {"src":"n0","dest":"n1","body":{"messages":[1,0,1,2,0,1,4,5],"type":"node_broadcast"}}
2023/04/29 17:32:42 Sent {"src":"n0","dest":"c10","body":{"in_reply_to":6,"type":"broadcast_ok"}}
2023/04/29 17:32:42 Received {c10 n0 {"type":"broadcast","message":6,"msg_id":7}}
2023/04/29 17:32:42 Sent {"src":"n0","dest":"n3","body":{"messages":[1,0,1,2,0,1,4,5,6],"type":"node_broadcast"}}
2023/04/29 17:32:42 Sent {"src":"n0","dest":"n1","body":{"messages":[1,0,1,2,0,1,4,5,6],"type":"node_broadcast"}}
2023/04/29 17:32:42 Sent {"src":"n0","dest":"c10","body":{"in_reply_to":7,"type":"broadcast_ok"}}
2023/04/29 17:32:42 Received {n1 n0 {"messages":[0,1,2,0,1,2,3,1,0,1,2,0,1,4,5,1,0,1,2,0,1,4,5,6,7],"type":"node_broadcast"}}
2023/04/29 17:32:42 Received {c10 n0 {"type":"broadcast","message":10,"msg_id":8}}
2023/04/29 17:32:42 Sent {"src":"n0","dest":"n3","body":{"messages":[1,0,1,2,0,1,4,5,6,0,1,2,0,1,2,3,1,0,1,2,0,1,4,5,1,0,1,2,0,1,4,5,6,7,10],"type":"node_broadcast"}}
2023/04/29 17:32:42 Sent {"src":"n0","dest":"n1","body":{"messages":[1,0,1,2,0,1,4,5,6,0,1,2,0,1,2,3,1,0,1,2,0,1,4,5,1,0,1,2,0,1,4,5,6,7,10],"type":"node_broadcast"}}
2023/04/29 17:32:42 Sent {"src":"n0","dest":"c10","body":{"in_reply_to":8,"type":"broadcast_ok"}}
