2023/04/29 17:32:40 Received {c1 n3 {"type":"init","node_id":"n3","node_ids":["n0","n1","n2","n3","n4"],"msg_id":1}}
2023/04/29 17:32:40 Node n3 initialized
2023/04/29 17:32:40 Sent {"src":"n3","dest":"c1","body":{"in_reply_to":1,"type":"init_ok"}}
2023/04/29 17:32:40 Received {c8 n3 {"type":"topology","topology":{"n0":["n3","n1"],"n1":["n4","n2","n0"],"n2":["n1"],"n3":["n0","n4"],"n4":["n1","n3"]},"msg_id":1}}
2023/04/29 17:32:40 Sent {"src":"n3","dest":"c8","body":{"in_reply_to":1,"msg_id":0,"type":"topology_ok"}}
2023/04/29 17:32:40 Received {c13 n3 {"type":"read","msg_id":1}}
2023/04/29 17:32:40 Sent {"src":"n3","dest":"c13","body":{"in_reply_to":1,"messages":[],"type":"read_ok"}}
2023/04/29 17:32:41 Received {c13 n3 {"type":"read","msg_id":2}}
2023/04/29 17:32:41 Sent {"src":"n3","dest":"c13","body":{"in_reply_to":2,"messages":[],"type":"read_ok"}}
2023/04/29 17:32:41 Received {n4 n3 {"messages":[0],"type":"node_broadcast"}}
2023/04/29 17:32:41 Received {n0 n3 {"messages":[1],"type":"node_broadcast"}}
2023/04/29 17:32:41 Received {c13 n3 {"type":"broadcast","message":4,"msg_id":3}}
2023/04/29 17:32:41 Sent {"src":"n3","dest":"n0","body":{"messages":[0,1,4],"type":"node_broadcast"}}
2023/04/29 17:32:41 Sent {"src":"n3","dest":"n4","body":{"messages":[0,1,4],"type":"node_broadcast"}}
2023/04/29 17:32:41 Sent {"src":"n3","dest":"c13","body":{"in_reply_to":3,"type":"broadcast_ok"}}
2023/04/29 17:32:42 Received {n0 n3 {"messages":[1,0,1,2,0,1,4,5],"type":"node_broadcast"}}
2023/04/29 17:32:42 Received {n0 n3 {"messages":[1,0,1,2,0,1,4,5,6],"type":"node_broadcast"}}
2023/04/29 17:32:42 Received {c13 n3 {"type":"read","msg_id":4}}
2023/04/29 17:32:42 Sent {"src":"n3","dest":"c13","body":{"in_reply_to":4,"messages":[0,1,4,1,0,1,2,0,1,4,5,1,0,1,2,0,1,4,5,6],"type":"read_ok"}}
2023/04/29 17:32:42 Received {n4 n3 {"messages":[0,0,1,2,0,1,4,0,1,2,0,1,2,3,1,0,1,2,0,1,4,5,1,0,1,2,0,1,4,5,6,7,9],"type":"node_broadcast"}}
2023/04/29 17:32:42 Received {n0 n3 {"messages":[1,0,1,2,0,1,4,5,6,0,1,2,0,1,2,3,1,0,1,2,0,1,4,5,1,0,1,2,0,1,4,5,6,7,10],"type":"node_broadcast"}}
