2023-04-29 16:57:08,232{GMT}	INFO	[jepsen test runner] jepsen.core: Test version 16d8edfad7fa9fe2a77b222c22b10b195885b3a8 (plus uncommitted changes)
2023-04-29 16:57:08,232{GMT}	INFO	[jepsen test runner] jepsen.core: Command line:
lein run test -w broadcast --bin ./broadcast --node-count 5 --time-limit 20 --rate 10
2023-04-29 16:57:08,271{GMT}	INFO	[jepsen test runner] jepsen.core: Running test:
{:args []
 :remote
 #jepsen.control.retry.Remote{:remote #jepsen.control.scp.Remote{:cmd-remote #jepsen.control.sshj.SSHJRemote{:concurrency-limit 6,
                                                                                                             :conn-spec nil,
                                                                                                             :client nil,
                                                                                                             :semaphore nil},
                                                                 :conn-spec nil},
                              :conn nil}
 :log-net-send false
 :node-count 5
 :availability nil
 :max-txn-length 4
 :concurrency 5
 :db
 #object[maelstrom.db$db$reify__16142
         "0x78167"
         "maelstrom.db$db$reify__16142@78167"]
 :max-writes-per-key 16
 :leave-db-running? false
 :name "broadcast"
 :logging-json? false
 :start-time
 #object[org.joda.time.DateTime "0x469caf69" "2023-04-29T16:57:08.182-03:00"]
 :nemesis-interval 10
 :net
 #object[maelstrom.net$jepsen_net$reify__15251
         "0x5e05064b"
         "maelstrom.net$jepsen_net$reify__15251@5e05064b"]
 :client
 #object[maelstrom.workload.broadcast$client$reify__16644
         "0x527e6bd3"
         "maelstrom.workload.broadcast$client$reify__16644@527e6bd3"]
 :barrier
 #object[java.util.concurrent.CyclicBarrier
         "0x4867e76b"
         "java.util.concurrent.CyclicBarrier@4867e76b"]
 :log-stderr false
 :pure-generators true
 :ssh {:dummy? true}
 :rate 10.0
 :checker
 #object[jepsen.checker$compose$reify__11881
         "0x6ba3eee9"
         "jepsen.checker$compose$reify__11881@6ba3eee9"]
 :argv
 ("test"
  "-w"
  "broadcast"
  "--bin"
  "./broadcast"
  "--node-count"
  "5"
  "--time-limit"
  "20"
  "--rate"
  "10")
 :nemesis
 (jepsen.nemesis.ReflCompose
  {:fm {:start-partition 0,
        :stop-partition 0,
        :kill 1,
        :start 1,
        :pause 1,
        :resume 1},
   :nemeses [#unprintable "jepsen.nemesis.combined$partition_nemesis$reify__16416@1d628a88"
             #unprintable "jepsen.nemesis.combined$db_nemesis$reify__16397@3c634a04"]})
 :nodes ["n0" "n1" "n2" "n3" "n4"]
 :test-count 1
 :latency {:mean 0, :dist :constant}
 :bin "./broadcast"
 :generator
 ((jepsen.generator.Synchronize
   {:gen (jepsen.generator.TimeLimit
          {:limit 20000000000,
           :cutoff nil,
           :gen (jepsen.generator.Any
                 {:gens [(jepsen.generator.OnThreads
                          {:f #{:nemesis},
                           :context-filter #object[jepsen.generator.context$make_thread_filter$lazy_filter__9167
                                                   "0x3b42d7df"
                                                   "jepsen.generator.context$make_thread_filter$lazy_filter__9167@3b42d7df"],
                           :gen nil})
                         (jepsen.generator.OnThreads
                          {:f #jepsen.generator.context.AllBut{:element :nemesis},
                           :context-filter #object[jepsen.generator.context$make_thread_filter$lazy_filter__9167
                                                   "0x1660bba7"
                                                   "jepsen.generator.context$make_thread_filter$lazy_filter__9167@1660bba7"],
                           :gen (jepsen.generator.Stagger
                                 {:dt 200000000,
                                  :next-time nil,
                                  :gen (jepsen.generator.Mix
                                        {:i 1,
                                         :gens [({:f :broadcast, :value 0}
                                                 {:f :broadcast, :value 1}
                                                 {:f :broadcast, :value 2}
                                                 {:f :broadcast, :value 3}
                                                 {:f :broadcast, :value 4}
                                                 {:f :broadcast, :value 5}
                                                 {:f :broadcast, :value 6}
                                                 {:f :broadcast, :value 7}
                                                 ...)
                                                ({:f :read}
                                                 {:f :read}
                                                 {:f :read}
                                                 {:f :read}
                                                 {:f :read}
                                                 {:f :read}
                                                 {:f :read}
                                                 {:f :read}
                                                 ...)]})})})]})})})
  (jepsen.generator.Synchronize
   {:gen (jepsen.generator.OnThreads
          {:f #{:nemesis},
           :context-filter #object[jepsen.generator.context$make_thread_filter$lazy_filter__9167
                                   "0x49e3b86b"
                                   "jepsen.generator.context$make_thread_filter$lazy_filter__9167@49e3b86b"],
           :gen ()})})
  (jepsen.generator.Synchronize
   {:gen {:type :log, :value "Waiting for recovery..."}})
  (jepsen.generator.Synchronize {:gen {:type :sleep, :value 10}})
  (jepsen.generator.Synchronize
   {:gen (jepsen.generator.OnThreads
          {:f #jepsen.generator.context.AllBut{:element :nemesis},
           :context-filter #object[jepsen.generator.context$make_thread_filter$lazy_filter__9167
                                   "0x64b262a7"
                                   "jepsen.generator.context$make_thread_filter$lazy_filter__9167@64b262a7"],
           :gen (jepsen.generator.EachThread
                 {:fresh-gen {:f :read, :final? true},
                  :context-filters #object[clojure.core$promise$reify__8591
                                           "0x771c4015"
                                           {:status :pending, :val nil}],
                  :gens {}})})}))
 :log-net-recv false
 :os
 #object[maelstrom.net$jepsen_os$reify__15254
         "0x34d776eb"
         "maelstrom.net$jepsen_os$reify__15254@34d776eb"]
 :time-limit 20
 :workload :broadcast
 :consistency-models [:strict-serializable]
 :topology :grid}

2023-04-29 16:57:09,109{GMT}	INFO	[jepsen node n0] maelstrom.net: Starting Maelstrom network
2023-04-29 16:57:09,110{GMT}	INFO	[jepsen test runner] jepsen.db: Tearing down DB
2023-04-29 16:57:09,111{GMT}	INFO	[jepsen test runner] jepsen.db: Setting up DB
2023-04-29 16:57:09,111{GMT}	INFO	[jepsen node n1] maelstrom.db: Setting up n1
2023-04-29 16:57:09,111{GMT}	INFO	[jepsen node n4] maelstrom.db: Setting up n4
2023-04-29 16:57:09,111{GMT}	INFO	[jepsen node n3] maelstrom.db: Setting up n3
2023-04-29 16:57:09,111{GMT}	INFO	[jepsen node n2] maelstrom.db: Setting up n2
2023-04-29 16:57:09,111{GMT}	INFO	[jepsen node n1] maelstrom.process: launching ./broadcast []
2023-04-29 16:57:09,112{GMT}	INFO	[jepsen node n3] maelstrom.process: launching ./broadcast []
2023-04-29 16:57:09,112{GMT}	INFO	[jepsen node n2] maelstrom.process: launching ./broadcast []
2023-04-29 16:57:09,112{GMT}	INFO	[jepsen node n4] maelstrom.process: launching ./broadcast []
2023-04-29 16:57:09,112{GMT}	INFO	[jepsen node n0] maelstrom.service: Starting services: (lin-kv lin-tso lww-kv seq-kv)
2023-04-29 16:57:09,113{GMT}	INFO	[jepsen node n0] maelstrom.db: Setting up n0
2023-04-29 16:57:09,114{GMT}	INFO	[jepsen node n0] maelstrom.process: launching ./broadcast []
2023-04-29 16:57:09,161{GMT}	INFO	[jepsen test runner] jepsen.core: Relative time begins now
2023-04-29 16:57:09,173{GMT}	INFO	[jepsen worker 0] jepsen.util: 0	:invoke	:read	nil
2023-04-29 16:57:09,174{GMT}	INFO	[jepsen worker 0] jepsen.util: 0	:ok	:read	[]
2023-04-29 16:57:09,317{GMT}	INFO	[jepsen worker 1] jepsen.util: 1	:invoke	:read	nil
2023-04-29 16:57:09,318{GMT}	INFO	[jepsen worker 1] jepsen.util: 1	:ok	:read	[]
2023-04-29 16:57:09,454{GMT}	INFO	[jepsen worker 2] jepsen.util: 2	:invoke	:broadcast	0
2023-04-29 16:57:09,458{GMT}	INFO	[jepsen worker 2] jepsen.util: 2	:ok	:broadcast	0
2023-04-29 16:57:09,499{GMT}	INFO	[jepsen worker 3] jepsen.util: 3	:invoke	:broadcast	1
2023-04-29 16:57:09,505{GMT}	INFO	[jepsen worker 3] jepsen.util: 3	:ok	:broadcast	1
2023-04-29 16:57:09,520{GMT}	INFO	[jepsen worker 4] jepsen.util: 4	:invoke	:broadcast	2
2023-04-29 16:57:09,522{GMT}	INFO	[jepsen worker 4] jepsen.util: 4	:ok	:broadcast	2
2023-04-29 16:57:09,598{GMT}	INFO	[jepsen worker 0] jepsen.util: 0	:invoke	:broadcast	3
2023-04-29 16:57:09,601{GMT}	INFO	[jepsen worker 0] jepsen.util: 0	:ok	:broadcast	3
2023-04-29 16:57:09,623{GMT}	INFO	[jepsen worker 0] jepsen.util: 0	:invoke	:read	nil
2023-04-29 16:57:09,624{GMT}	INFO	[jepsen worker 0] jepsen.util: 0	:ok	:read	[3]
2023-04-29 16:57:09,819{GMT}	INFO	[jepsen worker 1] jepsen.util: 1	:invoke	:read	nil
2023-04-29 16:57:09,820{GMT}	INFO	[jepsen worker 1] jepsen.util: 1	:ok	:read	[]
2023-04-29 16:57:09,932{GMT}	INFO	[jepsen worker 2] jepsen.util: 2	:invoke	:read	nil
2023-04-29 16:57:09,934{GMT}	INFO	[jepsen worker 2] jepsen.util: 2	:ok	:read	[0]
2023-04-29 16:57:10,031{GMT}	INFO	[jepsen worker 3] jepsen.util: 3	:invoke	:broadcast	4
2023-04-29 16:57:10,034{GMT}	INFO	[jepsen worker 3] jepsen.util: 3	:ok	:broadcast	4
2023-04-29 16:57:10,209{GMT}	INFO	[jepsen worker 4] jepsen.util: 4	:invoke	:broadcast	5
2023-04-29 16:57:10,212{GMT}	INFO	[jepsen worker 4] jepsen.util: 4	:ok	:broadcast	5
2023-04-29 16:57:10,242{GMT}	INFO	[jepsen worker 0] jepsen.util: 0	:invoke	:read	nil
2023-04-29 16:57:10,244{GMT}	INFO	[jepsen worker 0] jepsen.util: 0	:ok	:read	[3]
2023-04-29 16:57:10,363{GMT}	INFO	[jepsen worker 0] jepsen.util: 0	:invoke	:read	nil
2023-04-29 16:57:10,366{GMT}	INFO	[jepsen worker 0] jepsen.util: 0	:ok	:read	[3]
2023-04-29 16:57:10,406{GMT}	INFO	[jepsen worker 1] jepsen.util: 1	:invoke	:read	nil
2023-04-29 16:57:10,409{GMT}	INFO	[jepsen worker 1] jepsen.util: 1	:ok	:read	[]
2023-04-29 16:57:10,538{GMT}	INFO	[jepsen worker 2] jepsen.util: 2	:invoke	:read	nil
2023-04-29 16:57:10,540{GMT}	INFO	[jepsen worker 2] jepsen.util: 2	:ok	:read	[0]
2023-04-29 16:57:10,595{GMT}	INFO	[jepsen worker 3] jepsen.util: 3	:invoke	:read	nil
2023-04-29 16:57:10,598{GMT}	INFO	[jepsen worker 3] jepsen.util: 3	:ok	:read	[1 4]
2023-04-29 16:57:10,727{GMT}	INFO	[jepsen worker 4] jepsen.util: 4	:invoke	:read	nil
2023-04-29 16:57:10,729{GMT}	INFO	[jepsen worker 4] jepsen.util: 4	:ok	:read	[2 5]
2023-04-29 16:57:10,911{GMT}	INFO	[jepsen worker 0] jepsen.util: 0	:invoke	:broadcast	6
2023-04-29 16:57:10,913{GMT}	INFO	[jepsen worker 0] jepsen.util: 0	:ok	:broadcast	6
2023-04-29 16:57:10,932{GMT}	INFO	[jepsen worker 0] jepsen.util: 0	:invoke	:broadcast	7
2023-04-29 16:57:10,933{GMT}	INFO	[jepsen worker 0] jepsen.util: 0	:ok	:broadcast	7
2023-04-29 16:57:10,977{GMT}	INFO	[jepsen worker 1] jepsen.util: 1	:invoke	:broadcast	8
2023-04-29 16:57:10,979{GMT}	INFO	[jepsen worker 1] jepsen.util: 1	:ok	:broadcast	8
2023-04-29 16:57:11,051{GMT}	INFO	[jepsen worker 2] jepsen.util: 2	:invoke	:read	nil
2023-04-29 16:57:11,053{GMT}	INFO	[jepsen worker 2] jepsen.util: 2	:ok	:read	[0]
2023-04-29 16:57:11,187{GMT}	INFO	[jepsen worker 3] jepsen.util: 3	:invoke	:read	nil
2023-04-29 16:57:11,189{GMT}	INFO	[jepsen worker 3] jepsen.util: 3	:ok	:read	[1 4]
2023-04-29 16:57:11,321{GMT}	INFO	[jepsen worker 4] jepsen.util: 4	:invoke	:read	nil
2023-04-29 16:57:11,323{GMT}	INFO	[jepsen worker 4] jepsen.util: 4	:ok	:read	[2 5]
2023-04-29 16:57:11,347{GMT}	INFO	[jepsen worker 0] jepsen.util: 0	:invoke	:read	nil
2023-04-29 16:57:11,348{GMT}	INFO	[jepsen worker 0] jepsen.util: 0	:ok	:read	[3 6 7]
2023-04-29 16:57:11,524{GMT}	INFO	[jepsen worker 0] jepsen.util: 0	:invoke	:broadcast	9
2023-04-29 16:57:11,527{GMT}	INFO	[jepsen worker 0] jepsen.util: 0	:ok	:broadcast	9
2023-04-29 16:57:11,690{GMT}	INFO	[jepsen worker 1] jepsen.util: 1	:invoke	:read	nil
2023-04-29 16:57:11,692{GMT}	INFO	[jepsen worker 1] jepsen.util: 1	:ok	:read	[8]
2023-04-29 16:57:11,764{GMT}	INFO	[jepsen worker 2] jepsen.util: 2	:invoke	:read	nil
2023-04-29 16:57:11,766{GMT}	INFO	[jepsen worker 2] jepsen.util: 2	:ok	:read	[0]
2023-04-29 16:57:11,921{GMT}	INFO	[jepsen worker 3] jepsen.util: 3	:invoke	:broadcast	10
2023-04-29 16:57:11,923{GMT}	INFO	[jepsen worker 3] jepsen.util: 3	:ok	:broadcast	10
2023-04-29 16:57:12,012{GMT}	INFO	[jepsen worker 4] jepsen.util: 4	:invoke	:read	nil
2023-04-29 16:57:12,015{GMT}	INFO	[jepsen worker 4] jepsen.util: 4	:ok	:read	[2 5]
2023-04-29 16:57:12,208{GMT}	INFO	[jepsen worker 0] jepsen.util: 0	:invoke	:broadcast	11
2023-04-29 16:57:12,210{GMT}	INFO	[jepsen worker 0] jepsen.util: 0	:ok	:broadcast	11
2023-04-29 16:57:12,240{GMT}	INFO	[jepsen worker 0] jepsen.util: 0	:invoke	:broadcast	12
2023-04-29 16:57:12,242{GMT}	INFO	[jepsen worker 0] jepsen.util: 0	:ok	:broadcast	12
2023-04-29 16:57:12,263{GMT}	INFO	[jepsen worker 1] jepsen.util: 1	:invoke	:read	nil
2023-04-29 16:57:12,265{GMT}	INFO	[jepsen worker 1] jepsen.util: 1	:ok	:read	[8]
2023-04-29 16:57:12,342{GMT}	INFO	[jepsen worker 2] jepsen.util: 2	:invoke	:broadcast	13
2023-04-29 16:57:12,344{GMT}	INFO	[jepsen worker 2] jepsen.util: 2	:ok	:broadcast	13
2023-04-29 16:57:12,352{GMT}	INFO	[jepsen worker 3] jepsen.util: 3	:invoke	:read	nil
2023-04-29 16:57:12,353{GMT}	INFO	[jepsen worker 3] jepsen.util: 3	:ok	:read	[1 4 10]
2023-04-29 16:57:12,429{GMT}	INFO	[jepsen worker 4] jepsen.util: 4	:invoke	:read	nil
2023-04-29 16:57:12,431{GMT}	INFO	[jepsen worker 4] jepsen.util: 4	:ok	:read	[2 5]
2023-04-29 16:57:12,612{GMT}	INFO	[jepsen worker 0] jepsen.util: 0	:invoke	:broadcast	14
2023-04-29 16:57:12,614{GMT}	INFO	[jepsen worker 0] jepsen.util: 0	:ok	:broadcast	14
2023-04-29 16:57:12,790{GMT}	INFO	[jepsen worker 0] jepsen.util: 0	:invoke	:read	nil
2023-04-29 16:57:12,793{GMT}	INFO	[jepsen worker 0] jepsen.util: 0	:ok	:read	[3 6 7 9 11 12 14]
2023-04-29 16:57:12,944{GMT}	INFO	[jepsen worker 1] jepsen.util: 1	:invoke	:broadcast	15
2023-04-29 16:57:12,946{GMT}	INFO	[jepsen worker 1] jepsen.util: 1	:ok	:broadcast	15
2023-04-29 16:57:13,013{GMT}	INFO	[jepsen worker 2] jepsen.util: 2	:invoke	:read	nil
2023-04-29 16:57:13,017{GMT}	INFO	[jepsen worker 2] jepsen.util: 2	:ok	:read	[0 13]
2023-04-29 16:57:13,211{GMT}	INFO	[jepsen worker 3] jepsen.util: 3	:invoke	:broadcast	16
2023-04-29 16:57:13,214{GMT}	INFO	[jepsen worker 3] jepsen.util: 3	:ok	:broadcast	16
2023-04-29 16:57:13,351{GMT}	INFO	[jepsen worker 4] jepsen.util: 4	:invoke	:read	nil
2023-04-29 16:57:13,354{GMT}	INFO	[jepsen worker 4] jepsen.util: 4	:ok	:read	[2 5]
2023-04-29 16:57:13,405{GMT}	INFO	[jepsen worker 0] jepsen.util: 0	:invoke	:read	nil
2023-04-29 16:57:13,408{GMT}	INFO	[jepsen worker 0] jepsen.util: 0	:ok	:read	[3 6 7 9 11 12 14]
2023-04-29 16:57:13,499{GMT}	INFO	[jepsen worker 0] jepsen.util: 0	:invoke	:read	nil
2023-04-29 16:57:13,502{GMT}	INFO	[jepsen worker 0] jepsen.util: 0	:ok	:read	[3 6 7 9 11 12 14]
2023-04-29 16:57:13,552{GMT}	INFO	[jepsen worker 1] jepsen.util: 1	:invoke	:read	nil
2023-04-29 16:57:13,555{GMT}	INFO	[jepsen worker 1] jepsen.util: 1	:ok	:read	[8 15]
2023-04-29 16:57:13,640{GMT}	INFO	[jepsen worker 2] jepsen.util: 2	:invoke	:read	nil
2023-04-29 16:57:13,643{GMT}	INFO	[jepsen worker 2] jepsen.util: 2	:ok	:read	[0 13]
2023-04-29 16:57:13,838{GMT}	INFO	[jepsen worker 3] jepsen.util: 3	:invoke	:broadcast	17
2023-04-29 16:57:13,840{GMT}	INFO	[jepsen worker 3] jepsen.util: 3	:ok	:broadcast	17
2023-04-29 16:57:13,913{GMT}	INFO	[jepsen worker 4] jepsen.util: 4	:invoke	:read	nil
2023-04-29 16:57:13,915{GMT}	INFO	[jepsen worker 4] jepsen.util: 4	:ok	:read	[2 5]
2023-04-29 16:57:14,017{GMT}	INFO	[jepsen worker 0] jepsen.util: 0	:invoke	:broadcast	18
2023-04-29 16:57:14,020{GMT}	INFO	[jepsen worker 0] jepsen.util: 0	:ok	:broadcast	18
2023-04-29 16:57:14,139{GMT}	INFO	[jepsen worker 0] jepsen.util: 0	:invoke	:read	nil
2023-04-29 16:57:14,142{GMT}	INFO	[jepsen worker 0] jepsen.util: 0	:ok	:read	[3 6 7 9 11 12 14 18]
2023-04-29 16:57:14,312{GMT}	INFO	[jepsen worker 1] jepsen.util: 1	:invoke	:read	nil
2023-04-29 16:57:14,314{GMT}	INFO	[jepsen worker 1] jepsen.util: 1	:ok	:read	[8 15]
2023-04-29 16:57:14,403{GMT}	INFO	[jepsen worker 2] jepsen.util: 2	:invoke	:read	nil
2023-04-29 16:57:14,406{GMT}	INFO	[jepsen worker 2] jepsen.util: 2	:ok	:read	[0 13]
2023-04-29 16:57:14,598{GMT}	INFO	[jepsen worker 3] jepsen.util: 3	:invoke	:broadcast	19
2023-04-29 16:57:14,600{GMT}	INFO	[jepsen worker 3] jepsen.util: 3	:ok	:broadcast	19
2023-04-29 16:57:14,722{GMT}	INFO	[jepsen worker 4] jepsen.util: 4	:invoke	:read	nil
2023-04-29 16:57:14,725{GMT}	INFO	[jepsen worker 4] jepsen.util: 4	:ok	:read	[2 5]
2023-04-29 16:57:14,873{GMT}	INFO	[jepsen worker 0] jepsen.util: 0	:invoke	:read	nil
2023-04-29 16:57:14,876{GMT}	INFO	[jepsen worker 0] jepsen.util: 0	:ok	:read	[3 6 7 9 11 12 14 18]
2023-04-29 16:57:14,967{GMT}	INFO	[jepsen worker 0] jepsen.util: 0	:invoke	:read	nil
2023-04-29 16:57:14,969{GMT}	INFO	[jepsen worker 0] jepsen.util: 0	:ok	:read	[3 6 7 9 11 12 14 18]
2023-04-29 16:57:15,057{GMT}	INFO	[jepsen worker 1] jepsen.util: 1	:invoke	:read	nil
2023-04-29 16:57:15,059{GMT}	INFO	[jepsen worker 1] jepsen.util: 1	:ok	:read	[8 15]
2023-04-29 16:57:15,078{GMT}	INFO	[jepsen worker 2] jepsen.util: 2	:invoke	:read	nil
2023-04-29 16:57:15,079{GMT}	INFO	[jepsen worker 2] jepsen.util: 2	:ok	:read	[0 13]
2023-04-29 16:57:15,270{GMT}	INFO	[jepsen worker 3] jepsen.util: 3	:invoke	:read	nil
2023-04-29 16:57:15,272{GMT}	INFO	[jepsen worker 3] jepsen.util: 3	:ok	:read	[1 4 10 16 17 19]
2023-04-29 16:57:15,389{GMT}	INFO	[jepsen worker 4] jepsen.util: 4	:invoke	:read	nil
2023-04-29 16:57:15,391{GMT}	INFO	[jepsen worker 4] jepsen.util: 4	:ok	:read	[2 5]
2023-04-29 16:57:15,499{GMT}	INFO	[jepsen worker 0] jepsen.util: 0	:invoke	:read	nil
2023-04-29 16:57:15,501{GMT}	INFO	[jepsen worker 0] jepsen.util: 0	:ok	:read	[3 6 7 9 11 12 14 18]
2023-04-29 16:57:15,620{GMT}	INFO	[jepsen worker 0] jepsen.util: 0	:invoke	:broadcast	20
2023-04-29 16:57:15,622{GMT}	INFO	[jepsen worker 0] jepsen.util: 0	:ok	:broadcast	20
2023-04-29 16:57:15,690{GMT}	INFO	[jepsen worker 1] jepsen.util: 1	:invoke	:read	nil
2023-04-29 16:57:15,691{GMT}	INFO	[jepsen worker 1] jepsen.util: 1	:ok	:read	[8 15]
2023-04-29 16:57:15,815{GMT}	INFO	[jepsen worker 2] jepsen.util: 2	:invoke	:broadcast	21
2023-04-29 16:57:15,817{GMT}	INFO	[jepsen worker 2] jepsen.util: 2	:ok	:broadcast	21
2023-04-29 16:57:15,884{GMT}	INFO	[jepsen worker 3] jepsen.util: 3	:invoke	:broadcast	22
2023-04-29 16:57:15,886{GMT}	INFO	[jepsen worker 3] jepsen.util: 3	:ok	:broadcast	22
2023-04-29 16:57:15,943{GMT}	INFO	[jepsen worker 4] jepsen.util: 4	:invoke	:broadcast	23
2023-04-29 16:57:15,945{GMT}	INFO	[jepsen worker 4] jepsen.util: 4	:ok	:broadcast	23
2023-04-29 16:57:15,996{GMT}	INFO	[jepsen worker 0] jepsen.util: 0	:invoke	:broadcast	24
2023-04-29 16:57:15,998{GMT}	INFO	[jepsen worker 0] jepsen.util: 0	:ok	:broadcast	24
2023-04-29 16:57:16,080{GMT}	INFO	[jepsen worker 0] jepsen.util: 0	:invoke	:read	nil
2023-04-29 16:57:16,083{GMT}	INFO	[jepsen worker 0] jepsen.util: 0	:ok	:read	[3 6 7 9 11 12 14 18 20 24]
2023-04-29 16:57:16,261{GMT}	INFO	[jepsen worker 1] jepsen.util: 1	:invoke	:broadcast	25
2023-04-29 16:57:16,263{GMT}	INFO	[jepsen worker 1] jepsen.util: 1	:ok	:broadcast	25
2023-04-29 16:57:16,287{GMT}	INFO	[jepsen worker 2] jepsen.util: 2	:invoke	:read	nil
2023-04-29 16:57:16,289{GMT}	INFO	[jepsen worker 2] jepsen.util: 2	:ok	:read	[0 13 21]
2023-04-29 16:57:16,311{GMT}	INFO	[jepsen worker 3] jepsen.util: 3	:invoke	:broadcast	26
2023-04-29 16:57:16,312{GMT}	INFO	[jepsen worker 3] jepsen.util: 3	:ok	:broadcast	26
2023-04-29 16:57:16,437{GMT}	INFO	[jepsen worker 4] jepsen.util: 4	:invoke	:broadcast	27
2023-04-29 16:57:16,439{GMT}	INFO	[jepsen worker 4] jepsen.util: 4	:ok	:broadcast	27
2023-04-29 16:57:16,546{GMT}	INFO	[jepsen worker 0] jepsen.util: 0	:invoke	:broadcast	28
2023-04-29 16:57:16,548{GMT}	INFO	[jepsen worker 0] jepsen.util: 0	:ok	:broadcast	28
2023-04-29 16:57:16,592{GMT}	INFO	[jepsen worker 0] jepsen.util: 0	:invoke	:broadcast	29
2023-04-29 16:57:16,594{GMT}	INFO	[jepsen worker 0] jepsen.util: 0	:ok	:broadcast	29
2023-04-29 16:57:16,780{GMT}	INFO	[jepsen worker 1] jepsen.util: 1	:invoke	:read	nil
2023-04-29 16:57:16,783{GMT}	INFO	[jepsen worker 1] jepsen.util: 1	:ok	:read	[8 15 25]
2023-04-29 16:57:16,923{GMT}	INFO	[jepsen worker 2] jepsen.util: 2	:invoke	:broadcast	30
2023-04-29 16:57:16,924{GMT}	INFO	[jepsen worker 3] jepsen.util: 3	:invoke	:read	nil
2023-04-29 16:57:16,924{GMT}	INFO	[jepsen worker 2] jepsen.util: 2	:ok	:broadcast	30
2023-04-29 16:57:16,925{GMT}	INFO	[jepsen worker 3] jepsen.util: 3	:ok	:read	[1 4 10 16 17 19 22 26]
2023-04-29 16:57:17,039{GMT}	INFO	[jepsen worker 4] jepsen.util: 4	:invoke	:read	nil
2023-04-29 16:57:17,041{GMT}	INFO	[jepsen worker 4] jepsen.util: 4	:ok	:read	[2 5 23 27]
2023-04-29 16:57:17,096{GMT}	INFO	[jepsen worker 0] jepsen.util: 0	:invoke	:read	nil
2023-04-29 16:57:17,098{GMT}	INFO	[jepsen worker 0] jepsen.util: 0	:ok	:read	[3 6 7 9 11 12 14 18 20 24 28 29]
2023-04-29 16:57:17,296{GMT}	INFO	[jepsen worker 0] jepsen.util: 0	:invoke	:broadcast	31
2023-04-29 16:57:17,299{GMT}	INFO	[jepsen worker 0] jepsen.util: 0	:ok	:broadcast	31
2023-04-29 16:57:17,304{GMT}	INFO	[jepsen worker 1] jepsen.util: 1	:invoke	:read	nil
2023-04-29 16:57:17,306{GMT}	INFO	[jepsen worker 1] jepsen.util: 1	:ok	:read	[8 15 25]
2023-04-29 16:57:17,482{GMT}	INFO	[jepsen worker 2] jepsen.util: 2	:invoke	:read	nil
2023-04-29 16:57:17,485{GMT}	INFO	[jepsen worker 2] jepsen.util: 2	:ok	:read	[0 13 21 30]
2023-04-29 16:57:17,584{GMT}	INFO	[jepsen worker 3] jepsen.util: 3	:invoke	:read	nil
2023-04-29 16:57:17,587{GMT}	INFO	[jepsen worker 3] jepsen.util: 3	:ok	:read	[1 4 10 16 17 19 22 26]
2023-04-29 16:57:17,662{GMT}	INFO	[jepsen worker 4] jepsen.util: 4	:invoke	:broadcast	32
2023-04-29 16:57:17,664{GMT}	INFO	[jepsen worker 4] jepsen.util: 4	:ok	:broadcast	32
2023-04-29 16:57:17,683{GMT}	INFO	[jepsen worker 0] jepsen.util: 0	:invoke	:read	nil
2023-04-29 16:57:17,684{GMT}	INFO	[jepsen worker 0] jepsen.util: 0	:ok	:read	[3 6 7 9 11 12 14 18 20 24 28 29 31]
2023-04-29 16:57:17,841{GMT}	INFO	[jepsen worker 0] jepsen.util: 0	:invoke	:read	nil
2023-04-29 16:57:17,844{GMT}	INFO	[jepsen worker 0] jepsen.util: 0	:ok	:read	[3 6 7 9 11 12 14 18 20 24 28 29 31]
2023-04-29 16:57:18,036{GMT}	INFO	[jepsen worker 1] jepsen.util: 1	:invoke	:broadcast	33
2023-04-29 16:57:18,038{GMT}	INFO	[jepsen worker 1] jepsen.util: 1	:ok	:broadcast	33
2023-04-29 16:57:18,198{GMT}	INFO	[jepsen worker 2] jepsen.util: 2	:invoke	:read	nil
2023-04-29 16:57:18,200{GMT}	INFO	[jepsen worker 2] jepsen.util: 2	:ok	:read	[0 13 21 30]
2023-04-29 16:57:18,288{GMT}	INFO	[jepsen worker 3] jepsen.util: 3	:invoke	:broadcast	34
2023-04-29 16:57:18,289{GMT}	INFO	[jepsen worker 3] jepsen.util: 3	:ok	:broadcast	34
2023-04-29 16:57:18,293{GMT}	INFO	[jepsen worker 4] jepsen.util: 4	:invoke	:read	nil
2023-04-29 16:57:18,294{GMT}	INFO	[jepsen worker 4] jepsen.util: 4	:ok	:read	[2 5 23 27 32]
2023-04-29 16:57:18,470{GMT}	INFO	[jepsen worker 0] jepsen.util: 0	:invoke	:read	nil
2023-04-29 16:57:18,473{GMT}	INFO	[jepsen worker 0] jepsen.util: 0	:ok	:read	[3 6 7 9 11 12 14 18 20 24 28 29 31]
2023-04-29 16:57:18,545{GMT}	INFO	[jepsen worker 0] jepsen.util: 0	:invoke	:broadcast	35
2023-04-29 16:57:18,546{GMT}	INFO	[jepsen worker 0] jepsen.util: 0	:ok	:broadcast	35
2023-04-29 16:57:18,622{GMT}	INFO	[jepsen worker 1] jepsen.util: 1	:invoke	:broadcast	36
2023-04-29 16:57:18,624{GMT}	INFO	[jepsen worker 1] jepsen.util: 1	:ok	:broadcast	36
2023-04-29 16:57:18,663{GMT}	INFO	[jepsen worker 2] jepsen.util: 2	:invoke	:broadcast	37
2023-04-29 16:57:18,664{GMT}	INFO	[jepsen worker 3] jepsen.util: 3	:invoke	:broadcast	38
2023-04-29 16:57:18,665{GMT}	INFO	[jepsen worker 2] jepsen.util: 2	:ok	:broadcast	37
2023-04-29 16:57:18,665{GMT}	INFO	[jepsen worker 3] jepsen.util: 3	:ok	:broadcast	38
2023-04-29 16:57:18,755{GMT}	INFO	[jepsen worker 4] jepsen.util: 4	:invoke	:broadcast	39
2023-04-29 16:57:18,758{GMT}	INFO	[jepsen worker 4] jepsen.util: 4	:ok	:broadcast	39
2023-04-29 16:57:18,920{GMT}	INFO	[jepsen worker 0] jepsen.util: 0	:invoke	:broadcast	40
2023-04-29 16:57:18,923{GMT}	INFO	[jepsen worker 0] jepsen.util: 0	:ok	:broadcast	40
2023-04-29 16:57:18,962{GMT}	INFO	[jepsen worker 0] jepsen.util: 0	:invoke	:broadcast	41
2023-04-29 16:57:18,963{GMT}	INFO	[jepsen worker 0] jepsen.util: 0	:ok	:broadcast	41
2023-04-29 16:57:18,977{GMT}	INFO	[jepsen worker 1] jepsen.util: 1	:invoke	:broadcast	42
2023-04-29 16:57:18,978{GMT}	INFO	[jepsen worker 1] jepsen.util: 1	:ok	:broadcast	42
2023-04-29 16:57:19,100{GMT}	INFO	[jepsen worker 2] jepsen.util: 2	:invoke	:broadcast	43
2023-04-29 16:57:19,102{GMT}	INFO	[jepsen worker 2] jepsen.util: 2	:ok	:broadcast	43
2023-04-29 16:57:19,292{GMT}	INFO	[jepsen worker 3] jepsen.util: 3	:invoke	:read	nil
2023-04-29 16:57:19,294{GMT}	INFO	[jepsen worker 3] jepsen.util: 3	:ok	:read	[1 4 10 16 17 19 22 26 34 38]
2023-04-29 16:57:19,408{GMT}	INFO	[jepsen worker 4] jepsen.util: 4	:invoke	:read	nil
2023-04-29 16:57:19,411{GMT}	INFO	[jepsen worker 4] jepsen.util: 4	:ok	:read	[2 5 23 27 32 39]
2023-04-29 16:57:19,596{GMT}	INFO	[jepsen worker 0] jepsen.util: 0	:invoke	:read	nil
2023-04-29 16:57:19,598{GMT}	INFO	[jepsen worker 0] jepsen.util: 0	:ok	:read	[3 6 7 9 11 12 14 18 20 24 28 29 31 35 40 41]
2023-04-29 16:57:19,645{GMT}	INFO	[jepsen worker 0] jepsen.util: 0	:invoke	:broadcast	44
2023-04-29 16:57:19,647{GMT}	INFO	[jepsen worker 0] jepsen.util: 0	:ok	:broadcast	44
2023-04-29 16:57:19,754{GMT}	INFO	[jepsen worker 1] jepsen.util: 1	:invoke	:broadcast	45
2023-04-29 16:57:19,756{GMT}	INFO	[jepsen worker 1] jepsen.util: 1	:ok	:broadcast	45
2023-04-29 16:57:19,863{GMT}	INFO	[jepsen worker 2] jepsen.util: 2	:invoke	:broadcast	46
2023-04-29 16:57:19,865{GMT}	INFO	[jepsen worker 2] jepsen.util: 2	:ok	:broadcast	46
2023-04-29 16:57:19,928{GMT}	INFO	[jepsen worker 3] jepsen.util: 3	:invoke	:broadcast	47
2023-04-29 16:57:19,929{GMT}	INFO	[jepsen worker 3] jepsen.util: 3	:ok	:broadcast	47
2023-04-29 16:57:20,084{GMT}	INFO	[jepsen worker 4] jepsen.util: 4	:invoke	:broadcast	48
2023-04-29 16:57:20,085{GMT}	INFO	[jepsen worker 4] jepsen.util: 4	:ok	:broadcast	48
2023-04-29 16:57:20,250{GMT}	INFO	[jepsen worker 0] jepsen.util: 0	:invoke	:broadcast	49
2023-04-29 16:57:20,251{GMT}	INFO	[jepsen worker 0] jepsen.util: 0	:ok	:broadcast	49
2023-04-29 16:57:20,435{GMT}	INFO	[jepsen worker 0] jepsen.util: 0	:invoke	:read	nil
2023-04-29 16:57:20,437{GMT}	INFO	[jepsen worker 0] jepsen.util: 0	:ok	:read	[3 6 7 9 11 12 14 18 20 24 28 29 31 35 40 41 44 49]
2023-04-29 16:57:20,590{GMT}	INFO	[jepsen worker 1] jepsen.util: 1	:invoke	:read	nil
2023-04-29 16:57:20,592{GMT}	INFO	[jepsen worker 1] jepsen.util: 1	:ok	:read	[8 15 25 33 36 42 45]
2023-04-29 16:57:20,610{GMT}	INFO	[jepsen worker 2] jepsen.util: 2	:invoke	:read	nil
2023-04-29 16:57:20,612{GMT}	INFO	[jepsen worker 2] jepsen.util: 2	:ok	:read	[0 13 21 30 37 43 46]
2023-04-29 16:57:20,686{GMT}	INFO	[jepsen worker 3] jepsen.util: 3	:invoke	:read	nil
2023-04-29 16:57:20,689{GMT}	INFO	[jepsen worker 3] jepsen.util: 3	:ok	:read	[1 4 10 16 17 19 22 26 34 38 47]
2023-04-29 16:57:20,820{GMT}	INFO	[jepsen worker 4] jepsen.util: 4	:invoke	:broadcast	50
2023-04-29 16:57:20,821{GMT}	INFO	[jepsen worker 4] jepsen.util: 4	:ok	:broadcast	50
2023-04-29 16:57:20,973{GMT}	INFO	[jepsen worker 0] jepsen.util: 0	:invoke	:broadcast	51
2023-04-29 16:57:20,974{GMT}	INFO	[jepsen worker 0] jepsen.util: 0	:ok	:broadcast	51
2023-04-29 16:57:21,047{GMT}	INFO	[jepsen worker 0] jepsen.util: 0	:invoke	:read	nil
2023-04-29 16:57:21,049{GMT}	INFO	[jepsen worker 0] jepsen.util: 0	:ok	:read	[3 6 7 9 11 12 14 18 20 24 28 29 31 35 40 41 44 49 51]
2023-04-29 16:57:21,179{GMT}	INFO	[jepsen worker 1] jepsen.util: 1	:invoke	:broadcast	52
2023-04-29 16:57:21,181{GMT}	INFO	[jepsen worker 1] jepsen.util: 1	:ok	:broadcast	52
2023-04-29 16:57:21,230{GMT}	INFO	[jepsen worker 2] jepsen.util: 2	:invoke	:broadcast	53
2023-04-29 16:57:21,231{GMT}	INFO	[jepsen worker 2] jepsen.util: 2	:ok	:broadcast	53
2023-04-29 16:57:21,245{GMT}	INFO	[jepsen worker 3] jepsen.util: 3	:invoke	:broadcast	54
2023-04-29 16:57:21,246{GMT}	INFO	[jepsen worker 3] jepsen.util: 3	:ok	:broadcast	54
2023-04-29 16:57:21,367{GMT}	INFO	[jepsen worker 4] jepsen.util: 4	:invoke	:read	nil
2023-04-29 16:57:21,369{GMT}	INFO	[jepsen worker 4] jepsen.util: 4	:ok	:read	[2 5 23 27 32 39 48 50]
2023-04-29 16:57:21,415{GMT}	INFO	[jepsen worker 0] jepsen.util: 0	:invoke	:broadcast	55
2023-04-29 16:57:21,417{GMT}	INFO	[jepsen worker 0] jepsen.util: 0	:ok	:broadcast	55
2023-04-29 16:57:21,553{GMT}	INFO	[jepsen worker 0] jepsen.util: 0	:invoke	:broadcast	56
2023-04-29 16:57:21,555{GMT}	INFO	[jepsen worker 0] jepsen.util: 0	:ok	:broadcast	56
2023-04-29 16:57:21,658{GMT}	INFO	[jepsen worker 1] jepsen.util: 1	:invoke	:broadcast	57
2023-04-29 16:57:21,661{GMT}	INFO	[jepsen worker 1] jepsen.util: 1	:ok	:broadcast	57
2023-04-29 16:57:21,779{GMT}	INFO	[jepsen worker 2] jepsen.util: 2	:invoke	:broadcast	58
2023-04-29 16:57:21,781{GMT}	INFO	[jepsen worker 2] jepsen.util: 2	:ok	:broadcast	58
2023-04-29 16:57:21,948{GMT}	INFO	[jepsen worker 3] jepsen.util: 3	:invoke	:broadcast	59
2023-04-29 16:57:21,950{GMT}	INFO	[jepsen worker 3] jepsen.util: 3	:ok	:broadcast	59
2023-04-29 16:57:22,042{GMT}	INFO	[jepsen worker 4] jepsen.util: 4	:invoke	:read	nil
2023-04-29 16:57:22,044{GMT}	INFO	[jepsen worker 4] jepsen.util: 4	:ok	:read	[2 5 23 27 32 39 48 50]
2023-04-29 16:57:22,201{GMT}	INFO	[jepsen worker 0] jepsen.util: 0	:invoke	:broadcast	60
2023-04-29 16:57:22,203{GMT}	INFO	[jepsen worker 0] jepsen.util: 0	:ok	:broadcast	60
2023-04-29 16:57:22,257{GMT}	INFO	[jepsen worker 0] jepsen.util: 0	:invoke	:broadcast	61
2023-04-29 16:57:22,258{GMT}	INFO	[jepsen worker 0] jepsen.util: 0	:ok	:broadcast	61
2023-04-29 16:57:22,289{GMT}	INFO	[jepsen worker 1] jepsen.util: 1	:invoke	:broadcast	62
2023-04-29 16:57:22,290{GMT}	INFO	[jepsen worker 1] jepsen.util: 1	:ok	:broadcast	62
2023-04-29 16:57:22,298{GMT}	INFO	[jepsen worker 2] jepsen.util: 2	:invoke	:broadcast	63
2023-04-29 16:57:22,298{GMT}	INFO	[jepsen worker 2] jepsen.util: 2	:ok	:broadcast	63
2023-04-29 16:57:22,411{GMT}	INFO	[jepsen worker 3] jepsen.util: 3	:invoke	:read	nil
2023-04-29 16:57:22,412{GMT}	INFO	[jepsen worker 3] jepsen.util: 3	:ok	:read	[1 4 10 16 17 19 22 26 34 38 47 54 59]
2023-04-29 16:57:22,437{GMT}	INFO	[jepsen worker 4] jepsen.util: 4	:invoke	:broadcast	64
2023-04-29 16:57:22,438{GMT}	INFO	[jepsen worker 4] jepsen.util: 4	:ok	:broadcast	64
2023-04-29 16:57:22,501{GMT}	INFO	[jepsen worker 0] jepsen.util: 0	:invoke	:read	nil
2023-04-29 16:57:22,502{GMT}	INFO	[jepsen worker 0] jepsen.util: 0	:ok	:read	[3 6 7 9 11 12 14 18 20 24 28 29 31 35 40 41 44 49 51 55 56 60 61]
2023-04-29 16:57:22,553{GMT}	INFO	[jepsen worker 0] jepsen.util: 0	:invoke	:read	nil
2023-04-29 16:57:22,555{GMT}	INFO	[jepsen worker 0] jepsen.util: 0	:ok	:read	[3 6 7 9 11 12 14 18 20 24 28 29 31 35 40 41 44 49 51 55 56 60 61]
2023-04-29 16:57:22,567{GMT}	INFO	[jepsen worker 1] jepsen.util: 1	:invoke	:read	nil
2023-04-29 16:57:22,569{GMT}	INFO	[jepsen worker 1] jepsen.util: 1	:ok	:read	[8 15 25 33 36 42 45 52 57 62]
2023-04-29 16:57:22,722{GMT}	INFO	[jepsen worker 2] jepsen.util: 2	:invoke	:broadcast	65
2023-04-29 16:57:22,723{GMT}	INFO	[jepsen worker 2] jepsen.util: 2	:ok	:broadcast	65
2023-04-29 16:57:22,757{GMT}	INFO	[jepsen worker 3] jepsen.util: 3	:invoke	:broadcast	66
2023-04-29 16:57:22,758{GMT}	INFO	[jepsen worker 3] jepsen.util: 3	:ok	:broadcast	66
2023-04-29 16:57:22,839{GMT}	INFO	[jepsen worker 4] jepsen.util: 4	:invoke	:broadcast	67
2023-04-29 16:57:22,841{GMT}	INFO	[jepsen worker 4] jepsen.util: 4	:ok	:broadcast	67
2023-04-29 16:57:22,956{GMT}	INFO	[jepsen worker 0] jepsen.util: 0	:invoke	:broadcast	68
2023-04-29 16:57:22,958{GMT}	INFO	[jepsen worker 0] jepsen.util: 0	:ok	:broadcast	68
2023-04-29 16:57:22,990{GMT}	INFO	[jepsen worker 0] jepsen.util: 0	:invoke	:broadcast	69
2023-04-29 16:57:22,991{GMT}	INFO	[jepsen worker 0] jepsen.util: 0	:ok	:broadcast	69
2023-04-29 16:57:23,072{GMT}	INFO	[jepsen worker 1] jepsen.util: 1	:invoke	:broadcast	70
2023-04-29 16:57:23,074{GMT}	INFO	[jepsen worker 1] jepsen.util: 1	:ok	:broadcast	70
2023-04-29 16:57:23,271{GMT}	INFO	[jepsen worker 2] jepsen.util: 2	:invoke	:broadcast	71
2023-04-29 16:57:23,273{GMT}	INFO	[jepsen worker 2] jepsen.util: 2	:ok	:broadcast	71
2023-04-29 16:57:23,343{GMT}	INFO	[jepsen worker 3] jepsen.util: 3	:invoke	:broadcast	72
2023-04-29 16:57:23,345{GMT}	INFO	[jepsen worker 3] jepsen.util: 3	:ok	:broadcast	72
2023-04-29 16:57:23,463{GMT}	INFO	[jepsen worker 4] jepsen.util: 4	:invoke	:read	nil
2023-04-29 16:57:23,465{GMT}	INFO	[jepsen worker 4] jepsen.util: 4	:ok	:read	[2 5 23 27 32 39 48 50 64 67]
2023-04-29 16:57:23,510{GMT}	INFO	[jepsen worker 0] jepsen.util: 0	:invoke	:read	nil
2023-04-29 16:57:23,513{GMT}	INFO	[jepsen worker 0] jepsen.util: 0	:ok	:read	[3 6 7 9 11 12 14 18 20 24 28 29 31 35 40 41 44 49 51 55 56 60 61 68 69]
2023-04-29 16:57:23,627{GMT}	INFO	[jepsen worker 0] jepsen.util: 0	:invoke	:broadcast	73
2023-04-29 16:57:23,630{GMT}	INFO	[jepsen worker 0] jepsen.util: 0	:ok	:broadcast	73
2023-04-29 16:57:23,797{GMT}	INFO	[jepsen worker 1] jepsen.util: 1	:invoke	:broadcast	74
2023-04-29 16:57:23,799{GMT}	INFO	[jepsen worker 1] jepsen.util: 1	:ok	:broadcast	74
2023-04-29 16:57:23,856{GMT}	INFO	[jepsen worker 2] jepsen.util: 2	:invoke	:read	nil
2023-04-29 16:57:23,858{GMT}	INFO	[jepsen worker 2] jepsen.util: 2	:ok	:read	[0 13 21 30 37 43 46 53 58 63 65 71]
2023-04-29 16:57:24,044{GMT}	INFO	[jepsen worker 3] jepsen.util: 3	:invoke	:broadcast	75
2023-04-29 16:57:24,046{GMT}	INFO	[jepsen worker 3] jepsen.util: 3	:ok	:broadcast	75
2023-04-29 16:57:24,190{GMT}	INFO	[jepsen worker 4] jepsen.util: 4	:invoke	:read	nil
2023-04-29 16:57:24,192{GMT}	INFO	[jepsen worker 4] jepsen.util: 4	:ok	:read	[2 5 23 27 32 39 48 50 64 67]
2023-04-29 16:57:24,205{GMT}	INFO	[jepsen worker 0] jepsen.util: 0	:invoke	:broadcast	76
2023-04-29 16:57:24,206{GMT}	INFO	[jepsen worker 0] jepsen.util: 0	:ok	:broadcast	76
2023-04-29 16:57:24,219{GMT}	INFO	[jepsen worker 0] jepsen.util: 0	:invoke	:read	nil
2023-04-29 16:57:24,221{GMT}	INFO	[jepsen worker 0] jepsen.util: 0	:ok	:read	[3 6 7 9 11 12 14 18 20 24 28 29 31 35 40 41 44 49 51 55 56 60 61 68 69 73 76]
2023-04-29 16:57:24,238{GMT}	INFO	[jepsen worker 1] jepsen.util: 1	:invoke	:read	nil
2023-04-29 16:57:24,240{GMT}	INFO	[jepsen worker 1] jepsen.util: 1	:ok	:read	[8 15 25 33 36 42 45 52 57 62 70 74]
2023-04-29 16:57:24,337{GMT}	INFO	[jepsen worker 2] jepsen.util: 2	:invoke	:broadcast	77
2023-04-29 16:57:24,338{GMT}	INFO	[jepsen worker 2] jepsen.util: 2	:ok	:broadcast	77
2023-04-29 16:57:24,392{GMT}	INFO	[jepsen worker 3] jepsen.util: 3	:invoke	:broadcast	78
2023-04-29 16:57:24,393{GMT}	INFO	[jepsen worker 3] jepsen.util: 3	:ok	:broadcast	78
2023-04-29 16:57:24,463{GMT}	INFO	[jepsen worker 4] jepsen.util: 4	:invoke	:read	nil
2023-04-29 16:57:24,464{GMT}	INFO	[jepsen worker 4] jepsen.util: 4	:ok	:read	[2 5 23 27 32 39 48 50 64 67]
2023-04-29 16:57:24,633{GMT}	INFO	[jepsen worker 0] jepsen.util: 0	:invoke	:read	nil
2023-04-29 16:57:24,634{GMT}	INFO	[jepsen worker 0] jepsen.util: 0	:ok	:read	[3 6 7 9 11 12 14 18 20 24 28 29 31 35 40 41 44 49 51 55 56 60 61 68 69 73 76]
2023-04-29 16:57:24,823{GMT}	INFO	[jepsen worker 0] jepsen.util: 0	:invoke	:read	nil
2023-04-29 16:57:24,825{GMT}	INFO	[jepsen worker 0] jepsen.util: 0	:ok	:read	[3 6 7 9 11 12 14 18 20 24 28 29 31 35 40 41 44 49 51 55 56 60 61 68 69 73 76]
2023-04-29 16:57:24,975{GMT}	INFO	[jepsen worker 1] jepsen.util: 1	:invoke	:broadcast	79
2023-04-29 16:57:24,977{GMT}	INFO	[jepsen worker 1] jepsen.util: 1	:ok	:broadcast	79
2023-04-29 16:57:25,046{GMT}	INFO	[jepsen worker 2] jepsen.util: 2	:invoke	:broadcast	80
2023-04-29 16:57:25,048{GMT}	INFO	[jepsen worker 2] jepsen.util: 2	:ok	:broadcast	80
2023-04-29 16:57:25,108{GMT}	INFO	[jepsen worker 3] jepsen.util: 3	:invoke	:broadcast	81
2023-04-29 16:57:25,110{GMT}	INFO	[jepsen worker 3] jepsen.util: 3	:ok	:broadcast	81
2023-04-29 16:57:25,311{GMT}	INFO	[jepsen worker 4] jepsen.util: 4	:invoke	:read	nil
2023-04-29 16:57:25,313{GMT}	INFO	[jepsen worker 4] jepsen.util: 4	:ok	:read	[2 5 23 27 32 39 48 50 64 67]
2023-04-29 16:57:25,343{GMT}	INFO	[jepsen worker 0] jepsen.util: 0	:invoke	:broadcast	82
2023-04-29 16:57:25,344{GMT}	INFO	[jepsen worker 0] jepsen.util: 0	:ok	:broadcast	82
2023-04-29 16:57:25,436{GMT}	INFO	[jepsen worker 0] jepsen.util: 0	:invoke	:broadcast	83
2023-04-29 16:57:25,438{GMT}	INFO	[jepsen worker 0] jepsen.util: 0	:ok	:broadcast	83
2023-04-29 16:57:25,515{GMT}	INFO	[jepsen worker 1] jepsen.util: 1	:invoke	:read	nil
2023-04-29 16:57:25,517{GMT}	INFO	[jepsen worker 1] jepsen.util: 1	:ok	:read	[8 15 25 33 36 42 45 52 57 62 70 74 79]
2023-04-29 16:57:25,630{GMT}	INFO	[jepsen worker 2] jepsen.util: 2	:invoke	:read	nil
2023-04-29 16:57:25,632{GMT}	INFO	[jepsen worker 2] jepsen.util: 2	:ok	:read	[0 13 21 30 37 43 46 53 58 63 65 71 77 80]
2023-04-29 16:57:25,784{GMT}	INFO	[jepsen worker 3] jepsen.util: 3	:invoke	:read	nil
2023-04-29 16:57:25,785{GMT}	INFO	[jepsen worker 3] jepsen.util: 3	:ok	:read	[1 4 10 16 17 19 22 26 34 38 47 54 59 66 72 75 78 81]
2023-04-29 16:57:25,808{GMT}	INFO	[jepsen worker 4] jepsen.util: 4	:invoke	:broadcast	84
2023-04-29 16:57:25,809{GMT}	INFO	[jepsen worker 4] jepsen.util: 4	:ok	:broadcast	84
2023-04-29 16:57:25,997{GMT}	INFO	[jepsen worker 0] jepsen.util: 0	:invoke	:broadcast	85
2023-04-29 16:57:25,998{GMT}	INFO	[jepsen worker 0] jepsen.util: 0	:ok	:broadcast	85
2023-04-29 16:57:26,165{GMT}	INFO	[jepsen worker 0] jepsen.util: 0	:invoke	:read	nil
2023-04-29 16:57:26,167{GMT}	INFO	[jepsen worker 0] jepsen.util: 0	:ok	:read	[3 6 7 9 11 12 14 18 20 24 28 29 31 35 40 41 44 49 51 55 56 60 61 68 69 73 76 82 83 85]
2023-04-29 16:57:26,205{GMT}	INFO	[jepsen worker 1] jepsen.util: 1	:invoke	:broadcast	86
2023-04-29 16:57:26,206{GMT}	INFO	[jepsen worker 1] jepsen.util: 1	:ok	:broadcast	86
2023-04-29 16:57:26,346{GMT}	INFO	[jepsen worker 2] jepsen.util: 2	:invoke	:read	nil
2023-04-29 16:57:26,348{GMT}	INFO	[jepsen worker 2] jepsen.util: 2	:ok	:read	[0 13 21 30 37 43 46 53 58 63 65 71 77 80]
2023-04-29 16:57:26,524{GMT}	INFO	[jepsen worker 3] jepsen.util: 3	:invoke	:broadcast	87
2023-04-29 16:57:26,526{GMT}	INFO	[jepsen worker 3] jepsen.util: 3	:ok	:broadcast	87
2023-04-29 16:57:26,698{GMT}	INFO	[jepsen worker 4] jepsen.util: 4	:invoke	:read	nil
2023-04-29 16:57:26,700{GMT}	INFO	[jepsen worker 4] jepsen.util: 4	:ok	:read	[2 5 23 27 32 39 48 50 64 67 84]
2023-04-29 16:57:26,761{GMT}	INFO	[jepsen worker 0] jepsen.util: 0	:invoke	:read	nil
2023-04-29 16:57:26,763{GMT}	INFO	[jepsen worker 0] jepsen.util: 0	:ok	:read	[3 6 7 9 11 12 14 18 20 24 28 29 31 35 40 41 44 49 51 55 56 60 61 68 69 73 76 82 83 85]
2023-04-29 16:57:26,897{GMT}	INFO	[jepsen worker 0] jepsen.util: 0	:invoke	:broadcast	88
2023-04-29 16:57:26,899{GMT}	INFO	[jepsen worker 0] jepsen.util: 0	:ok	:broadcast	88
2023-04-29 16:57:27,045{GMT}	INFO	[jepsen worker 1] jepsen.util: 1	:invoke	:broadcast	89
2023-04-29 16:57:27,047{GMT}	INFO	[jepsen worker 1] jepsen.util: 1	:ok	:broadcast	89
2023-04-29 16:57:27,141{GMT}	INFO	[jepsen worker 2] jepsen.util: 2	:invoke	:broadcast	90
2023-04-29 16:57:27,143{GMT}	INFO	[jepsen worker 2] jepsen.util: 2	:ok	:broadcast	90
2023-04-29 16:57:27,211{GMT}	INFO	[jepsen worker 3] jepsen.util: 3	:invoke	:broadcast	91
2023-04-29 16:57:27,213{GMT}	INFO	[jepsen worker 3] jepsen.util: 3	:ok	:broadcast	91
2023-04-29 16:57:27,263{GMT}	INFO	[jepsen worker 4] jepsen.util: 4	:invoke	:broadcast	92
2023-04-29 16:57:27,265{GMT}	INFO	[jepsen worker 4] jepsen.util: 4	:ok	:broadcast	92
2023-04-29 16:57:27,376{GMT}	INFO	[jepsen worker 0] jepsen.util: 0	:invoke	:read	nil
2023-04-29 16:57:27,379{GMT}	INFO	[jepsen worker 0] jepsen.util: 0	:ok	:read	[3 6 7 9 11 12 14 18 20 24 28 29 31 35 40 41 44 49 51 55 56 60 61 68 69 73 76 82 83 85 88]
2023-04-29 16:57:27,439{GMT}	INFO	[jepsen worker 0] jepsen.util: 0	:invoke	:read	nil
2023-04-29 16:57:27,441{GMT}	INFO	[jepsen worker 0] jepsen.util: 0	:ok	:read	[3 6 7 9 11 12 14 18 20 24 28 29 31 35 40 41 44 49 51 55 56 60 61 68 69 73 76 82 83 85 88]
2023-04-29 16:57:27,505{GMT}	INFO	[jepsen worker 1] jepsen.util: 1	:invoke	:read	nil
2023-04-29 16:57:27,507{GMT}	INFO	[jepsen worker 1] jepsen.util: 1	:ok	:read	[8 15 25 33 36 42 45 52 57 62 70 74 79 86 89]
2023-04-29 16:57:27,672{GMT}	INFO	[jepsen worker 2] jepsen.util: 2	:invoke	:broadcast	93
2023-04-29 16:57:27,674{GMT}	INFO	[jepsen worker 2] jepsen.util: 2	:ok	:broadcast	93
2023-04-29 16:57:27,828{GMT}	INFO	[jepsen worker 3] jepsen.util: 3	:invoke	:broadcast	94
2023-04-29 16:57:27,830{GMT}	INFO	[jepsen worker 3] jepsen.util: 3	:ok	:broadcast	94
2023-04-29 16:57:27,857{GMT}	INFO	[jepsen worker 4] jepsen.util: 4	:invoke	:broadcast	95
2023-04-29 16:57:27,858{GMT}	INFO	[jepsen worker 4] jepsen.util: 4	:ok	:broadcast	95
2023-04-29 16:57:28,005{GMT}	INFO	[jepsen worker 0] jepsen.util: 0	:invoke	:broadcast	96
2023-04-29 16:57:28,006{GMT}	INFO	[jepsen worker 0] jepsen.util: 0	:ok	:broadcast	96
2023-04-29 16:57:28,046{GMT}	INFO	[jepsen worker 0] jepsen.util: 0	:invoke	:read	nil
2023-04-29 16:57:28,048{GMT}	INFO	[jepsen worker 0] jepsen.util: 0	:ok	:read	[3 6 7 9 11 12 14 18 20 24 28 29 31 35 40 41 44 49 51 55 56 60 61 68 69 73 76 82 83 85 88 96]
2023-04-29 16:57:28,172{GMT}	INFO	[jepsen worker 1] jepsen.util: 1	:invoke	:broadcast	97
2023-04-29 16:57:28,174{GMT}	INFO	[jepsen worker 1] jepsen.util: 1	:ok	:broadcast	97
2023-04-29 16:57:28,283{GMT}	INFO	[jepsen worker 2] jepsen.util: 2	:invoke	:read	nil
2023-04-29 16:57:28,285{GMT}	INFO	[jepsen worker 2] jepsen.util: 2	:ok	:read	[0 13 21 30 37 43 46 53 58 63 65 71 77 80 90 93]
2023-04-29 16:57:28,358{GMT}	INFO	[jepsen worker 3] jepsen.util: 3	:invoke	:read	nil
2023-04-29 16:57:28,360{GMT}	INFO	[jepsen worker 3] jepsen.util: 3	:ok	:read	[1 4 10 16 17 19 22 26 34 38 47 54 59 66 72 75 78 81 87 91 94]
2023-04-29 16:57:28,486{GMT}	INFO	[jepsen worker 4] jepsen.util: 4	:invoke	:read	nil
2023-04-29 16:57:28,488{GMT}	INFO	[jepsen worker 4] jepsen.util: 4	:ok	:read	[2 5 23 27 32 39 48 50 64 67 84 92 95]
2023-04-29 16:57:28,592{GMT}	INFO	[jepsen worker 0] jepsen.util: 0	:invoke	:broadcast	98
2023-04-29 16:57:28,593{GMT}	INFO	[jepsen worker 0] jepsen.util: 0	:ok	:broadcast	98
2023-04-29 16:57:28,721{GMT}	INFO	[jepsen worker 0] jepsen.util: 0	:invoke	:read	nil
2023-04-29 16:57:28,723{GMT}	INFO	[jepsen worker 0] jepsen.util: 0	:ok	:read	[3 6 7 9 11 12 14 18 20 24 28 29 31 35 40 41 44 49 51 55 56 60 61 68 69 73 76 82 83 85 88 96 98]
2023-04-29 16:57:28,828{GMT}	INFO	[jepsen worker 1] jepsen.util: 1	:invoke	:read	nil
2023-04-29 16:57:28,829{GMT}	INFO	[jepsen worker 1] jepsen.util: 1	:ok	:read	[8 15 25 33 36 42 45 52 57 62 70 74 79 86 89 97]
2023-04-29 16:57:28,912{GMT}	INFO	[jepsen worker 2] jepsen.util: 2	:invoke	:broadcast	99
2023-04-29 16:57:28,914{GMT}	INFO	[jepsen worker 2] jepsen.util: 2	:ok	:broadcast	99
2023-04-29 16:57:28,924{GMT}	INFO	[jepsen worker 3] jepsen.util: 3	:invoke	:broadcast	100
2023-04-29 16:57:28,925{GMT}	INFO	[jepsen worker 3] jepsen.util: 3	:ok	:broadcast	100
2023-04-29 16:57:28,973{GMT}	INFO	[jepsen worker 4] jepsen.util: 4	:invoke	:broadcast	101
2023-04-29 16:57:28,974{GMT}	INFO	[jepsen worker 4] jepsen.util: 4	:ok	:broadcast	101
2023-04-29 16:57:29,071{GMT}	INFO	[jepsen worker 0] jepsen.util: 0	:invoke	:broadcast	102
2023-04-29 16:57:29,072{GMT}	INFO	[jepsen worker 0] jepsen.util: 0	:ok	:broadcast	102
2023-04-29 16:57:29,174{GMT}	INFO	[jepsen worker 0] jepsen.generator.interpreter: Waiting for recovery...
2023-04-29 16:57:39,182{GMT}	INFO	[jepsen worker 2] jepsen.util: 2	:invoke	:read	nil
2023-04-29 16:57:39,183{GMT}	INFO	[jepsen worker 0] jepsen.util: 0	:invoke	:read	nil
2023-04-29 16:57:39,182{GMT}	INFO	[jepsen worker 4] jepsen.util: 4	:invoke	:read	nil
2023-04-29 16:57:39,183{GMT}	INFO	[jepsen worker 3] jepsen.util: 3	:invoke	:read	nil
2023-04-29 16:57:39,183{GMT}	INFO	[jepsen worker 1] jepsen.util: 1	:invoke	:read	nil
2023-04-29 16:57:39,185{GMT}	INFO	[jepsen worker 2] jepsen.util: 2	:ok	:read	[0 13 21 30 37 43 46 53 58 63 65 71 77 80 90 93 99]
2023-04-29 16:57:39,185{GMT}	INFO	[jepsen worker 1] jepsen.util: 1	:ok	:read	[8 15 25 33 36 42 45 52 57 62 70 74 79 86 89 97]
2023-04-29 16:57:39,185{GMT}	INFO	[jepsen worker 4] jepsen.util: 4	:ok	:read	[2 5 23 27 32 39 48 50 64 67 84 92 95 101]
2023-04-29 16:57:39,185{GMT}	INFO	[jepsen worker 0] jepsen.util: 0	:ok	:read	[3 6 7 9 11 12 14 18 20 24 28 29 31 35 40 41 44 49 51 55 56 60 61 68 69 73 76 82 83 85 88 96 98 102]
2023-04-29 16:57:39,185{GMT}	INFO	[jepsen worker 3] jepsen.util: 3	:ok	:read	[1 4 10 16 17 19 22 26 34 38 47 54 59 66 72 75 78 81 87 91 94 100]
2023-04-29 16:57:39,202{GMT}	INFO	[jepsen test runner] jepsen.core: Run complete, writing
2023-04-29 16:57:39,249{GMT}	INFO	[jepsen node n0] maelstrom.db: Tearing down n0
2023-04-29 16:57:39,249{GMT}	INFO	[jepsen node n1] maelstrom.db: Tearing down n1
2023-04-29 16:57:39,249{GMT}	INFO	[jepsen node n4] maelstrom.db: Tearing down n4
2023-04-29 16:57:39,249{GMT}	INFO	[jepsen node n3] maelstrom.db: Tearing down n3
2023-04-29 16:57:39,249{GMT}	INFO	[jepsen node n2] maelstrom.db: Tearing down n2
2023-04-29 16:57:40,227{GMT}	INFO	[jepsen node n0] maelstrom.net: Shutting down Maelstrom network
2023-04-29 16:57:40,230{GMT}	INFO	[jepsen test runner] jepsen.core: Analyzing...
2023-04-29 16:57:41,011{GMT}	INFO	[jepsen test runner] jepsen.core: Analysis complete
2023-04-29 16:57:41,026{GMT}	INFO	[jepsen results] jepsen.store: Wrote /Users/lftm/Odin/Server/Glomers/broadcast03/golang/store/broadcast/20230429T165708.182-0300/results.edn
2023-04-29 16:57:41,046{GMT}	INFO	[jepsen test runner] jepsen.core: {:perf {:latency-graph {:valid? true},
        :rate-graph {:valid? true},
        :valid? true},
 :timeline {:valid? true},
 :exceptions {:valid? true},
 :stats {:valid? true,
         :count 203,
         :ok-count 203,
         :fail-count 0,
         :info-count 0,
         :by-f {:broadcast {:valid? true,
                            :count 103,
                            :ok-count 103,
                            :fail-count 0,
                            :info-count 0},
                :read {:valid? true,
                       :count 100,
                       :ok-count 100,
                       :fail-count 0,
                       :info-count 0}}},
 :availability {:valid? true, :ok-fraction 1.0},
 :net {:all {:send-count 426,
             :recv-count 426,
             :msg-count 426,
             :msgs-per-op 2.0985222},
       :clients {:send-count 426, :recv-count 426, :msg-count 426},
       :servers {:send-count 0,
                 :recv-count 0,
                 :msg-count 0,
                 :msgs-per-op 0.0},
       :valid? true},
 :workload {:worst-stale ({:element 8,
                           :outcome :stable,
                           :stable-latency 28204,
                           :lost-latency nil,
                           :known #jepsen.history.Op{:index 39,
                                                     :time 1818069084,
                                                     :type :ok,
                                                     :process 1,
                                                     :f :add,
                                                     :value 8},
                           :last-absent #jepsen.history.Op{:index 399,
                                                           :time 30022558709,
                                                           :type :invoke,
                                                           :process 3,
                                                           :f :read,
                                                           :value nil,
                                                           :final? true}}
                          {:element 15,
                           :outcome :stable,
                           :stable-latency 26237,
                           :lost-latency nil,
                           :known #jepsen.history.Op{:index 75,
                                                     :time 3785281959,
                                                     :type :ok,
                                                     :process 1,
                                                     :f :add,
                                                     :value 15},
                           :last-absent #jepsen.history.Op{:index 399,
                                                           :time 30022558709,
                                                           :type :invoke,
                                                           :process 3,
                                                           :f :read,
                                                           :value nil,
                                                           :final? true}}
                          {:element 25,
                           :outcome :stable,
                           :stable-latency 22919,
                           :lost-latency nil,
                           :known #jepsen.history.Op{:index 135,
                                                     :time 7102848292,
                                                     :type :ok,
                                                     :process 1,
                                                     :f :add,
                                                     :value 25},
                           :last-absent #jepsen.history.Op{:index 399,
                                                           :time 30022558709,
                                                           :type :invoke,
                                                           :process 3,
                                                           :f :read,
                                                           :value nil,
                                                           :final? true}}
                          {:element 33,
                           :outcome :stable,
                           :stable-latency 21145,
                           :lost-latency nil,
                           :known #jepsen.history.Op{:index 171,
                                                     :time 8877217875,
                                                     :type :ok,
                                                     :process 1,
                                                     :f :add,
                                                     :value 33},
                           :last-absent #jepsen.history.Op{:index 399,
                                                           :time 30022558709,
                                                           :type :invoke,
                                                           :process 3,
                                                           :f :read,
                                                           :value nil,
                                                           :final? true}}
                          {:element 36,
                           :outcome :stable,
                           :stable-latency 20559,
                           :lost-latency nil,
                           :known #jepsen.history.Op{:index 183,
                                                     :time 9463426417,
                                                     :type :ok,
                                                     :process 1,
                                                     :f :add,
                                                     :value 36},
                           :last-absent #jepsen.history.Op{:index 399,
                                                           :time 30022558709,
                                                           :type :invoke,
                                                           :process 3,
                                                           :f :read,
                                                           :value nil,
                                                           :final? true}}
                          {:element 42,
                           :outcome :stable,
                           :stable-latency 20204,
                           :lost-latency nil,
                           :known #jepsen.history.Op{:index 195,
                                                     :time 9817777959,
                                                     :type :ok,
                                                     :process 1,
                                                     :f :add,
                                                     :value 42},
                           :last-absent #jepsen.history.Op{:index 399,
                                                           :time 30022558709,
                                                           :type :invoke,
                                                           :process 3,
                                                           :f :read,
                                                           :value nil,
                                                           :final? true}}
                          {:element 45,
                           :outcome :stable,
                           :stable-latency 19426,
                           :lost-latency nil,
                           :known #jepsen.history.Op{:index 207,
                                                     :time 10596405459,
                                                     :type :ok,
                                                     :process 1,
                                                     :f :add,
                                                     :value 45},
                           :last-absent #jepsen.history.Op{:index 399,
                                                           :time 30022558709,
                                                           :type :invoke,
                                                           :process 3,
                                                           :f :read,
                                                           :value nil,
                                                           :final? true}}
                          {:element 52,
                           :outcome :stable,
                           :stable-latency 18001,
                           :lost-latency nil,
                           :known #jepsen.history.Op{:index 231,
                                                     :time 12020743250,
                                                     :type :ok,
                                                     :process 1,
                                                     :f :add,
                                                     :value 52},
                           :last-absent #jepsen.history.Op{:index 399,
                                                           :time 30022558709,
                                                           :type :invoke,
                                                           :process 3,
                                                           :f :read,
                                                           :value nil,
                                                           :final? true}}),
            :duplicated-count 0,
            :valid? false,
            :lost-count 87,
            :lost (0
                   1
                   2
                   3
                   4
                   5
                   6
                   7
                   9
                   10
                   11
                   12
                   13
                   14
                   16
                   17
                   18
                   19
                   20
                   21
                   22
                   23
                   24
                   26
                   27
                   28
                   29
                   30
                   31
                   32
                   34
                   35
                   37
                   38
                   39
                   40
                   41
                   43
                   44
                   46
                   47
                   48
                   49
                   50
                   51
                   53
                   54
                   55
                   56
                   58
                   59
                   60
                   61
                   63
                   64
                   65
                   66
                   67
                   68
                   69
                   71
                   72
                   73
                   75
                   76
                   77
                   78
                   80
                   81
                   82
                   83
                   84
                   85
                   87
                   88
                   90
                   91
                   92
                   93
                   94
                   95
                   96
                   98
                   99
                   100
                   101
                   102),
            :stable-count 16,
            :stale-count 16,
            :stale (8 15 25 33 36 42 45 52 57 62 70 74 79 86 89 97),
            :never-read-count 0,
            :stable-latencies {0 11008,
                               0.5 18001,
                               0.95 28204,
                               0.99 28204,
                               1 28204},
            :attempt-count 103,
            :lost-latencies {0 10110,
                             0.5 18361,
                             0.95 29149,
                             0.99 29720,
                             1 29720},
            :never-read (),
            :duplicated {}},
 :valid? false}


Analysis invalid! ( 
