2023-04-29 17:10:10,015{GMT}	INFO	[jepsen test runner] jepsen.core: Test version 16d8edfad7fa9fe2a77b222c22b10b195885b3a8 (plus uncommitted changes)
2023-04-29 17:10:10,016{GMT}	INFO	[jepsen test runner] jepsen.core: Command line:
lein run test -w broadcast --bin ./broadcast --node-count 5 --time-limit 20 --rate 10
2023-04-29 17:10:10,047{GMT}	INFO	[jepsen test runner] jepsen.core: Running test:
{:args []
 :remote
 #jepsen.control.retry.Remote{:remote #jepsen.control.scp.Remote{:cmd-remote #jepsen.control.sshj.SSHJRemote{:concurrency-limit 6,
                                                                                                             :conn-spec nil,
                                                                                                             :client nil,
                                                                                                             :semaphore nil},
                                                                 :conn-spec nil},
                              :conn nil}
 :log-net-send false
 :node-count 5
 :availability nil
 :max-txn-length 4
 :concurrency 5
 :db
 #object[maelstrom.db$db$reify__16142
         "0x78167"
         "maelstrom.db$db$reify__16142@78167"]
 :max-writes-per-key 16
 :leave-db-running? false
 :name "broadcast"
 :logging-json? false
 :start-time
 #object[org.joda.time.DateTime "0x469caf69" "2023-04-29T17:10:09.972-03:00"]
 :nemesis-interval 10
 :net
 #object[maelstrom.net$jepsen_net$reify__15251
         "0x5e05064b"
         "maelstrom.net$jepsen_net$reify__15251@5e05064b"]
 :client
 #object[maelstrom.workload.broadcast$client$reify__16644
         "0x527e6bd3"
         "maelstrom.workload.broadcast$client$reify__16644@527e6bd3"]
 :barrier
 #object[java.util.concurrent.CyclicBarrier
         "0x4867e76b"
         "java.util.concurrent.CyclicBarrier@4867e76b"]
 :log-stderr false
 :pure-generators true
 :ssh {:dummy? true}
 :rate 10.0
 :checker
 #object[jepsen.checker$compose$reify__11881
         "0x6ba3eee9"
         "jepsen.checker$compose$reify__11881@6ba3eee9"]
 :argv
 ("test"
  "-w"
  "broadcast"
  "--bin"
  "./broadcast"
  "--node-count"
  "5"
  "--time-limit"
  "20"
  "--rate"
  "10")
 :nemesis
 (jepsen.nemesis.ReflCompose
  {:fm {:start-partition 0,
        :stop-partition 0,
        :kill 1,
        :start 1,
        :pause 1,
        :resume 1},
   :nemeses [#unprintable "jepsen.nemesis.combined$partition_nemesis$reify__16416@1d628a88"
             #unprintable "jepsen.nemesis.combined$db_nemesis$reify__16397@3c634a04"]})
 :nodes ["n0" "n1" "n2" "n3" "n4"]
 :test-count 1
 :latency {:mean 0, :dist :constant}
 :bin "./broadcast"
 :generator
 ((jepsen.generator.Synchronize
   {:gen (jepsen.generator.TimeLimit
          {:limit 20000000000,
           :cutoff nil,
           :gen (jepsen.generator.Any
                 {:gens [(jepsen.generator.OnThreads
                          {:f #{:nemesis},
                           :context-filter #object[jepsen.generator.context$make_thread_filter$lazy_filter__9167
                                                   "0x3b42d7df"
                                                   "jepsen.generator.context$make_thread_filter$lazy_filter__9167@3b42d7df"],
                           :gen nil})
                         (jepsen.generator.OnThreads
                          {:f #jepsen.generator.context.AllBut{:element :nemesis},
                           :context-filter #object[jepsen.generator.context$make_thread_filter$lazy_filter__9167
                                                   "0x1660bba7"
                                                   "jepsen.generator.context$make_thread_filter$lazy_filter__9167@1660bba7"],
                           :gen (jepsen.generator.Stagger
                                 {:dt 200000000,
                                  :next-time nil,
                                  :gen (jepsen.generator.Mix
                                        {:i 1,
                                         :gens [({:f :broadcast, :value 0}
                                                 {:f :broadcast, :value 1}
                                                 {:f :broadcast, :value 2}
                                                 {:f :broadcast, :value 3}
                                                 {:f :broadcast, :value 4}
                                                 {:f :broadcast, :value 5}
                                                 {:f :broadcast, :value 6}
                                                 {:f :broadcast, :value 7}
                                                 ...)
                                                ({:f :read}
                                                 {:f :read}
                                                 {:f :read}
                                                 {:f :read}
                                                 {:f :read}
                                                 {:f :read}
                                                 {:f :read}
                                                 {:f :read}
                                                 ...)]})})})]})})})
  (jepsen.generator.Synchronize
   {:gen (jepsen.generator.OnThreads
          {:f #{:nemesis},
           :context-filter #object[jepsen.generator.context$make_thread_filter$lazy_filter__9167
                                   "0x49e3b86b"
                                   "jepsen.generator.context$make_thread_filter$lazy_filter__9167@49e3b86b"],
           :gen ()})})
  (jepsen.generator.Synchronize
   {:gen {:type :log, :value "Waiting for recovery..."}})
  (jepsen.generator.Synchronize {:gen {:type :sleep, :value 10}})
  (jepsen.generator.Synchronize
   {:gen (jepsen.generator.OnThreads
          {:f #jepsen.generator.context.AllBut{:element :nemesis},
           :context-filter #object[jepsen.generator.context$make_thread_filter$lazy_filter__9167
                                   "0x64b262a7"
                                   "jepsen.generator.context$make_thread_filter$lazy_filter__9167@64b262a7"],
           :gen (jepsen.generator.EachThread
                 {:fresh-gen {:f :read, :final? true},
                  :context-filters #object[clojure.core$promise$reify__8591
                                           "0x771c4015"
                                           {:status :pending, :val nil}],
                  :gens {}})})}))
 :log-net-recv false
 :os
 #object[maelstrom.net$jepsen_os$reify__15254
         "0x34d776eb"
         "maelstrom.net$jepsen_os$reify__15254@34d776eb"]
 :time-limit 20
 :workload :broadcast
 :consistency-models [:strict-serializable]
 :topology :grid}

2023-04-29 17:10:10,912{GMT}	INFO	[jepsen node n0] maelstrom.net: Starting Maelstrom network
2023-04-29 17:10:10,913{GMT}	INFO	[jepsen test runner] jepsen.db: Tearing down DB
2023-04-29 17:10:10,915{GMT}	INFO	[jepsen test runner] jepsen.db: Setting up DB
2023-04-29 17:10:10,917{GMT}	INFO	[jepsen node n1] maelstrom.db: Setting up n1
2023-04-29 17:10:10,917{GMT}	INFO	[jepsen node n4] maelstrom.db: Setting up n4
2023-04-29 17:10:10,917{GMT}	INFO	[jepsen node n2] maelstrom.db: Setting up n2
2023-04-29 17:10:10,917{GMT}	INFO	[jepsen node n3] maelstrom.db: Setting up n3
2023-04-29 17:10:10,918{GMT}	INFO	[jepsen node n3] maelstrom.process: launching ./broadcast []
2023-04-29 17:10:10,918{GMT}	INFO	[jepsen node n1] maelstrom.process: launching ./broadcast []
2023-04-29 17:10:10,918{GMT}	INFO	[jepsen node n4] maelstrom.process: launching ./broadcast []
2023-04-29 17:10:10,918{GMT}	INFO	[jepsen node n2] maelstrom.process: launching ./broadcast []
2023-04-29 17:10:10,922{GMT}	INFO	[jepsen node n0] maelstrom.service: Starting services: (lin-kv lin-tso lww-kv seq-kv)
2023-04-29 17:10:10,925{GMT}	INFO	[jepsen node n0] maelstrom.db: Setting up n0
2023-04-29 17:10:10,926{GMT}	INFO	[jepsen node n0] maelstrom.process: launching ./broadcast []
2023-04-29 17:10:10,941{GMT}	INFO	[jepsen test runner] jepsen.core: Relative time begins now
2023-04-29 17:10:10,951{GMT}	INFO	[jepsen worker 0] jepsen.util: 0	:invoke	:read	nil
2023-04-29 17:10:10,952{GMT}	INFO	[jepsen worker 0] jepsen.util: 0	:ok	:read	[]
2023-04-29 17:10:11,048{GMT}	INFO	[jepsen worker 1] jepsen.util: 1	:invoke	:read	nil
2023-04-29 17:10:11,049{GMT}	INFO	[jepsen worker 1] jepsen.util: 1	:ok	:read	[]
2023-04-29 17:10:11,115{GMT}	INFO	[jepsen worker 2] jepsen.util: 2	:invoke	:read	nil
2023-04-29 17:10:11,117{GMT}	INFO	[jepsen worker 2] jepsen.util: 2	:ok	:read	[]
2023-04-29 17:10:11,265{GMT}	INFO	[jepsen worker 3] jepsen.util: 3	:invoke	:broadcast	0
2023-04-29 17:10:11,270{GMT}	INFO	[jepsen worker 3] jepsen.util: 3	:ok	:broadcast	0
2023-04-29 17:10:11,325{GMT}	INFO	[jepsen worker 4] jepsen.util: 4	:invoke	:broadcast	1
2023-04-29 17:10:11,328{GMT}	INFO	[jepsen worker 4] jepsen.util: 4	:ok	:broadcast	1
2023-04-29 17:10:11,366{GMT}	INFO	[jepsen worker 0] jepsen.util: 0	:invoke	:read	nil
2023-04-29 17:10:11,368{GMT}	INFO	[jepsen worker 0] jepsen.util: 0	:ok	:read	[]
2023-04-29 17:10:11,527{GMT}	INFO	[jepsen worker 0] jepsen.util: 0	:invoke	:read	nil
2023-04-29 17:10:11,529{GMT}	INFO	[jepsen worker 0] jepsen.util: 0	:ok	:read	[]
2023-04-29 17:10:11,597{GMT}	INFO	[jepsen worker 1] jepsen.util: 1	:invoke	:broadcast	2
2023-04-29 17:10:11,600{GMT}	INFO	[jepsen worker 1] jepsen.util: 1	:ok	:broadcast	2
2023-04-29 17:10:11,766{GMT}	INFO	[jepsen worker 2] jepsen.util: 2	:invoke	:read	nil
2023-04-29 17:10:11,769{GMT}	INFO	[jepsen worker 2] jepsen.util: 2	:ok	:read	[]
2023-04-29 17:10:11,778{GMT}	INFO	[jepsen worker 3] jepsen.util: 3	:invoke	:read	nil
2023-04-29 17:10:11,779{GMT}	INFO	[jepsen worker 3] jepsen.util: 3	:ok	:read	[0]
2023-04-29 17:10:11,809{GMT}	INFO	[jepsen worker 4] jepsen.util: 4	:invoke	:read	nil
2023-04-29 17:10:11,811{GMT}	INFO	[jepsen worker 4] jepsen.util: 4	:ok	:read	[1]
2023-04-29 17:10:11,923{GMT}	INFO	[jepsen worker 0] jepsen.util: 0	:invoke	:broadcast	3
2023-04-29 17:10:11,925{GMT}	INFO	[jepsen worker 0] jepsen.util: 0	:ok	:broadcast	3
2023-04-29 17:10:12,017{GMT}	INFO	[jepsen worker 0] jepsen.util: 0	:invoke	:broadcast	4
2023-04-29 17:10:12,019{GMT}	INFO	[jepsen worker 0] jepsen.util: 0	:ok	:broadcast	4
2023-04-29 17:10:12,076{GMT}	INFO	[jepsen worker 1] jepsen.util: 1	:invoke	:read	nil
2023-04-29 17:10:12,078{GMT}	INFO	[jepsen worker 1] jepsen.util: 1	:ok	:read	[2]
2023-04-29 17:10:12,116{GMT}	INFO	[jepsen worker 2] jepsen.util: 2	:invoke	:read	nil
2023-04-29 17:10:12,117{GMT}	INFO	[jepsen worker 2] jepsen.util: 2	:ok	:read	[]
2023-04-29 17:10:12,175{GMT}	INFO	[jepsen worker 3] jepsen.util: 3	:invoke	:broadcast	5
2023-04-29 17:10:12,177{GMT}	INFO	[jepsen worker 3] jepsen.util: 3	:ok	:broadcast	5
2023-04-29 17:10:12,355{GMT}	INFO	[jepsen worker 4] jepsen.util: 4	:invoke	:read	nil
2023-04-29 17:10:12,358{GMT}	INFO	[jepsen worker 4] jepsen.util: 4	:ok	:read	[1]
2023-04-29 17:10:12,536{GMT}	INFO	[jepsen worker 0] jepsen.util: 0	:invoke	:read	nil
2023-04-29 17:10:12,537{GMT}	INFO	[jepsen worker 0] jepsen.util: 0	:ok	:read	[3 4]
2023-04-29 17:10:12,679{GMT}	INFO	[jepsen worker 0] jepsen.util: 0	:invoke	:read	nil
2023-04-29 17:10:12,681{GMT}	INFO	[jepsen worker 0] jepsen.util: 0	:ok	:read	[3 4]
2023-04-29 17:10:12,762{GMT}	INFO	[jepsen worker 1] jepsen.util: 1	:invoke	:read	nil
2023-04-29 17:10:12,765{GMT}	INFO	[jepsen worker 1] jepsen.util: 1	:ok	:read	[2]
2023-04-29 17:10:12,776{GMT}	INFO	[jepsen worker 2] jepsen.util: 2	:invoke	:read	nil
2023-04-29 17:10:12,778{GMT}	INFO	[jepsen worker 2] jepsen.util: 2	:ok	:read	[]
2023-04-29 17:10:12,856{GMT}	INFO	[jepsen worker 3] jepsen.util: 3	:invoke	:broadcast	6
2023-04-29 17:10:12,860{GMT}	INFO	[jepsen worker 3] jepsen.util: 3	:ok	:broadcast	6
2023-04-29 17:10:12,887{GMT}	INFO	[jepsen worker 4] jepsen.util: 4	:invoke	:broadcast	7
2023-04-29 17:10:12,890{GMT}	INFO	[jepsen worker 4] jepsen.util: 4	:ok	:broadcast	7
2023-04-29 17:10:13,076{GMT}	INFO	[jepsen worker 0] jepsen.util: 0	:invoke	:broadcast	8
2023-04-29 17:10:13,079{GMT}	INFO	[jepsen worker 0] jepsen.util: 0	:ok	:broadcast	8
2023-04-29 17:10:13,182{GMT}	INFO	[jepsen worker 0] jepsen.util: 0	:invoke	:read	nil
2023-04-29 17:10:13,184{GMT}	INFO	[jepsen worker 0] jepsen.util: 0	:ok	:read	[3 4 8]
2023-04-29 17:10:13,275{GMT}	INFO	[jepsen worker 1] jepsen.util: 1	:invoke	:broadcast	9
2023-04-29 17:10:13,282{GMT}	INFO	[jepsen worker 1] jepsen.util: 1	:ok	:broadcast	9
2023-04-29 17:10:13,443{GMT}	INFO	[jepsen worker 2] jepsen.util: 2	:invoke	:broadcast	10
2023-04-29 17:10:13,445{GMT}	INFO	[jepsen worker 2] jepsen.util: 2	:ok	:broadcast	10
2023-04-29 17:10:13,549{GMT}	INFO	[jepsen worker 3] jepsen.util: 3	:invoke	:read	nil
2023-04-29 17:10:13,551{GMT}	INFO	[jepsen worker 3] jepsen.util: 3	:ok	:read	[0 5 6]
2023-04-29 17:10:13,599{GMT}	INFO	[jepsen worker 4] jepsen.util: 4	:invoke	:read	nil
2023-04-29 17:10:13,601{GMT}	INFO	[jepsen worker 4] jepsen.util: 4	:ok	:read	[1 7]
2023-04-29 17:10:13,617{GMT}	INFO	[jepsen worker 0] jepsen.util: 0	:invoke	:broadcast	11
2023-04-29 17:10:13,618{GMT}	INFO	[jepsen worker 0] jepsen.util: 0	:ok	:broadcast	11
2023-04-29 17:10:13,686{GMT}	INFO	[jepsen worker 0] jepsen.util: 0	:invoke	:broadcast	12
2023-04-29 17:10:13,687{GMT}	INFO	[jepsen worker 0] jepsen.util: 0	:ok	:broadcast	12
2023-04-29 17:10:13,696{GMT}	INFO	[jepsen worker 1] jepsen.util: 1	:invoke	:broadcast	13
2023-04-29 17:10:13,698{GMT}	INFO	[jepsen worker 1] jepsen.util: 1	:ok	:broadcast	13
2023-04-29 17:10:13,820{GMT}	INFO	[jepsen worker 2] jepsen.util: 2	:invoke	:read	nil
2023-04-29 17:10:13,822{GMT}	INFO	[jepsen worker 2] jepsen.util: 2	:ok	:read	[10]
2023-04-29 17:10:13,999{GMT}	INFO	[jepsen worker 3] jepsen.util: 3	:invoke	:read	nil
2023-04-29 17:10:14,001{GMT}	INFO	[jepsen worker 3] jepsen.util: 3	:ok	:read	[0 5 6]
2023-04-29 17:10:14,035{GMT}	INFO	[jepsen worker 4] jepsen.util: 4	:invoke	:read	nil
2023-04-29 17:10:14,037{GMT}	INFO	[jepsen worker 4] jepsen.util: 4	:ok	:read	[1 7]
2023-04-29 17:10:14,174{GMT}	INFO	[jepsen worker 0] jepsen.util: 0	:invoke	:broadcast	14
2023-04-29 17:10:14,177{GMT}	INFO	[jepsen worker 0] jepsen.util: 0	:ok	:broadcast	14
2023-04-29 17:10:14,292{GMT}	INFO	[jepsen worker 0] jepsen.util: 0	:invoke	:broadcast	15
2023-04-29 17:10:14,295{GMT}	INFO	[jepsen worker 0] jepsen.util: 0	:ok	:broadcast	15
2023-04-29 17:10:14,402{GMT}	INFO	[jepsen worker 1] jepsen.util: 1	:invoke	:read	nil
2023-04-29 17:10:14,404{GMT}	INFO	[jepsen worker 1] jepsen.util: 1	:ok	:read	[2 9 13]
2023-04-29 17:10:14,493{GMT}	INFO	[jepsen worker 2] jepsen.util: 2	:invoke	:read	nil
2023-04-29 17:10:14,497{GMT}	INFO	[jepsen worker 2] jepsen.util: 2	:ok	:read	[10]
2023-04-29 17:10:14,682{GMT}	INFO	[jepsen worker 3] jepsen.util: 3	:invoke	:broadcast	16
2023-04-29 17:10:14,686{GMT}	INFO	[jepsen worker 3] jepsen.util: 3	:ok	:broadcast	16
2023-04-29 17:10:14,748{GMT}	INFO	[jepsen worker 4] jepsen.util: 4	:invoke	:broadcast	17
2023-04-29 17:10:14,750{GMT}	INFO	[jepsen worker 4] jepsen.util: 4	:ok	:broadcast	17
2023-04-29 17:10:14,899{GMT}	INFO	[jepsen worker 0] jepsen.util: 0	:invoke	:broadcast	18
2023-04-29 17:10:14,903{GMT}	INFO	[jepsen worker 0] jepsen.util: 0	:ok	:broadcast	18
2023-04-29 17:10:14,953{GMT}	INFO	[jepsen worker 0] jepsen.util: 0	:invoke	:read	nil
2023-04-29 17:10:14,955{GMT}	INFO	[jepsen worker 0] jepsen.util: 0	:ok	:read	[3 4 8 11 12 14 15 18]
2023-04-29 17:10:14,986{GMT}	INFO	[jepsen worker 1] jepsen.util: 1	:invoke	:broadcast	19
2023-04-29 17:10:14,987{GMT}	INFO	[jepsen worker 1] jepsen.util: 1	:ok	:broadcast	19
2023-04-29 17:10:15,164{GMT}	INFO	[jepsen worker 2] jepsen.util: 2	:invoke	:read	nil
2023-04-29 17:10:15,167{GMT}	INFO	[jepsen worker 2] jepsen.util: 2	:ok	:read	[10]
2023-04-29 17:10:15,209{GMT}	INFO	[jepsen worker 3] jepsen.util: 3	:invoke	:broadcast	20
2023-04-29 17:10:15,211{GMT}	INFO	[jepsen worker 3] jepsen.util: 3	:ok	:broadcast	20
2023-04-29 17:10:15,389{GMT}	INFO	[jepsen worker 4] jepsen.util: 4	:invoke	:broadcast	21
2023-04-29 17:10:15,392{GMT}	INFO	[jepsen worker 4] jepsen.util: 4	:ok	:broadcast	21
2023-04-29 17:10:15,444{GMT}	INFO	[jepsen worker 0] jepsen.util: 0	:invoke	:broadcast	22
2023-04-29 17:10:15,446{GMT}	INFO	[jepsen worker 0] jepsen.util: 0	:ok	:broadcast	22
2023-04-29 17:10:15,479{GMT}	INFO	[jepsen worker 0] jepsen.util: 0	:invoke	:broadcast	23
2023-04-29 17:10:15,480{GMT}	INFO	[jepsen worker 0] jepsen.util: 0	:ok	:broadcast	23
2023-04-29 17:10:15,682{GMT}	INFO	[jepsen worker 1] jepsen.util: 1	:invoke	:read	nil
2023-04-29 17:10:15,685{GMT}	INFO	[jepsen worker 1] jepsen.util: 1	:ok	:read	[2 9 13 19]
2023-04-29 17:10:15,772{GMT}	INFO	[jepsen worker 2] jepsen.util: 2	:invoke	:read	nil
2023-04-29 17:10:15,775{GMT}	INFO	[jepsen worker 2] jepsen.util: 2	:ok	:read	[10]
2023-04-29 17:10:15,887{GMT}	INFO	[jepsen worker 3] jepsen.util: 3	:invoke	:read	nil
2023-04-29 17:10:15,890{GMT}	INFO	[jepsen worker 3] jepsen.util: 3	:ok	:read	[0 5 6 16 20]
2023-04-29 17:10:15,939{GMT}	INFO	[jepsen worker 4] jepsen.util: 4	:invoke	:broadcast	24
2023-04-29 17:10:15,941{GMT}	INFO	[jepsen worker 4] jepsen.util: 4	:ok	:broadcast	24
2023-04-29 17:10:15,942{GMT}	INFO	[jepsen worker 0] jepsen.util: 0	:invoke	:broadcast	25
2023-04-29 17:10:15,943{GMT}	INFO	[jepsen worker 0] jepsen.util: 0	:ok	:broadcast	25
2023-04-29 17:10:16,119{GMT}	INFO	[jepsen worker 0] jepsen.util: 0	:invoke	:broadcast	26
2023-04-29 17:10:16,121{GMT}	INFO	[jepsen worker 0] jepsen.util: 0	:ok	:broadcast	26
2023-04-29 17:10:16,187{GMT}	INFO	[jepsen worker 1] jepsen.util: 1	:invoke	:broadcast	27
2023-04-29 17:10:16,190{GMT}	INFO	[jepsen worker 1] jepsen.util: 1	:ok	:broadcast	27
2023-04-29 17:10:16,317{GMT}	INFO	[jepsen worker 2] jepsen.util: 2	:invoke	:read	nil
2023-04-29 17:10:16,320{GMT}	INFO	[jepsen worker 2] jepsen.util: 2	:ok	:read	[10]
2023-04-29 17:10:16,434{GMT}	INFO	[jepsen worker 3] jepsen.util: 3	:invoke	:broadcast	28
2023-04-29 17:10:16,436{GMT}	INFO	[jepsen worker 3] jepsen.util: 3	:ok	:broadcast	28
2023-04-29 17:10:16,492{GMT}	INFO	[jepsen worker 4] jepsen.util: 4	:invoke	:read	nil
2023-04-29 17:10:16,494{GMT}	INFO	[jepsen worker 4] jepsen.util: 4	:ok	:read	[1 7 17 21 24]
2023-04-29 17:10:16,573{GMT}	INFO	[jepsen worker 0] jepsen.util: 0	:invoke	:read	nil
2023-04-29 17:10:16,575{GMT}	INFO	[jepsen worker 0] jepsen.util: 0	:ok	:read	[3 4 8 11 12 14 15 18 22 23 25 26]
2023-04-29 17:10:16,756{GMT}	INFO	[jepsen worker 0] jepsen.util: 0	:invoke	:read	nil
2023-04-29 17:10:16,757{GMT}	INFO	[jepsen worker 0] jepsen.util: 0	:ok	:read	[3 4 8 11 12 14 15 18 22 23 25 26]
2023-04-29 17:10:16,952{GMT}	INFO	[jepsen worker 2] jepsen.util: 2	:invoke	:read	nil
2023-04-29 17:10:16,952{GMT}	INFO	[jepsen worker 1] jepsen.util: 1	:invoke	:broadcast	29
2023-04-29 17:10:16,954{GMT}	INFO	[jepsen worker 1] jepsen.util: 1	:ok	:broadcast	29
2023-04-29 17:10:16,954{GMT}	INFO	[jepsen worker 2] jepsen.util: 2	:ok	:read	[10]
2023-04-29 17:10:17,127{GMT}	INFO	[jepsen worker 3] jepsen.util: 3	:invoke	:broadcast	30
2023-04-29 17:10:17,129{GMT}	INFO	[jepsen worker 3] jepsen.util: 3	:ok	:broadcast	30
2023-04-29 17:10:17,252{GMT}	INFO	[jepsen worker 4] jepsen.util: 4	:invoke	:broadcast	31
2023-04-29 17:10:17,255{GMT}	INFO	[jepsen worker 4] jepsen.util: 4	:ok	:broadcast	31
2023-04-29 17:10:17,407{GMT}	INFO	[jepsen worker 0] jepsen.util: 0	:invoke	:broadcast	32
2023-04-29 17:10:17,409{GMT}	INFO	[jepsen worker 0] jepsen.util: 0	:ok	:broadcast	32
2023-04-29 17:10:17,535{GMT}	INFO	[jepsen worker 0] jepsen.util: 0	:invoke	:read	nil
2023-04-29 17:10:17,537{GMT}	INFO	[jepsen worker 0] jepsen.util: 0	:ok	:read	[3 4 8 11 12 14 15 18 22 23 25 26 32]
2023-04-29 17:10:17,568{GMT}	INFO	[jepsen worker 1] jepsen.util: 1	:invoke	:read	nil
2023-04-29 17:10:17,569{GMT}	INFO	[jepsen worker 1] jepsen.util: 1	:ok	:read	[2 9 13 19 27 29]
2023-04-29 17:10:17,761{GMT}	INFO	[jepsen worker 2] jepsen.util: 2	:invoke	:read	nil
2023-04-29 17:10:17,761{GMT}	INFO	[jepsen worker 3] jepsen.util: 3	:invoke	:broadcast	33
2023-04-29 17:10:17,763{GMT}	INFO	[jepsen worker 3] jepsen.util: 3	:ok	:broadcast	33
2023-04-29 17:10:17,763{GMT}	INFO	[jepsen worker 2] jepsen.util: 2	:ok	:read	[10]
2023-04-29 17:10:17,901{GMT}	INFO	[jepsen worker 4] jepsen.util: 4	:invoke	:broadcast	34
2023-04-29 17:10:17,903{GMT}	INFO	[jepsen worker 4] jepsen.util: 4	:ok	:broadcast	34
2023-04-29 17:10:18,045{GMT}	INFO	[jepsen worker 0] jepsen.util: 0	:invoke	:read	nil
2023-04-29 17:10:18,047{GMT}	INFO	[jepsen worker 0] jepsen.util: 0	:ok	:read	[3 4 8 11 12 14 15 18 22 23 25 26 32]
2023-04-29 17:10:18,166{GMT}	INFO	[jepsen worker 0] jepsen.util: 0	:invoke	:broadcast	35
2023-04-29 17:10:18,168{GMT}	INFO	[jepsen worker 0] jepsen.util: 0	:ok	:broadcast	35
2023-04-29 17:10:18,297{GMT}	INFO	[jepsen worker 1] jepsen.util: 1	:invoke	:read	nil
2023-04-29 17:10:18,299{GMT}	INFO	[jepsen worker 1] jepsen.util: 1	:ok	:read	[2 9 13 19 27 29]
2023-04-29 17:10:18,426{GMT}	INFO	[jepsen worker 2] jepsen.util: 2	:invoke	:read	nil
2023-04-29 17:10:18,427{GMT}	INFO	[jepsen worker 2] jepsen.util: 2	:ok	:read	[10]
2023-04-29 17:10:18,610{GMT}	INFO	[jepsen worker 3] jepsen.util: 3	:invoke	:read	nil
2023-04-29 17:10:18,612{GMT}	INFO	[jepsen worker 3] jepsen.util: 3	:ok	:read	[0 5 6 16 20 28 30 33]
2023-04-29 17:10:18,783{GMT}	INFO	[jepsen worker 4] jepsen.util: 4	:invoke	:broadcast	36
2023-04-29 17:10:18,785{GMT}	INFO	[jepsen worker 4] jepsen.util: 4	:ok	:broadcast	36
2023-04-29 17:10:18,857{GMT}	INFO	[jepsen worker 0] jepsen.util: 0	:invoke	:read	nil
2023-04-29 17:10:18,859{GMT}	INFO	[jepsen worker 0] jepsen.util: 0	:ok	:read	[3 4 8 11 12 14 15 18 22 23 25 26 32 35]
2023-04-29 17:10:18,934{GMT}	INFO	[jepsen worker 0] jepsen.util: 0	:invoke	:broadcast	37
2023-04-29 17:10:18,937{GMT}	INFO	[jepsen worker 0] jepsen.util: 0	:ok	:broadcast	37
2023-04-29 17:10:19,020{GMT}	INFO	[jepsen worker 1] jepsen.util: 1	:invoke	:read	nil
2023-04-29 17:10:19,021{GMT}	INFO	[jepsen worker 1] jepsen.util: 1	:ok	:read	[2 9 13 19 27 29]
2023-04-29 17:10:19,192{GMT}	INFO	[jepsen worker 2] jepsen.util: 2	:invoke	:read	nil
2023-04-29 17:10:19,194{GMT}	INFO	[jepsen worker 2] jepsen.util: 2	:ok	:read	[10]
2023-04-29 17:10:19,211{GMT}	INFO	[jepsen worker 3] jepsen.util: 3	:invoke	:broadcast	38
2023-04-29 17:10:19,213{GMT}	INFO	[jepsen worker 3] jepsen.util: 3	:ok	:broadcast	38
2023-04-29 17:10:19,358{GMT}	INFO	[jepsen worker 4] jepsen.util: 4	:invoke	:broadcast	39
2023-04-29 17:10:19,360{GMT}	INFO	[jepsen worker 4] jepsen.util: 4	:ok	:broadcast	39
2023-04-29 17:10:19,552{GMT}	INFO	[jepsen worker 0] jepsen.util: 0	:invoke	:broadcast	40
2023-04-29 17:10:19,553{GMT}	INFO	[jepsen worker 0] jepsen.util: 0	:ok	:broadcast	40
2023-04-29 17:10:19,589{GMT}	INFO	[jepsen worker 0] jepsen.util: 0	:invoke	:read	nil
2023-04-29 17:10:19,590{GMT}	INFO	[jepsen worker 0] jepsen.util: 0	:ok	:read	[3 4 8 11 12 14 15 18 22 23 25 26 32 35 37 40]
2023-04-29 17:10:19,764{GMT}	INFO	[jepsen worker 1] jepsen.util: 1	:invoke	:read	nil
2023-04-29 17:10:19,767{GMT}	INFO	[jepsen worker 1] jepsen.util: 1	:ok	:read	[2 9 13 19 27 29]
2023-04-29 17:10:19,806{GMT}	INFO	[jepsen worker 2] jepsen.util: 2	:invoke	:read	nil
2023-04-29 17:10:19,808{GMT}	INFO	[jepsen worker 2] jepsen.util: 2	:ok	:read	[10]
2023-04-29 17:10:20,008{GMT}	INFO	[jepsen worker 3] jepsen.util: 3	:invoke	:read	nil
2023-04-29 17:10:20,010{GMT}	INFO	[jepsen worker 3] jepsen.util: 3	:ok	:read	[0 5 6 16 20 28 30 33 38]
2023-04-29 17:10:20,125{GMT}	INFO	[jepsen worker 4] jepsen.util: 4	:invoke	:read	nil
2023-04-29 17:10:20,128{GMT}	INFO	[jepsen worker 4] jepsen.util: 4	:ok	:read	[1 7 17 21 24 31 34 36 39]
2023-04-29 17:10:20,162{GMT}	INFO	[jepsen worker 0] jepsen.util: 0	:invoke	:read	nil
2023-04-29 17:10:20,164{GMT}	INFO	[jepsen worker 0] jepsen.util: 0	:ok	:read	[3 4 8 11 12 14 15 18 22 23 25 26 32 35 37 40]
2023-04-29 17:10:20,324{GMT}	INFO	[jepsen worker 0] jepsen.util: 0	:invoke	:read	nil
2023-04-29 17:10:20,326{GMT}	INFO	[jepsen worker 0] jepsen.util: 0	:ok	:read	[3 4 8 11 12 14 15 18 22 23 25 26 32 35 37 40]
2023-04-29 17:10:20,399{GMT}	INFO	[jepsen worker 1] jepsen.util: 1	:invoke	:read	nil
2023-04-29 17:10:20,401{GMT}	INFO	[jepsen worker 1] jepsen.util: 1	:ok	:read	[2 9 13 19 27 29]
2023-04-29 17:10:20,590{GMT}	INFO	[jepsen worker 2] jepsen.util: 2	:invoke	:read	nil
2023-04-29 17:10:20,593{GMT}	INFO	[jepsen worker 2] jepsen.util: 2	:ok	:read	[10]
2023-04-29 17:10:20,641{GMT}	INFO	[jepsen worker 3] jepsen.util: 3	:invoke	:broadcast	41
2023-04-29 17:10:20,643{GMT}	INFO	[jepsen worker 3] jepsen.util: 3	:ok	:broadcast	41
2023-04-29 17:10:20,766{GMT}	INFO	[jepsen worker 4] jepsen.util: 4	:invoke	:read	nil
2023-04-29 17:10:20,769{GMT}	INFO	[jepsen worker 4] jepsen.util: 4	:ok	:read	[1 7 17 21 24 31 34 36 39]
2023-04-29 17:10:20,819{GMT}	INFO	[jepsen worker 0] jepsen.util: 0	:invoke	:read	nil
2023-04-29 17:10:20,821{GMT}	INFO	[jepsen worker 0] jepsen.util: 0	:ok	:read	[3 4 8 11 12 14 15 18 22 23 25 26 32 35 37 40]
2023-04-29 17:10:20,934{GMT}	INFO	[jepsen worker 0] jepsen.util: 0	:invoke	:broadcast	42
2023-04-29 17:10:20,936{GMT}	INFO	[jepsen worker 0] jepsen.util: 0	:ok	:broadcast	42
2023-04-29 17:10:21,043{GMT}	INFO	[jepsen worker 1] jepsen.util: 1	:invoke	:broadcast	43
2023-04-29 17:10:21,045{GMT}	INFO	[jepsen worker 1] jepsen.util: 1	:ok	:broadcast	43
2023-04-29 17:10:21,185{GMT}	INFO	[jepsen worker 2] jepsen.util: 2	:invoke	:read	nil
2023-04-29 17:10:21,187{GMT}	INFO	[jepsen worker 2] jepsen.util: 2	:ok	:read	[10]
2023-04-29 17:10:21,257{GMT}	INFO	[jepsen worker 3] jepsen.util: 3	:invoke	:read	nil
2023-04-29 17:10:21,259{GMT}	INFO	[jepsen worker 3] jepsen.util: 3	:ok	:read	[0 5 6 16 20 28 30 33 38 41]
2023-04-29 17:10:21,377{GMT}	INFO	[jepsen worker 4] jepsen.util: 4	:invoke	:broadcast	44
2023-04-29 17:10:21,379{GMT}	INFO	[jepsen worker 4] jepsen.util: 4	:ok	:broadcast	44
2023-04-29 17:10:21,491{GMT}	INFO	[jepsen worker 0] jepsen.util: 0	:invoke	:broadcast	45
2023-04-29 17:10:21,493{GMT}	INFO	[jepsen worker 0] jepsen.util: 0	:ok	:broadcast	45
2023-04-29 17:10:21,543{GMT}	INFO	[jepsen worker 0] jepsen.util: 0	:invoke	:broadcast	46
2023-04-29 17:10:21,545{GMT}	INFO	[jepsen worker 0] jepsen.util: 0	:ok	:broadcast	46
2023-04-29 17:10:21,605{GMT}	INFO	[jepsen worker 1] jepsen.util: 1	:invoke	:broadcast	47
2023-04-29 17:10:21,606{GMT}	INFO	[jepsen worker 1] jepsen.util: 1	:ok	:broadcast	47
2023-04-29 17:10:21,750{GMT}	INFO	[jepsen worker 2] jepsen.util: 2	:invoke	:broadcast	48
2023-04-29 17:10:21,753{GMT}	INFO	[jepsen worker 2] jepsen.util: 2	:ok	:broadcast	48
2023-04-29 17:10:21,937{GMT}	INFO	[jepsen worker 3] jepsen.util: 3	:invoke	:broadcast	49
2023-04-29 17:10:21,939{GMT}	INFO	[jepsen worker 3] jepsen.util: 3	:ok	:broadcast	49
2023-04-29 17:10:22,100{GMT}	INFO	[jepsen worker 4] jepsen.util: 4	:invoke	:read	nil
2023-04-29 17:10:22,102{GMT}	INFO	[jepsen worker 4] jepsen.util: 4	:ok	:read	[1 7 17 21 24 31 34 36 39 44]
2023-04-29 17:10:22,153{GMT}	INFO	[jepsen worker 0] jepsen.util: 0	:invoke	:broadcast	50
2023-04-29 17:10:22,155{GMT}	INFO	[jepsen worker 0] jepsen.util: 0	:ok	:broadcast	50
2023-04-29 17:10:22,224{GMT}	INFO	[jepsen worker 0] jepsen.util: 0	:invoke	:read	nil
2023-04-29 17:10:22,227{GMT}	INFO	[jepsen worker 0] jepsen.util: 0	:ok	:read	[3 4 8 11 12 14 15 18 22 23 25 26 32 35 37 40 42 45 46 50]
2023-04-29 17:10:22,362{GMT}	INFO	[jepsen worker 1] jepsen.util: 1	:invoke	:broadcast	51
2023-04-29 17:10:22,363{GMT}	INFO	[jepsen worker 1] jepsen.util: 1	:ok	:broadcast	51
2023-04-29 17:10:22,562{GMT}	INFO	[jepsen worker 2] jepsen.util: 2	:invoke	:read	nil
2023-04-29 17:10:22,564{GMT}	INFO	[jepsen worker 2] jepsen.util: 2	:ok	:read	[10 48]
2023-04-29 17:10:22,749{GMT}	INFO	[jepsen worker 3] jepsen.util: 3	:invoke	:broadcast	52
2023-04-29 17:10:22,750{GMT}	INFO	[jepsen worker 3] jepsen.util: 3	:ok	:broadcast	52
2023-04-29 17:10:22,856{GMT}	INFO	[jepsen worker 4] jepsen.util: 4	:invoke	:broadcast	53
2023-04-29 17:10:22,857{GMT}	INFO	[jepsen worker 4] jepsen.util: 4	:ok	:broadcast	53
2023-04-29 17:10:23,001{GMT}	INFO	[jepsen worker 0] jepsen.util: 0	:invoke	:broadcast	54
2023-04-29 17:10:23,003{GMT}	INFO	[jepsen worker 0] jepsen.util: 0	:ok	:broadcast	54
2023-04-29 17:10:23,068{GMT}	INFO	[jepsen worker 0] jepsen.util: 0	:invoke	:read	nil
2023-04-29 17:10:23,069{GMT}	INFO	[jepsen worker 0] jepsen.util: 0	:ok	:read	[3 4 8 11 12 14 15 18 22 23 25 26 32 35 37 40 42 45 46 50 54]
2023-04-29 17:10:23,215{GMT}	INFO	[jepsen worker 1] jepsen.util: 1	:invoke	:broadcast	55
2023-04-29 17:10:23,217{GMT}	INFO	[jepsen worker 1] jepsen.util: 1	:ok	:broadcast	55
2023-04-29 17:10:23,356{GMT}	INFO	[jepsen worker 2] jepsen.util: 2	:invoke	:broadcast	56
2023-04-29 17:10:23,358{GMT}	INFO	[jepsen worker 2] jepsen.util: 2	:ok	:broadcast	56
2023-04-29 17:10:23,508{GMT}	INFO	[jepsen worker 3] jepsen.util: 3	:invoke	:read	nil
2023-04-29 17:10:23,511{GMT}	INFO	[jepsen worker 3] jepsen.util: 3	:ok	:read	[0 5 6 16 20 28 30 33 38 41 49 52]
2023-04-29 17:10:23,566{GMT}	INFO	[jepsen worker 4] jepsen.util: 4	:invoke	:broadcast	57
2023-04-29 17:10:23,568{GMT}	INFO	[jepsen worker 4] jepsen.util: 4	:ok	:broadcast	57
2023-04-29 17:10:23,590{GMT}	INFO	[jepsen worker 0] jepsen.util: 0	:invoke	:read	nil
2023-04-29 17:10:23,592{GMT}	INFO	[jepsen worker 0] jepsen.util: 0	:ok	:read	[3 4 8 11 12 14 15 18 22 23 25 26 32 35 37 40 42 45 46 50 54]
2023-04-29 17:10:23,646{GMT}	INFO	[jepsen worker 0] jepsen.util: 0	:invoke	:read	nil
2023-04-29 17:10:23,647{GMT}	INFO	[jepsen worker 0] jepsen.util: 0	:ok	:read	[3 4 8 11 12 14 15 18 22 23 25 26 32 35 37 40 42 45 46 50 54]
2023-04-29 17:10:23,691{GMT}	INFO	[jepsen worker 1] jepsen.util: 1	:invoke	:read	nil
2023-04-29 17:10:23,693{GMT}	INFO	[jepsen worker 1] jepsen.util: 1	:ok	:read	[2 9 13 19 27 29 43 47 51 55]
2023-04-29 17:10:23,838{GMT}	INFO	[jepsen worker 2] jepsen.util: 2	:invoke	:broadcast	58
2023-04-29 17:10:23,840{GMT}	INFO	[jepsen worker 2] jepsen.util: 2	:ok	:broadcast	58
2023-04-29 17:10:23,908{GMT}	INFO	[jepsen worker 3] jepsen.util: 3	:invoke	:read	nil
2023-04-29 17:10:23,910{GMT}	INFO	[jepsen worker 3] jepsen.util: 3	:ok	:read	[0 5 6 16 20 28 30 33 38 41 49 52]
2023-04-29 17:10:24,045{GMT}	INFO	[jepsen worker 4] jepsen.util: 4	:invoke	:read	nil
2023-04-29 17:10:24,047{GMT}	INFO	[jepsen worker 4] jepsen.util: 4	:ok	:read	[1 7 17 21 24 31 34 36 39 44 53 57]
2023-04-29 17:10:24,167{GMT}	INFO	[jepsen worker 0] jepsen.util: 0	:invoke	:read	nil
2023-04-29 17:10:24,169{GMT}	INFO	[jepsen worker 0] jepsen.util: 0	:ok	:read	[3 4 8 11 12 14 15 18 22 23 25 26 32 35 37 40 42 45 46 50 54]
2023-04-29 17:10:24,264{GMT}	INFO	[jepsen worker 0] jepsen.util: 0	:invoke	:read	nil
2023-04-29 17:10:24,265{GMT}	INFO	[jepsen worker 0] jepsen.util: 0	:ok	:read	[3 4 8 11 12 14 15 18 22 23 25 26 32 35 37 40 42 45 46 50 54]
2023-04-29 17:10:24,329{GMT}	INFO	[jepsen worker 1] jepsen.util: 1	:invoke	:read	nil
2023-04-29 17:10:24,330{GMT}	INFO	[jepsen worker 1] jepsen.util: 1	:ok	:read	[2 9 13 19 27 29 43 47 51 55]
2023-04-29 17:10:24,456{GMT}	INFO	[jepsen worker 2] jepsen.util: 2	:invoke	:read	nil
2023-04-29 17:10:24,459{GMT}	INFO	[jepsen worker 2] jepsen.util: 2	:ok	:read	[10 48 56 58]
2023-04-29 17:10:24,476{GMT}	INFO	[jepsen worker 3] jepsen.util: 3	:invoke	:broadcast	59
2023-04-29 17:10:24,477{GMT}	INFO	[jepsen worker 3] jepsen.util: 3	:ok	:broadcast	59
2023-04-29 17:10:24,515{GMT}	INFO	[jepsen worker 4] jepsen.util: 4	:invoke	:broadcast	60
2023-04-29 17:10:24,516{GMT}	INFO	[jepsen worker 4] jepsen.util: 4	:ok	:broadcast	60
2023-04-29 17:10:24,680{GMT}	INFO	[jepsen worker 0] jepsen.util: 0	:invoke	:read	nil
2023-04-29 17:10:24,683{GMT}	INFO	[jepsen worker 0] jepsen.util: 0	:ok	:read	[3 4 8 11 12 14 15 18 22 23 25 26 32 35 37 40 42 45 46 50 54]
2023-04-29 17:10:24,776{GMT}	INFO	[jepsen worker 0] jepsen.util: 0	:invoke	:broadcast	61
2023-04-29 17:10:24,778{GMT}	INFO	[jepsen worker 0] jepsen.util: 0	:ok	:broadcast	61
2023-04-29 17:10:24,809{GMT}	INFO	[jepsen worker 1] jepsen.util: 1	:invoke	:broadcast	62
2023-04-29 17:10:24,811{GMT}	INFO	[jepsen worker 1] jepsen.util: 1	:ok	:broadcast	62
2023-04-29 17:10:24,890{GMT}	INFO	[jepsen worker 2] jepsen.util: 2	:invoke	:broadcast	63
2023-04-29 17:10:24,892{GMT}	INFO	[jepsen worker 2] jepsen.util: 2	:ok	:broadcast	63
2023-04-29 17:10:25,070{GMT}	INFO	[jepsen worker 3] jepsen.util: 3	:invoke	:broadcast	64
2023-04-29 17:10:25,071{GMT}	INFO	[jepsen worker 3] jepsen.util: 3	:ok	:broadcast	64
2023-04-29 17:10:25,079{GMT}	INFO	[jepsen worker 4] jepsen.util: 4	:invoke	:read	nil
2023-04-29 17:10:25,080{GMT}	INFO	[jepsen worker 4] jepsen.util: 4	:ok	:read	[1 7 17 21 24 31 34 36 39 44 53 57 60]
2023-04-29 17:10:25,246{GMT}	INFO	[jepsen worker 0] jepsen.util: 0	:invoke	:read	nil
2023-04-29 17:10:25,248{GMT}	INFO	[jepsen worker 0] jepsen.util: 0	:ok	:read	[3 4 8 11 12 14 15 18 22 23 25 26 32 35 37 40 42 45 46 50 54 61]
2023-04-29 17:10:25,432{GMT}	INFO	[jepsen worker 0] jepsen.util: 0	:invoke	:broadcast	65
2023-04-29 17:10:25,435{GMT}	INFO	[jepsen worker 0] jepsen.util: 0	:ok	:broadcast	65
2023-04-29 17:10:25,545{GMT}	INFO	[jepsen worker 1] jepsen.util: 1	:invoke	:read	nil
2023-04-29 17:10:25,546{GMT}	INFO	[jepsen worker 1] jepsen.util: 1	:ok	:read	[2 9 13 19 27 29 43 47 51 55 62]
2023-04-29 17:10:25,669{GMT}	INFO	[jepsen worker 2] jepsen.util: 2	:invoke	:broadcast	66
2023-04-29 17:10:25,670{GMT}	INFO	[jepsen worker 2] jepsen.util: 2	:ok	:broadcast	66
2023-04-29 17:10:25,831{GMT}	INFO	[jepsen worker 3] jepsen.util: 3	:invoke	:read	nil
2023-04-29 17:10:25,834{GMT}	INFO	[jepsen worker 3] jepsen.util: 3	:ok	:read	[0 5 6 16 20 28 30 33 38 41 49 52 59 64]
2023-04-29 17:10:25,950{GMT}	INFO	[jepsen worker 4] jepsen.util: 4	:invoke	:broadcast	67
2023-04-29 17:10:25,952{GMT}	INFO	[jepsen worker 4] jepsen.util: 4	:ok	:broadcast	67
2023-04-29 17:10:26,074{GMT}	INFO	[jepsen worker 0] jepsen.util: 0	:invoke	:read	nil
2023-04-29 17:10:26,075{GMT}	INFO	[jepsen worker 0] jepsen.util: 0	:ok	:read	[3 4 8 11 12 14 15 18 22 23 25 26 32 35 37 40 42 45 46 50 54 61 65]
2023-04-29 17:10:26,083{GMT}	INFO	[jepsen worker 0] jepsen.util: 0	:invoke	:read	nil
2023-04-29 17:10:26,084{GMT}	INFO	[jepsen worker 0] jepsen.util: 0	:ok	:read	[3 4 8 11 12 14 15 18 22 23 25 26 32 35 37 40 42 45 46 50 54 61 65]
2023-04-29 17:10:26,107{GMT}	INFO	[jepsen worker 1] jepsen.util: 1	:invoke	:read	nil
2023-04-29 17:10:26,108{GMT}	INFO	[jepsen worker 1] jepsen.util: 1	:ok	:read	[2 9 13 19 27 29 43 47 51 55 62]
2023-04-29 17:10:26,261{GMT}	INFO	[jepsen worker 2] jepsen.util: 2	:invoke	:broadcast	68
2023-04-29 17:10:26,263{GMT}	INFO	[jepsen worker 2] jepsen.util: 2	:ok	:broadcast	68
2023-04-29 17:10:26,459{GMT}	INFO	[jepsen worker 3] jepsen.util: 3	:invoke	:broadcast	69
2023-04-29 17:10:26,461{GMT}	INFO	[jepsen worker 3] jepsen.util: 3	:ok	:broadcast	69
2023-04-29 17:10:26,553{GMT}	INFO	[jepsen worker 4] jepsen.util: 4	:invoke	:broadcast	70
2023-04-29 17:10:26,555{GMT}	INFO	[jepsen worker 4] jepsen.util: 4	:ok	:broadcast	70
2023-04-29 17:10:26,718{GMT}	INFO	[jepsen worker 0] jepsen.util: 0	:invoke	:broadcast	71
2023-04-29 17:10:26,720{GMT}	INFO	[jepsen worker 0] jepsen.util: 0	:ok	:broadcast	71
2023-04-29 17:10:26,881{GMT}	INFO	[jepsen worker 0] jepsen.util: 0	:invoke	:broadcast	72
2023-04-29 17:10:26,883{GMT}	INFO	[jepsen worker 0] jepsen.util: 0	:ok	:broadcast	72
2023-04-29 17:10:27,069{GMT}	INFO	[jepsen worker 1] jepsen.util: 1	:invoke	:read	nil
2023-04-29 17:10:27,070{GMT}	INFO	[jepsen worker 1] jepsen.util: 1	:ok	:read	[2 9 13 19 27 29 43 47 51 55 62]
2023-04-29 17:10:27,220{GMT}	INFO	[jepsen worker 2] jepsen.util: 2	:invoke	:broadcast	73
2023-04-29 17:10:27,221{GMT}	INFO	[jepsen worker 2] jepsen.util: 2	:ok	:broadcast	73
2023-04-29 17:10:27,253{GMT}	INFO	[jepsen worker 3] jepsen.util: 3	:invoke	:read	nil
2023-04-29 17:10:27,254{GMT}	INFO	[jepsen worker 3] jepsen.util: 3	:ok	:read	[0 5 6 16 20 28 30 33 38 41 49 52 59 64 69]
2023-04-29 17:10:27,304{GMT}	INFO	[jepsen worker 4] jepsen.util: 4	:invoke	:read	nil
2023-04-29 17:10:27,305{GMT}	INFO	[jepsen worker 4] jepsen.util: 4	:ok	:read	[1 7 17 21 24 31 34 36 39 44 53 57 60 67 70]
2023-04-29 17:10:27,501{GMT}	INFO	[jepsen worker 0] jepsen.util: 0	:invoke	:read	nil
2023-04-29 17:10:27,504{GMT}	INFO	[jepsen worker 0] jepsen.util: 0	:ok	:read	[3 4 8 11 12 14 15 18 22 23 25 26 32 35 37 40 42 45 46 50 54 61 65 71 72]
2023-04-29 17:10:27,636{GMT}	INFO	[jepsen worker 0] jepsen.util: 0	:invoke	:broadcast	74
2023-04-29 17:10:27,638{GMT}	INFO	[jepsen worker 0] jepsen.util: 0	:ok	:broadcast	74
2023-04-29 17:10:27,795{GMT}	INFO	[jepsen worker 1] jepsen.util: 1	:invoke	:read	nil
2023-04-29 17:10:27,797{GMT}	INFO	[jepsen worker 1] jepsen.util: 1	:ok	:read	[2 9 13 19 27 29 43 47 51 55 62]
2023-04-29 17:10:27,882{GMT}	INFO	[jepsen worker 2] jepsen.util: 2	:invoke	:broadcast	75
2023-04-29 17:10:27,884{GMT}	INFO	[jepsen worker 2] jepsen.util: 2	:ok	:broadcast	75
2023-04-29 17:10:27,987{GMT}	INFO	[jepsen worker 3] jepsen.util: 3	:invoke	:read	nil
2023-04-29 17:10:27,989{GMT}	INFO	[jepsen worker 3] jepsen.util: 3	:ok	:read	[0 5 6 16 20 28 30 33 38 41 49 52 59 64 69]
2023-04-29 17:10:28,015{GMT}	INFO	[jepsen worker 4] jepsen.util: 4	:invoke	:broadcast	76
2023-04-29 17:10:28,016{GMT}	INFO	[jepsen worker 4] jepsen.util: 4	:ok	:broadcast	76
2023-04-29 17:10:28,071{GMT}	INFO	[jepsen worker 0] jepsen.util: 0	:invoke	:broadcast	77
2023-04-29 17:10:28,072{GMT}	INFO	[jepsen worker 0] jepsen.util: 0	:ok	:broadcast	77
2023-04-29 17:10:28,143{GMT}	INFO	[jepsen worker 0] jepsen.util: 0	:invoke	:read	nil
2023-04-29 17:10:28,146{GMT}	INFO	[jepsen worker 0] jepsen.util: 0	:ok	:read	[3 4 8 11 12 14 15 18 22 23 25 26 32 35 37 40 42 45 46 50 54 61 65 71 72 74 77]
2023-04-29 17:10:28,195{GMT}	INFO	[jepsen worker 1] jepsen.util: 1	:invoke	:broadcast	78
2023-04-29 17:10:28,197{GMT}	INFO	[jepsen worker 1] jepsen.util: 1	:ok	:broadcast	78
2023-04-29 17:10:28,311{GMT}	INFO	[jepsen worker 2] jepsen.util: 2	:invoke	:read	nil
2023-04-29 17:10:28,313{GMT}	INFO	[jepsen worker 2] jepsen.util: 2	:ok	:read	[10 48 56 58 63 66 68 73 75]
2023-04-29 17:10:28,508{GMT}	INFO	[jepsen worker 3] jepsen.util: 3	:invoke	:read	nil
2023-04-29 17:10:28,510{GMT}	INFO	[jepsen worker 3] jepsen.util: 3	:ok	:read	[0 5 6 16 20 28 30 33 38 41 49 52 59 64 69]
2023-04-29 17:10:28,670{GMT}	INFO	[jepsen worker 4] jepsen.util: 4	:invoke	:read	nil
2023-04-29 17:10:28,671{GMT}	INFO	[jepsen worker 4] jepsen.util: 4	:ok	:read	[1 7 17 21 24 31 34 36 39 44 53 57 60 67 70 76]
2023-04-29 17:10:28,772{GMT}	INFO	[jepsen worker 0] jepsen.util: 0	:invoke	:read	nil
2023-04-29 17:10:28,773{GMT}	INFO	[jepsen worker 0] jepsen.util: 0	:ok	:read	[3 4 8 11 12 14 15 18 22 23 25 26 32 35 37 40 42 45 46 50 54 61 65 71 72 74 77]
2023-04-29 17:10:28,909{GMT}	INFO	[jepsen worker 0] jepsen.util: 0	:invoke	:read	nil
2023-04-29 17:10:28,911{GMT}	INFO	[jepsen worker 0] jepsen.util: 0	:ok	:read	[3 4 8 11 12 14 15 18 22 23 25 26 32 35 37 40 42 45 46 50 54 61 65 71 72 74 77]
2023-04-29 17:10:28,927{GMT}	INFO	[jepsen worker 1] jepsen.util: 1	:invoke	:read	nil
2023-04-29 17:10:28,929{GMT}	INFO	[jepsen worker 1] jepsen.util: 1	:ok	:read	[2 9 13 19 27 29 43 47 51 55 62 78]
2023-04-29 17:10:29,073{GMT}	INFO	[jepsen worker 2] jepsen.util: 2	:invoke	:read	nil
2023-04-29 17:10:29,075{GMT}	INFO	[jepsen worker 2] jepsen.util: 2	:ok	:read	[10 48 56 58 63 66 68 73 75]
2023-04-29 17:10:29,245{GMT}	INFO	[jepsen worker 3] jepsen.util: 3	:invoke	:read	nil
2023-04-29 17:10:29,247{GMT}	INFO	[jepsen worker 3] jepsen.util: 3	:ok	:read	[0 5 6 16 20 28 30 33 38 41 49 52 59 64 69]
2023-04-29 17:10:29,342{GMT}	INFO	[jepsen worker 4] jepsen.util: 4	:invoke	:read	nil
2023-04-29 17:10:29,343{GMT}	INFO	[jepsen worker 4] jepsen.util: 4	:ok	:read	[1 7 17 21 24 31 34 36 39 44 53 57 60 67 70 76]
2023-04-29 17:10:29,510{GMT}	INFO	[jepsen worker 0] jepsen.util: 0	:invoke	:broadcast	79
2023-04-29 17:10:29,513{GMT}	INFO	[jepsen worker 0] jepsen.util: 0	:ok	:broadcast	79
2023-04-29 17:10:29,659{GMT}	INFO	[jepsen worker 0] jepsen.util: 0	:invoke	:broadcast	80
2023-04-29 17:10:29,660{GMT}	INFO	[jepsen worker 0] jepsen.util: 0	:ok	:broadcast	80
2023-04-29 17:10:29,678{GMT}	INFO	[jepsen worker 1] jepsen.util: 1	:invoke	:broadcast	81
2023-04-29 17:10:29,679{GMT}	INFO	[jepsen worker 1] jepsen.util: 1	:ok	:broadcast	81
2023-04-29 17:10:29,779{GMT}	INFO	[jepsen worker 2] jepsen.util: 2	:invoke	:read	nil
2023-04-29 17:10:29,781{GMT}	INFO	[jepsen worker 2] jepsen.util: 2	:ok	:read	[10 48 56 58 63 66 68 73 75]
2023-04-29 17:10:29,800{GMT}	INFO	[jepsen worker 3] jepsen.util: 3	:invoke	:read	nil
2023-04-29 17:10:29,801{GMT}	INFO	[jepsen worker 3] jepsen.util: 3	:ok	:read	[0 5 6 16 20 28 30 33 38 41 49 52 59 64 69]
2023-04-29 17:10:29,821{GMT}	INFO	[jepsen worker 4] jepsen.util: 4	:invoke	:broadcast	82
2023-04-29 17:10:29,822{GMT}	INFO	[jepsen worker 4] jepsen.util: 4	:ok	:broadcast	82
2023-04-29 17:10:29,903{GMT}	INFO	[jepsen worker 0] jepsen.util: 0	:invoke	:broadcast	83
2023-04-29 17:10:29,905{GMT}	INFO	[jepsen worker 0] jepsen.util: 0	:ok	:broadcast	83
2023-04-29 17:10:29,949{GMT}	INFO	[jepsen worker 0] jepsen.util: 0	:invoke	:read	nil
2023-04-29 17:10:29,951{GMT}	INFO	[jepsen worker 0] jepsen.util: 0	:ok	:read	[3 4 8 11 12 14 15 18 22 23 25 26 32 35 37 40 42 45 46 50 54 61 65 71 72 74 77 79 80 83]
2023-04-29 17:10:29,997{GMT}	INFO	[jepsen worker 1] jepsen.util: 1	:invoke	:broadcast	84
2023-04-29 17:10:30,000{GMT}	INFO	[jepsen worker 1] jepsen.util: 1	:ok	:broadcast	84
2023-04-29 17:10:30,161{GMT}	INFO	[jepsen worker 2] jepsen.util: 2	:invoke	:read	nil
2023-04-29 17:10:30,162{GMT}	INFO	[jepsen worker 2] jepsen.util: 2	:ok	:read	[10 48 56 58 63 66 68 73 75]
2023-04-29 17:10:30,315{GMT}	INFO	[jepsen worker 3] jepsen.util: 3	:invoke	:read	nil
2023-04-29 17:10:30,317{GMT}	INFO	[jepsen worker 3] jepsen.util: 3	:ok	:read	[0 5 6 16 20 28 30 33 38 41 49 52 59 64 69]
2023-04-29 17:10:30,504{GMT}	INFO	[jepsen worker 4] jepsen.util: 4	:invoke	:read	nil
2023-04-29 17:10:30,506{GMT}	INFO	[jepsen worker 4] jepsen.util: 4	:ok	:read	[1 7 17 21 24 31 34 36 39 44 53 57 60 67 70 76 82]
2023-04-29 17:10:30,506{GMT}	INFO	[jepsen worker 0] jepsen.util: 0	:invoke	:read	nil
2023-04-29 17:10:30,507{GMT}	INFO	[jepsen worker 0] jepsen.util: 0	:ok	:read	[3 4 8 11 12 14 15 18 22 23 25 26 32 35 37 40 42 45 46 50 54 61 65 71 72 74 77 79 80 83]
2023-04-29 17:10:30,706{GMT}	INFO	[jepsen worker 0] jepsen.util: 0	:invoke	:broadcast	85
2023-04-29 17:10:30,708{GMT}	INFO	[jepsen worker 0] jepsen.util: 0	:ok	:broadcast	85
2023-04-29 17:10:30,885{GMT}	INFO	[jepsen worker 1] jepsen.util: 1	:invoke	:broadcast	86
2023-04-29 17:10:30,886{GMT}	INFO	[jepsen worker 1] jepsen.util: 1	:ok	:broadcast	86
2023-04-29 17:10:30,887{GMT}	INFO	[jepsen worker 2] jepsen.generator.interpreter: Waiting for recovery...
2023-04-29 17:10:40,899{GMT}	INFO	[jepsen worker 2] jepsen.util: 2	:invoke	:read	nil
2023-04-29 17:10:40,900{GMT}	INFO	[jepsen worker 0] jepsen.util: 0	:invoke	:read	nil
2023-04-29 17:10:40,899{GMT}	INFO	[jepsen worker 1] jepsen.util: 1	:invoke	:read	nil
2023-04-29 17:10:40,900{GMT}	INFO	[jepsen worker 4] jepsen.util: 4	:invoke	:read	nil
2023-04-29 17:10:40,900{GMT}	INFO	[jepsen worker 3] jepsen.util: 3	:invoke	:read	nil
2023-04-29 17:10:40,902{GMT}	INFO	[jepsen worker 4] jepsen.util: 4	:ok	:read	[1 7 17 21 24 31 34 36 39 44 53 57 60 67 70 76 82]
2023-04-29 17:10:40,902{GMT}	INFO	[jepsen worker 1] jepsen.util: 1	:ok	:read	[2 9 13 19 27 29 43 47 51 55 62 78 81 84 86]
2023-04-29 17:10:40,902{GMT}	INFO	[jepsen worker 3] jepsen.util: 3	:ok	:read	[0 5 6 16 20 28 30 33 38 41 49 52 59 64 69]
2023-04-29 17:10:40,902{GMT}	INFO	[jepsen worker 0] jepsen.util: 0	:ok	:read	[3 4 8 11 12 14 15 18 22 23 25 26 32 35 37 40 42 45 46 50 54 61 65 71 72 74 77 79 80 83 85]
2023-04-29 17:10:40,902{GMT}	INFO	[jepsen worker 2] jepsen.util: 2	:ok	:read	[10 48 56 58 63 66 68 73 75]
2023-04-29 17:10:40,922{GMT}	INFO	[jepsen test runner] jepsen.core: Run complete, writing
2023-04-29 17:10:40,971{GMT}	INFO	[jepsen node n0] maelstrom.db: Tearing down n0
2023-04-29 17:10:40,971{GMT}	INFO	[jepsen node n1] maelstrom.db: Tearing down n1
2023-04-29 17:10:40,971{GMT}	INFO	[jepsen node n3] maelstrom.db: Tearing down n3
2023-04-29 17:10:40,971{GMT}	INFO	[jepsen node n4] maelstrom.db: Tearing down n4
2023-04-29 17:10:40,971{GMT}	INFO	[jepsen node n2] maelstrom.db: Tearing down n2
2023-04-29 17:10:42,037{GMT}	INFO	[jepsen node n0] maelstrom.net: Shutting down Maelstrom network
2023-04-29 17:10:42,042{GMT}	INFO	[jepsen test runner] jepsen.core: Analyzing...
2023-04-29 17:10:42,291{GMT}	INFO	[jepsen test runner] jepsen.core: Analysis complete
2023-04-29 17:10:42,305{GMT}	INFO	[jepsen results] jepsen.store: Wrote /Users/lftm/Odin/Server/Glomers/broadcast03/golang/store/broadcast/20230429T171009.972-0300/results.edn
2023-04-29 17:10:42,316{GMT}	INFO	[jepsen test runner] jepsen.core: {:perf {:latency-graph {:valid? true},
        :rate-graph {:valid? true},
        :valid? true},
 :timeline {:valid? true},
 :exceptions {:valid? true},
 :stats {:valid? true,
         :count 193,
         :ok-count 193,
         :fail-count 0,
         :info-count 0,
         :by-f {:broadcast {:valid? true,
                            :count 87,
                            :ok-count 87,
                            :fail-count 0,
                            :info-count 0},
                :read {:valid? true,
                       :count 106,
                       :ok-count 106,
                       :fail-count 0,
                       :info-count 0}}},
 :availability {:valid? true, :ok-fraction 1.0},
 :net {:all {:send-count 406,
             :recv-count 406,
             :msg-count 406,
             :msgs-per-op 2.103627},
       :clients {:send-count 406, :recv-count 406, :msg-count 406},
       :servers {:send-count 0,
                 :recv-count 0,
                 :msg-count 0,
                 :msgs-per-op 0.0},
       :valid? true},
 :workload {:worst-stale ({:element 0,
                           :outcome :stable,
                           :stable-latency 29630,
                           :lost-latency nil,
                           :known #jepsen.history.Op{:index 7,
                                                     :time 329180834,
                                                     :type :ok,
                                                     :process 3,
                                                     :f :add,
                                                     :value 0},
                           :last-absent #jepsen.history.Op{:index 379,
                                                           :time 29959265292,
                                                           :type :invoke,
                                                           :process 4,
                                                           :f :read,
                                                           :value nil,
                                                           :final? true}}
                          {:element 5,
                           :outcome :stable,
                           :stable-latency 28723,
                           :lost-latency nil,
                           :known #jepsen.history.Op{:index 31,
                                                     :time 1235845417,
                                                     :type :ok,
                                                     :process 3,
                                                     :f :add,
                                                     :value 5},
                           :last-absent #jepsen.history.Op{:index 379,
                                                           :time 29959265292,
                                                           :type :invoke,
                                                           :process 4,
                                                           :f :read,
                                                           :value nil,
                                                           :final? true}}
                          {:element 6,
                           :outcome :stable,
                           :stable-latency 28039,
                           :lost-latency nil,
                           :known #jepsen.history.Op{:index 43,
                                                     :time 1919745209,
                                                     :type :ok,
                                                     :process 3,
                                                     :f :add,
                                                     :value 6},
                           :last-absent #jepsen.history.Op{:index 379,
                                                           :time 29959265292,
                                                           :type :invoke,
                                                           :process 4,
                                                           :f :read,
                                                           :value nil,
                                                           :final? true}}
                          {:element 16,
                           :outcome :stable,
                           :stable-latency 26214,
                           :lost-latency nil,
                           :known #jepsen.history.Op{:index 79,
                                                     :time 3745012750,
                                                     :type :ok,
                                                     :process 3,
                                                     :f :add,
                                                     :value 16},
                           :last-absent #jepsen.history.Op{:index 379,
                                                           :time 29959265292,
                                                           :type :invoke,
                                                           :process 4,
                                                           :f :read,
                                                           :value nil,
                                                           :final? true}}
                          {:element 20,
                           :outcome :stable,
                           :stable-latency 25688,
                           :lost-latency nil,
                           :known #jepsen.history.Op{:index 91,
                                                     :time 4270632917,
                                                     :type :ok,
                                                     :process 3,
                                                     :f :add,
                                                     :value 20},
                           :last-absent #jepsen.history.Op{:index 379,
                                                           :time 29959265292,
                                                           :type :invoke,
                                                           :process 4,
                                                           :f :read,
                                                           :value nil,
                                                           :final? true}}
                          {:element 28,
                           :outcome :stable,
                           :stable-latency 24463,
                           :lost-latency nil,
                           :known #jepsen.history.Op{:index 115,
                                                     :time 5495716167,
                                                     :type :ok,
                                                     :process 3,
                                                     :f :add,
                                                     :value 28},
                           :last-absent #jepsen.history.Op{:index 379,
                                                           :time 29959265292,
                                                           :type :invoke,
                                                           :process 4,
                                                           :f :read,
                                                           :value nil,
                                                           :final? true}}
                          {:element 30,
                           :outcome :stable,
                           :stable-latency 23771,
                           :lost-latency nil,
                           :known #jepsen.history.Op{:index 127,
                                                     :time 6187957667,
                                                     :type :ok,
                                                     :process 3,
                                                     :f :add,
                                                     :value 30},
                           :last-absent #jepsen.history.Op{:index 379,
                                                           :time 29959265292,
                                                           :type :invoke,
                                                           :process 4,
                                                           :f :read,
                                                           :value nil,
                                                           :final? true}}
                          {:element 33,
                           :outcome :stable,
                           :stable-latency 23136,
                           :lost-latency nil,
                           :known #jepsen.history.Op{:index 138,
                                                     :time 6823004667,
                                                     :type :ok,
                                                     :process 3,
                                                     :f :add,
                                                     :value 33},
                           :last-absent #jepsen.history.Op{:index 379,
                                                           :time 29959265292,
                                                           :type :invoke,
                                                           :process 4,
                                                           :f :read,
                                                           :value nil,
                                                           :final? true}}),
            :duplicated-count 0,
            :valid? false,
            :lost-count 72,
            :lost (1
                   2
                   3
                   4
                   7
                   8
                   9
                   10
                   11
                   12
                   13
                   14
                   15
                   17
                   18
                   19
                   21
                   22
                   23
                   24
                   25
                   26
                   27
                   29
                   31
                   32
                   34
                   35
                   36
                   37
                   39
                   40
                   42
                   43
                   44
                   45
                   46
                   47
                   48
                   50
                   51
                   53
                   54
                   55
                   56
                   57
                   58
                   60
                   61
                   62
                   63
                   65
                   66
                   67
                   68
                   70
                   71
                   72
                   73
                   74
                   75
                   76
                   77
                   78
                   79
                   80
                   81
                   82
                   83
                   84
                   85
                   86),
            :stable-count 15,
            :stale-count 15,
            :stale (0 5 6 16 20 28 30 33 38 41 49 52 59 64 69),
            :never-read-count 0,
            :stable-latencies {0 14437,
                               0.5 23136,
                               0.95 29630,
                               0.99 29630,
                               1 29630},
            :attempt-count 87,
            :lost-latencies {0 10012,
                             0.5 19406,
                             0.95 28879,
                             0.99 29571,
                             1 29571},
            :never-read (),
            :duplicated {}},
 :valid? false}


Analysis invalid! ( 
