2023-04-26 14:20:13,191{GMT}	INFO	[jepsen test runner] jepsen.core: Test version 16d8edfad7fa9fe2a77b222c22b10b195885b3a8 (plus uncommitted changes)
2023-04-26 14:20:13,191{GMT}	INFO	[jepsen test runner] jepsen.core: Command line:
lein run test -w broadcast --bin ./broadcast --node-count 1 --time-limit 20 --rate 10
2023-04-26 14:20:13,233{GMT}	INFO	[jepsen test runner] jepsen.core: Running test:
{:args []
 :remote
 #jepsen.control.retry.Remote{:remote #jepsen.control.scp.Remote{:cmd-remote #jepsen.control.sshj.SSHJRemote{:concurrency-limit 6,
                                                                                                             :conn-spec nil,
                                                                                                             :client nil,
                                                                                                             :semaphore nil},
                                                                 :conn-spec nil},
                              :conn nil}
 :log-net-send false
 :node-count 1
 :availability nil
 :max-txn-length 4
 :concurrency 1
 :db
 #object[maelstrom.db$db$reify__16142
         "0x3b0471a5"
         "maelstrom.db$db$reify__16142@3b0471a5"]
 :max-writes-per-key 16
 :leave-db-running? false
 :name "broadcast"
 :logging-json? false
 :start-time
 #object[org.joda.time.DateTime "0x7aac05e2" "2023-04-26T14:20:13.159-03:00"]
 :nemesis-interval 10
 :net
 #object[maelstrom.net$jepsen_net$reify__15251
         "0x469caf69"
         "maelstrom.net$jepsen_net$reify__15251@469caf69"]
 :client
 #object[maelstrom.workload.broadcast$client$reify__16644
         "0x5e05064b"
         "maelstrom.workload.broadcast$client$reify__16644@5e05064b"]
 :barrier
 #object[java.util.concurrent.CyclicBarrier
         "0x527e6bd3"
         "java.util.concurrent.CyclicBarrier@527e6bd3"]
 :log-stderr false
 :pure-generators true
 :ssh {:dummy? true}
 :rate 10.0
 :checker
 #object[jepsen.checker$compose$reify__11881
         "0x4867e76b"
         "jepsen.checker$compose$reify__11881@4867e76b"]
 :argv
 ("test"
  "-w"
  "broadcast"
  "--bin"
  "./broadcast"
  "--node-count"
  "1"
  "--time-limit"
  "20"
  "--rate"
  "10")
 :nemesis
 (jepsen.nemesis.ReflCompose
  {:fm {:start-partition 0,
        :stop-partition 0,
        :kill 1,
        :start 1,
        :pause 1,
        :resume 1},
   :nemeses [#unprintable "jepsen.nemesis.combined$partition_nemesis$reify__16416@6ba3eee9"
             #unprintable "jepsen.nemesis.combined$db_nemesis$reify__16397@1d628a88"]})
 :nodes ["n0"]
 :test-count 1
 :latency {:mean 0, :dist :constant}
 :bin "./broadcast"
 :generator
 ((jepsen.generator.Synchronize
   {:gen (jepsen.generator.TimeLimit
          {:limit 20000000000,
           :cutoff nil,
           :gen (jepsen.generator.Any
                 {:gens [(jepsen.generator.OnThreads
                          {:f #{:nemesis},
                           :context-filter #object[jepsen.generator.context$make_thread_filter$lazy_filter__9167
                                                   "0x40941b54"
                                                   "jepsen.generator.context$make_thread_filter$lazy_filter__9167@40941b54"],
                           :gen nil})
                         (jepsen.generator.OnThreads
                          {:f #jepsen.generator.context.AllBut{:element :nemesis},
                           :context-filter #object[jepsen.generator.context$make_thread_filter$lazy_filter__9167
                                                   "0x3b42d7df"
                                                   "jepsen.generator.context$make_thread_filter$lazy_filter__9167@3b42d7df"],
                           :gen (jepsen.generator.Stagger
                                 {:dt 200000000,
                                  :next-time nil,
                                  :gen (jepsen.generator.Mix
                                        {:i 0,
                                         :gens [({:f :broadcast, :value 0}
                                                 {:f :broadcast, :value 1}
                                                 {:f :broadcast, :value 2}
                                                 {:f :broadcast, :value 3}
                                                 {:f :broadcast, :value 4}
                                                 {:f :broadcast, :value 5}
                                                 {:f :broadcast, :value 6}
                                                 {:f :broadcast, :value 7}
                                                 ...)
                                                ({:f :read}
                                                 {:f :read}
                                                 {:f :read}
                                                 {:f :read}
                                                 {:f :read}
                                                 {:f :read}
                                                 {:f :read}
                                                 {:f :read}
                                                 ...)]})})})]})})})
  (jepsen.generator.Synchronize
   {:gen (jepsen.generator.OnThreads
          {:f #{:nemesis},
           :context-filter #object[jepsen.generator.context$make_thread_filter$lazy_filter__9167
                                   "0x29cd48bd"
                                   "jepsen.generator.context$make_thread_filter$lazy_filter__9167@29cd48bd"],
           :gen ()})})
  (jepsen.generator.Synchronize
   {:gen {:type :log, :value "Waiting for recovery..."}})
  (jepsen.generator.Synchronize {:gen {:type :sleep, :value 10}})
  (jepsen.generator.Synchronize
   {:gen (jepsen.generator.OnThreads
          {:f #jepsen.generator.context.AllBut{:element :nemesis},
           :context-filter #object[jepsen.generator.context$make_thread_filter$lazy_filter__9167
                                   "0x49e3b86b"
                                   "jepsen.generator.context$make_thread_filter$lazy_filter__9167@49e3b86b"],
           :gen (jepsen.generator.EachThread
                 {:fresh-gen {:f :read, :final? true},
                  :context-filters #object[clojure.core$promise$reify__8591
                                           "0x64b262a7"
                                           {:status :pending, :val nil}],
                  :gens {}})})}))
 :log-net-recv false
 :os
 #object[maelstrom.net$jepsen_os$reify__15254
         "0x771c4015"
         "maelstrom.net$jepsen_os$reify__15254@771c4015"]
 :time-limit 20
 :workload :broadcast
 :consistency-models [:strict-serializable]
 :topology :grid}

2023-04-26 14:20:14,222{GMT}	INFO	[jepsen node n0] maelstrom.net: Starting Maelstrom network
2023-04-26 14:20:14,223{GMT}	INFO	[jepsen test runner] jepsen.db: Tearing down DB
2023-04-26 14:20:14,224{GMT}	INFO	[jepsen test runner] jepsen.db: Setting up DB
2023-04-26 14:20:14,226{GMT}	INFO	[jepsen node n0] maelstrom.service: Starting services: (lin-kv lin-tso lww-kv seq-kv)
2023-04-26 14:20:14,227{GMT}	INFO	[jepsen node n0] maelstrom.db: Setting up n0
2023-04-26 14:20:14,228{GMT}	INFO	[jepsen node n0] maelstrom.process: launching ./broadcast []
2023-04-26 14:20:14,778{GMT}	INFO	[jepsen test runner] jepsen.core: Relative time begins now
2023-04-26 14:20:14,808{GMT}	INFO	[jepsen worker 0] jepsen.util: 0	:invoke	:broadcast	0
2023-04-26 14:20:14,814{GMT}	INFO	[jepsen worker 0] jepsen.util: 0	:ok	:broadcast	0
2023-04-26 14:20:14,903{GMT}	INFO	[jepsen worker 0] jepsen.util: 0	:invoke	:read	nil
2023-04-26 14:20:14,906{GMT}	INFO	[jepsen worker 0] jepsen.util: 0	:ok	:read	[0]
2023-04-26 14:20:14,968{GMT}	INFO	[jepsen worker 0] jepsen.util: 0	:invoke	:broadcast	1
2023-04-26 14:20:14,969{GMT}	INFO	[jepsen worker 0] jepsen.util: 0	:ok	:broadcast	1
2023-04-26 14:20:14,995{GMT}	INFO	[jepsen worker 0] jepsen.util: 0	:invoke	:read	nil
2023-04-26 14:20:14,996{GMT}	INFO	[jepsen worker 0] jepsen.util: 0	:ok	:read	[0 1]
2023-04-26 14:20:15,123{GMT}	INFO	[jepsen worker 0] jepsen.util: 0	:invoke	:broadcast	2
2023-04-26 14:20:15,125{GMT}	INFO	[jepsen worker 0] jepsen.util: 0	:ok	:broadcast	2
2023-04-26 14:20:15,160{GMT}	INFO	[jepsen worker 0] jepsen.util: 0	:invoke	:broadcast	3
2023-04-26 14:20:15,161{GMT}	INFO	[jepsen worker 0] jepsen.util: 0	:ok	:broadcast	3
2023-04-26 14:20:15,351{GMT}	INFO	[jepsen worker 0] jepsen.util: 0	:invoke	:read	nil
2023-04-26 14:20:15,353{GMT}	INFO	[jepsen worker 0] jepsen.util: 0	:ok	:read	[0 1 2 3]
2023-04-26 14:20:15,419{GMT}	INFO	[jepsen worker 0] jepsen.util: 0	:invoke	:broadcast	4
2023-04-26 14:20:15,422{GMT}	INFO	[jepsen worker 0] jepsen.util: 0	:ok	:broadcast	4
2023-04-26 14:20:15,483{GMT}	INFO	[jepsen worker 0] jepsen.util: 0	:invoke	:broadcast	5
2023-04-26 14:20:15,484{GMT}	INFO	[jepsen worker 0] jepsen.util: 0	:ok	:broadcast	5
2023-04-26 14:20:15,494{GMT}	INFO	[jepsen worker 0] jepsen.util: 0	:invoke	:read	nil
2023-04-26 14:20:15,496{GMT}	INFO	[jepsen worker 0] jepsen.util: 0	:ok	:read	[0 1 2 3 4 5]
2023-04-26 14:20:15,615{GMT}	INFO	[jepsen worker 0] jepsen.util: 0	:invoke	:broadcast	6
2023-04-26 14:20:15,617{GMT}	INFO	[jepsen worker 0] jepsen.util: 0	:ok	:broadcast	6
2023-04-26 14:20:15,722{GMT}	INFO	[jepsen worker 0] jepsen.util: 0	:invoke	:broadcast	7
2023-04-26 14:20:15,724{GMT}	INFO	[jepsen worker 0] jepsen.util: 0	:ok	:broadcast	7
2023-04-26 14:20:15,724{GMT}	INFO	[jepsen worker 0] jepsen.util: 0	:invoke	:broadcast	8
2023-04-26 14:20:15,726{GMT}	INFO	[jepsen worker 0] jepsen.util: 0	:ok	:broadcast	8
2023-04-26 14:20:15,880{GMT}	INFO	[jepsen worker 0] jepsen.util: 0	:invoke	:read	nil
2023-04-26 14:20:15,882{GMT}	INFO	[jepsen worker 0] jepsen.util: 0	:ok	:read	[0 1 2 3 4 5 6 7 8]
2023-04-26 14:20:15,981{GMT}	INFO	[jepsen worker 0] jepsen.util: 0	:invoke	:read	nil
2023-04-26 14:20:15,985{GMT}	INFO	[jepsen worker 0] jepsen.util: 0	:ok	:read	[0 1 2 3 4 5 6 7 8]
2023-04-26 14:20:15,985{GMT}	INFO	[jepsen worker 0] jepsen.util: 0	:invoke	:broadcast	9
2023-04-26 14:20:15,987{GMT}	INFO	[jepsen worker 0] jepsen.util: 0	:ok	:broadcast	9
2023-04-26 14:20:15,995{GMT}	INFO	[jepsen worker 0] jepsen.util: 0	:invoke	:broadcast	10
2023-04-26 14:20:15,997{GMT}	INFO	[jepsen worker 0] jepsen.util: 0	:ok	:broadcast	10
2023-04-26 14:20:16,181{GMT}	INFO	[jepsen worker 0] jepsen.util: 0	:invoke	:read	nil
2023-04-26 14:20:16,184{GMT}	INFO	[jepsen worker 0] jepsen.util: 0	:ok	:read	[0 1 2 3 4 5 6 7 8 9 10]
2023-04-26 14:20:16,331{GMT}	INFO	[jepsen worker 0] jepsen.util: 0	:invoke	:broadcast	11
2023-04-26 14:20:16,333{GMT}	INFO	[jepsen worker 0] jepsen.util: 0	:ok	:broadcast	11
2023-04-26 14:20:16,392{GMT}	INFO	[jepsen worker 0] jepsen.util: 0	:invoke	:read	nil
2023-04-26 14:20:16,394{GMT}	INFO	[jepsen worker 0] jepsen.util: 0	:ok	:read	[0 1 2 3 4 5 6 7 8 9 10 11]
2023-04-26 14:20:16,584{GMT}	INFO	[jepsen worker 0] jepsen.util: 0	:invoke	:read	nil
2023-04-26 14:20:16,588{GMT}	INFO	[jepsen worker 0] jepsen.util: 0	:ok	:read	[0 1 2 3 4 5 6 7 8 9 10 11]
2023-04-26 14:20:16,749{GMT}	INFO	[jepsen worker 0] jepsen.util: 0	:invoke	:broadcast	12
2023-04-26 14:20:16,753{GMT}	INFO	[jepsen worker 0] jepsen.util: 0	:ok	:broadcast	12
2023-04-26 14:20:16,794{GMT}	INFO	[jepsen worker 0] jepsen.util: 0	:invoke	:read	nil
2023-04-26 14:20:16,796{GMT}	INFO	[jepsen worker 0] jepsen.util: 0	:ok	:read	[0 1 2 3 4 5 6 7 8 9 10 11 12]
2023-04-26 14:20:16,969{GMT}	INFO	[jepsen worker 0] jepsen.util: 0	:invoke	:read	nil
2023-04-26 14:20:16,972{GMT}	INFO	[jepsen worker 0] jepsen.util: 0	:ok	:read	[0 1 2 3 4 5 6 7 8 9 10 11 12]
2023-04-26 14:20:17,161{GMT}	INFO	[jepsen worker 0] jepsen.util: 0	:invoke	:read	nil
2023-04-26 14:20:17,164{GMT}	INFO	[jepsen worker 0] jepsen.util: 0	:ok	:read	[0 1 2 3 4 5 6 7 8 9 10 11 12]
2023-04-26 14:20:17,265{GMT}	INFO	[jepsen worker 0] jepsen.util: 0	:invoke	:read	nil
2023-04-26 14:20:17,267{GMT}	INFO	[jepsen worker 0] jepsen.util: 0	:ok	:read	[0 1 2 3 4 5 6 7 8 9 10 11 12]
2023-04-26 14:20:17,425{GMT}	INFO	[jepsen worker 0] jepsen.util: 0	:invoke	:broadcast	13
2023-04-26 14:20:17,426{GMT}	INFO	[jepsen worker 0] jepsen.util: 0	:ok	:broadcast	13
2023-04-26 14:20:17,544{GMT}	INFO	[jepsen worker 0] jepsen.util: 0	:invoke	:read	nil
2023-04-26 14:20:17,546{GMT}	INFO	[jepsen worker 0] jepsen.util: 0	:ok	:read	[0 1 2 3 4 5 6 7 8 9 10 11 12 13]
2023-04-26 14:20:17,644{GMT}	INFO	[jepsen worker 0] jepsen.util: 0	:invoke	:broadcast	14
2023-04-26 14:20:17,646{GMT}	INFO	[jepsen worker 0] jepsen.util: 0	:ok	:broadcast	14
2023-04-26 14:20:17,694{GMT}	INFO	[jepsen worker 0] jepsen.util: 0	:invoke	:broadcast	15
2023-04-26 14:20:17,696{GMT}	INFO	[jepsen worker 0] jepsen.util: 0	:ok	:broadcast	15
2023-04-26 14:20:17,786{GMT}	INFO	[jepsen worker 0] jepsen.util: 0	:invoke	:read	nil
2023-04-26 14:20:17,789{GMT}	INFO	[jepsen worker 0] jepsen.util: 0	:ok	:read	[0 1 2 3 4 5 6 7 8 9 10 11 12 13 14 15]
2023-04-26 14:20:17,951{GMT}	INFO	[jepsen worker 0] jepsen.util: 0	:invoke	:read	nil
2023-04-26 14:20:17,953{GMT}	INFO	[jepsen worker 0] jepsen.util: 0	:ok	:read	[0 1 2 3 4 5 6 7 8 9 10 11 12 13 14 15]
2023-04-26 14:20:18,026{GMT}	INFO	[jepsen worker 0] jepsen.util: 0	:invoke	:read	nil
2023-04-26 14:20:18,028{GMT}	INFO	[jepsen worker 0] jepsen.util: 0	:ok	:read	[0 1 2 3 4 5 6 7 8 9 10 11 12 13 14 15]
2023-04-26 14:20:18,067{GMT}	INFO	[jepsen worker 0] jepsen.util: 0	:invoke	:broadcast	16
2023-04-26 14:20:18,068{GMT}	INFO	[jepsen worker 0] jepsen.util: 0	:ok	:broadcast	16
2023-04-26 14:20:18,127{GMT}	INFO	[jepsen worker 0] jepsen.util: 0	:invoke	:read	nil
2023-04-26 14:20:18,129{GMT}	INFO	[jepsen worker 0] jepsen.util: 0	:ok	:read	[0 1 2 3 4 5 6 7 8 9 10 11 12 13 14 15 16]
2023-04-26 14:20:18,131{GMT}	INFO	[jepsen worker 0] jepsen.util: 0	:invoke	:broadcast	17
2023-04-26 14:20:18,132{GMT}	INFO	[jepsen worker 0] jepsen.util: 0	:ok	:broadcast	17
2023-04-26 14:20:18,315{GMT}	INFO	[jepsen worker 0] jepsen.util: 0	:invoke	:broadcast	18
2023-04-26 14:20:18,317{GMT}	INFO	[jepsen worker 0] jepsen.util: 0	:ok	:broadcast	18
2023-04-26 14:20:18,391{GMT}	INFO	[jepsen worker 0] jepsen.util: 0	:invoke	:broadcast	19
2023-04-26 14:20:18,392{GMT}	INFO	[jepsen worker 0] jepsen.util: 0	:ok	:broadcast	19
2023-04-26 14:20:18,580{GMT}	INFO	[jepsen worker 0] jepsen.util: 0	:invoke	:read	nil
2023-04-26 14:20:18,582{GMT}	INFO	[jepsen worker 0] jepsen.util: 0	:ok	:read	[0 1 2 3 4 5 6 7 8 9 10 11 12 13 14 15 16 17 18 19]
2023-04-26 14:20:18,689{GMT}	INFO	[jepsen worker 0] jepsen.util: 0	:invoke	:read	nil
2023-04-26 14:20:18,692{GMT}	INFO	[jepsen worker 0] jepsen.util: 0	:ok	:read	[0 1 2 3 4 5 6 7 8 9 10 11 12 13 14 15 16 17 18 19]
2023-04-26 14:20:18,786{GMT}	INFO	[jepsen worker 0] jepsen.util: 0	:invoke	:broadcast	20
2023-04-26 14:20:18,789{GMT}	INFO	[jepsen worker 0] jepsen.util: 0	:ok	:broadcast	20
2023-04-26 14:20:18,855{GMT}	INFO	[jepsen worker 0] jepsen.util: 0	:invoke	:broadcast	21
2023-04-26 14:20:18,856{GMT}	INFO	[jepsen worker 0] jepsen.util: 0	:ok	:broadcast	21
2023-04-26 14:20:18,986{GMT}	INFO	[jepsen worker 0] jepsen.util: 0	:invoke	:broadcast	22
2023-04-26 14:20:18,989{GMT}	INFO	[jepsen worker 0] jepsen.util: 0	:ok	:broadcast	22
2023-04-26 14:20:19,136{GMT}	INFO	[jepsen worker 0] jepsen.util: 0	:invoke	:broadcast	23
2023-04-26 14:20:19,137{GMT}	INFO	[jepsen worker 0] jepsen.util: 0	:ok	:broadcast	23
2023-04-26 14:20:19,321{GMT}	INFO	[jepsen worker 0] jepsen.util: 0	:invoke	:broadcast	24
2023-04-26 14:20:19,323{GMT}	INFO	[jepsen worker 0] jepsen.util: 0	:ok	:broadcast	24
2023-04-26 14:20:19,443{GMT}	INFO	[jepsen worker 0] jepsen.util: 0	:invoke	:broadcast	25
2023-04-26 14:20:19,445{GMT}	INFO	[jepsen worker 0] jepsen.util: 0	:ok	:broadcast	25
2023-04-26 14:20:19,555{GMT}	INFO	[jepsen worker 0] jepsen.util: 0	:invoke	:broadcast	26
2023-04-26 14:20:19,557{GMT}	INFO	[jepsen worker 0] jepsen.util: 0	:ok	:broadcast	26
2023-04-26 14:20:19,692{GMT}	INFO	[jepsen worker 0] jepsen.util: 0	:invoke	:read	nil
2023-04-26 14:20:19,693{GMT}	INFO	[jepsen worker 0] jepsen.util: 0	:ok	:read	[0 1 2 3 4 5 6 7 8 9 10 11 12 13 14 15 16 17 18 19 20 21 22 23 24 25 26]
2023-04-26 14:20:19,886{GMT}	INFO	[jepsen worker 0] jepsen.util: 0	:invoke	:read	nil
2023-04-26 14:20:19,889{GMT}	INFO	[jepsen worker 0] jepsen.util: 0	:ok	:read	[0 1 2 3 4 5 6 7 8 9 10 11 12 13 14 15 16 17 18 19 20 21 22 23 24 25 26]
2023-04-26 14:20:19,919{GMT}	INFO	[jepsen worker 0] jepsen.util: 0	:invoke	:read	nil
2023-04-26 14:20:19,920{GMT}	INFO	[jepsen worker 0] jepsen.util: 0	:ok	:read	[0 1 2 3 4 5 6 7 8 9 10 11 12 13 14 15 16 17 18 19 20 21 22 23 24 25 26]
2023-04-26 14:20:20,003{GMT}	INFO	[jepsen worker 0] jepsen.util: 0	:invoke	:read	nil
2023-04-26 14:20:20,005{GMT}	INFO	[jepsen worker 0] jepsen.util: 0	:ok	:read	[0 1 2 3 4 5 6 7 8 9 10 11 12 13 14 15 16 17 18 19 20 21 22 23 24 25 26]
2023-04-26 14:20:20,149{GMT}	INFO	[jepsen worker 0] jepsen.util: 0	:invoke	:broadcast	27
2023-04-26 14:20:20,151{GMT}	INFO	[jepsen worker 0] jepsen.util: 0	:ok	:broadcast	27
2023-04-26 14:20:20,292{GMT}	INFO	[jepsen worker 0] jepsen.util: 0	:invoke	:read	nil
2023-04-26 14:20:20,294{GMT}	INFO	[jepsen worker 0] jepsen.util: 0	:ok	:read	[0 1 2 3 4 5 6 7 8 9 10 11 12 13 14 15 16 17 18 19 20 21 22 23 24 25 26 27]
2023-04-26 14:20:20,399{GMT}	INFO	[jepsen worker 0] jepsen.util: 0	:invoke	:read	nil
2023-04-26 14:20:20,401{GMT}	INFO	[jepsen worker 0] jepsen.util: 0	:ok	:read	[0 1 2 3 4 5 6 7 8 9 10 11 12 13 14 15 16 17 18 19 20 21 22 23 24 25 26 27]
2023-04-26 14:20:20,540{GMT}	INFO	[jepsen worker 0] jepsen.util: 0	:invoke	:read	nil
2023-04-26 14:20:20,544{GMT}	INFO	[jepsen worker 0] jepsen.util: 0	:ok	:read	[0 1 2 3 4 5 6 7 8 9 10 11 12 13 14 15 16 17 18 19 20 21 22 23 24 25 26 27]
2023-04-26 14:20:20,561{GMT}	INFO	[jepsen worker 0] jepsen.util: 0	:invoke	:read	nil
2023-04-26 14:20:20,562{GMT}	INFO	[jepsen worker 0] jepsen.util: 0	:ok	:read	[0 1 2 3 4 5 6 7 8 9 10 11 12 13 14 15 16 17 18 19 20 21 22 23 24 25 26 27]
2023-04-26 14:20:20,689{GMT}	INFO	[jepsen worker 0] jepsen.util: 0	:invoke	:broadcast	28
2023-04-26 14:20:20,691{GMT}	INFO	[jepsen worker 0] jepsen.util: 0	:ok	:broadcast	28
2023-04-26 14:20:20,799{GMT}	INFO	[jepsen worker 0] jepsen.util: 0	:invoke	:read	nil
2023-04-26 14:20:20,801{GMT}	INFO	[jepsen worker 0] jepsen.util: 0	:ok	:read	[0 1 2 3 4 5 6 7 8 9 10 11 12 13 14 15 16 17 18 19 20 21 22 23 24 25 26 27 28]
2023-04-26 14:20:20,936{GMT}	INFO	[jepsen worker 0] jepsen.util: 0	:invoke	:broadcast	29
2023-04-26 14:20:20,938{GMT}	INFO	[jepsen worker 0] jepsen.util: 0	:ok	:broadcast	29
2023-04-26 14:20:21,071{GMT}	INFO	[jepsen worker 0] jepsen.util: 0	:invoke	:read	nil
2023-04-26 14:20:21,072{GMT}	INFO	[jepsen worker 0] jepsen.util: 0	:ok	:read	[0 1 2 3 4 5 6 7 8 9 10 11 12 13 14 15 16 17 18 19 20 21 22 23 24 25 26 27 28 29]
2023-04-26 14:20:21,114{GMT}	INFO	[jepsen worker 0] jepsen.util: 0	:invoke	:read	nil
2023-04-26 14:20:21,115{GMT}	INFO	[jepsen worker 0] jepsen.util: 0	:ok	:read	[0 1 2 3 4 5 6 7 8 9 10 11 12 13 14 15 16 17 18 19 20 21 22 23 24 25 26 27 28 29]
2023-04-26 14:20:21,178{GMT}	INFO	[jepsen worker 0] jepsen.util: 0	:invoke	:read	nil
2023-04-26 14:20:21,179{GMT}	INFO	[jepsen worker 0] jepsen.util: 0	:ok	:read	[0 1 2 3 4 5 6 7 8 9 10 11 12 13 14 15 16 17 18 19 20 21 22 23 24 25 26 27 28 29]
2023-04-26 14:20:21,300{GMT}	INFO	[jepsen worker 0] jepsen.util: 0	:invoke	:read	nil
2023-04-26 14:20:21,301{GMT}	INFO	[jepsen worker 0] jepsen.util: 0	:ok	:read	[0 1 2 3 4 5 6 7 8 9 10 11 12 13 14 15 16 17 18 19 20 21 22 23 24 25 26 27 28 29]
2023-04-26 14:20:21,339{GMT}	INFO	[jepsen worker 0] jepsen.util: 0	:invoke	:broadcast	30
2023-04-26 14:20:21,340{GMT}	INFO	[jepsen worker 0] jepsen.util: 0	:ok	:broadcast	30
2023-04-26 14:20:21,378{GMT}	INFO	[jepsen worker 0] jepsen.util: 0	:invoke	:read	nil
2023-04-26 14:20:21,379{GMT}	INFO	[jepsen worker 0] jepsen.util: 0	:ok	:read	[0 1 2 3 4 5 6 7 8 9 10 11 12 13 14 15 16 17 18 19 20 21 22 23 24 25 26 27 28 29 30]
2023-04-26 14:20:21,522{GMT}	INFO	[jepsen worker 0] jepsen.util: 0	:invoke	:broadcast	31
2023-04-26 14:20:21,523{GMT}	INFO	[jepsen worker 0] jepsen.util: 0	:ok	:broadcast	31
2023-04-26 14:20:21,616{GMT}	INFO	[jepsen worker 0] jepsen.util: 0	:invoke	:read	nil
2023-04-26 14:20:21,618{GMT}	INFO	[jepsen worker 0] jepsen.util: 0	:ok	:read	[0 1 2 3 4 5 6 7 8 9 10 11 12 13 14 15 16 17 18 19 20 21 22 23 24 25 26 27 28 29 30 31]
2023-04-26 14:20:21,644{GMT}	INFO	[jepsen worker 0] jepsen.util: 0	:invoke	:broadcast	32
2023-04-26 14:20:21,645{GMT}	INFO	[jepsen worker 0] jepsen.util: 0	:ok	:broadcast	32
2023-04-26 14:20:21,719{GMT}	INFO	[jepsen worker 0] jepsen.util: 0	:invoke	:broadcast	33
2023-04-26 14:20:21,720{GMT}	INFO	[jepsen worker 0] jepsen.util: 0	:ok	:broadcast	33
2023-04-26 14:20:21,888{GMT}	INFO	[jepsen worker 0] jepsen.util: 0	:invoke	:read	nil
2023-04-26 14:20:21,890{GMT}	INFO	[jepsen worker 0] jepsen.util: 0	:ok	:read	[0 1 2 3 4 5 6 7 8 9 10 11 12 13 14 15 16 17 18 19 20 21 22 23 24 25 26 27 28 29 30 31 32 33]
2023-04-26 14:20:21,986{GMT}	INFO	[jepsen worker 0] jepsen.util: 0	:invoke	:read	nil
2023-04-26 14:20:21,988{GMT}	INFO	[jepsen worker 0] jepsen.util: 0	:ok	:read	[0 1 2 3 4 5 6 7 8 9 10 11 12 13 14 15 16 17 18 19 20 21 22 23 24 25 26 27 28 29 30 31 32 33]
2023-04-26 14:20:22,073{GMT}	INFO	[jepsen worker 0] jepsen.util: 0	:invoke	:broadcast	34
2023-04-26 14:20:22,074{GMT}	INFO	[jepsen worker 0] jepsen.util: 0	:ok	:broadcast	34
2023-04-26 14:20:22,117{GMT}	INFO	[jepsen worker 0] jepsen.util: 0	:invoke	:broadcast	35
2023-04-26 14:20:22,118{GMT}	INFO	[jepsen worker 0] jepsen.util: 0	:ok	:broadcast	35
2023-04-26 14:20:22,213{GMT}	INFO	[jepsen worker 0] jepsen.util: 0	:invoke	:broadcast	36
2023-04-26 14:20:22,215{GMT}	INFO	[jepsen worker 0] jepsen.util: 0	:ok	:broadcast	36
2023-04-26 14:20:22,369{GMT}	INFO	[jepsen worker 0] jepsen.util: 0	:invoke	:read	nil
2023-04-26 14:20:22,371{GMT}	INFO	[jepsen worker 0] jepsen.util: 0	:ok	:read	[0 1 2 3 4 5 6 7 8 9 10 11 12 13 14 15 16 17 18 19 20 21 22 23 24 25 26 27 28 29 30 31 32 33 34 35 36]
2023-04-26 14:20:22,408{GMT}	INFO	[jepsen worker 0] jepsen.util: 0	:invoke	:broadcast	37
2023-04-26 14:20:22,409{GMT}	INFO	[jepsen worker 0] jepsen.util: 0	:ok	:broadcast	37
2023-04-26 14:20:22,446{GMT}	INFO	[jepsen worker 0] jepsen.util: 0	:invoke	:broadcast	38
2023-04-26 14:20:22,447{GMT}	INFO	[jepsen worker 0] jepsen.util: 0	:ok	:broadcast	38
2023-04-26 14:20:22,604{GMT}	INFO	[jepsen worker 0] jepsen.util: 0	:invoke	:read	nil
2023-04-26 14:20:22,607{GMT}	INFO	[jepsen worker 0] jepsen.util: 0	:ok	:read	[0 1 2 3 4 5 6 7 8 9 10 11 12 13 14 15 16 17 18 19 20 21 22 23 24 25 26 27 28 29 30 31 32 33 34 35 36 37 38]
2023-04-26 14:20:22,744{GMT}	INFO	[jepsen worker 0] jepsen.util: 0	:invoke	:broadcast	39
2023-04-26 14:20:22,745{GMT}	INFO	[jepsen worker 0] jepsen.util: 0	:ok	:broadcast	39
2023-04-26 14:20:22,814{GMT}	INFO	[jepsen worker 0] jepsen.util: 0	:invoke	:broadcast	40
2023-04-26 14:20:22,815{GMT}	INFO	[jepsen worker 0] jepsen.util: 0	:ok	:broadcast	40
2023-04-26 14:20:22,828{GMT}	INFO	[jepsen worker 0] jepsen.util: 0	:invoke	:read	nil
2023-04-26 14:20:22,830{GMT}	INFO	[jepsen worker 0] jepsen.util: 0	:ok	:read	[0 1 2 3 4 5 6 7 8 9 10 11 12 13 14 15 16 17 18 19 20 21 22 23 24 25 26 27 28 29 30 31 32 33 34 35 36 37 38 39 40]
2023-04-26 14:20:22,988{GMT}	INFO	[jepsen worker 0] jepsen.util: 0	:invoke	:read	nil
2023-04-26 14:20:22,990{GMT}	INFO	[jepsen worker 0] jepsen.util: 0	:ok	:read	[0 1 2 3 4 5 6 7 8 9 10 11 12 13 14 15 16 17 18 19 20 21 22 23 24 25 26 27 28 29 30 31 32 33 34 35 36 37 38 39 40]
2023-04-26 14:20:23,026{GMT}	INFO	[jepsen worker 0] jepsen.util: 0	:invoke	:broadcast	41
2023-04-26 14:20:23,027{GMT}	INFO	[jepsen worker 0] jepsen.util: 0	:ok	:broadcast	41
2023-04-26 14:20:23,113{GMT}	INFO	[jepsen worker 0] jepsen.util: 0	:invoke	:read	nil
2023-04-26 14:20:23,114{GMT}	INFO	[jepsen worker 0] jepsen.util: 0	:ok	:read	[0 1 2 3 4 5 6 7 8 9 10 11 12 13 14 15 16 17 18 19 20 21 22 23 24 25 26 27 28 29 30 31 32 33 34 35 36 37 38 39 40 41]
2023-04-26 14:20:23,313{GMT}	INFO	[jepsen worker 0] jepsen.util: 0	:invoke	:read	nil
2023-04-26 14:20:23,315{GMT}	INFO	[jepsen worker 0] jepsen.util: 0	:ok	:read	[0 1 2 3 4 5 6 7 8 9 10 11 12 13 14 15 16 17 18 19 20 21 22 23 24 25 26 27 28 29 30 31 32 33 34 35 36 37 38 39 40 41]
2023-04-26 14:20:23,432{GMT}	INFO	[jepsen worker 0] jepsen.util: 0	:invoke	:read	nil
2023-04-26 14:20:23,433{GMT}	INFO	[jepsen worker 0] jepsen.util: 0	:ok	:read	[0 1 2 3 4 5 6 7 8 9 10 11 12 13 14 15 16 17 18 19 20 21 22 23 24 25 26 27 28 29 30 31 32 33 34 35 36 37 38 39 40 41]
2023-04-26 14:20:23,553{GMT}	INFO	[jepsen worker 0] jepsen.util: 0	:invoke	:read	nil
2023-04-26 14:20:23,557{GMT}	INFO	[jepsen worker 0] jepsen.util: 0	:ok	:read	[0 1 2 3 4 5 6 7 8 9 10 11 12 13 14 15 16 17 18 19 20 21 22 23 24 25 26 27 28 29 30 31 32 33 34 35 36 37 38 39 40 41]
2023-04-26 14:20:23,651{GMT}	INFO	[jepsen worker 0] jepsen.util: 0	:invoke	:broadcast	42
2023-04-26 14:20:23,653{GMT}	INFO	[jepsen worker 0] jepsen.util: 0	:ok	:broadcast	42
2023-04-26 14:20:23,747{GMT}	INFO	[jepsen worker 0] jepsen.util: 0	:invoke	:broadcast	43
2023-04-26 14:20:23,748{GMT}	INFO	[jepsen worker 0] jepsen.util: 0	:ok	:broadcast	43
2023-04-26 14:20:23,870{GMT}	INFO	[jepsen worker 0] jepsen.util: 0	:invoke	:read	nil
2023-04-26 14:20:23,872{GMT}	INFO	[jepsen worker 0] jepsen.util: 0	:ok	:read	[0 1 2 3 4 5 6 7 8 9 10 11 12 13 14 15 16 17 18 19 20 21 22 23 24 25 26 27 28 29 30 31 32 33 34 35 36 37 38 39 40 41 42 43]
2023-04-26 14:20:23,967{GMT}	INFO	[jepsen worker 0] jepsen.util: 0	:invoke	:read	nil
2023-04-26 14:20:23,969{GMT}	INFO	[jepsen worker 0] jepsen.util: 0	:ok	:read	[0 1 2 3 4 5 6 7 8 9 10 11 12 13 14 15 16 17 18 19 20 21 22 23 24 25 26 27 28 29 30 31 32 33 34 35 36 37 38 39 40 41 42 43]
2023-04-26 14:20:24,042{GMT}	INFO	[jepsen worker 0] jepsen.util: 0	:invoke	:read	nil
2023-04-26 14:20:24,044{GMT}	INFO	[jepsen worker 0] jepsen.util: 0	:ok	:read	[0 1 2 3 4 5 6 7 8 9 10 11 12 13 14 15 16 17 18 19 20 21 22 23 24 25 26 27 28 29 30 31 32 33 34 35 36 37 38 39 40 41 42 43]
2023-04-26 14:20:24,203{GMT}	INFO	[jepsen worker 0] jepsen.util: 0	:invoke	:read	nil
2023-04-26 14:20:24,205{GMT}	INFO	[jepsen worker 0] jepsen.util: 0	:ok	:read	[0 1 2 3 4 5 6 7 8 9 10 11 12 13 14 15 16 17 18 19 20 21 22 23 24 25 26 27 28 29 30 31 32 33 34 35 36 37 38 39 40 41 42 43]
2023-04-26 14:20:24,242{GMT}	INFO	[jepsen worker 0] jepsen.util: 0	:invoke	:read	nil
2023-04-26 14:20:24,244{GMT}	INFO	[jepsen worker 0] jepsen.util: 0	:ok	:read	[0 1 2 3 4 5 6 7 8 9 10 11 12 13 14 15 16 17 18 19 20 21 22 23 24 25 26 27 28 29 30 31 32 33 34 35 36 37 38 39 40 41 42 43]
2023-04-26 14:20:24,244{GMT}	INFO	[jepsen worker 0] jepsen.util: 0	:invoke	:read	nil
2023-04-26 14:20:24,245{GMT}	INFO	[jepsen worker 0] jepsen.util: 0	:ok	:read	[0 1 2 3 4 5 6 7 8 9 10 11 12 13 14 15 16 17 18 19 20 21 22 23 24 25 26 27 28 29 30 31 32 33 34 35 36 37 38 39 40 41 42 43]
2023-04-26 14:20:24,374{GMT}	INFO	[jepsen worker 0] jepsen.util: 0	:invoke	:read	nil
2023-04-26 14:20:24,375{GMT}	INFO	[jepsen worker 0] jepsen.util: 0	:ok	:read	[0 1 2 3 4 5 6 7 8 9 10 11 12 13 14 15 16 17 18 19 20 21 22 23 24 25 26 27 28 29 30 31 32 33 34 35 36 37 38 39 40 41 42 43]
2023-04-26 14:20:24,550{GMT}	INFO	[jepsen worker 0] jepsen.util: 0	:invoke	:broadcast	44
2023-04-26 14:20:24,554{GMT}	INFO	[jepsen worker 0] jepsen.util: 0	:ok	:broadcast	44
2023-04-26 14:20:24,747{GMT}	INFO	[jepsen worker 0] jepsen.util: 0	:invoke	:read	nil
2023-04-26 14:20:24,749{GMT}	INFO	[jepsen worker 0] jepsen.util: 0	:ok	:read	[0 1 2 3 4 5 6 7 8 9 10 11 12 13 14 15 16 17 18 19 20 21 22 23 24 25 26 27 28 29 30 31 32 33 34 35 36 37 38 39 40 41 42 43 44]
2023-04-26 14:20:24,934{GMT}	INFO	[jepsen worker 0] jepsen.util: 0	:invoke	:read	nil
2023-04-26 14:20:24,937{GMT}	INFO	[jepsen worker 0] jepsen.util: 0	:ok	:read	[0 1 2 3 4 5 6 7 8 9 10 11 12 13 14 15 16 17 18 19 20 21 22 23 24 25 26 27 28 29 30 31 32 33 34 35 36 37 38 39 40 41 42 43 44]
2023-04-26 14:20:25,134{GMT}	INFO	[jepsen worker 0] jepsen.util: 0	:invoke	:read	nil
2023-04-26 14:20:25,136{GMT}	INFO	[jepsen worker 0] jepsen.util: 0	:ok	:read	[0 1 2 3 4 5 6 7 8 9 10 11 12 13 14 15 16 17 18 19 20 21 22 23 24 25 26 27 28 29 30 31 32 33 34 35 36 37 38 39 40 41 42 43 44]
2023-04-26 14:20:25,290{GMT}	INFO	[jepsen worker 0] jepsen.util: 0	:invoke	:broadcast	45
2023-04-26 14:20:25,291{GMT}	INFO	[jepsen worker 0] jepsen.util: 0	:ok	:broadcast	45
2023-04-26 14:20:25,486{GMT}	INFO	[jepsen worker 0] jepsen.util: 0	:invoke	:broadcast	46
2023-04-26 14:20:25,488{GMT}	INFO	[jepsen worker 0] jepsen.util: 0	:ok	:broadcast	46
2023-04-26 14:20:25,577{GMT}	INFO	[jepsen worker 0] jepsen.util: 0	:invoke	:read	nil
2023-04-26 14:20:25,579{GMT}	INFO	[jepsen worker 0] jepsen.util: 0	:ok	:read	[0 1 2 3 4 5 6 7 8 9 10 11 12 13 14 15 16 17 18 19 20 21 22 23 24 25 26 27 28 29 30 31 32 33 34 35 36 37 38 39 40 41 42 43 44 45 46]
2023-04-26 14:20:25,738{GMT}	INFO	[jepsen worker 0] jepsen.util: 0	:invoke	:read	nil
2023-04-26 14:20:25,741{GMT}	INFO	[jepsen worker 0] jepsen.util: 0	:ok	:read	[0 1 2 3 4 5 6 7 8 9 10 11 12 13 14 15 16 17 18 19 20 21 22 23 24 25 26 27 28 29 30 31 32 33 34 35 36 37 38 39 40 41 42 43 44 45 46]
2023-04-26 14:20:25,903{GMT}	INFO	[jepsen worker 0] jepsen.util: 0	:invoke	:read	nil
2023-04-26 14:20:25,905{GMT}	INFO	[jepsen worker 0] jepsen.util: 0	:ok	:read	[0 1 2 3 4 5 6 7 8 9 10 11 12 13 14 15 16 17 18 19 20 21 22 23 24 25 26 27 28 29 30 31 32 33 34 35 36 37 38 39 40 41 42 43 44 45 46]
2023-04-26 14:20:25,992{GMT}	INFO	[jepsen worker 0] jepsen.util: 0	:invoke	:broadcast	47
2023-04-26 14:20:25,993{GMT}	INFO	[jepsen worker 0] jepsen.util: 0	:ok	:broadcast	47
2023-04-26 14:20:26,119{GMT}	INFO	[jepsen worker 0] jepsen.util: 0	:invoke	:read	nil
2023-04-26 14:20:26,121{GMT}	INFO	[jepsen worker 0] jepsen.util: 0	:ok	:read	[0 1 2 3 4 5 6 7 8 9 10 11 12 13 14 15 16 17 18 19 20 21 22 23 24 25 26 27 28 29 30 31 32 33 34 35 36 37 38 39 40 41 42 43 44 45 46 47]
2023-04-26 14:20:26,224{GMT}	INFO	[jepsen worker 0] jepsen.util: 0	:invoke	:broadcast	48
2023-04-26 14:20:26,226{GMT}	INFO	[jepsen worker 0] jepsen.util: 0	:ok	:broadcast	48
2023-04-26 14:20:26,341{GMT}	INFO	[jepsen worker 0] jepsen.util: 0	:invoke	:read	nil
2023-04-26 14:20:26,342{GMT}	INFO	[jepsen worker 0] jepsen.util: 0	:ok	:read	[0 1 2 3 4 5 6 7 8 9 10 11 12 13 14 15 16 17 18 19 20 21 22 23 24 25 26 27 28 29 30 31 32 33 34 35 36 37 38 39 40 41 42 43 44 45 46 47 48]
2023-04-26 14:20:26,410{GMT}	INFO	[jepsen worker 0] jepsen.util: 0	:invoke	:broadcast	49
2023-04-26 14:20:26,411{GMT}	INFO	[jepsen worker 0] jepsen.util: 0	:ok	:broadcast	49
2023-04-26 14:20:26,569{GMT}	INFO	[jepsen worker 0] jepsen.util: 0	:invoke	:broadcast	50
2023-04-26 14:20:26,571{GMT}	INFO	[jepsen worker 0] jepsen.util: 0	:ok	:broadcast	50
2023-04-26 14:20:26,675{GMT}	INFO	[jepsen worker 0] jepsen.util: 0	:invoke	:broadcast	51
2023-04-26 14:20:26,676{GMT}	INFO	[jepsen worker 0] jepsen.util: 0	:ok	:broadcast	51
2023-04-26 14:20:26,726{GMT}	INFO	[jepsen worker 0] jepsen.util: 0	:invoke	:read	nil
2023-04-26 14:20:26,727{GMT}	INFO	[jepsen worker 0] jepsen.util: 0	:ok	:read	[0 1 2 3 4 5 6 7 8 9 10 11 12 13 14 15 16 17 18 19 20 21 22 23 24 25 26 27 28 29 30 31 32 33 34 35 36 37 38 39 40 41 42 43 44 45 46 47 48 49 50 51]
2023-04-26 14:20:26,884{GMT}	INFO	[jepsen worker 0] jepsen.util: 0	:invoke	:broadcast	52
2023-04-26 14:20:26,886{GMT}	INFO	[jepsen worker 0] jepsen.util: 0	:ok	:broadcast	52
2023-04-26 14:20:27,034{GMT}	INFO	[jepsen worker 0] jepsen.util: 0	:invoke	:read	nil
2023-04-26 14:20:27,037{GMT}	INFO	[jepsen worker 0] jepsen.util: 0	:ok	:read	[0 1 2 3 4 5 6 7 8 9 10 11 12 13 14 15 16 17 18 19 20 21 22 23 24 25 26 27 28 29 30 31 32 33 34 35 36 37 38 39 40 41 42 43 44 45 46 47 48 49 50 51 52]
2023-04-26 14:20:27,056{GMT}	INFO	[jepsen worker 0] jepsen.util: 0	:invoke	:broadcast	53
2023-04-26 14:20:27,057{GMT}	INFO	[jepsen worker 0] jepsen.util: 0	:ok	:broadcast	53
2023-04-26 14:20:27,190{GMT}	INFO	[jepsen worker 0] jepsen.util: 0	:invoke	:broadcast	54
2023-04-26 14:20:27,191{GMT}	INFO	[jepsen worker 0] jepsen.util: 0	:ok	:broadcast	54
2023-04-26 14:20:27,312{GMT}	INFO	[jepsen worker 0] jepsen.util: 0	:invoke	:read	nil
2023-04-26 14:20:27,314{GMT}	INFO	[jepsen worker 0] jepsen.util: 0	:ok	:read	[0 1 2 3 4 5 6 7 8 9 10 11 12 13 14 15 16 17 18 19 20 21 22 23 24 25 26 27 28 29 30 31 32 33 34 35 36 37 38 39 40 41 42 43 44 45 46 47 48 49 50 51 52 53 54]
2023-04-26 14:20:27,438{GMT}	INFO	[jepsen worker 0] jepsen.util: 0	:invoke	:read	nil
2023-04-26 14:20:27,440{GMT}	INFO	[jepsen worker 0] jepsen.util: 0	:ok	:read	[0 1 2 3 4 5 6 7 8 9 10 11 12 13 14 15 16 17 18 19 20 21 22 23 24 25 26 27 28 29 30 31 32 33 34 35 36 37 38 39 40 41 42 43 44 45 46 47 48 49 50 51 52 53 54]
2023-04-26 14:20:27,605{GMT}	INFO	[jepsen worker 0] jepsen.util: 0	:invoke	:broadcast	55
2023-04-26 14:20:27,607{GMT}	INFO	[jepsen worker 0] jepsen.util: 0	:ok	:broadcast	55
2023-04-26 14:20:27,674{GMT}	INFO	[jepsen worker 0] jepsen.util: 0	:invoke	:broadcast	56
2023-04-26 14:20:27,675{GMT}	INFO	[jepsen worker 0] jepsen.util: 0	:ok	:broadcast	56
2023-04-26 14:20:27,841{GMT}	INFO	[jepsen worker 0] jepsen.util: 0	:invoke	:broadcast	57
2023-04-26 14:20:27,842{GMT}	INFO	[jepsen worker 0] jepsen.util: 0	:ok	:broadcast	57
2023-04-26 14:20:27,895{GMT}	INFO	[jepsen worker 0] jepsen.util: 0	:invoke	:read	nil
2023-04-26 14:20:27,896{GMT}	INFO	[jepsen worker 0] jepsen.util: 0	:ok	:read	[0 1 2 3 4 5 6 7 8 9 10 11 12 13 14 15 16 17 18 19 20 21 22 23 24 25 26 27 28 29 30 31 32 33 34 35 36 37 38 39 40 41 42 43 44 45 46 47 48 49 50 51 52 53 54 55 56 57]
2023-04-26 14:20:28,049{GMT}	INFO	[jepsen worker 0] jepsen.util: 0	:invoke	:broadcast	58
2023-04-26 14:20:28,051{GMT}	INFO	[jepsen worker 0] jepsen.util: 0	:ok	:broadcast	58
2023-04-26 14:20:28,231{GMT}	INFO	[jepsen worker 0] jepsen.util: 0	:invoke	:broadcast	59
2023-04-26 14:20:28,233{GMT}	INFO	[jepsen worker 0] jepsen.util: 0	:ok	:broadcast	59
2023-04-26 14:20:28,316{GMT}	INFO	[jepsen worker 0] jepsen.util: 0	:invoke	:read	nil
2023-04-26 14:20:28,319{GMT}	INFO	[jepsen worker 0] jepsen.util: 0	:ok	:read	[0 1 2 3 4 5 6 7 8 9 10 11 12 13 14 15 16 17 18 19 20 21 22 23 24 25 26 27 28 29 30 31 32 33 34 35 36 37 38 39 40 41 42 43 44 45 46 47 48 49 50 51 52 53 54 55 56 57 58 59]
2023-04-26 14:20:28,417{GMT}	INFO	[jepsen worker 0] jepsen.util: 0	:invoke	:read	nil
2023-04-26 14:20:28,420{GMT}	INFO	[jepsen worker 0] jepsen.util: 0	:ok	:read	[0 1 2 3 4 5 6 7 8 9 10 11 12 13 14 15 16 17 18 19 20 21 22 23 24 25 26 27 28 29 30 31 32 33 34 35 36 37 38 39 40 41 42 43 44 45 46 47 48 49 50 51 52 53 54 55 56 57 58 59]
2023-04-26 14:20:28,474{GMT}	INFO	[jepsen worker 0] jepsen.util: 0	:invoke	:read	nil
2023-04-26 14:20:28,475{GMT}	INFO	[jepsen worker 0] jepsen.util: 0	:ok	:read	[0 1 2 3 4 5 6 7 8 9 10 11 12 13 14 15 16 17 18 19 20 21 22 23 24 25 26 27 28 29 30 31 32 33 34 35 36 37 38 39 40 41 42 43 44 45 46 47 48 49 50 51 52 53 54 55 56 57 58 59]
2023-04-26 14:20:28,560{GMT}	INFO	[jepsen worker 0] jepsen.util: 0	:invoke	:broadcast	60
2023-04-26 14:20:28,561{GMT}	INFO	[jepsen worker 0] jepsen.util: 0	:ok	:broadcast	60
2023-04-26 14:20:28,648{GMT}	INFO	[jepsen worker 0] jepsen.util: 0	:invoke	:broadcast	61
2023-04-26 14:20:28,650{GMT}	INFO	[jepsen worker 0] jepsen.util: 0	:ok	:broadcast	61
2023-04-26 14:20:28,715{GMT}	INFO	[jepsen worker 0] jepsen.util: 0	:invoke	:read	nil
2023-04-26 14:20:28,716{GMT}	INFO	[jepsen worker 0] jepsen.util: 0	:ok	:read	[0 1 2 3 4 5 6 7 8 9 10 11 12 13 14 15 16 17 18 19 20 21 22 23 24 25 26 27 28 29 30 31 32 33 34 35 36 37 38 39 40 41 42 43 44 45 46 47 48 49 50 51 52 53 54 55 56 57 58 59 60 61]
2023-04-26 14:20:28,853{GMT}	INFO	[jepsen worker 0] jepsen.util: 0	:invoke	:broadcast	62
2023-04-26 14:20:28,854{GMT}	INFO	[jepsen worker 0] jepsen.util: 0	:ok	:broadcast	62
2023-04-26 14:20:28,855{GMT}	INFO	[jepsen worker 0] jepsen.util: 0	:invoke	:read	nil
2023-04-26 14:20:28,856{GMT}	INFO	[jepsen worker 0] jepsen.util: 0	:ok	:read	[0 1 2 3 4 5 6 7 8 9 10 11 12 13 14 15 16 17 18 19 20 21 22 23 24 25 26 27 28 29 30 31 32 33 34 35 36 37 38 39 40 41 42 43 44 45 46 47 48 49 50 51 52 53 54 55 56 57 58 59 60 61 62]
2023-04-26 14:20:28,878{GMT}	INFO	[jepsen worker 0] jepsen.util: 0	:invoke	:broadcast	63
2023-04-26 14:20:28,878{GMT}	INFO	[jepsen worker 0] jepsen.util: 0	:ok	:broadcast	63
2023-04-26 14:20:29,046{GMT}	INFO	[jepsen worker 0] jepsen.util: 0	:invoke	:broadcast	64
2023-04-26 14:20:29,047{GMT}	INFO	[jepsen worker 0] jepsen.util: 0	:ok	:broadcast	64
2023-04-26 14:20:29,178{GMT}	INFO	[jepsen worker 0] jepsen.util: 0	:invoke	:broadcast	65
2023-04-26 14:20:29,179{GMT}	INFO	[jepsen worker 0] jepsen.util: 0	:ok	:broadcast	65
2023-04-26 14:20:29,278{GMT}	INFO	[jepsen worker 0] jepsen.util: 0	:invoke	:broadcast	66
2023-04-26 14:20:29,280{GMT}	INFO	[jepsen worker 0] jepsen.util: 0	:ok	:broadcast	66
2023-04-26 14:20:29,372{GMT}	INFO	[jepsen worker 0] jepsen.util: 0	:invoke	:broadcast	67
2023-04-26 14:20:29,374{GMT}	INFO	[jepsen worker 0] jepsen.util: 0	:ok	:broadcast	67
2023-04-26 14:20:29,430{GMT}	INFO	[jepsen worker 0] jepsen.util: 0	:invoke	:broadcast	68
2023-04-26 14:20:29,431{GMT}	INFO	[jepsen worker 0] jepsen.util: 0	:ok	:broadcast	68
2023-04-26 14:20:29,488{GMT}	INFO	[jepsen worker 0] jepsen.util: 0	:invoke	:read	nil
2023-04-26 14:20:29,489{GMT}	INFO	[jepsen worker 0] jepsen.util: 0	:ok	:read	[0 1 2 3 4 5 6 7 8 9 10 11 12 13 14 15 16 17 18 19 20 21 22 23 24 25 26 27 28 29 30 31 32 33 34 35 36 37 38 39 40 41 42 43 44 45 46 47 48 49 50 51 52 53 54 55 56 57 58 59 60 61 62 63 64 65 66 67 68]
2023-04-26 14:20:29,569{GMT}	INFO	[jepsen worker 0] jepsen.util: 0	:invoke	:broadcast	69
2023-04-26 14:20:29,570{GMT}	INFO	[jepsen worker 0] jepsen.util: 0	:ok	:broadcast	69
2023-04-26 14:20:29,729{GMT}	INFO	[jepsen worker 0] jepsen.util: 0	:invoke	:read	nil
2023-04-26 14:20:29,731{GMT}	INFO	[jepsen worker 0] jepsen.util: 0	:ok	:read	[0 1 2 3 4 5 6 7 8 9 10 11 12 13 14 15 16 17 18 19 20 21 22 23 24 25 26 27 28 29 30 31 32 33 34 35 36 37 38 39 40 41 42 43 44 45 46 47 48 49 50 51 52 53 54 55 56 57 58 59 60 61 62 63 64 65 66 67 68 69]
2023-04-26 14:20:29,732{GMT}	INFO	[jepsen worker 0] jepsen.util: 0	:invoke	:read	nil
2023-04-26 14:20:29,733{GMT}	INFO	[jepsen worker 0] jepsen.util: 0	:ok	:read	[0 1 2 3 4 5 6 7 8 9 10 11 12 13 14 15 16 17 18 19 20 21 22 23 24 25 26 27 28 29 30 31 32 33 34 35 36 37 38 39 40 41 42 43 44 45 46 47 48 49 50 51 52 53 54 55 56 57 58 59 60 61 62 63 64 65 66 67 68 69]
2023-04-26 14:20:29,859{GMT}	INFO	[jepsen worker 0] jepsen.util: 0	:invoke	:broadcast	70
2023-04-26 14:20:29,860{GMT}	INFO	[jepsen worker 0] jepsen.util: 0	:ok	:broadcast	70
2023-04-26 14:20:29,972{GMT}	INFO	[jepsen worker 0] jepsen.util: 0	:invoke	:broadcast	71
2023-04-26 14:20:29,973{GMT}	INFO	[jepsen worker 0] jepsen.util: 0	:ok	:broadcast	71
2023-04-26 14:20:30,146{GMT}	INFO	[jepsen worker 0] jepsen.util: 0	:invoke	:broadcast	72
2023-04-26 14:20:30,147{GMT}	INFO	[jepsen worker 0] jepsen.util: 0	:ok	:broadcast	72
2023-04-26 14:20:30,344{GMT}	INFO	[jepsen worker 0] jepsen.util: 0	:invoke	:broadcast	73
2023-04-26 14:20:30,345{GMT}	INFO	[jepsen worker 0] jepsen.util: 0	:ok	:broadcast	73
2023-04-26 14:20:30,477{GMT}	INFO	[jepsen worker 0] jepsen.util: 0	:invoke	:broadcast	74
2023-04-26 14:20:30,478{GMT}	INFO	[jepsen worker 0] jepsen.util: 0	:ok	:broadcast	74
2023-04-26 14:20:30,530{GMT}	INFO	[jepsen worker 0] jepsen.util: 0	:invoke	:read	nil
2023-04-26 14:20:30,531{GMT}	INFO	[jepsen worker 0] jepsen.util: 0	:ok	:read	[0 1 2 3 4 5 6 7 8 9 10 11 12 13 14 15 16 17 18 19 20 21 22 23 24 25 26 27 28 29 30 31 32 33 34 35 36 37 38 39 40 41 42 43 44 45 46 47 48 49 50 51 52 53 54 55 56 57 58 59 60 61 62 63 64 65 66 67 68 69 70 71 72 73 74]
2023-04-26 14:20:30,678{GMT}	INFO	[jepsen worker 0] jepsen.util: 0	:invoke	:read	nil
2023-04-26 14:20:30,680{GMT}	INFO	[jepsen worker 0] jepsen.util: 0	:ok	:read	[0 1 2 3 4 5 6 7 8 9 10 11 12 13 14 15 16 17 18 19 20 21 22 23 24 25 26 27 28 29 30 31 32 33 34 35 36 37 38 39 40 41 42 43 44 45 46 47 48 49 50 51 52 53 54 55 56 57 58 59 60 61 62 63 64 65 66 67 68 69 70 71 72 73 74]
2023-04-26 14:20:30,770{GMT}	INFO	[jepsen worker 0] jepsen.util: 0	:invoke	:broadcast	75
2023-04-26 14:20:30,771{GMT}	INFO	[jepsen worker 0] jepsen.util: 0	:ok	:broadcast	75
2023-04-26 14:20:30,821{GMT}	INFO	[jepsen worker 0] jepsen.util: 0	:invoke	:broadcast	76
2023-04-26 14:20:30,822{GMT}	INFO	[jepsen worker 0] jepsen.util: 0	:ok	:broadcast	76
2023-04-26 14:20:31,007{GMT}	INFO	[jepsen worker 0] jepsen.util: 0	:invoke	:broadcast	77
2023-04-26 14:20:31,008{GMT}	INFO	[jepsen worker 0] jepsen.util: 0	:ok	:broadcast	77
2023-04-26 14:20:31,071{GMT}	INFO	[jepsen worker 0] jepsen.util: 0	:invoke	:broadcast	78
2023-04-26 14:20:31,073{GMT}	INFO	[jepsen worker 0] jepsen.util: 0	:ok	:broadcast	78
2023-04-26 14:20:31,251{GMT}	INFO	[jepsen worker 0] jepsen.util: 0	:invoke	:broadcast	79
2023-04-26 14:20:31,253{GMT}	INFO	[jepsen worker 0] jepsen.util: 0	:ok	:broadcast	79
2023-04-26 14:20:31,295{GMT}	INFO	[jepsen worker 0] jepsen.util: 0	:invoke	:read	nil
2023-04-26 14:20:31,297{GMT}	INFO	[jepsen worker 0] jepsen.util: 0	:ok	:read	[0 1 2 3 4 5 6 7 8 9 10 11 12 13 14 15 16 17 18 19 20 21 22 23 24 25 26 27 28 29 30 31 32 33 34 35 36 37 38 39 40 41 42 43 44 45 46 47 48 49 50 51 52 53 54 55 56 57 58 59 60 61 62 63 64 65 66 67 68 69 70 71 72 73 74 75 76 77 78 79]
2023-04-26 14:20:31,397{GMT}	INFO	[jepsen worker 0] jepsen.util: 0	:invoke	:read	nil
2023-04-26 14:20:31,398{GMT}	INFO	[jepsen worker 0] jepsen.util: 0	:ok	:read	[0 1 2 3 4 5 6 7 8 9 10 11 12 13 14 15 16 17 18 19 20 21 22 23 24 25 26 27 28 29 30 31 32 33 34 35 36 37 38 39 40 41 42 43 44 45 46 47 48 49 50 51 52 53 54 55 56 57 58 59 60 61 62 63 64 65 66 67 68 69 70 71 72 73 74 75 76 77 78 79]
2023-04-26 14:20:31,441{GMT}	INFO	[jepsen worker 0] jepsen.util: 0	:invoke	:read	nil
2023-04-26 14:20:31,442{GMT}	INFO	[jepsen worker 0] jepsen.util: 0	:ok	:read	[0 1 2 3 4 5 6 7 8 9 10 11 12 13 14 15 16 17 18 19 20 21 22 23 24 25 26 27 28 29 30 31 32 33 34 35 36 37 38 39 40 41 42 43 44 45 46 47 48 49 50 51 52 53 54 55 56 57 58 59 60 61 62 63 64 65 66 67 68 69 70 71 72 73 74 75 76 77 78 79]
2023-04-26 14:20:31,449{GMT}	INFO	[jepsen worker 0] jepsen.util: 0	:invoke	:read	nil
2023-04-26 14:20:31,449{GMT}	INFO	[jepsen worker 0] jepsen.util: 0	:ok	:read	[0 1 2 3 4 5 6 7 8 9 10 11 12 13 14 15 16 17 18 19 20 21 22 23 24 25 26 27 28 29 30 31 32 33 34 35 36 37 38 39 40 41 42 43 44 45 46 47 48 49 50 51 52 53 54 55 56 57 58 59 60 61 62 63 64 65 66 67 68 69 70 71 72 73 74 75 76 77 78 79]
2023-04-26 14:20:31,588{GMT}	INFO	[jepsen worker 0] jepsen.util: 0	:invoke	:broadcast	80
2023-04-26 14:20:31,590{GMT}	INFO	[jepsen worker 0] jepsen.util: 0	:ok	:broadcast	80
2023-04-26 14:20:31,661{GMT}	INFO	[jepsen worker 0] jepsen.util: 0	:invoke	:broadcast	81
2023-04-26 14:20:31,662{GMT}	INFO	[jepsen worker 0] jepsen.util: 0	:ok	:broadcast	81
2023-04-26 14:20:31,840{GMT}	INFO	[jepsen worker 0] jepsen.util: 0	:invoke	:broadcast	82
2023-04-26 14:20:31,841{GMT}	INFO	[jepsen worker 0] jepsen.util: 0	:ok	:broadcast	82
2023-04-26 14:20:32,025{GMT}	INFO	[jepsen worker 0] jepsen.util: 0	:invoke	:read	nil
2023-04-26 14:20:32,027{GMT}	INFO	[jepsen worker 0] jepsen.util: 0	:ok	:read	[0 1 2 3 4 5 6 7 8 9 10 11 12 13 14 15 16 17 18 19 20 21 22 23 24 25 26 27 28 29 30 31 32 33 34 35 36 37 38 39 40 41 42 43 44 45 46 47 48 49 50 51 52 53 54 55 56 57 58 59 60 61 62 63 64 65 66 67 68 69 70 71 72 73 74 75 76 77 78 79 80 81 82]
2023-04-26 14:20:32,169{GMT}	INFO	[jepsen worker 0] jepsen.util: 0	:invoke	:read	nil
2023-04-26 14:20:32,170{GMT}	INFO	[jepsen worker 0] jepsen.util: 0	:ok	:read	[0 1 2 3 4 5 6 7 8 9 10 11 12 13 14 15 16 17 18 19 20 21 22 23 24 25 26 27 28 29 30 31 32 33 34 35 36 37 38 39 40 41 42 43 44 45 46 47 48 49 50 51 52 53 54 55 56 57 58 59 60 61 62 63 64 65 66 67 68 69 70 71 72 73 74 75 76 77 78 79 80 81 82]
2023-04-26 14:20:32,256{GMT}	INFO	[jepsen worker 0] jepsen.util: 0	:invoke	:read	nil
2023-04-26 14:20:32,257{GMT}	INFO	[jepsen worker 0] jepsen.util: 0	:ok	:read	[0 1 2 3 4 5 6 7 8 9 10 11 12 13 14 15 16 17 18 19 20 21 22 23 24 25 26 27 28 29 30 31 32 33 34 35 36 37 38 39 40 41 42 43 44 45 46 47 48 49 50 51 52 53 54 55 56 57 58 59 60 61 62 63 64 65 66 67 68 69 70 71 72 73 74 75 76 77 78 79 80 81 82]
2023-04-26 14:20:32,300{GMT}	INFO	[jepsen worker 0] jepsen.util: 0	:invoke	:broadcast	83
2023-04-26 14:20:32,301{GMT}	INFO	[jepsen worker 0] jepsen.util: 0	:ok	:broadcast	83
2023-04-26 14:20:32,489{GMT}	INFO	[jepsen worker 0] jepsen.util: 0	:invoke	:read	nil
2023-04-26 14:20:32,490{GMT}	INFO	[jepsen worker 0] jepsen.util: 0	:ok	:read	[0 1 2 3 4 5 6 7 8 9 10 11 12 13 14 15 16 17 18 19 20 21 22 23 24 25 26 27 28 29 30 31 32 33 34 35 36 37 38 39 40 41 42 43 44 45 46 47 48 49 50 51 52 53 54 55 56 57 58 59 60 61 62 63 64 65 66 67 68 69 70 71 72 73 74 75 76 77 78 79 80 81 82 83]
2023-04-26 14:20:32,572{GMT}	INFO	[jepsen worker 0] jepsen.util: 0	:invoke	:read	nil
2023-04-26 14:20:32,574{GMT}	INFO	[jepsen worker 0] jepsen.util: 0	:ok	:read	[0 1 2 3 4 5 6 7 8 9 10 11 12 13 14 15 16 17 18 19 20 21 22 23 24 25 26 27 28 29 30 31 32 33 34 35 36 37 38 39 40 41 42 43 44 45 46 47 48 49 50 51 52 53 54 55 56 57 58 59 60 61 62 63 64 65 66 67 68 69 70 71 72 73 74 75 76 77 78 79 80 81 82 83]
2023-04-26 14:20:32,598{GMT}	INFO	[jepsen worker 0] jepsen.util: 0	:invoke	:broadcast	84
2023-04-26 14:20:32,600{GMT}	INFO	[jepsen worker 0] jepsen.util: 0	:ok	:broadcast	84
2023-04-26 14:20:32,713{GMT}	INFO	[jepsen worker 0] jepsen.util: 0	:invoke	:read	nil
2023-04-26 14:20:32,714{GMT}	INFO	[jepsen worker 0] jepsen.util: 0	:ok	:read	[0 1 2 3 4 5 6 7 8 9 10 11 12 13 14 15 16 17 18 19 20 21 22 23 24 25 26 27 28 29 30 31 32 33 34 35 36 37 38 39 40 41 42 43 44 45 46 47 48 49 50 51 52 53 54 55 56 57 58 59 60 61 62 63 64 65 66 67 68 69 70 71 72 73 74 75 76 77 78 79 80 81 82 83 84]
2023-04-26 14:20:32,806{GMT}	INFO	[jepsen worker 0] jepsen.util: 0	:invoke	:broadcast	85
2023-04-26 14:20:32,807{GMT}	INFO	[jepsen worker 0] jepsen.util: 0	:ok	:broadcast	85
2023-04-26 14:20:32,949{GMT}	INFO	[jepsen worker 0] jepsen.util: 0	:invoke	:broadcast	86
2023-04-26 14:20:32,950{GMT}	INFO	[jepsen worker 0] jepsen.util: 0	:ok	:broadcast	86
2023-04-26 14:20:33,025{GMT}	INFO	[jepsen worker 0] jepsen.util: 0	:invoke	:broadcast	87
2023-04-26 14:20:33,026{GMT}	INFO	[jepsen worker 0] jepsen.util: 0	:ok	:broadcast	87
2023-04-26 14:20:33,175{GMT}	INFO	[jepsen worker 0] jepsen.util: 0	:invoke	:broadcast	88
2023-04-26 14:20:33,176{GMT}	INFO	[jepsen worker 0] jepsen.util: 0	:ok	:broadcast	88
2023-04-26 14:20:33,207{GMT}	INFO	[jepsen worker 0] jepsen.util: 0	:invoke	:broadcast	89
2023-04-26 14:20:33,208{GMT}	INFO	[jepsen worker 0] jepsen.util: 0	:ok	:broadcast	89
2023-04-26 14:20:33,381{GMT}	INFO	[jepsen worker 0] jepsen.util: 0	:invoke	:read	nil
2023-04-26 14:20:33,383{GMT}	INFO	[jepsen worker 0] jepsen.util: 0	:ok	:read	[0 1 2 3 4 5 6 7 8 9 10 11 12 13 14 15 16 17 18 19 20 21 22 23 24 25 26 27 28 29 30 31 32 33 34 35 36 37 38 39 40 41 42 43 44 45 46 47 48 49 50 51 52 53 54 55 56 57 58 59 60 61 62 63 64 65 66 67 68 69 70 71 72 73 74 75 76 77 78 79 80 81 82 83 84 85 86 87 88 89]
2023-04-26 14:20:33,438{GMT}	INFO	[jepsen worker 0] jepsen.util: 0	:invoke	:broadcast	90
2023-04-26 14:20:33,439{GMT}	INFO	[jepsen worker 0] jepsen.util: 0	:ok	:broadcast	90
2023-04-26 14:20:33,535{GMT}	INFO	[jepsen worker 0] jepsen.util: 0	:invoke	:broadcast	91
2023-04-26 14:20:33,536{GMT}	INFO	[jepsen worker 0] jepsen.util: 0	:ok	:broadcast	91
2023-04-26 14:20:33,707{GMT}	INFO	[jepsen worker 0] jepsen.util: 0	:invoke	:read	nil
2023-04-26 14:20:33,709{GMT}	INFO	[jepsen worker 0] jepsen.util: 0	:ok	:read	[0 1 2 3 4 5 6 7 8 9 10 11 12 13 14 15 16 17 18 19 20 21 22 23 24 25 26 27 28 29 30 31 32 33 34 35 36 37 38 39 40 41 42 43 44 45 46 47 48 49 50 51 52 53 54 55 56 57 58 59 60 61 62 63 64 65 66 67 68 69 70 71 72 73 74 75 76 77 78 79 80 81 82 83 84 85 86 87 88 89 90 91]
2023-04-26 14:20:33,802{GMT}	INFO	[jepsen worker 0] jepsen.util: 0	:invoke	:read	nil
2023-04-26 14:20:33,803{GMT}	INFO	[jepsen worker 0] jepsen.util: 0	:ok	:read	[0 1 2 3 4 5 6 7 8 9 10 11 12 13 14 15 16 17 18 19 20 21 22 23 24 25 26 27 28 29 30 31 32 33 34 35 36 37 38 39 40 41 42 43 44 45 46 47 48 49 50 51 52 53 54 55 56 57 58 59 60 61 62 63 64 65 66 67 68 69 70 71 72 73 74 75 76 77 78 79 80 81 82 83 84 85 86 87 88 89 90 91]
2023-04-26 14:20:33,989{GMT}	INFO	[jepsen worker 0] jepsen.util: 0	:invoke	:broadcast	92
2023-04-26 14:20:33,991{GMT}	INFO	[jepsen worker 0] jepsen.util: 0	:ok	:broadcast	92
2023-04-26 14:20:34,166{GMT}	INFO	[jepsen worker 0] jepsen.util: 0	:invoke	:read	nil
2023-04-26 14:20:34,168{GMT}	INFO	[jepsen worker 0] jepsen.util: 0	:ok	:read	[0 1 2 3 4 5 6 7 8 9 10 11 12 13 14 15 16 17 18 19 20 21 22 23 24 25 26 27 28 29 30 31 32 33 34 35 36 37 38 39 40 41 42 43 44 45 46 47 48 49 50 51 52 53 54 55 56 57 58 59 60 61 62 63 64 65 66 67 68 69 70 71 72 73 74 75 76 77 78 79 80 81 82 83 84 85 86 87 88 89 90 91 92]
2023-04-26 14:20:34,327{GMT}	INFO	[jepsen worker 0] jepsen.util: 0	:invoke	:broadcast	93
2023-04-26 14:20:34,328{GMT}	INFO	[jepsen worker 0] jepsen.util: 0	:ok	:broadcast	93
2023-04-26 14:20:34,370{GMT}	INFO	[jepsen worker 0] jepsen.util: 0	:invoke	:read	nil
2023-04-26 14:20:34,372{GMT}	INFO	[jepsen worker 0] jepsen.util: 0	:ok	:read	[0 1 2 3 4 5 6 7 8 9 10 11 12 13 14 15 16 17 18 19 20 21 22 23 24 25 26 27 28 29 30 31 32 33 34 35 36 37 38 39 40 41 42 43 44 45 46 47 48 49 50 51 52 53 54 55 56 57 58 59 60 61 62 63 64 65 66 67 68 69 70 71 72 73 74 75 76 77 78 79 80 81 82 83 84 85 86 87 88 89 90 91 92 93]
2023-04-26 14:20:34,569{GMT}	INFO	[jepsen worker 0] jepsen.util: 0	:invoke	:read	nil
2023-04-26 14:20:34,572{GMT}	INFO	[jepsen worker 0] jepsen.util: 0	:ok	:read	[0 1 2 3 4 5 6 7 8 9 10 11 12 13 14 15 16 17 18 19 20 21 22 23 24 25 26 27 28 29 30 31 32 33 34 35 36 37 38 39 40 41 42 43 44 45 46 47 48 49 50 51 52 53 54 55 56 57 58 59 60 61 62 63 64 65 66 67 68 69 70 71 72 73 74 75 76 77 78 79 80 81 82 83 84 85 86 87 88 89 90 91 92 93]
2023-04-26 14:20:34,656{GMT}	INFO	[jepsen worker 0] jepsen.util: 0	:invoke	:broadcast	94
2023-04-26 14:20:34,658{GMT}	INFO	[jepsen worker 0] jepsen.util: 0	:ok	:broadcast	94
2023-04-26 14:20:34,659{GMT}	INFO	[jepsen worker 0] jepsen.generator.interpreter: Waiting for recovery...
2023-04-26 14:20:44,665{GMT}	INFO	[jepsen worker 0] jepsen.util: 0	:invoke	:read	nil
2023-04-26 14:20:44,668{GMT}	INFO	[jepsen worker 0] jepsen.util: 0	:ok	:read	[0 1 2 3 4 5 6 7 8 9 10 11 12 13 14 15 16 17 18 19 20 21 22 23 24 25 26 27 28 29 30 31 32 33 34 35 36 37 38 39 40 41 42 43 44 45 46 47 48 49 50 51 52 53 54 55 56 57 58 59 60 61 62 63 64 65 66 67 68 69 70 71 72 73 74 75 76 77 78 79 80 81 82 83 84 85 86 87 88 89 90 91 92 93 94]
2023-04-26 14:20:44,698{GMT}	INFO	[jepsen test runner] jepsen.core: Run complete, writing
2023-04-26 14:20:44,760{GMT}	INFO	[jepsen node n0] maelstrom.db: Tearing down n0
2023-04-26 14:20:46,342{GMT}	INFO	[jepsen node n0] maelstrom.net: Shutting down Maelstrom network
2023-04-26 14:20:46,345{GMT}	INFO	[jepsen test runner] jepsen.core: Analyzing...
2023-04-26 14:20:47,192{GMT}	INFO	[jepsen test runner] jepsen.core: Analysis complete
2023-04-26 14:20:47,199{GMT}	INFO	[jepsen results] jepsen.store: Wrote /Users/lftm/Odin/Server/Glomers/broadcast03/golang/store/broadcast/20230426T142013.159-0300/results.edn
2023-04-26 14:20:47,237{GMT}	INFO	[jepsen test runner] jepsen.core: {:perf {:latency-graph {:valid? true},
        :rate-graph {:valid? true},
        :valid? true},
 :timeline {:valid? true},
 :exceptions {:valid? true},
 :stats {:valid? true,
         :count 187,
         :ok-count 187,
         :fail-count 0,
         :info-count 0,
         :by-f {:broadcast {:valid? true,
                            :count 95,
                            :ok-count 95,
                            :fail-count 0,
                            :info-count 0},
                :read {:valid? true,
                       :count 92,
                       :ok-count 92,
                       :fail-count 0,
                       :info-count 0}}},
 :availability {:valid? true, :ok-fraction 1.0},
 :net {:all {:send-count 378,
             :recv-count 378,
             :msg-count 378,
             :msgs-per-op 2.0213904},
       :clients {:send-count 378, :recv-count 378, :msg-count 378},
       :servers {:send-count 0,
                 :recv-count 0,
                 :msg-count 0,
                 :msgs-per-op 0.0},
       :valid? true},
 :workload {:worst-stale (),
            :duplicated-count 0,
            :valid? true,
            :lost-count 0,
            :lost (),
            :stable-count 95,
            :stale-count 0,
            :stale (),
            :never-read-count 0,
            :stable-latencies {0 0, 0.5 0, 0.95 0, 0.99 0, 1 0},
            :attempt-count 95,
            :never-read (),
            :duplicated {}},
 :valid? true}


Everything looks good! (`)
