2023/04/26 15:34:12 Received {c1 n2 {"type":"init","node_id":"n2","node_ids":["n0","n1","n2","n3","n4"],"msg_id":1}}
2023/04/26 15:34:12 Node n2 initialized
2023/04/26 15:34:12 Sent {"src":"n2","dest":"c1","body":{"in_reply_to":1,"type":"init_ok"}}
2023/04/26 15:34:12 Received {c6 n2 {"type":"topology","topology":{"n0":["n3","n1"],"n1":["n4","n2","n0"],"n2":["n1"],"n3":["n0","n4"],"n4":["n1","n3"]},"msg_id":1}}
2023/04/26 15:34:12 Sent {"src":"n2","dest":"c6","body":{"in_reply_to":1,"msg_id":0,"type":"topology_ok"}}
2023/04/26 15:34:12 Received {c12 n2 {"type":"read","msg_id":1}}
2023/04/26 15:34:12 Sent {"src":"n2","dest":"c12","body":{"in_reply_to":1,"messages":[],"type":"read_ok"}}
2023/04/26 15:34:13 Received {c12 n2 {"type":"read","msg_id":2}}
2023/04/26 15:34:13 Sent {"src":"n2","dest":"c12","body":{"in_reply_to":2,"messages":[],"type":"read_ok"}}
2023/04/26 15:34:13 Received {c12 n2 {"type":"read","msg_id":3}}
2023/04/26 15:34:13 Sent {"src":"n2","dest":"c12","body":{"in_reply_to":3,"messages":[],"type":"read_ok"}}
2023/04/26 15:34:14 Received {c12 n2 {"type":"read","msg_id":4}}
2023/04/26 15:34:14 Sent {"src":"n2","dest":"c12","body":{"in_reply_to":4,"messages":[],"type":"read_ok"}}
2023/04/26 15:34:15 Received {c12 n2 {"type":"broadcast","message":12,"msg_id":5}}
2023/04/26 15:34:15 Body = map[message:12 msg_id:5 type:broadcast]
2023/04/26 15:34:15 Sent {"src":"n2","dest":"c12","body":{"in_reply_to":5,"type":"broadcast_ok"}}
2023/04/26 15:34:16 Received {c12 n2 {"type":"read","msg_id":6}}
2023/04/26 15:34:16 Sent {"src":"n2","dest":"c12","body":{"in_reply_to":6,"messages":[12],"type":"read_ok"}}
2023/04/26 15:34:16 Received {c12 n2 {"type":"read","msg_id":7}}
2023/04/26 15:34:16 Sent {"src":"n2","dest":"c12","body":{"in_reply_to":7,"messages":[12],"type":"read_ok"}}
2023/04/26 15:34:17 Received {c12 n2 {"type":"read","msg_id":8}}
2023/04/26 15:34:17 Sent {"src":"n2","dest":"c12","body":{"in_reply_to":8,"messages":[12],"type":"read_ok"}}
2023/04/26 15:34:17 Received {c12 n2 {"type":"read","msg_id":9}}
2023/04/26 15:34:17 Sent {"src":"n2","dest":"c12","body":{"in_reply_to":9,"messages":[12],"type":"read_ok"}}
2023/04/26 15:34:18 Received {c12 n2 {"type":"read","msg_id":10}}
2023/04/26 15:34:18 Sent {"src":"n2","dest":"c12","body":{"in_reply_to":10,"messages":[12],"type":"read_ok"}}
2023/04/26 15:34:19 Received {c12 n2 {"type":"read","msg_id":11}}
2023/04/26 15:34:19 Sent {"src":"n2","dest":"c12","body":{"in_reply_to":11,"messages":[12],"type":"read_ok"}}
2023/04/26 15:34:19 Received {c12 n2 {"type":"broadcast","message":31,"msg_id":12}}
2023/04/26 15:34:19 Body = map[message:31 msg_id:12 type:broadcast]
2023/04/26 15:34:19 Sent {"src":"n2","dest":"c12","body":{"in_reply_to":12,"type":"broadcast_ok"}}
2023/04/26 15:34:20 Received {c12 n2 {"type":"read","msg_id":13}}
2023/04/26 15:34:20 Sent {"src":"n2","dest":"c12","body":{"in_reply_to":13,"messages":[12,31],"type":"read_ok"}}
2023/04/26 15:34:21 Received {c12 n2 {"type":"broadcast","message":38,"msg_id":14}}
2023/04/26 15:34:21 Body = map[message:38 msg_id:14 type:broadcast]
2023/04/26 15:34:21 Sent {"src":"n2","dest":"c12","body":{"in_reply_to":14,"type":"broadcast_ok"}}
2023/04/26 15:34:22 Received {c12 n2 {"type":"read","msg_id":15}}
2023/04/26 15:34:22 Sent {"src":"n2","dest":"c12","body":{"in_reply_to":15,"messages":[12,31,38],"type":"read_ok"}}
2023/04/26 15:34:22 Received {c12 n2 {"type":"broadcast","message":44,"msg_id":16}}
2023/04/26 15:34:22 Body = map[message:44 msg_id:16 type:broadcast]
2023/04/26 15:34:22 Sent {"src":"n2","dest":"c12","body":{"in_reply_to":16,"type":"broadcast_ok"}}
2023/04/26 15:34:23 Received {c12 n2 {"type":"read","msg_id":17}}
2023/04/26 15:34:23 Sent {"src":"n2","dest":"c12","body":{"in_reply_to":17,"messages":[12,31,38,44],"type":"read_ok"}}
2023/04/26 15:34:23 Received {c12 n2 {"type":"broadcast","message":50,"msg_id":18}}
2023/04/26 15:34:23 Body = map[message:50 msg_id:18 type:broadcast]
2023/04/26 15:34:23 Sent {"src":"n2","dest":"c12","body":{"in_reply_to":18,"type":"broadcast_ok"}}
2023/04/26 15:34:24 Received {c12 n2 {"type":"read","msg_id":19}}
2023/04/26 15:34:24 Sent {"src":"n2","dest":"c12","body":{"in_reply_to":19,"messages":[12,31,38,44,50],"type":"read_ok"}}
2023/04/26 15:34:25 Received {c12 n2 {"type":"broadcast","message":56,"msg_id":20}}
2023/04/26 15:34:25 Body = map[message:56 msg_id:20 type:broadcast]
2023/04/26 15:34:25 Sent {"src":"n2","dest":"c12","body":{"in_reply_to":20,"type":"broadcast_ok"}}
2023/04/26 15:34:26 Received {c12 n2 {"type":"broadcast","message":59,"msg_id":21}}
2023/04/26 15:34:26 Body = map[message:59 msg_id:21 type:broadcast]
2023/04/26 15:34:26 Sent {"src":"n2","dest":"c12","body":{"in_reply_to":21,"type":"broadcast_ok"}}
2023/04/26 15:34:26 Received {c12 n2 {"type":"broadcast","message":63,"msg_id":22}}
2023/04/26 15:34:26 Body = map[message:63 msg_id:22 type:broadcast]
2023/04/26 15:34:26 Sent {"src":"n2","dest":"c12","body":{"in_reply_to":22,"type":"broadcast_ok"}}
2023/04/26 15:34:27 Received {c12 n2 {"type":"read","msg_id":23}}
2023/04/26 15:34:27 Sent {"src":"n2","dest":"c12","body":{"in_reply_to":23,"messages":[12,31,38,44,50,56,59,63],"type":"read_ok"}}
2023/04/26 15:34:27 Received {c12 n2 {"type":"broadcast","message":69,"msg_id":24}}
2023/04/26 15:34:27 Body = map[message:69 msg_id:24 type:broadcast]
2023/04/26 15:34:27 Sent {"src":"n2","dest":"c12","body":{"in_reply_to":24,"type":"broadcast_ok"}}
2023/04/26 15:34:28 Received {c12 n2 {"type":"read","msg_id":25}}
2023/04/26 15:34:28 Sent {"src":"n2","dest":"c12","body":{"in_reply_to":25,"messages":[12,31,38,44,50,56,59,63,69],"type":"read_ok"}}
2023/04/26 15:34:29 Received {c12 n2 {"type":"read","msg_id":26}}
2023/04/26 15:34:29 Sent {"src":"n2","dest":"c12","body":{"in_reply_to":26,"messages":[12,31,38,44,50,56,59,63,69],"type":"read_ok"}}
2023/04/26 15:34:29 Received {c12 n2 {"type":"broadcast","message":76,"msg_id":27}}
2023/04/26 15:34:29 Body = map[message:76 msg_id:27 type:broadcast]
2023/04/26 15:34:29 Sent {"src":"n2","dest":"c12","body":{"in_reply_to":27,"type":"broadcast_ok"}}
2023/04/26 15:34:30 Received {c12 n2 {"type":"read","msg_id":28}}
2023/04/26 15:34:30 Sent {"src":"n2","dest":"c12","body":{"in_reply_to":28,"messages":[12,31,38,44,50,56,59,63,69,76],"type":"read_ok"}}
2023/04/26 15:34:31 Received {c12 n2 {"type":"read","msg_id":29}}
2023/04/26 15:34:31 Sent {"src":"n2","dest":"c12","body":{"in_reply_to":29,"messages":[12,31,38,44,50,56,59,63,69,76],"type":"read_ok"}}
2023/04/26 15:34:31 Received {c12 n2 {"type":"broadcast","message":83,"msg_id":30}}
2023/04/26 15:34:31 Body = map[message:83 msg_id:30 type:broadcast]
2023/04/26 15:34:31 Sent {"src":"n2","dest":"c12","body":{"in_reply_to":30,"type":"broadcast_ok"}}
2023/04/26 15:34:32 Received {c12 n2 {"type":"broadcast","message":87,"msg_id":31}}
2023/04/26 15:34:32 Body = map[message:87 msg_id:31 type:broadcast]
2023/04/26 15:34:32 Sent {"src":"n2","dest":"c12","body":{"in_reply_to":31,"type":"broadcast_ok"}}
2023/04/26 15:34:42 Received {c12 n2 {"type":"read","msg_id":32}}
2023/04/26 15:34:42 Sent {"src":"n2","dest":"c12","body":{"in_reply_to":32,"messages":[12,31,38,44,50,56,59,63,69,76,83,87],"type":"read_ok"}}
