2023/04/26 15:34:12 Received {c0 n3 {"type":"init","node_id":"n3","node_ids":["n0","n1","n2","n3","n4"],"msg_id":1}}
2023/04/26 15:34:12 Node n3 initialized
2023/04/26 15:34:12 Sent {"src":"n3","dest":"c0","body":{"in_reply_to":1,"type":"init_ok"}}
2023/04/26 15:34:12 Received {c8 n3 {"type":"topology","topology":{"n0":["n3","n1"],"n1":["n4","n2","n0"],"n2":["n1"],"n3":["n0","n4"],"n4":["n1","n3"]},"msg_id":1}}
2023/04/26 15:34:12 Sent {"src":"n3","dest":"c8","body":{"in_reply_to":1,"msg_id":0,"type":"topology_ok"}}
2023/04/26 15:34:12 Received {c13 n3 {"type":"read","msg_id":1}}
2023/04/26 15:34:12 Sent {"src":"n3","dest":"c13","body":{"in_reply_to":1,"messages":[],"type":"read_ok"}}
2023/04/26 15:34:13 Received {c13 n3 {"type":"broadcast","message":4,"msg_id":2}}
2023/04/26 15:34:13 Body = map[message:4 msg_id:2 type:broadcast]
2023/04/26 15:34:13 Sent {"src":"n3","dest":"c13","body":{"in_reply_to":2,"type":"broadcast_ok"}}
2023/04/26 15:34:14 Received {c13 n3 {"type":"read","msg_id":3}}
2023/04/26 15:34:14 Sent {"src":"n3","dest":"c13","body":{"in_reply_to":3,"messages":[4],"type":"read_ok"}}
2023/04/26 15:34:14 Received {c13 n3 {"type":"read","msg_id":4}}
2023/04/26 15:34:14 Sent {"src":"n3","dest":"c13","body":{"in_reply_to":4,"messages":[4],"type":"read_ok"}}
2023/04/26 15:34:15 Received {c13 n3 {"type":"broadcast","message":13,"msg_id":5}}
2023/04/26 15:34:15 Body = map[message:13 msg_id:5 type:broadcast]
2023/04/26 15:34:15 Sent {"src":"n3","dest":"c13","body":{"in_reply_to":5,"type":"broadcast_ok"}}
2023/04/26 15:34:16 Received {c13 n3 {"type":"read","msg_id":6}}
2023/04/26 15:34:16 Sent {"src":"n3","dest":"c13","body":{"in_reply_to":6,"messages":[4,13],"type":"read_ok"}}
2023/04/26 15:34:16 Received {c13 n3 {"type":"read","msg_id":7}}
2023/04/26 15:34:16 Sent {"src":"n3","dest":"c13","body":{"in_reply_to":7,"messages":[4,13],"type":"read_ok"}}
2023/04/26 15:34:17 Received {c13 n3 {"type":"broadcast","message":22,"msg_id":8}}
2023/04/26 15:34:17 Body = map[message:22 msg_id:8 type:broadcast]
2023/04/26 15:34:17 Sent {"src":"n3","dest":"c13","body":{"in_reply_to":8,"type":"broadcast_ok"}}
2023/04/26 15:34:18 Received {c13 n3 {"type":"read","msg_id":9}}
2023/04/26 15:34:18 Sent {"src":"n3","dest":"c13","body":{"in_reply_to":9,"messages":[4,13,22],"type":"read_ok"}}
2023/04/26 15:34:18 Received {c13 n3 {"type":"broadcast","message":24,"msg_id":10}}
2023/04/26 15:34:18 Body = map[message:24 msg_id:10 type:broadcast]
2023/04/26 15:34:18 Sent {"src":"n3","dest":"c13","body":{"in_reply_to":10,"type":"broadcast_ok"}}
2023/04/26 15:34:19 Received {c13 n3 {"type":"broadcast","message":27,"msg_id":11}}
2023/04/26 15:34:19 Body = map[message:27 msg_id:11 type:broadcast]
2023/04/26 15:34:19 Sent {"src":"n3","dest":"c13","body":{"in_reply_to":11,"type":"broadcast_ok"}}
2023/04/26 15:34:20 Received {c13 n3 {"type":"broadcast","message":32,"msg_id":12}}
2023/04/26 15:34:20 Body = map[message:32 msg_id:12 type:broadcast]
2023/04/26 15:34:20 Sent {"src":"n3","dest":"c13","body":{"in_reply_to":12,"type":"broadcast_ok"}}
2023/04/26 15:34:20 Received {c13 n3 {"type":"read","msg_id":13}}
2023/04/26 15:34:20 Sent {"src":"n3","dest":"c13","body":{"in_reply_to":13,"messages":[4,13,22,24,27,32],"type":"read_ok"}}
2023/04/26 15:34:21 Received {c13 n3 {"type":"read","msg_id":14}}
2023/04/26 15:34:21 Sent {"src":"n3","dest":"c13","body":{"in_reply_to":14,"messages":[4,13,22,24,27,32],"type":"read_ok"}}
2023/04/26 15:34:22 Received {c13 n3 {"type":"broadcast","message":41,"msg_id":15}}
2023/04/26 15:34:22 Body = map[message:41 msg_id:15 type:broadcast]
2023/04/26 15:34:22 Sent {"src":"n3","dest":"c13","body":{"in_reply_to":15,"type":"broadcast_ok"}}
2023/04/26 15:34:22 Received {c13 n3 {"type":"broadcast","message":45,"msg_id":16}}
2023/04/26 15:34:22 Body = map[message:45 msg_id:16 type:broadcast]
2023/04/26 15:34:22 Sent {"src":"n3","dest":"c13","body":{"in_reply_to":16,"type":"broadcast_ok"}}
2023/04/26 15:34:23 Received {c13 n3 {"type":"broadcast","message":48,"msg_id":17}}
2023/04/26 15:34:23 Body = map[message:48 msg_id:17 type:broadcast]
2023/04/26 15:34:23 Sent {"src":"n3","dest":"c13","body":{"in_reply_to":17,"type":"broadcast_ok"}}
2023/04/26 15:34:24 Received {c13 n3 {"type":"read","msg_id":18}}
2023/04/26 15:34:24 Sent {"src":"n3","dest":"c13","body":{"in_reply_to":18,"messages":[4,13,22,24,27,32,41,45,48],"type":"read_ok"}}
2023/04/26 15:34:24 Received {c13 n3 {"type":"broadcast","message":53,"msg_id":19}}
2023/04/26 15:34:24 Body = map[message:53 msg_id:19 type:broadcast]
2023/04/26 15:34:24 Sent {"src":"n3","dest":"c13","body":{"in_reply_to":19,"type":"broadcast_ok"}}
2023/04/26 15:34:25 Received {c13 n3 {"type":"read","msg_id":20}}
2023/04/26 15:34:25 Sent {"src":"n3","dest":"c13","body":{"in_reply_to":20,"messages":[4,13,22,24,27,32,41,45,48,53],"type":"read_ok"}}
2023/04/26 15:34:26 Received {c13 n3 {"type":"broadcast","message":60,"msg_id":21}}
2023/04/26 15:34:26 Body = map[message:60 msg_id:21 type:broadcast]
2023/04/26 15:34:26 Sent {"src":"n3","dest":"c13","body":{"in_reply_to":21,"type":"broadcast_ok"}}
2023/04/26 15:34:26 Received {c13 n3 {"type":"broadcast","message":64,"msg_id":22}}
2023/04/26 15:34:26 Body = map[message:64 msg_id:22 type:broadcast]
2023/04/26 15:34:26 Sent {"src":"n3","dest":"c13","body":{"in_reply_to":22,"type":"broadcast_ok"}}
2023/04/26 15:34:27 Received {c13 n3 {"type":"read","msg_id":23}}
2023/04/26 15:34:27 Sent {"src":"n3","dest":"c13","body":{"in_reply_to":23,"messages":[4,13,22,24,27,32,41,45,48,53,60,64],"type":"read_ok"}}
2023/04/26 15:34:28 Received {c13 n3 {"type":"read","msg_id":24}}
2023/04/26 15:34:28 Sent {"src":"n3","dest":"c13","body":{"in_reply_to":24,"messages":[4,13,22,24,27,32,41,45,48,53,60,64],"type":"read_ok"}}
2023/04/26 15:34:28 Received {c13 n3 {"type":"read","msg_id":25}}
2023/04/26 15:34:28 Sent {"src":"n3","dest":"c13","body":{"in_reply_to":25,"messages":[4,13,22,24,27,32,41,45,48,53,60,64],"type":"read_ok"}}
2023/04/26 15:34:29 Received {c13 n3 {"type":"read","msg_id":26}}
2023/04/26 15:34:29 Sent {"src":"n3","dest":"c13","body":{"in_reply_to":26,"messages":[4,13,22,24,27,32,41,45,48,53,60,64],"type":"read_ok"}}
2023/04/26 15:34:30 Received {c13 n3 {"type":"read","msg_id":27}}
2023/04/26 15:34:30 Sent {"src":"n3","dest":"c13","body":{"in_reply_to":27,"messages":[4,13,22,24,27,32,41,45,48,53,60,64],"type":"read_ok"}}
2023/04/26 15:34:30 Received {c13 n3 {"type":"read","msg_id":28}}
2023/04/26 15:34:30 Sent {"src":"n3","dest":"c13","body":{"in_reply_to":28,"messages":[4,13,22,24,27,32,41,45,48,53,60,64],"type":"read_ok"}}
2023/04/26 15:34:31 Received {c13 n3 {"type":"broadcast","message":81,"msg_id":29}}
2023/04/26 15:34:31 Body = map[message:81 msg_id:29 type:broadcast]
2023/04/26 15:34:31 Sent {"src":"n3","dest":"c13","body":{"in_reply_to":29,"type":"broadcast_ok"}}
2023/04/26 15:34:31 Received {c13 n3 {"type":"read","msg_id":30}}
2023/04/26 15:34:31 Sent {"src":"n3","dest":"c13","body":{"in_reply_to":30,"messages":[4,13,22,24,27,32,41,45,48,53,60,64,81],"type":"read_ok"}}
2023/04/26 15:34:32 Received {c13 n3 {"type":"broadcast","message":88,"msg_id":31}}
2023/04/26 15:34:32 Body = map[message:88 msg_id:31 type:broadcast]
2023/04/26 15:34:32 Sent {"src":"n3","dest":"c13","body":{"in_reply_to":31,"type":"broadcast_ok"}}
2023/04/26 15:34:42 Received {c13 n3 {"type":"read","msg_id":32}}
2023/04/26 15:34:42 Sent {"src":"n3","dest":"c13","body":{"in_reply_to":32,"messages":[4,13,22,24,27,32,41,45,48,53,60,64,81,88],"type":"read_ok"}}
