2023/04/26 15:34:12 Received {c2 n4 {"type":"init","node_id":"n4","node_ids":["n0","n1","n2","n3","n4"],"msg_id":1}}
2023/04/26 15:34:12 Node n4 initialized
2023/04/26 15:34:12 Sent {"src":"n4","dest":"c2","body":{"in_reply_to":1,"type":"init_ok"}}
2023/04/26 15:34:12 Received {c9 n4 {"type":"topology","topology":{"n0":["n3","n1"],"n1":["n4","n2","n0"],"n2":["n1"],"n3":["n0","n4"],"n4":["n1","n3"]},"msg_id":1}}
2023/04/26 15:34:12 Sent {"src":"n4","dest":"c9","body":{"in_reply_to":1,"msg_id":0,"type":"topology_ok"}}
2023/04/26 15:34:12 Received {c14 n4 {"type":"broadcast","message":1,"msg_id":1}}
2023/04/26 15:34:12 Body = map[message:1 msg_id:1 type:broadcast]
2023/04/26 15:34:12 Sent {"src":"n4","dest":"c14","body":{"in_reply_to":1,"type":"broadcast_ok"}}
2023/04/26 15:34:13 Received {c14 n4 {"type":"broadcast","message":5,"msg_id":2}}
2023/04/26 15:34:13 Body = map[message:5 msg_id:2 type:broadcast]
2023/04/26 15:34:13 Sent {"src":"n4","dest":"c14","body":{"in_reply_to":2,"type":"broadcast_ok"}}
2023/04/26 15:34:14 Received {c14 n4 {"type":"read","msg_id":3}}
2023/04/26 15:34:14 Sent {"src":"n4","dest":"c14","body":{"in_reply_to":3,"messages":[1,5],"type":"read_ok"}}
2023/04/26 15:34:14 Received {c14 n4 {"type":"read","msg_id":4}}
2023/04/26 15:34:14 Sent {"src":"n4","dest":"c14","body":{"in_reply_to":4,"messages":[1,5],"type":"read_ok"}}
2023/04/26 15:34:15 Received {c14 n4 {"type":"broadcast","message":14,"msg_id":5}}
2023/04/26 15:34:15 Body = map[message:14 msg_id:5 type:broadcast]
2023/04/26 15:34:15 Sent {"src":"n4","dest":"c14","body":{"in_reply_to":5,"type":"broadcast_ok"}}
2023/04/26 15:34:16 Received {c14 n4 {"type":"read","msg_id":6}}
2023/04/26 15:34:16 Sent {"src":"n4","dest":"c14","body":{"in_reply_to":6,"messages":[1,5,14],"type":"read_ok"}}
2023/04/26 15:34:17 Received {c14 n4 {"type":"read","msg_id":7}}
2023/04/26 15:34:17 Sent {"src":"n4","dest":"c14","body":{"in_reply_to":7,"messages":[1,5,14],"type":"read_ok"}}
2023/04/26 15:34:17 Received {c14 n4 {"type":"read","msg_id":8}}
2023/04/26 15:34:17 Sent {"src":"n4","dest":"c14","body":{"in_reply_to":8,"messages":[1,5,14],"type":"read_ok"}}
2023/04/26 15:34:18 Received {c14 n4 {"type":"read","msg_id":9}}
2023/04/26 15:34:18 Sent {"src":"n4","dest":"c14","body":{"in_reply_to":9,"messages":[1,5,14],"type":"read_ok"}}
2023/04/26 15:34:19 Received {c14 n4 {"type":"read","msg_id":10}}
2023/04/26 15:34:19 Sent {"src":"n4","dest":"c14","body":{"in_reply_to":10,"messages":[1,5,14],"type":"read_ok"}}
2023/04/26 15:34:19 Received {c14 n4 {"type":"broadcast","message":28,"msg_id":11}}
2023/04/26 15:34:19 Body = map[message:28 msg_id:11 type:broadcast]
2023/04/26 15:34:19 Sent {"src":"n4","dest":"c14","body":{"in_reply_to":11,"type":"broadcast_ok"}}
2023/04/26 15:34:20 Received {c14 n4 {"type":"broadcast","message":33,"msg_id":12}}
2023/04/26 15:34:20 Body = map[message:33 msg_id:12 type:broadcast]
2023/04/26 15:34:20 Sent {"src":"n4","dest":"c14","body":{"in_reply_to":12,"type":"broadcast_ok"}}
2023/04/26 15:34:20 Received {c14 n4 {"type":"read","msg_id":13}}
2023/04/26 15:34:20 Sent {"src":"n4","dest":"c14","body":{"in_reply_to":13,"messages":[1,5,14,28,33],"type":"read_ok"}}
2023/04/26 15:34:21 Received {c14 n4 {"type":"broadcast","message":39,"msg_id":14}}
2023/04/26 15:34:21 Body = map[message:39 msg_id:14 type:broadcast]
2023/04/26 15:34:21 Sent {"src":"n4","dest":"c14","body":{"in_reply_to":14,"type":"broadcast_ok"}}
2023/04/26 15:34:22 Received {c14 n4 {"type":"broadcast","message":42,"msg_id":15}}
2023/04/26 15:34:22 Body = map[message:42 msg_id:15 type:broadcast]
2023/04/26 15:34:22 Sent {"src":"n4","dest":"c14","body":{"in_reply_to":15,"type":"broadcast_ok"}}
2023/04/26 15:34:22 Received {c14 n4 {"type":"broadcast","message":46,"msg_id":16}}
2023/04/26 15:34:22 Body = map[message:46 msg_id:16 type:broadcast]
2023/04/26 15:34:22 Sent {"src":"n4","dest":"c14","body":{"in_reply_to":16,"type":"broadcast_ok"}}
2023/04/26 15:34:23 Received {c14 n4 {"type":"broadcast","message":49,"msg_id":17}}
2023/04/26 15:34:23 Body = map[message:49 msg_id:17 type:broadcast]
2023/04/26 15:34:23 Sent {"src":"n4","dest":"c14","body":{"in_reply_to":17,"type":"broadcast_ok"}}
2023/04/26 15:34:24 Received {c14 n4 {"type":"read","msg_id":18}}
2023/04/26 15:34:24 Sent {"src":"n4","dest":"c14","body":{"in_reply_to":18,"messages":[1,5,14,28,33,39,42,46,49],"type":"read_ok"}}
2023/04/26 15:34:25 Received {c14 n4 {"type":"broadcast","message":54,"msg_id":19}}
2023/04/26 15:34:25 Body = map[message:54 msg_id:19 type:broadcast]
2023/04/26 15:34:25 Sent {"src":"n4","dest":"c14","body":{"in_reply_to":19,"type":"broadcast_ok"}}
2023/04/26 15:34:25 Received {c14 n4 {"type":"broadcast","message":57,"msg_id":20}}
2023/04/26 15:34:25 Body = map[message:57 msg_id:20 type:broadcast]
2023/04/26 15:34:25 Sent {"src":"n4","dest":"c14","body":{"in_reply_to":20,"type":"broadcast_ok"}}
2023/04/26 15:34:26 Received {c14 n4 {"type":"read","msg_id":21}}
2023/04/26 15:34:26 Sent {"src":"n4","dest":"c14","body":{"in_reply_to":21,"messages":[1,5,14,28,33,39,42,46,49,54,57],"type":"read_ok"}}
2023/04/26 15:34:26 Received {c14 n4 {"type":"read","msg_id":22}}
2023/04/26 15:34:26 Sent {"src":"n4","dest":"c14","body":{"in_reply_to":22,"messages":[1,5,14,28,33,39,42,46,49,54,57],"type":"read_ok"}}
2023/04/26 15:34:27 Received {c14 n4 {"type":"read","msg_id":23}}
2023/04/26 15:34:27 Sent {"src":"n4","dest":"c14","body":{"in_reply_to":23,"messages":[1,5,14,28,33,39,42,46,49,54,57],"type":"read_ok"}}
2023/04/26 15:34:28 Received {c14 n4 {"type":"broadcast","message":70,"msg_id":24}}
2023/04/26 15:34:28 Body = map[message:70 msg_id:24 type:broadcast]
2023/04/26 15:34:28 Sent {"src":"n4","dest":"c14","body":{"in_reply_to":24,"type":"broadcast_ok"}}
2023/04/26 15:34:28 Received {c14 n4 {"type":"broadcast","message":74,"msg_id":25}}
2023/04/26 15:34:28 Body = map[message:74 msg_id:25 type:broadcast]
2023/04/26 15:34:28 Sent {"src":"n4","dest":"c14","body":{"in_reply_to":25,"type":"broadcast_ok"}}
2023/04/26 15:34:29 Received {c14 n4 {"type":"read","msg_id":26}}
2023/04/26 15:34:29 Sent {"src":"n4","dest":"c14","body":{"in_reply_to":26,"messages":[1,5,14,28,33,39,42,46,49,54,57,70,74],"type":"read_ok"}}
2023/04/26 15:34:30 Received {c14 n4 {"type":"read","msg_id":27}}
2023/04/26 15:34:30 Sent {"src":"n4","dest":"c14","body":{"in_reply_to":27,"messages":[1,5,14,28,33,39,42,46,49,54,57,70,74],"type":"read_ok"}}
2023/04/26 15:34:30 Received {c14 n4 {"type":"read","msg_id":28}}
2023/04/26 15:34:30 Sent {"src":"n4","dest":"c14","body":{"in_reply_to":28,"messages":[1,5,14,28,33,39,42,46,49,54,57,70,74],"type":"read_ok"}}
2023/04/26 15:34:31 Received {c14 n4 {"type":"read","msg_id":29}}
2023/04/26 15:34:31 Sent {"src":"n4","dest":"c14","body":{"in_reply_to":29,"messages":[1,5,14,28,33,39,42,46,49,54,57,70,74],"type":"read_ok"}}
2023/04/26 15:34:31 Received {c14 n4 {"type":"read","msg_id":30}}
2023/04/26 15:34:31 Sent {"src":"n4","dest":"c14","body":{"in_reply_to":30,"messages":[1,5,14,28,33,39,42,46,49,54,57,70,74],"type":"read_ok"}}
2023/04/26 15:34:32 Received {c14 n4 {"type":"read","msg_id":31}}
2023/04/26 15:34:32 Sent {"src":"n4","dest":"c14","body":{"in_reply_to":31,"messages":[1,5,14,28,33,39,42,46,49,54,57,70,74],"type":"read_ok"}}
2023/04/26 15:34:42 Received {c14 n4 {"type":"read","msg_id":32}}
2023/04/26 15:34:42 Sent {"src":"n4","dest":"c14","body":{"in_reply_to":32,"messages":[1,5,14,28,33,39,42,46,49,54,57,70,74],"type":"read_ok"}}
